14.5686 	EXP 	Created window1 = Window(allowGUI=False, allowStencil=False, autoLog=True, bitsMode=UNKNOWN, blendMode='avg', color=array([ 0.,  0.,  0.]), colorSpace='rgb', fullscr=UNKNOWN, gamma=None, lms=UNKNOWN, monitor=<psychopy.monitors.calibTools.Monitor instance at 0x0A7326E8>, name='window1', pos=[0, 0], screen=0, size=array([1600,  900]), stereo=False, units=u'norm', useFBO=True, viewOri=0.0, viewPos=None, viewScale=None, waitBlanking=True, winType='pyglet')
14.5687 	EXP 	window1: recordFrameIntervals = False
14.7361 	EXP 	window1: recordFrameIntervals = True
14.9213 	EXP 	window1: recordFrameIntervals = False
14.9284 	EXP 	Created image_4 = ImageStim(autoLog=True, color=array([ 1.,  1.,  1.]), colorSpace='rgb', contrast=1.0, depth=0.0, flipHoriz=False, flipVert=False, image='sin', interpolate=True, mask=None, maskParams=None, name='image_4', opacity=1.0, ori=0.0, pos=array([ 0.,  0.]), size=array([ 1.5,  1.5]), texRes=128, units=u'norm', win=Window(...))
15.0132 	EXP 	Created text_2 = TextStim(alignHoriz='center', alignVert='center', antialias=True, autoLog=True, bold=False, color='white', colorSpace='named', contrast=1.0, depth=-2.0, flipHoriz=False, flipVert=False, font='Arial', fontFiles=[], height=0.1, italic=False, name='text_2', opacity=1.0, ori=0, pos=array([ 0.  ,  0.85]), rgb=array([ 255.,  255.,  255.]), text=u'default text', units=u'norm', win=Window(...), wrapWidth=1)
15.0379 	EXP 	Created dummy_start = TextStim(alignHoriz='center', alignVert='center', antialias=True, autoLog=True, bold=False, color='white', colorSpace='named', contrast=1.0, depth=0.0, flipHoriz=False, flipVert=False, font='Arial', fontFiles=[], height=0.5, italic=False, name='dummy_start', opacity=1.0, ori=0, pos=array([ 0.,  0.]), rgb=array([ 255.,  255.,  255.]), text=u'+', units=u'norm', win=Window(...), wrapWidth=1)
15.0411 	EXP 	Created image = ImageStim(autoLog=True, color=array([ 1.,  1.,  1.]), colorSpace='rgb', contrast=1.0, depth=-1.0, flipHoriz=False, flipVert=False, image='sin', interpolate=True, mask=None, maskParams=None, name='image', opacity=1.0, ori=0.0, pos=array([ 0.,  0.]), size=array([ 1.6,  1.6]), texRes=128, units=u'norm', win=Window(...))
15.0465 	EXP 	Created message = TextStim(alignHoriz='center', alignVert='center', antialias=True, autoLog=True, bold=False, color='white', colorSpace='named', contrast=1.0, depth=-1.0, flipHoriz=False, flipVert=False, font='Arial', fontFiles=[], height=0.1, italic=False, name='message', opacity=1.0, ori=0, pos=array([ 0.,  0.]), rgb=array([ 255.,  255.,  255.]), text=u'default text', units=u'norm', win=Window(...), wrapWidth=1)
15.0492 	EXP 	Created image_2 = ImageStim(autoLog=True, color=array([ 1.,  1.,  1.]), colorSpace='rgb', contrast=1.0, depth=0.0, flipHoriz=False, flipVert=False, image='sin', interpolate=True, mask=None, maskParams=None, name='image_2', opacity=1.0, ori=0.0, pos=array([ 0.,  0.]), size=array([ 1.5,  1.5]), texRes=128, units=u'norm', win=Window(...))
15.0535 	EXP 	Created test_start_txt = TextStim(alignHoriz='center', alignVert='center', antialias=True, autoLog=True, bold=False, color='white', colorSpace='named', contrast=1.0, depth=0.0, flipHoriz=False, flipVert=False, font='Arial', fontFiles=[], height=0.5, italic=False, name='test_start_txt', opacity=1.0, ori=0, pos=array([ 0.,  0.]), rgb=array([ 255.,  255.,  255.]), text=u'+', units=u'norm', win=Window(...), wrapWidth=1)
15.0571 	EXP 	Created image_3 = ImageStim(autoLog=True, color=array([ 1.,  1.,  1.]), colorSpace='rgb', contrast=1.0, depth=-1.0, flipHoriz=False, flipVert=False, image='sin', interpolate=True, mask=None, maskParams=None, name='image_3', opacity=1.0, ori=0.0, pos=array([ 0.,  0.]), size=array([ 1.5,  1.5]), texRes=128, units=u'norm', win=Window(...))
15.0650 	EXP 	Created Timer = TextStim(alignHoriz='center', alignVert='center', antialias=True, autoLog=True, bold=False, color='white', colorSpace='named', contrast=1.0, depth=-3.0, flipHoriz=False, flipVert=False, font='Arial', fontFiles=[], height=0.1, italic=False, name='Timer', opacity=1.0, ori=0, pos=array([ 0.  ,  0.85]), rgb=array([ 255.,  255.,  255.]), text=u'default text', units=u'norm', win=Window(...), wrapWidth=1)
15.0664 	EXP 	Created text = TextStim(alignHoriz='center', alignVert='center', antialias=True, autoLog=True, bold=False, color='white', colorSpace='named', contrast=1.0, depth=-1.0, flipHoriz=False, flipVert=False, font='Arial', fontFiles=[], height=0.1, italic=False, name='text', opacity=1.0, ori=0, pos=array([ 0.,  0.]), rgb=array([ 255.,  255.,  255.]), text='', units=u'norm', win=Window(...), wrapWidth=1)
15.2627 	EXP 	Imported Settings_ConCube.xlsx as conditions, 36 conditions, 8 params
15.2632 	EXP 	Created sequence: sequential, trialTypes=36, nReps=1, seed=None
15.2637 	EXP 	New trial (rep=0, index=0): {u'xPos': None, u'probNum': None, u'Img': u'Img/30.jpg', u'CorrKey': u'space', u'TestType': None, u'yPos': None, u'CorrAns': u'space', u'Type': u'Inst'}
15.2641 	EXP 	Created sequence: sequential, trialTypes=1, nReps=0, seed=None
15.2643 	EXP 	Created sequence: sequential, trialTypes=1, nReps=0, seed=None
15.2645 	EXP 	Created sequence: sequential, trialTypes=1, nReps=1, seed=None
15.2647 	EXP 	New trial (rep=0, index=0): None
15.3376 	EXP 	image_2: image = u'Img/30.jpg'
15.3376 	EXP 	image_2: autoDraw = True
18.3260 	DATA 	Keypress: space
18.3264 	EXP 	Created sequence: sequential, trialTypes=1, nReps=0, seed=None
18.3267 	EXP 	Created sequence: sequential, trialTypes=1, nReps=0, seed=None
18.3270 	EXP 	New trial (rep=0, index=1): {u'xPos': None, u'probNum': None, u'Img': u'Img/31.jpg', u'CorrKey': u'space', u'TestType': None, u'yPos': None, u'CorrAns': u'space', u'Type': u'Inst'}
18.3275 	EXP 	Created sequence: sequential, trialTypes=1, nReps=0, seed=None
18.3277 	EXP 	Created sequence: sequential, trialTypes=1, nReps=0, seed=None
18.3278 	EXP 	Created sequence: sequential, trialTypes=1, nReps=1, seed=None
18.3281 	EXP 	New trial (rep=0, index=0): None
18.3898 	EXP 	image_2: autoDraw = False
18.3898 	EXP 	image_2: image = u'Img/31.jpg'
18.3898 	EXP 	image_2: autoDraw = True
20.3831 	DATA 	Keypress: space
20.3836 	EXP 	Created sequence: sequential, trialTypes=1, nReps=0, seed=None
20.3838 	EXP 	Created sequence: sequential, trialTypes=1, nReps=0, seed=None
20.3841 	EXP 	New trial (rep=0, index=2): {u'xPos': None, u'probNum': None, u'Img': u'Img/32.jpg', u'CorrKey': u'space', u'TestType': None, u'yPos': None, u'CorrAns': u'space', u'Type': u'Inst'}
20.3846 	EXP 	Created sequence: sequential, trialTypes=1, nReps=0, seed=None
20.3848 	EXP 	Created sequence: sequential, trialTypes=1, nReps=0, seed=None
20.3850 	EXP 	Created sequence: sequential, trialTypes=1, nReps=1, seed=None
20.3853 	EXP 	New trial (rep=0, index=0): None
20.4479 	EXP 	image_2: autoDraw = False
20.4479 	EXP 	image_2: image = u'Img/32.jpg'
20.4479 	EXP 	image_2: autoDraw = True
59.5110 	DATA 	Keypress: space
59.5117 	EXP 	Created sequence: sequential, trialTypes=1, nReps=0, seed=None
59.5121 	EXP 	Created sequence: sequential, trialTypes=1, nReps=0, seed=None
59.5125 	EXP 	New trial (rep=0, index=3): {u'xPos': None, u'probNum': None, u'Img': u'Img/33.jpg', u'CorrKey': u'space', u'TestType': None, u'yPos': None, u'CorrAns': u'space', u'Type': u'Inst'}
59.5133 	EXP 	Created sequence: sequential, trialTypes=1, nReps=0, seed=None
59.5136 	EXP 	Created sequence: sequential, trialTypes=1, nReps=0, seed=None
59.5140 	EXP 	Created sequence: sequential, trialTypes=1, nReps=1, seed=None
59.5143 	EXP 	New trial (rep=0, index=0): None
59.5940 	EXP 	image_2: autoDraw = False
59.5940 	EXP 	image_2: image = u'Img/33.jpg'
59.5940 	EXP 	image_2: autoDraw = True
61.1558 	DATA 	Keypress: space
61.1562 	EXP 	Created sequence: sequential, trialTypes=1, nReps=0, seed=None
61.1564 	EXP 	Created sequence: sequential, trialTypes=1, nReps=0, seed=None
61.1567 	EXP 	New trial (rep=0, index=4): {u'xPos': None, u'probNum': None, u'Img': u'Img/34.jpg', u'CorrKey': u'left', u'TestType': None, u'yPos': None, u'CorrAns': u'left', u'Type': u'Dumm'}
61.1572 	EXP 	Created sequence: sequential, trialTypes=1, nReps=0, seed=None
61.1574 	EXP 	Created sequence: sequential, trialTypes=1, nReps=1, seed=None
61.1577 	EXP 	New trial (rep=0, index=0): None
61.2241 	EXP 	image_2: autoDraw = False
61.2241 	EXP 	image: image = u'Img/34.jpg'
61.2241 	EXP 	dummy_start: autoDraw = True
63.1662 	EXP 	dummy_start: autoDraw = False
63.1869 	EXP 	image: autoDraw = True
69.2112 	DATA 	Keypress: right
69.2428 	EXP 	dummy_start: autoDraw = False
69.2428 	EXP 	image: autoDraw = False
69.2428 	EXP 	message: text = 'Wrong \n \n Response time = 6.024'
69.2428 	EXP 	message: autoDraw = True
72.2016 	EXP 	Created sequence: sequential, trialTypes=1, nReps=0, seed=None
72.2019 	EXP 	Created sequence: sequential, trialTypes=1, nReps=0, seed=None
72.2021 	EXP 	Created sequence: sequential, trialTypes=1, nReps=0, seed=None
72.2024 	EXP 	New trial (rep=0, index=5): {u'xPos': None, u'probNum': None, u'Img': u'Img/35.jpg', u'CorrKey': u'right', u'TestType': None, u'yPos': None, u'CorrAns': u'right', u'Type': u'Dumm'}
72.2029 	EXP 	Created sequence: sequential, trialTypes=1, nReps=0, seed=None
72.2031 	EXP 	Created sequence: sequential, trialTypes=1, nReps=1, seed=None
72.2033 	EXP 	New trial (rep=0, index=0): None
72.2510 	EXP 	message: autoDraw = False
72.2510 	EXP 	message: autoDraw = False
72.2510 	EXP 	image: image = u'Img/35.jpg'
72.2510 	EXP 	dummy_start: autoDraw = True
74.2157 	EXP 	dummy_start: autoDraw = False
74.2339 	EXP 	image: autoDraw = True
84.2306 	EXP 	image: autoDraw = False
84.2306 	EXP 	dummy_start: autoDraw = False
84.2306 	EXP 	image: autoDraw = False
84.2306 	EXP 	message: text = 'Wrong \n \n Response time = 10.000'
84.2306 	EXP 	message: autoDraw = True
87.1959 	EXP 	Created sequence: sequential, trialTypes=1, nReps=0, seed=None
87.1962 	EXP 	Created sequence: sequential, trialTypes=1, nReps=0, seed=None
87.1965 	EXP 	Created sequence: sequential, trialTypes=1, nReps=0, seed=None
87.1970 	EXP 	New trial (rep=0, index=6): {u'xPos': None, u'probNum': None, u'Img': u'Img/36.jpg', u'CorrKey': u'space', u'TestType': None, u'yPos': None, u'CorrAns': u'space', u'Type': u'Inst'}
87.1975 	EXP 	Created sequence: sequential, trialTypes=1, nReps=0, seed=None
87.1977 	EXP 	Created sequence: sequential, trialTypes=1, nReps=0, seed=None
87.1979 	EXP 	Created sequence: sequential, trialTypes=1, nReps=1, seed=None
87.1982 	EXP 	New trial (rep=0, index=0): None
87.2625 	EXP 	message: autoDraw = False
87.2625 	EXP 	message: autoDraw = False
87.2625 	EXP 	image_2: image = u'Img/36.jpg'
87.2625 	EXP 	image_2: autoDraw = True
125.6830 	DATA 	Keypress: space
125.6835 	EXP 	Created sequence: sequential, trialTypes=1, nReps=0, seed=None
125.6838 	EXP 	Created sequence: sequential, trialTypes=1, nReps=0, seed=None
125.6841 	EXP 	New trial (rep=0, index=7): {u'xPos': -620, u'probNum': None, u'Img': None, u'CorrKey': None, u'TestType': u'OpenSession', u'yPos': 580, u'CorrAns': None, u'Type': u'Mouse'}
125.6846 	EXP 	Created sequence: sequential, trialTypes=1, nReps=0, seed=None
125.6848 	EXP 	Created sequence: sequential, trialTypes=1, nReps=0, seed=None
125.6852 	EXP 	Created sequence: sequential, trialTypes=1, nReps=0, seed=None
125.6854 	EXP 	Created sequence: sequential, trialTypes=1, nReps=0, seed=None
125.6856 	EXP 	Created sequence: sequential, trialTypes=1, nReps=1, seed=None
125.6858 	EXP 	New trial (rep=0, index=0): None
125.7164 	EXP 	image_2: autoDraw = False
125.7164 	EXP 	text: autoDraw = True
125.7843 	EXP 	New trial (rep=0, index=8): {u'xPos': 100, u'probNum': None, u'Img': None, u'CorrKey': None, u'TestType': u'Back_to_Test', u'yPos': 100, u'CorrAns': None, u'Type': u'Mouse'}
125.7849 	EXP 	Created sequence: sequential, trialTypes=1, nReps=0, seed=None
125.7851 	EXP 	Created sequence: sequential, trialTypes=1, nReps=0, seed=None
125.7853 	EXP 	Created sequence: sequential, trialTypes=1, nReps=0, seed=None
125.7855 	EXP 	Created sequence: sequential, trialTypes=1, nReps=0, seed=None
125.7857 	EXP 	Created sequence: sequential, trialTypes=1, nReps=1, seed=None
125.7859 	EXP 	New trial (rep=0, index=0): None
125.7906 	DATA 	Mouse: Left button down, pos=(100,800)
125.8034 	DATA 	Mouse:  Left button up, pos=(100,800)
125.8150 	EXP 	text: autoDraw = False
125.8150 	EXP 	text: autoDraw = False
125.8150 	EXP 	text: autoDraw = True
125.8839 	EXP 	New trial (rep=0, index=9): {u'xPos': None, u'probNum': 1, u'Img': u'Img/37.jpg', u'CorrKey': u'right', u'TestType': u'ConnectCube', u'yPos': None, u'CorrAns': u'right', u'Type': u'Test'}
125.8844 	EXP 	Created sequence: sequential, trialTypes=1, nReps=0, seed=None
125.8846 	EXP 	Created sequence: sequential, trialTypes=1, nReps=0, seed=None
125.8849 	EXP 	Created sequence: sequential, trialTypes=1, nReps=0, seed=None
125.8851 	EXP 	Created sequence: sequential, trialTypes=1, nReps=1, seed=None
125.8853 	EXP 	New trial (rep=0, index=0): None
125.9503 	EXP 	text: autoDraw = False
125.9503 	EXP 	text: autoDraw = False
125.9503 	EXP 	image_3: image = u'Img/37.jpg'
125.9503 	EXP 	test_start_txt: autoDraw = True
127.9023 	EXP 	test_start_txt: autoDraw = False
127.9023 	EXP 	image_3: autoDraw = True
137.9027 	EXP 	Timer: autoDraw = True
139.0515 	DATA 	Keypress: right
139.0564 	EXP 	Created sequence: sequential, trialTypes=1, nReps=0, seed=None
139.0569 	EXP 	New trial (rep=0, index=10): {u'xPos': None, u'probNum': 2, u'Img': u'Img/38.jpg', u'CorrKey': u'left', u'TestType': u'ConnectCube', u'yPos': None, u'CorrAns': u'left', u'Type': u'Test'}
139.0577 	EXP 	Created sequence: sequential, trialTypes=1, nReps=0, seed=None
139.0580 	EXP 	Created sequence: sequential, trialTypes=1, nReps=0, seed=None
139.0583 	EXP 	Created sequence: sequential, trialTypes=1, nReps=0, seed=None
139.0587 	EXP 	Created sequence: sequential, trialTypes=1, nReps=1, seed=None
139.0590 	EXP 	New trial (rep=0, index=0): None
139.1177 	EXP 	test_start_txt: autoDraw = False
139.1177 	EXP 	image_3: autoDraw = False
139.1177 	EXP 	Timer: autoDraw = False
139.1177 	EXP 	image_3: image = u'Img/38.jpg'
139.1177 	EXP 	test_start_txt: autoDraw = True
141.0730 	EXP 	test_start_txt: autoDraw = False
141.0900 	EXP 	image_3: autoDraw = True
148.3447 	DATA 	Keypress: right
148.3456 	EXP 	Created sequence: sequential, trialTypes=1, nReps=0, seed=None
148.3459 	EXP 	New trial (rep=0, index=11): {u'xPos': None, u'probNum': 3, u'Img': u'Img/39.jpg', u'CorrKey': u'left', u'TestType': u'ConnectCube', u'yPos': None, u'CorrAns': u'left', u'Type': u'Test'}
148.3464 	EXP 	Created sequence: sequential, trialTypes=1, nReps=0, seed=None
148.3466 	EXP 	Created sequence: sequential, trialTypes=1, nReps=0, seed=None
148.3468 	EXP 	Created sequence: sequential, trialTypes=1, nReps=0, seed=None
148.3470 	EXP 	Created sequence: sequential, trialTypes=1, nReps=1, seed=None
148.3472 	EXP 	New trial (rep=0, index=0): None
148.3968 	EXP 	test_start_txt: autoDraw = False
148.3968 	EXP 	image_3: autoDraw = False
148.3968 	EXP 	Timer: autoDraw = False
148.3968 	EXP 	image_3: image = u'Img/39.jpg'
148.3968 	EXP 	test_start_txt: autoDraw = True
150.3677 	EXP 	test_start_txt: autoDraw = False
150.3677 	EXP 	image_3: autoDraw = True
160.3806 	EXP 	Timer: autoDraw = True
161.9825 	DATA 	Keypress: left
161.9877 	EXP 	Created sequence: sequential, trialTypes=1, nReps=0, seed=None
161.9882 	EXP 	New trial (rep=0, index=12): {u'xPos': None, u'probNum': 4, u'Img': u'Img/40.jpg', u'CorrKey': u'right', u'TestType': u'ConnectCube', u'yPos': None, u'CorrAns': u'right', u'Type': u'Test'}
161.9890 	EXP 	Created sequence: sequential, trialTypes=1, nReps=0, seed=None
161.9893 	EXP 	Created sequence: sequential, trialTypes=1, nReps=0, seed=None
161.9896 	EXP 	Created sequence: sequential, trialTypes=1, nReps=0, seed=None
161.9900 	EXP 	Created sequence: sequential, trialTypes=1, nReps=1, seed=None
161.9904 	EXP 	New trial (rep=0, index=0): None
162.0487 	EXP 	test_start_txt: autoDraw = False
162.0487 	EXP 	image_3: autoDraw = False
162.0487 	EXP 	Timer: autoDraw = False
162.0487 	EXP 	image_3: image = u'Img/40.jpg'
162.0487 	EXP 	test_start_txt: autoDraw = True
164.0062 	EXP 	test_start_txt: autoDraw = False
164.0229 	EXP 	image_3: autoDraw = True
174.0211 	EXP 	Timer: autoDraw = True
177.5563 	DATA 	Keypress: left
177.5886 	EXP 	Created sequence: sequential, trialTypes=1, nReps=0, seed=None
177.5889 	EXP 	New trial (rep=0, index=13): {u'xPos': None, u'probNum': 5, u'Img': u'Img/41.jpg', u'CorrKey': u'right', u'TestType': u'ConnectCube', u'yPos': None, u'CorrAns': u'right', u'Type': u'Test'}
177.5894 	EXP 	Created sequence: sequential, trialTypes=1, nReps=0, seed=None
177.5896 	EXP 	Created sequence: sequential, trialTypes=1, nReps=0, seed=None
177.5898 	EXP 	Created sequence: sequential, trialTypes=1, nReps=0, seed=None
177.5900 	EXP 	Created sequence: sequential, trialTypes=1, nReps=1, seed=None
177.5902 	EXP 	New trial (rep=0, index=0): None
177.6484 	EXP 	test_start_txt: autoDraw = False
177.6484 	EXP 	image_3: autoDraw = False
177.6484 	EXP 	Timer: autoDraw = False
177.6484 	EXP 	image_3: image = u'Img/41.jpg'
177.6484 	EXP 	test_start_txt: autoDraw = True
179.5974 	EXP 	test_start_txt: autoDraw = False
179.6129 	EXP 	image_3: autoDraw = True
189.6129 	EXP 	Timer: autoDraw = True
192.6017 	DATA 	Keypress: right
192.6049 	EXP 	Created sequence: sequential, trialTypes=1, nReps=0, seed=None
192.6052 	EXP 	New trial (rep=0, index=14): {u'xPos': None, u'probNum': 6, u'Img': u'Img/42.jpg', u'CorrKey': u'right', u'TestType': u'ConnectCube', u'yPos': None, u'CorrAns': u'right', u'Type': u'Test'}
192.6057 	EXP 	Created sequence: sequential, trialTypes=1, nReps=0, seed=None
192.6059 	EXP 	Created sequence: sequential, trialTypes=1, nReps=0, seed=None
192.6061 	EXP 	Created sequence: sequential, trialTypes=1, nReps=0, seed=None
192.6062 	EXP 	Created sequence: sequential, trialTypes=1, nReps=1, seed=None
192.6065 	EXP 	New trial (rep=0, index=0): None
192.6639 	EXP 	test_start_txt: autoDraw = False
192.6639 	EXP 	image_3: autoDraw = False
192.6639 	EXP 	Timer: autoDraw = False
192.6639 	EXP 	image_3: image = u'Img/42.jpg'
192.6639 	EXP 	test_start_txt: autoDraw = True
194.6295 	EXP 	test_start_txt: autoDraw = False
194.6295 	EXP 	image_3: autoDraw = True
204.6244 	EXP 	Timer: autoDraw = True
207.8107 	DATA 	Keypress: right
207.8166 	EXP 	Created sequence: sequential, trialTypes=1, nReps=0, seed=None
207.8170 	EXP 	New trial (rep=0, index=15): {u'xPos': None, u'probNum': 7, u'Img': u'Img/43.jpg', u'CorrKey': u'left', u'TestType': u'ConnectCube', u'yPos': None, u'CorrAns': u'left', u'Type': u'Test'}
207.8178 	EXP 	Created sequence: sequential, trialTypes=1, nReps=0, seed=None
207.8182 	EXP 	Created sequence: sequential, trialTypes=1, nReps=0, seed=None
207.8185 	EXP 	Created sequence: sequential, trialTypes=1, nReps=0, seed=None
207.8188 	EXP 	Created sequence: sequential, trialTypes=1, nReps=1, seed=None
207.8192 	EXP 	New trial (rep=0, index=0): None
207.8774 	EXP 	test_start_txt: autoDraw = False
207.8774 	EXP 	image_3: autoDraw = False
207.8774 	EXP 	Timer: autoDraw = False
207.8774 	EXP 	image_3: image = u'Img/43.jpg'
207.8774 	EXP 	test_start_txt: autoDraw = True
209.8344 	EXP 	test_start_txt: autoDraw = False
209.8514 	EXP 	image_3: autoDraw = True
219.8017 	DATA 	Keypress: left
219.8186 	EXP 	Created sequence: sequential, trialTypes=1, nReps=0, seed=None
219.8189 	EXP 	New trial (rep=0, index=16): {u'xPos': None, u'probNum': 8, u'Img': u'Img/44.jpg', u'CorrKey': u'left', u'TestType': u'ConnectCube', u'yPos': None, u'CorrAns': u'left', u'Type': u'Test'}
219.8194 	EXP 	Created sequence: sequential, trialTypes=1, nReps=0, seed=None
219.8196 	EXP 	Created sequence: sequential, trialTypes=1, nReps=0, seed=None
219.8198 	EXP 	Created sequence: sequential, trialTypes=1, nReps=0, seed=None
219.8200 	EXP 	Created sequence: sequential, trialTypes=1, nReps=1, seed=None
219.8203 	EXP 	New trial (rep=0, index=0): None
219.8847 	EXP 	test_start_txt: autoDraw = False
219.8847 	EXP 	image_3: autoDraw = False
219.8847 	EXP 	Timer: autoDraw = False
219.8847 	EXP 	image_3: image = u'Img/44.jpg'
219.8847 	EXP 	test_start_txt: autoDraw = True
221.8376 	EXP 	test_start_txt: autoDraw = False
221.8376 	EXP 	image_3: autoDraw = True
231.8481 	EXP 	Timer: autoDraw = True
235.0141 	DATA 	Keypress: left
235.0173 	EXP 	Created sequence: sequential, trialTypes=1, nReps=0, seed=None
235.0176 	EXP 	New trial (rep=0, index=17): {u'xPos': None, u'probNum': 9, u'Img': u'Img/45.jpg', u'CorrKey': u'right', u'TestType': u'ConnectCube', u'yPos': None, u'CorrAns': u'right', u'Type': u'Test'}
235.0181 	EXP 	Created sequence: sequential, trialTypes=1, nReps=0, seed=None
235.0183 	EXP 	Created sequence: sequential, trialTypes=1, nReps=0, seed=None
235.0185 	EXP 	Created sequence: sequential, trialTypes=1, nReps=0, seed=None
235.0187 	EXP 	Created sequence: sequential, trialTypes=1, nReps=1, seed=None
235.0189 	EXP 	New trial (rep=0, index=0): None
235.0636 	EXP 	test_start_txt: autoDraw = False
235.0636 	EXP 	image_3: autoDraw = False
235.0636 	EXP 	Timer: autoDraw = False
235.0636 	EXP 	image_3: image = u'Img/45.jpg'
235.0636 	EXP 	test_start_txt: autoDraw = True
237.0287 	EXP 	test_start_txt: autoDraw = False
237.0484 	EXP 	image_3: autoDraw = True
247.0399 	EXP 	Timer: autoDraw = True
250.3430 	DATA 	Keypress: left
250.3595 	EXP 	Created sequence: sequential, trialTypes=1, nReps=0, seed=None
250.3597 	EXP 	New trial (rep=0, index=18): {u'xPos': None, u'probNum': 10, u'Img': u'Img/46.jpg', u'CorrKey': u'right', u'TestType': u'ConnectCube', u'yPos': None, u'CorrAns': u'right', u'Type': u'Test'}
250.3604 	EXP 	Created sequence: sequential, trialTypes=1, nReps=0, seed=None
250.3606 	EXP 	Created sequence: sequential, trialTypes=1, nReps=0, seed=None
250.3608 	EXP 	Created sequence: sequential, trialTypes=1, nReps=0, seed=None
250.3611 	EXP 	Created sequence: sequential, trialTypes=1, nReps=1, seed=None
250.3613 	EXP 	New trial (rep=0, index=0): None
250.4243 	EXP 	test_start_txt: autoDraw = False
250.4243 	EXP 	image_3: autoDraw = False
250.4243 	EXP 	Timer: autoDraw = False
250.4243 	EXP 	image_3: image = u'Img/46.jpg'
250.4243 	EXP 	test_start_txt: autoDraw = True
252.3701 	EXP 	test_start_txt: autoDraw = False
252.3867 	EXP 	image_3: autoDraw = True
262.3901 	EXP 	Timer: autoDraw = True
263.8398 	DATA 	Keypress: right
263.8432 	EXP 	Created sequence: sequential, trialTypes=1, nReps=0, seed=None
263.8435 	EXP 	New trial (rep=0, index=19): {u'xPos': None, u'probNum': 11, u'Img': u'Img/47.jpg', u'CorrKey': u'left', u'TestType': u'ConnectCube', u'yPos': None, u'CorrAns': u'left', u'Type': u'Test'}
263.8440 	EXP 	Created sequence: sequential, trialTypes=1, nReps=0, seed=None
263.8442 	EXP 	Created sequence: sequential, trialTypes=1, nReps=0, seed=None
263.8444 	EXP 	Created sequence: sequential, trialTypes=1, nReps=0, seed=None
263.8446 	EXP 	Created sequence: sequential, trialTypes=1, nReps=1, seed=None
263.8448 	EXP 	New trial (rep=0, index=0): None
263.9058 	EXP 	test_start_txt: autoDraw = False
263.9058 	EXP 	image_3: autoDraw = False
263.9058 	EXP 	Timer: autoDraw = False
263.9058 	EXP 	image_3: image = u'Img/47.jpg'
263.9058 	EXP 	test_start_txt: autoDraw = True
265.8500 	EXP 	test_start_txt: autoDraw = False
265.8693 	EXP 	image_3: autoDraw = True
275.8743 	EXP 	Timer: autoDraw = True
278.6796 	DATA 	Keypress: right
278.6834 	EXP 	Created sequence: sequential, trialTypes=1, nReps=0, seed=None
278.6837 	EXP 	New trial (rep=0, index=20): {u'xPos': None, u'probNum': 12, u'Img': u'Img/48.jpg', u'CorrKey': u'left', u'TestType': u'ConnectCube', u'yPos': None, u'CorrAns': u'left', u'Type': u'Test'}
278.6842 	EXP 	Created sequence: sequential, trialTypes=1, nReps=0, seed=None
278.6844 	EXP 	Created sequence: sequential, trialTypes=1, nReps=0, seed=None
278.6846 	EXP 	Created sequence: sequential, trialTypes=1, nReps=0, seed=None
278.6848 	EXP 	Created sequence: sequential, trialTypes=1, nReps=1, seed=None
278.6850 	EXP 	New trial (rep=0, index=0): None
278.7443 	EXP 	test_start_txt: autoDraw = False
278.7443 	EXP 	image_3: autoDraw = False
278.7443 	EXP 	Timer: autoDraw = False
278.7443 	EXP 	image_3: image = u'Img/48.jpg'
278.7443 	EXP 	test_start_txt: autoDraw = True
280.6968 	EXP 	test_start_txt: autoDraw = False
280.7142 	EXP 	image_3: autoDraw = True
290.1317 	DATA 	Keypress: left
290.1328 	EXP 	Created sequence: sequential, trialTypes=1, nReps=0, seed=None
290.1330 	EXP 	New trial (rep=0, index=21): {u'xPos': None, u'probNum': 13, u'Img': u'Img/49.jpg', u'CorrKey': u'right', u'TestType': u'ConnectCube', u'yPos': None, u'CorrAns': u'right', u'Type': u'Test'}
290.1336 	EXP 	Created sequence: sequential, trialTypes=1, nReps=0, seed=None
290.1338 	EXP 	Created sequence: sequential, trialTypes=1, nReps=0, seed=None
290.1340 	EXP 	Created sequence: sequential, trialTypes=1, nReps=0, seed=None
290.1342 	EXP 	Created sequence: sequential, trialTypes=1, nReps=1, seed=None
290.1344 	EXP 	New trial (rep=0, index=0): None
290.1794 	EXP 	test_start_txt: autoDraw = False
290.1794 	EXP 	image_3: autoDraw = False
290.1794 	EXP 	Timer: autoDraw = False
290.1794 	EXP 	image_3: image = u'Img/49.jpg'
290.1794 	EXP 	test_start_txt: autoDraw = True
292.1491 	EXP 	test_start_txt: autoDraw = False
292.1631 	EXP 	image_3: autoDraw = True
302.1589 	EXP 	Timer: autoDraw = True
302.8019 	DATA 	Keypress: right
302.8240 	EXP 	Created sequence: sequential, trialTypes=1, nReps=0, seed=None
302.8243 	EXP 	New trial (rep=0, index=22): {u'xPos': None, u'probNum': 14, u'Img': u'Img/50.jpg', u'CorrKey': u'left', u'TestType': u'ConnectCube', u'yPos': None, u'CorrAns': u'left', u'Type': u'Test'}
302.8247 	EXP 	Created sequence: sequential, trialTypes=1, nReps=0, seed=None
302.8249 	EXP 	Created sequence: sequential, trialTypes=1, nReps=0, seed=None
302.8251 	EXP 	Created sequence: sequential, trialTypes=1, nReps=0, seed=None
302.8253 	EXP 	Created sequence: sequential, trialTypes=1, nReps=1, seed=None
302.8255 	EXP 	New trial (rep=0, index=0): None
302.8834 	EXP 	test_start_txt: autoDraw = False
302.8834 	EXP 	image_3: autoDraw = False
302.8834 	EXP 	Timer: autoDraw = False
302.8834 	EXP 	image_3: image = u'Img/50.jpg'
302.8834 	EXP 	test_start_txt: autoDraw = True
304.8337 	EXP 	test_start_txt: autoDraw = False
304.8504 	EXP 	image_3: autoDraw = True
314.8466 	EXP 	Timer: autoDraw = True
316.3472 	DATA 	Keypress: left
316.3507 	EXP 	Created sequence: sequential, trialTypes=1, nReps=0, seed=None
316.3510 	EXP 	New trial (rep=0, index=23): {u'xPos': None, u'probNum': 15, u'Img': u'Img/51.jpg', u'CorrKey': u'left', u'TestType': u'ConnectCube', u'yPos': None, u'CorrAns': u'left', u'Type': u'Test'}
316.3515 	EXP 	Created sequence: sequential, trialTypes=1, nReps=0, seed=None
316.3517 	EXP 	Created sequence: sequential, trialTypes=1, nReps=0, seed=None
316.3519 	EXP 	Created sequence: sequential, trialTypes=1, nReps=0, seed=None
316.3521 	EXP 	Created sequence: sequential, trialTypes=1, nReps=1, seed=None
316.3524 	EXP 	New trial (rep=0, index=0): None
316.4127 	EXP 	test_start_txt: autoDraw = False
316.4127 	EXP 	image_3: autoDraw = False
316.4127 	EXP 	Timer: autoDraw = False
316.4127 	EXP 	image_3: image = u'Img/51.jpg'
316.4127 	EXP 	test_start_txt: autoDraw = True
318.3559 	EXP 	test_start_txt: autoDraw = False
318.3724 	EXP 	image_3: autoDraw = True
326.6161 	DATA 	Keypress: left
326.6172 	EXP 	Created sequence: sequential, trialTypes=1, nReps=0, seed=None
326.6176 	EXP 	New trial (rep=0, index=24): {u'xPos': None, u'probNum': 16, u'Img': u'Img/52.jpg', u'CorrKey': u'right', u'TestType': u'ConnectCube', u'yPos': None, u'CorrAns': u'right', u'Type': u'Test'}
326.6184 	EXP 	Created sequence: sequential, trialTypes=1, nReps=0, seed=None
326.6186 	EXP 	Created sequence: sequential, trialTypes=1, nReps=0, seed=None
326.6189 	EXP 	Created sequence: sequential, trialTypes=1, nReps=0, seed=None
326.6191 	EXP 	Created sequence: sequential, trialTypes=1, nReps=1, seed=None
326.6193 	EXP 	New trial (rep=0, index=0): None
326.6817 	EXP 	test_start_txt: autoDraw = False
326.6817 	EXP 	image_3: autoDraw = False
326.6817 	EXP 	Timer: autoDraw = False
326.6817 	EXP 	image_3: image = u'Img/52.jpg'
326.6817 	EXP 	test_start_txt: autoDraw = True
328.6311 	EXP 	test_start_txt: autoDraw = False
328.6466 	EXP 	image_3: autoDraw = True
337.0948 	DATA 	Keypress: left
337.0957 	EXP 	Created sequence: sequential, trialTypes=1, nReps=0, seed=None
337.0960 	EXP 	New trial (rep=0, index=25): {u'xPos': None, u'probNum': 17, u'Img': u'Img/53.jpg', u'CorrKey': u'left', u'TestType': u'ConnectCube', u'yPos': None, u'CorrAns': u'left', u'Type': u'Test'}
337.0965 	EXP 	Created sequence: sequential, trialTypes=1, nReps=0, seed=None
337.0967 	EXP 	Created sequence: sequential, trialTypes=1, nReps=0, seed=None
337.0969 	EXP 	Created sequence: sequential, trialTypes=1, nReps=0, seed=None
337.0971 	EXP 	Created sequence: sequential, trialTypes=1, nReps=1, seed=None
337.0973 	EXP 	New trial (rep=0, index=0): None
337.1612 	EXP 	test_start_txt: autoDraw = False
337.1612 	EXP 	image_3: autoDraw = False
337.1612 	EXP 	Timer: autoDraw = False
337.1612 	EXP 	image_3: image = u'Img/53.jpg'
337.1612 	EXP 	test_start_txt: autoDraw = True
339.1068 	EXP 	test_start_txt: autoDraw = False
339.1238 	EXP 	image_3: autoDraw = True
347.0604 	DATA 	Keypress: right
347.0621 	EXP 	Created sequence: sequential, trialTypes=1, nReps=0, seed=None
347.0624 	EXP 	New trial (rep=0, index=26): {u'xPos': None, u'probNum': 18, u'Img': u'Img/54.jpg', u'CorrKey': u'right', u'TestType': u'ConnectCube', u'yPos': None, u'CorrAns': u'right', u'Type': u'Test'}
347.0629 	EXP 	Created sequence: sequential, trialTypes=1, nReps=0, seed=None
347.0631 	EXP 	Created sequence: sequential, trialTypes=1, nReps=0, seed=None
347.0637 	EXP 	Created sequence: sequential, trialTypes=1, nReps=0, seed=None
347.0638 	EXP 	Created sequence: sequential, trialTypes=1, nReps=1, seed=None
347.0641 	EXP 	New trial (rep=0, index=0): None
347.1247 	EXP 	test_start_txt: autoDraw = False
347.1247 	EXP 	image_3: autoDraw = False
347.1247 	EXP 	Timer: autoDraw = False
347.1247 	EXP 	image_3: image = u'Img/54.jpg'
347.1247 	EXP 	test_start_txt: autoDraw = True
349.0794 	EXP 	test_start_txt: autoDraw = False
349.0966 	EXP 	image_3: autoDraw = True
358.7857 	DATA 	Keypress: right
358.7868 	EXP 	Created sequence: sequential, trialTypes=1, nReps=0, seed=None
358.7871 	EXP 	New trial (rep=0, index=27): {u'xPos': None, u'probNum': 19, u'Img': u'Img/55.jpg', u'CorrKey': u'left', u'TestType': u'ConnectCube', u'yPos': None, u'CorrAns': u'left', u'Type': u'Test'}
358.7875 	EXP 	Created sequence: sequential, trialTypes=1, nReps=0, seed=None
358.7878 	EXP 	Created sequence: sequential, trialTypes=1, nReps=0, seed=None
358.7880 	EXP 	Created sequence: sequential, trialTypes=1, nReps=0, seed=None
358.7882 	EXP 	Created sequence: sequential, trialTypes=1, nReps=1, seed=None
358.7884 	EXP 	New trial (rep=0, index=0): None
358.8523 	EXP 	test_start_txt: autoDraw = False
358.8523 	EXP 	image_3: autoDraw = False
358.8523 	EXP 	Timer: autoDraw = False
358.8523 	EXP 	image_3: image = u'Img/55.jpg'
358.8523 	EXP 	test_start_txt: autoDraw = True
360.8005 	EXP 	test_start_txt: autoDraw = False
360.8175 	EXP 	image_3: autoDraw = True
370.8169 	EXP 	Timer: autoDraw = True
371.7429 	DATA 	Keypress: right
371.7466 	EXP 	Created sequence: sequential, trialTypes=1, nReps=0, seed=None
371.7469 	EXP 	New trial (rep=0, index=28): {u'xPos': None, u'probNum': 20, u'Img': u'Img/56.jpg', u'CorrKey': u'right', u'TestType': u'ConnectCube', u'yPos': None, u'CorrAns': u'right', u'Type': u'Test'}
371.7474 	EXP 	Created sequence: sequential, trialTypes=1, nReps=0, seed=None
371.7476 	EXP 	Created sequence: sequential, trialTypes=1, nReps=0, seed=None
371.7478 	EXP 	Created sequence: sequential, trialTypes=1, nReps=0, seed=None
371.7480 	EXP 	Created sequence: sequential, trialTypes=1, nReps=1, seed=None
371.7482 	EXP 	New trial (rep=0, index=0): None
371.8109 	EXP 	test_start_txt: autoDraw = False
371.8109 	EXP 	image_3: autoDraw = False
371.8109 	EXP 	Timer: autoDraw = False
371.8109 	EXP 	image_3: image = u'Img/56.jpg'
371.8109 	EXP 	test_start_txt: autoDraw = True
373.7596 	EXP 	test_start_txt: autoDraw = False
373.7765 	EXP 	image_3: autoDraw = True
381.9436 	DATA 	Keypress: left
381.9446 	EXP 	Created sequence: sequential, trialTypes=1, nReps=0, seed=None
381.9449 	EXP 	New trial (rep=0, index=29): {u'xPos': None, u'probNum': 21, u'Img': u'Img/57.jpg', u'CorrKey': u'right', u'TestType': u'ConnectCube', u'yPos': None, u'CorrAns': u'right', u'Type': u'Test'}
381.9454 	EXP 	Created sequence: sequential, trialTypes=1, nReps=0, seed=None
381.9456 	EXP 	Created sequence: sequential, trialTypes=1, nReps=0, seed=None
381.9458 	EXP 	Created sequence: sequential, trialTypes=1, nReps=0, seed=None
381.9460 	EXP 	Created sequence: sequential, trialTypes=1, nReps=1, seed=None
381.9462 	EXP 	New trial (rep=0, index=0): None
381.9914 	EXP 	test_start_txt: autoDraw = False
381.9914 	EXP 	image_3: autoDraw = False
381.9914 	EXP 	Timer: autoDraw = False
381.9914 	EXP 	image_3: image = u'Img/57.jpg'
381.9914 	EXP 	test_start_txt: autoDraw = True
383.9541 	EXP 	test_start_txt: autoDraw = False
383.9727 	EXP 	image_3: autoDraw = True
393.9707 	EXP 	Timer: autoDraw = True
397.1645 	DATA 	Keypress: right
397.1681 	EXP 	Created sequence: sequential, trialTypes=1, nReps=0, seed=None
397.1684 	EXP 	New trial (rep=0, index=30): {u'xPos': None, u'probNum': 22, u'Img': u'Img/58.jpg', u'CorrKey': u'right', u'TestType': u'ConnectCube', u'yPos': None, u'CorrAns': u'right', u'Type': u'Test'}
397.1689 	EXP 	Created sequence: sequential, trialTypes=1, nReps=0, seed=None
397.1691 	EXP 	Created sequence: sequential, trialTypes=1, nReps=0, seed=None
397.1693 	EXP 	Created sequence: sequential, trialTypes=1, nReps=0, seed=None
397.1695 	EXP 	Created sequence: sequential, trialTypes=1, nReps=1, seed=None
397.1697 	EXP 	New trial (rep=0, index=0): None
397.2341 	EXP 	test_start_txt: autoDraw = False
397.2341 	EXP 	image_3: autoDraw = False
397.2341 	EXP 	Timer: autoDraw = False
397.2341 	EXP 	image_3: image = u'Img/58.jpg'
397.2341 	EXP 	test_start_txt: autoDraw = True
399.1824 	EXP 	test_start_txt: autoDraw = False
399.1991 	EXP 	image_3: autoDraw = True
409.1897 	EXP 	Timer: autoDraw = True
410.1990 	DATA 	Keypress: left
410.2023 	EXP 	Created sequence: sequential, trialTypes=1, nReps=0, seed=None
410.2026 	EXP 	New trial (rep=0, index=31): {u'xPos': None, u'probNum': 23, u'Img': u'Img/59.jpg', u'CorrKey': u'right', u'TestType': u'ConnectCube', u'yPos': None, u'CorrAns': u'right', u'Type': u'Test'}
410.2030 	EXP 	Created sequence: sequential, trialTypes=1, nReps=0, seed=None
410.2032 	EXP 	Created sequence: sequential, trialTypes=1, nReps=0, seed=None
410.2034 	EXP 	Created sequence: sequential, trialTypes=1, nReps=0, seed=None
410.2036 	EXP 	Created sequence: sequential, trialTypes=1, nReps=1, seed=None
410.2038 	EXP 	New trial (rep=0, index=0): None
410.2664 	EXP 	test_start_txt: autoDraw = False
410.2664 	EXP 	image_3: autoDraw = False
410.2664 	EXP 	Timer: autoDraw = False
410.2664 	EXP 	image_3: image = u'Img/59.jpg'
410.2664 	EXP 	test_start_txt: autoDraw = True
412.2129 	EXP 	test_start_txt: autoDraw = False
412.2303 	EXP 	image_3: autoDraw = True
421.5989 	DATA 	Keypress: right
421.6002 	EXP 	Created sequence: sequential, trialTypes=1, nReps=0, seed=None
421.6005 	EXP 	New trial (rep=0, index=32): {u'xPos': None, u'probNum': 24, u'Img': u'Img/60.jpg', u'CorrKey': u'left', u'TestType': u'ConnectCube', u'yPos': None, u'CorrAns': u'left', u'Type': u'Test'}
421.6010 	EXP 	Created sequence: sequential, trialTypes=1, nReps=0, seed=None
421.6012 	EXP 	Created sequence: sequential, trialTypes=1, nReps=0, seed=None
421.6014 	EXP 	Created sequence: sequential, trialTypes=1, nReps=0, seed=None
421.6017 	EXP 	Created sequence: sequential, trialTypes=1, nReps=1, seed=None
421.6019 	EXP 	New trial (rep=0, index=0): None
421.6637 	EXP 	test_start_txt: autoDraw = False
421.6637 	EXP 	image_3: autoDraw = False
421.6637 	EXP 	Timer: autoDraw = False
421.6637 	EXP 	image_3: image = u'Img/60.jpg'
421.6637 	EXP 	test_start_txt: autoDraw = True
423.6149 	EXP 	test_start_txt: autoDraw = False
423.6321 	EXP 	image_3: autoDraw = True
432.0606 	DATA 	Keypress: right
432.0616 	EXP 	Created sequence: sequential, trialTypes=1, nReps=0, seed=None
432.0619 	EXP 	New trial (rep=0, index=33): {u'xPos': None, u'probNum': None, u'Img': u'Img/61.jpg', u'CorrKey': u'space', u'TestType': None, u'yPos': None, u'CorrAns': u'space', u'Type': u'Inst'}
432.0624 	EXP 	Created sequence: sequential, trialTypes=1, nReps=0, seed=None
432.0627 	EXP 	Created sequence: sequential, trialTypes=1, nReps=0, seed=None
432.0629 	EXP 	Created sequence: sequential, trialTypes=1, nReps=1, seed=None
432.0632 	EXP 	New trial (rep=0, index=0): None
432.1262 	EXP 	test_start_txt: autoDraw = False
432.1262 	EXP 	image_3: autoDraw = False
432.1262 	EXP 	Timer: autoDraw = False
432.1262 	EXP 	image_2: image = u'Img/61.jpg'
432.1262 	EXP 	image_2: autoDraw = True
434.7785 	DATA 	Keypress: space
434.7789 	EXP 	Created sequence: sequential, trialTypes=1, nReps=0, seed=None
434.7792 	EXP 	Created sequence: sequential, trialTypes=1, nReps=0, seed=None
434.7795 	EXP 	New trial (rep=0, index=34): {u'xPos': None, u'probNum': None, u'Img': u'Img/62.jpg', u'CorrKey': u'space', u'TestType': None, u'yPos': None, u'CorrAns': u'space', u'Type': u'Inst'}
434.7799 	EXP 	Created sequence: sequential, trialTypes=1, nReps=0, seed=None
434.7801 	EXP 	Created sequence: sequential, trialTypes=1, nReps=0, seed=None
434.7803 	EXP 	Created sequence: sequential, trialTypes=1, nReps=1, seed=None
434.7806 	EXP 	New trial (rep=0, index=0): None
434.8448 	EXP 	image_2: autoDraw = False
434.8448 	EXP 	image_2: image = u'Img/62.jpg'
434.8448 	EXP 	image_2: autoDraw = True
436.0688 	DATA 	Keypress: space
436.0700 	EXP 	Created sequence: sequential, trialTypes=1, nReps=0, seed=None
436.0705 	EXP 	Created sequence: sequential, trialTypes=1, nReps=0, seed=None
436.0710 	EXP 	New trial (rep=0, index=35): {u'xPos': -1200, u'probNum': None, u'Img': None, u'CorrKey': None, u'TestType': u'CloseSession', u'yPos': 60, u'CorrAns': None, u'Type': u'Mouse'}
436.0717 	EXP 	Created sequence: sequential, trialTypes=1, nReps=0, seed=None
436.0720 	EXP 	Created sequence: sequential, trialTypes=1, nReps=0, seed=None
436.0722 	EXP 	Created sequence: sequential, trialTypes=1, nReps=0, seed=None
436.0724 	EXP 	Created sequence: sequential, trialTypes=1, nReps=0, seed=None
436.0726 	EXP 	Created sequence: sequential, trialTypes=1, nReps=1, seed=None
436.0728 	EXP 	New trial (rep=0, index=0): None
436.2389 	EXP 	window1: mouseVisible = True
