9.3034 	EXP 	Created window1 = Window(allowGUI=False, allowStencil=False, autoLog=True, bitsMode=UNKNOWN, blendMode='avg', color=array([ 0.,  0.,  0.]), colorSpace='rgb', fullscr=UNKNOWN, gamma=None, lms=UNKNOWN, monitor=<psychopy.monitors.calibTools.Monitor instance at 0x0A72B710>, name='window1', pos=[0, 0], screen=0, size=array([1600,  900]), stereo=False, units=u'norm', useFBO=True, viewOri=0.0, viewPos=None, viewScale=None, waitBlanking=True, winType='pyglet')
9.3034 	EXP 	window1: recordFrameIntervals = False
9.4696 	EXP 	window1: recordFrameIntervals = True
9.6728 	EXP 	window1: recordFrameIntervals = False
9.6789 	EXP 	Created image_4 = ImageStim(autoLog=True, color=array([ 1.,  1.,  1.]), colorSpace='rgb', contrast=1.0, depth=0.0, flipHoriz=False, flipVert=False, image='sin', interpolate=True, mask=None, maskParams=None, name='image_4', opacity=1.0, ori=0.0, pos=array([ 0.,  0.]), size=array([ 1.5,  1.5]), texRes=128, units=u'norm', win=Window(...))
9.7622 	EXP 	Created text_2 = TextStim(alignHoriz='center', alignVert='center', antialias=True, autoLog=True, bold=False, color='white', colorSpace='named', contrast=1.0, depth=-2.0, flipHoriz=False, flipVert=False, font='Arial', fontFiles=[], height=0.1, italic=False, name='text_2', opacity=1.0, ori=0, pos=array([ 0.  ,  0.85]), rgb=array([ 255.,  255.,  255.]), text=u'default text', units=u'norm', win=Window(...), wrapWidth=1)
9.7882 	EXP 	Created dummy_start = TextStim(alignHoriz='center', alignVert='center', antialias=True, autoLog=True, bold=False, color='white', colorSpace='named', contrast=1.0, depth=0.0, flipHoriz=False, flipVert=False, font='Arial', fontFiles=[], height=0.5, italic=False, name='dummy_start', opacity=1.0, ori=0, pos=array([ 0.,  0.]), rgb=array([ 255.,  255.,  255.]), text=u'+', units=u'norm', win=Window(...), wrapWidth=1)
9.7909 	EXP 	Created image = ImageStim(autoLog=True, color=array([ 1.,  1.,  1.]), colorSpace='rgb', contrast=1.0, depth=-1.0, flipHoriz=False, flipVert=False, image='sin', interpolate=True, mask=None, maskParams=None, name='image', opacity=1.0, ori=0.0, pos=array([ 0.,  0.]), size=array([ 1.6,  1.6]), texRes=128, units=u'norm', win=Window(...))
9.7959 	EXP 	Created message = TextStim(alignHoriz='center', alignVert='center', antialias=True, autoLog=True, bold=False, color='white', colorSpace='named', contrast=1.0, depth=-1.0, flipHoriz=False, flipVert=False, font='Arial', fontFiles=[], height=0.1, italic=False, name='message', opacity=1.0, ori=0, pos=array([ 0.,  0.]), rgb=array([ 255.,  255.,  255.]), text=u'default text', units=u'norm', win=Window(...), wrapWidth=1)
9.7984 	EXP 	Created image_2 = ImageStim(autoLog=True, color=array([ 1.,  1.,  1.]), colorSpace='rgb', contrast=1.0, depth=0.0, flipHoriz=False, flipVert=False, image='sin', interpolate=True, mask=None, maskParams=None, name='image_2', opacity=1.0, ori=0.0, pos=array([ 0.,  0.]), size=array([ 1.5,  1.5]), texRes=128, units=u'norm', win=Window(...))
9.8016 	EXP 	Created test_start_txt = TextStim(alignHoriz='center', alignVert='center', antialias=True, autoLog=True, bold=False, color='white', colorSpace='named', contrast=1.0, depth=0.0, flipHoriz=False, flipVert=False, font='Arial', fontFiles=[], height=0.5, italic=False, name='test_start_txt', opacity=1.0, ori=0, pos=array([ 0.,  0.]), rgb=array([ 255.,  255.,  255.]), text=u'+', units=u'norm', win=Window(...), wrapWidth=1)
9.8053 	EXP 	Created image_3 = ImageStim(autoLog=True, color=array([ 1.,  1.,  1.]), colorSpace='rgb', contrast=1.0, depth=-1.0, flipHoriz=False, flipVert=False, image='sin', interpolate=True, mask=None, maskParams=None, name='image_3', opacity=1.0, ori=0.0, pos=array([ 0.,  0.]), size=array([ 1.5,  1.5]), texRes=128, units=u'norm', win=Window(...))
9.8112 	EXP 	Created Timer = TextStim(alignHoriz='center', alignVert='center', antialias=True, autoLog=True, bold=False, color='white', colorSpace='named', contrast=1.0, depth=-3.0, flipHoriz=False, flipVert=False, font='Arial', fontFiles=[], height=0.1, italic=False, name='Timer', opacity=1.0, ori=0, pos=array([ 0.  ,  0.85]), rgb=array([ 255.,  255.,  255.]), text=u'default text', units=u'norm', win=Window(...), wrapWidth=1)
9.8121 	EXP 	Created text = TextStim(alignHoriz='center', alignVert='center', antialias=True, autoLog=True, bold=False, color='white', colorSpace='named', contrast=1.0, depth=-1.0, flipHoriz=False, flipVert=False, font='Arial', fontFiles=[], height=0.1, italic=False, name='text', opacity=1.0, ori=0, pos=array([ 0.,  0.]), rgb=array([ 255.,  255.,  255.]), text='', units=u'norm', win=Window(...), wrapWidth=1)
10.0376 	EXP 	Imported Settings_MRT.xlsx as conditions, 38 conditions, 9 params
10.0381 	EXP 	Created sequence: sequential, trialTypes=38, nReps=1, seed=None
10.0387 	EXP 	New trial (rep=0, index=0): {u'xPos': None, u'probNum': None, u'Img': u'Img/1.jpg', u'CorrKey': u'space', u'TestType': None, u'yPos': None, u'Etc': None, u'CorrAns': u'space', u'Type': u'Inst'}
10.0392 	EXP 	Created sequence: sequential, trialTypes=1, nReps=0, seed=None
10.0394 	EXP 	Created sequence: sequential, trialTypes=1, nReps=0, seed=None
10.0396 	EXP 	Created sequence: sequential, trialTypes=1, nReps=1, seed=None
10.0399 	EXP 	New trial (rep=0, index=0): None
10.1064 	EXP 	image_2: image = u'Img/1.jpg'
10.1064 	EXP 	image_2: autoDraw = True
15.9703 	DATA 	Keypress: space
15.9709 	EXP 	Created sequence: sequential, trialTypes=1, nReps=0, seed=None
15.9714 	EXP 	Created sequence: sequential, trialTypes=1, nReps=0, seed=None
15.9719 	EXP 	New trial (rep=0, index=1): {u'xPos': None, u'probNum': None, u'Img': u'Img/2.jpg', u'CorrKey': u'space', u'TestType': None, u'yPos': None, u'Etc': None, u'CorrAns': u'space', u'Type': u'Inst'}
15.9727 	EXP 	Created sequence: sequential, trialTypes=1, nReps=0, seed=None
15.9730 	EXP 	Created sequence: sequential, trialTypes=1, nReps=0, seed=None
15.9732 	EXP 	Created sequence: sequential, trialTypes=1, nReps=1, seed=None
15.9734 	EXP 	New trial (rep=0, index=0): None
16.0353 	EXP 	image_2: autoDraw = False
16.0353 	EXP 	image_2: image = u'Img/2.jpg'
16.0353 	EXP 	image_2: autoDraw = True
18.1129 	DATA 	Keypress: space
18.1134 	EXP 	Created sequence: sequential, trialTypes=1, nReps=0, seed=None
18.1136 	EXP 	Created sequence: sequential, trialTypes=1, nReps=0, seed=None
18.1140 	EXP 	New trial (rep=0, index=2): {u'xPos': None, u'probNum': None, u'Img': u'Img/3.jpg', u'CorrKey': u'space', u'TestType': None, u'yPos': None, u'Etc': None, u'CorrAns': u'space', u'Type': u'Inst'}
18.1145 	EXP 	Created sequence: sequential, trialTypes=1, nReps=0, seed=None
18.1148 	EXP 	Created sequence: sequential, trialTypes=1, nReps=0, seed=None
18.1151 	EXP 	Created sequence: sequential, trialTypes=1, nReps=1, seed=None
18.1154 	EXP 	New trial (rep=0, index=0): None
18.1816 	EXP 	image_2: autoDraw = False
18.1816 	EXP 	image_2: image = u'Img/3.jpg'
18.1816 	EXP 	image_2: autoDraw = True
37.8697 	DATA 	Keypress: space
37.8702 	EXP 	Created sequence: sequential, trialTypes=1, nReps=0, seed=None
37.8705 	EXP 	Created sequence: sequential, trialTypes=1, nReps=0, seed=None
37.8709 	EXP 	New trial (rep=0, index=3): {u'xPos': -620, u'probNum': None, u'Img': None, u'CorrKey': None, u'TestType': u'OpenSession', u'yPos': 580, u'Etc': None, u'CorrAns': None, u'Type': u'Mouse'}
37.8715 	EXP 	Created sequence: sequential, trialTypes=1, nReps=0, seed=None
37.8717 	EXP 	Created sequence: sequential, trialTypes=1, nReps=0, seed=None
37.8720 	EXP 	Created sequence: sequential, trialTypes=1, nReps=0, seed=None
37.8723 	EXP 	Created sequence: sequential, trialTypes=1, nReps=0, seed=None
37.8725 	EXP 	Created sequence: sequential, trialTypes=1, nReps=1, seed=None
37.8728 	EXP 	New trial (rep=0, index=0): None
37.9032 	EXP 	image_2: autoDraw = False
37.9032 	EXP 	text: autoDraw = True
37.9700 	EXP 	New trial (rep=0, index=4): {u'xPos': None, u'probNum': None, u'Img': u'Img/4.jpg', u'CorrKey': None, u'TestType': u'Background', u'yPos': None, u'Etc': None, u'CorrAns': None, u'Type': u'TimeOut'}
37.9708 	EXP 	Created sequence: sequential, trialTypes=1, nReps=1, seed=None
37.9712 	EXP 	New trial (rep=0, index=0): None
38.0366 	EXP 	text: autoDraw = False
38.0366 	EXP 	text: autoDraw = False
38.0366 	EXP 	image_4: image = u'Img/4.jpg'
38.0366 	EXP 	image_4: autoDraw = True
87.9924 	EXP 	text_2: autoDraw = True
97.9682 	EXP 	Created sequence: sequential, trialTypes=1, nReps=0, seed=None
97.9685 	EXP 	Created sequence: sequential, trialTypes=1, nReps=0, seed=None
97.9687 	EXP 	Created sequence: sequential, trialTypes=1, nReps=0, seed=None
97.9689 	EXP 	Created sequence: sequential, trialTypes=1, nReps=0, seed=None
97.9692 	EXP 	New trial (rep=0, index=5): {u'xPos': 100, u'probNum': None, u'Img': None, u'CorrKey': None, u'TestType': u'Back_to_Test', u'yPos': 100, u'Etc': None, u'CorrAns': None, u'Type': u'Mouse'}
97.9697 	EXP 	Created sequence: sequential, trialTypes=1, nReps=0, seed=None
97.9699 	EXP 	Created sequence: sequential, trialTypes=1, nReps=0, seed=None
97.9701 	EXP 	Created sequence: sequential, trialTypes=1, nReps=0, seed=None
97.9703 	EXP 	Created sequence: sequential, trialTypes=1, nReps=0, seed=None
97.9705 	EXP 	Created sequence: sequential, trialTypes=1, nReps=1, seed=None
97.9707 	EXP 	New trial (rep=0, index=0): None
97.9747 	DATA 	Mouse: Left button down, pos=(100,800)
97.9795 	DATA 	Mouse:  Left button up, pos=(100,800)
98.0014 	EXP 	image_4: autoDraw = False
98.0014 	EXP 	text_2: autoDraw = False
98.0014 	EXP 	image_4: autoDraw = False
98.0014 	EXP 	text_2: autoDraw = False
98.0014 	EXP 	text: autoDraw = True
98.0698 	EXP 	New trial (rep=0, index=6): {u'xPos': None, u'probNum': None, u'Img': u'Img/5.jpg', u'CorrKey': u'space', u'TestType': None, u'yPos': None, u'Etc': None, u'CorrAns': u'space', u'Type': u'Inst'}
98.0704 	EXP 	Created sequence: sequential, trialTypes=1, nReps=0, seed=None
98.0708 	EXP 	Created sequence: sequential, trialTypes=1, nReps=0, seed=None
98.0712 	EXP 	Created sequence: sequential, trialTypes=1, nReps=1, seed=None
98.0716 	EXP 	New trial (rep=0, index=0): None
98.1381 	EXP 	text: autoDraw = False
98.1381 	EXP 	text: autoDraw = False
98.1381 	EXP 	image_2: image = u'Img/5.jpg'
98.1381 	EXP 	image_2: autoDraw = True
118.7787 	DATA 	Keypress: space
118.7798 	EXP 	Created sequence: sequential, trialTypes=1, nReps=0, seed=None
118.7800 	EXP 	Created sequence: sequential, trialTypes=1, nReps=0, seed=None
118.7804 	EXP 	New trial (rep=0, index=7): {u'xPos': None, u'probNum': None, u'Img': u'Img/6.jpg', u'CorrKey': u'space', u'TestType': None, u'yPos': None, u'Etc': None, u'CorrAns': u'space', u'Type': u'Inst'}
118.7809 	EXP 	Created sequence: sequential, trialTypes=1, nReps=0, seed=None
118.7811 	EXP 	Created sequence: sequential, trialTypes=1, nReps=0, seed=None
118.7813 	EXP 	Created sequence: sequential, trialTypes=1, nReps=1, seed=None
118.7815 	EXP 	New trial (rep=0, index=0): None
118.8443 	EXP 	image_2: autoDraw = False
118.8443 	EXP 	image_2: image = u'Img/6.jpg'
118.8443 	EXP 	image_2: autoDraw = True
133.2609 	DATA 	Keypress: space
133.2614 	EXP 	Created sequence: sequential, trialTypes=1, nReps=0, seed=None
133.2616 	EXP 	Created sequence: sequential, trialTypes=1, nReps=0, seed=None
133.2619 	EXP 	New trial (rep=0, index=8): {u'xPos': None, u'probNum': None, u'Img': u'Img/7.jpg', u'CorrKey': None, u'TestType': u'Background', u'yPos': None, u'Etc': None, u'CorrAns': None, u'Type': u'TimeOut'}
133.2625 	EXP 	Created sequence: sequential, trialTypes=1, nReps=1, seed=None
133.2627 	EXP 	New trial (rep=0, index=0): None
133.3224 	EXP 	image_2: autoDraw = False
133.3224 	EXP 	image_4: image = u'Img/7.jpg'
133.3224 	EXP 	image_4: autoDraw = True
183.2833 	EXP 	text_2: autoDraw = True
193.2602 	EXP 	Created sequence: sequential, trialTypes=1, nReps=0, seed=None
193.2606 	EXP 	Created sequence: sequential, trialTypes=1, nReps=0, seed=None
193.2609 	EXP 	Created sequence: sequential, trialTypes=1, nReps=0, seed=None
193.2612 	EXP 	Created sequence: sequential, trialTypes=1, nReps=0, seed=None
193.2616 	EXP 	New trial (rep=0, index=9): {u'xPos': None, u'probNum': None, u'Img': u'Img/8.jpg', u'CorrKey': u'space', u'TestType': None, u'yPos': None, u'Etc': None, u'CorrAns': u'space', u'Type': u'Inst'}
193.2621 	EXP 	Created sequence: sequential, trialTypes=1, nReps=0, seed=None
193.2623 	EXP 	Created sequence: sequential, trialTypes=1, nReps=0, seed=None
193.2625 	EXP 	Created sequence: sequential, trialTypes=1, nReps=1, seed=None
193.2628 	EXP 	New trial (rep=0, index=0): None
193.3255 	EXP 	image_4: autoDraw = False
193.3255 	EXP 	text_2: autoDraw = False
193.3255 	EXP 	image_4: autoDraw = False
193.3255 	EXP 	text_2: autoDraw = False
193.3255 	EXP 	image_2: image = u'Img/8.jpg'
193.3255 	EXP 	image_2: autoDraw = True
200.8310 	DATA 	Keypress: space
200.8315 	EXP 	Created sequence: sequential, trialTypes=1, nReps=0, seed=None
200.8317 	EXP 	Created sequence: sequential, trialTypes=1, nReps=0, seed=None
200.8321 	EXP 	New trial (rep=0, index=10): {u'xPos': None, u'probNum': None, u'Img': u'Img/9.jpg', u'CorrKey': u'space', u'TestType': None, u'yPos': None, u'Etc': None, u'CorrAns': u'space', u'Type': u'Inst'}
200.8326 	EXP 	Created sequence: sequential, trialTypes=1, nReps=0, seed=None
200.8328 	EXP 	Created sequence: sequential, trialTypes=1, nReps=0, seed=None
200.8330 	EXP 	Created sequence: sequential, trialTypes=1, nReps=1, seed=None
200.8332 	EXP 	New trial (rep=0, index=0): None
200.8991 	EXP 	image_2: autoDraw = False
200.8991 	EXP 	image_2: image = u'Img/9.jpg'
200.8991 	EXP 	image_2: autoDraw = True
204.8412 	DATA 	Keypress: space
204.8416 	EXP 	Created sequence: sequential, trialTypes=1, nReps=0, seed=None
204.8419 	EXP 	Created sequence: sequential, trialTypes=1, nReps=0, seed=None
204.8422 	EXP 	New trial (rep=0, index=11): {u'xPos': None, u'probNum': None, u'Img': u'Img/10.jpg', u'CorrKey': u'space', u'TestType': None, u'yPos': None, u'Etc': None, u'CorrAns': u'space', u'Type': u'Inst'}
204.8426 	EXP 	Created sequence: sequential, trialTypes=1, nReps=0, seed=None
204.8428 	EXP 	Created sequence: sequential, trialTypes=1, nReps=0, seed=None
204.8430 	EXP 	Created sequence: sequential, trialTypes=1, nReps=1, seed=None
204.8433 	EXP 	New trial (rep=0, index=0): None
204.9049 	EXP 	image_2: autoDraw = False
204.9049 	EXP 	image_2: image = u'Img/10.jpg'
204.9049 	EXP 	image_2: autoDraw = True
215.9922 	DATA 	Keypress: space
215.9926 	EXP 	Created sequence: sequential, trialTypes=1, nReps=0, seed=None
215.9929 	EXP 	Created sequence: sequential, trialTypes=1, nReps=0, seed=None
215.9932 	EXP 	New trial (rep=0, index=12): {u'xPos': None, u'probNum': None, u'Img': u'Img/11.jpg', u'CorrKey': u'space', u'TestType': None, u'yPos': None, u'Etc': None, u'CorrAns': u'space', u'Type': u'Inst'}
215.9937 	EXP 	Created sequence: sequential, trialTypes=1, nReps=0, seed=None
215.9939 	EXP 	Created sequence: sequential, trialTypes=1, nReps=0, seed=None
215.9941 	EXP 	Created sequence: sequential, trialTypes=1, nReps=1, seed=None
215.9943 	EXP 	New trial (rep=0, index=0): None
216.0737 	EXP 	image_2: autoDraw = False
216.0737 	EXP 	image_2: image = u'Img/11.jpg'
216.0737 	EXP 	image_2: autoDraw = True
219.8651 	DATA 	Keypress: space
219.8656 	EXP 	Created sequence: sequential, trialTypes=1, nReps=0, seed=None
219.8658 	EXP 	Created sequence: sequential, trialTypes=1, nReps=0, seed=None
219.8661 	EXP 	New trial (rep=0, index=13): {u'xPos': None, u'probNum': None, u'Img': u'Img/12.jpg', u'CorrKey': u'left', u'TestType': None, u'yPos': None, u'Etc': None, u'CorrAns': u'same', u'Type': u'Dumm'}
219.8666 	EXP 	Created sequence: sequential, trialTypes=1, nReps=0, seed=None
219.8669 	EXP 	Created sequence: sequential, trialTypes=1, nReps=1, seed=None
219.8671 	EXP 	New trial (rep=0, index=0): None
219.9319 	EXP 	image_2: autoDraw = False
219.9319 	EXP 	image: image = u'Img/12.jpg'
219.9319 	EXP 	dummy_start: autoDraw = True
221.8870 	EXP 	dummy_start: autoDraw = False
221.8870 	EXP 	image: autoDraw = True
224.8991 	DATA 	Keypress: left
224.9329 	EXP 	dummy_start: autoDraw = False
224.9329 	EXP 	image: autoDraw = False
224.9329 	EXP 	message: text = 'Good! \n \n \n Response time = 3.012'
224.9329 	EXP 	message: autoDraw = True
227.9031 	EXP 	Created sequence: sequential, trialTypes=1, nReps=0, seed=None
227.9034 	EXP 	Created sequence: sequential, trialTypes=1, nReps=0, seed=None
227.9036 	EXP 	Created sequence: sequential, trialTypes=1, nReps=0, seed=None
227.9039 	EXP 	New trial (rep=0, index=14): {u'xPos': None, u'probNum': None, u'Img': u'Img/13.jpg', u'CorrKey': u'right', u'TestType': None, u'yPos': None, u'Etc': None, u'CorrAns': u'different', u'Type': u'Dumm'}
227.9044 	EXP 	Created sequence: sequential, trialTypes=1, nReps=0, seed=None
227.9046 	EXP 	Created sequence: sequential, trialTypes=1, nReps=1, seed=None
227.9048 	EXP 	New trial (rep=0, index=0): None
227.9560 	EXP 	message: autoDraw = False
227.9560 	EXP 	message: autoDraw = False
227.9560 	EXP 	image: image = u'Img/13.jpg'
227.9560 	EXP 	dummy_start: autoDraw = True
229.9190 	EXP 	dummy_start: autoDraw = False
229.9355 	EXP 	image: autoDraw = True
236.0581 	DATA 	Keypress: left
236.0884 	EXP 	dummy_start: autoDraw = False
236.0884 	EXP 	image: autoDraw = False
236.0884 	EXP 	message: text = 'Wrong \n \n Response time = 6.123'
236.0884 	EXP 	message: autoDraw = True
239.0634 	EXP 	Created sequence: sequential, trialTypes=1, nReps=0, seed=None
239.0636 	EXP 	Created sequence: sequential, trialTypes=1, nReps=0, seed=None
239.0638 	EXP 	Created sequence: sequential, trialTypes=1, nReps=0, seed=None
239.0641 	EXP 	New trial (rep=0, index=15): {u'xPos': None, u'probNum': None, u'Img': u'Img/14.jpg', u'CorrKey': None, u'TestType': None, u'yPos': None, u'Etc': None, u'CorrAns': None, u'Type': u'Inst'}
239.0646 	EXP 	Created sequence: sequential, trialTypes=1, nReps=0, seed=None
239.0648 	EXP 	Created sequence: sequential, trialTypes=1, nReps=0, seed=None
239.0650 	EXP 	Created sequence: sequential, trialTypes=1, nReps=1, seed=None
239.0653 	EXP 	New trial (rep=0, index=0): None
239.1297 	EXP 	message: autoDraw = False
239.1297 	EXP 	message: autoDraw = False
239.1297 	EXP 	image_2: image = u'Img/14.jpg'
239.1297 	EXP 	image_2: autoDraw = True
264.2122 	DATA 	Keypress: space
264.2127 	EXP 	Created sequence: sequential, trialTypes=1, nReps=0, seed=None
264.2133 	EXP 	Created sequence: sequential, trialTypes=1, nReps=0, seed=None
264.2136 	EXP 	New trial (rep=0, index=16): {u'xPos': None, u'probNum': 1, u'Img': u'Img/MRT1.jpg', u'CorrKey': u'left', u'TestType': u'MRT', u'yPos': None, u'Etc': None, u'CorrAns': u'same', u'Type': u'Test'}
264.2141 	EXP 	Created sequence: sequential, trialTypes=1, nReps=0, seed=None
264.2143 	EXP 	Created sequence: sequential, trialTypes=1, nReps=0, seed=None
264.2145 	EXP 	Created sequence: sequential, trialTypes=1, nReps=0, seed=None
264.2147 	EXP 	Created sequence: sequential, trialTypes=1, nReps=1, seed=None
264.2149 	EXP 	New trial (rep=0, index=0): None
264.2619 	EXP 	image_2: autoDraw = False
264.2619 	EXP 	image_3: image = u'Img/MRT1.jpg'
264.2619 	EXP 	test_start_txt: autoDraw = True
266.2358 	EXP 	test_start_txt: autoDraw = False
266.2358 	EXP 	image_3: autoDraw = True
269.8690 	DATA 	Keypress: left
269.8705 	EXP 	Created sequence: sequential, trialTypes=1, nReps=0, seed=None
269.8708 	EXP 	New trial (rep=0, index=17): {u'xPos': None, u'probNum': 2, u'Img': u'Img/MRT2.jpg', u'CorrKey': u'right', u'TestType': u'MRT', u'yPos': None, u'Etc': None, u'CorrAns': u'different', u'Type': u'Test'}
269.8714 	EXP 	Created sequence: sequential, trialTypes=1, nReps=0, seed=None
269.8716 	EXP 	Created sequence: sequential, trialTypes=1, nReps=0, seed=None
269.8718 	EXP 	Created sequence: sequential, trialTypes=1, nReps=0, seed=None
269.8720 	EXP 	Created sequence: sequential, trialTypes=1, nReps=1, seed=None
269.8722 	EXP 	New trial (rep=0, index=0): None
269.9186 	EXP 	test_start_txt: autoDraw = False
269.9186 	EXP 	image_3: autoDraw = False
269.9186 	EXP 	Timer: autoDraw = False
269.9186 	EXP 	image_3: image = u'Img/MRT2.jpg'
269.9186 	EXP 	test_start_txt: autoDraw = True
271.8893 	EXP 	test_start_txt: autoDraw = False
271.8893 	EXP 	image_3: autoDraw = True
275.5355 	DATA 	Keypress: right
275.5366 	EXP 	Created sequence: sequential, trialTypes=1, nReps=0, seed=None
275.5369 	EXP 	New trial (rep=0, index=18): {u'xPos': None, u'probNum': 3, u'Img': u'Img/MRT3.jpg', u'CorrKey': u'left', u'TestType': u'MRT', u'yPos': None, u'Etc': None, u'CorrAns': u'same', u'Type': u'Test'}
275.5375 	EXP 	Created sequence: sequential, trialTypes=1, nReps=0, seed=None
275.5377 	EXP 	Created sequence: sequential, trialTypes=1, nReps=0, seed=None
275.5379 	EXP 	Created sequence: sequential, trialTypes=1, nReps=0, seed=None
275.5381 	EXP 	Created sequence: sequential, trialTypes=1, nReps=1, seed=None
275.5383 	EXP 	New trial (rep=0, index=0): None
275.5823 	EXP 	test_start_txt: autoDraw = False
275.5823 	EXP 	image_3: autoDraw = False
275.5823 	EXP 	Timer: autoDraw = False
275.5823 	EXP 	image_3: image = u'Img/MRT3.jpg'
275.5823 	EXP 	test_start_txt: autoDraw = True
277.5446 	EXP 	test_start_txt: autoDraw = False
277.5621 	EXP 	image_3: autoDraw = True
284.2173 	DATA 	Keypress: left
284.2183 	EXP 	Created sequence: sequential, trialTypes=1, nReps=0, seed=None
284.2186 	EXP 	New trial (rep=0, index=19): {u'xPos': None, u'probNum': 4, u'Img': u'Img/MRT4.jpg', u'CorrKey': u'left', u'TestType': u'MRT', u'yPos': None, u'Etc': None, u'CorrAns': u'same', u'Type': u'Test'}
284.2193 	EXP 	Created sequence: sequential, trialTypes=1, nReps=0, seed=None
284.2196 	EXP 	Created sequence: sequential, trialTypes=1, nReps=0, seed=None
284.2200 	EXP 	Created sequence: sequential, trialTypes=1, nReps=0, seed=None
284.2203 	EXP 	Created sequence: sequential, trialTypes=1, nReps=1, seed=None
284.2206 	EXP 	New trial (rep=0, index=0): None
284.2671 	EXP 	test_start_txt: autoDraw = False
284.2671 	EXP 	image_3: autoDraw = False
284.2671 	EXP 	Timer: autoDraw = False
284.2671 	EXP 	image_3: image = u'Img/MRT4.jpg'
284.2671 	EXP 	test_start_txt: autoDraw = True
286.2350 	EXP 	test_start_txt: autoDraw = False
286.2519 	EXP 	image_3: autoDraw = True
289.3716 	DATA 	Keypress: left
289.3725 	EXP 	Created sequence: sequential, trialTypes=1, nReps=0, seed=None
289.3728 	EXP 	New trial (rep=0, index=20): {u'xPos': None, u'probNum': 5, u'Img': u'Img/MRT5.jpg', u'CorrKey': u'right', u'TestType': u'MRT', u'yPos': None, u'Etc': None, u'CorrAns': u'different', u'Type': u'Test'}
289.3733 	EXP 	Created sequence: sequential, trialTypes=1, nReps=0, seed=None
289.3735 	EXP 	Created sequence: sequential, trialTypes=1, nReps=0, seed=None
289.3737 	EXP 	Created sequence: sequential, trialTypes=1, nReps=0, seed=None
289.3739 	EXP 	Created sequence: sequential, trialTypes=1, nReps=1, seed=None
289.3742 	EXP 	New trial (rep=0, index=0): None
289.4343 	EXP 	test_start_txt: autoDraw = False
289.4343 	EXP 	image_3: autoDraw = False
289.4343 	EXP 	Timer: autoDraw = False
289.4343 	EXP 	image_3: image = u'Img/MRT5.jpg'
289.4343 	EXP 	test_start_txt: autoDraw = True
291.3860 	EXP 	test_start_txt: autoDraw = False
291.4000 	EXP 	image_3: autoDraw = True
293.8956 	DATA 	Keypress: right
293.8966 	EXP 	Created sequence: sequential, trialTypes=1, nReps=0, seed=None
293.8969 	EXP 	New trial (rep=0, index=21): {u'xPos': None, u'probNum': 6, u'Img': u'Img/MRT6.jpg', u'CorrKey': u'right', u'TestType': u'MRT', u'yPos': None, u'Etc': None, u'CorrAns': u'different', u'Type': u'Test'}
293.8974 	EXP 	Created sequence: sequential, trialTypes=1, nReps=0, seed=None
293.8976 	EXP 	Created sequence: sequential, trialTypes=1, nReps=0, seed=None
293.8978 	EXP 	Created sequence: sequential, trialTypes=1, nReps=0, seed=None
293.8980 	EXP 	Created sequence: sequential, trialTypes=1, nReps=1, seed=None
293.8982 	EXP 	New trial (rep=0, index=0): None
293.9452 	EXP 	test_start_txt: autoDraw = False
293.9452 	EXP 	image_3: autoDraw = False
293.9452 	EXP 	Timer: autoDraw = False
293.9452 	EXP 	image_3: image = u'Img/MRT6.jpg'
293.9452 	EXP 	test_start_txt: autoDraw = True
295.9138 	EXP 	test_start_txt: autoDraw = False
295.9304 	EXP 	image_3: autoDraw = True
300.4161 	DATA 	Keypress: right
300.4179 	EXP 	Created sequence: sequential, trialTypes=1, nReps=0, seed=None
300.4185 	EXP 	New trial (rep=0, index=22): {u'xPos': None, u'probNum': 7, u'Img': u'Img/MRT7.jpg', u'CorrKey': u'right', u'TestType': u'MRT', u'yPos': None, u'Etc': None, u'CorrAns': u'different', u'Type': u'Test'}
300.4197 	EXP 	Created sequence: sequential, trialTypes=1, nReps=0, seed=None
300.4200 	EXP 	Created sequence: sequential, trialTypes=1, nReps=0, seed=None
300.4202 	EXP 	Created sequence: sequential, trialTypes=1, nReps=0, seed=None
300.4204 	EXP 	Created sequence: sequential, trialTypes=1, nReps=1, seed=None
300.4207 	EXP 	New trial (rep=0, index=0): None
300.4680 	EXP 	test_start_txt: autoDraw = False
300.4680 	EXP 	image_3: autoDraw = False
300.4680 	EXP 	Timer: autoDraw = False
300.4680 	EXP 	image_3: image = u'Img/MRT7.jpg'
300.4680 	EXP 	test_start_txt: autoDraw = True
302.4263 	EXP 	test_start_txt: autoDraw = False
302.4434 	EXP 	image_3: autoDraw = True
306.1210 	DATA 	Keypress: right
306.1225 	EXP 	Created sequence: sequential, trialTypes=1, nReps=0, seed=None
306.1229 	EXP 	New trial (rep=0, index=23): {u'xPos': None, u'probNum': 8, u'Img': u'Img/MRT8.jpg', u'CorrKey': u'left', u'TestType': u'MRT', u'yPos': None, u'Etc': None, u'CorrAns': u'same', u'Type': u'Test'}
306.1237 	EXP 	Created sequence: sequential, trialTypes=1, nReps=0, seed=None
306.1240 	EXP 	Created sequence: sequential, trialTypes=1, nReps=0, seed=None
306.1244 	EXP 	Created sequence: sequential, trialTypes=1, nReps=0, seed=None
306.1250 	EXP 	Created sequence: sequential, trialTypes=1, nReps=1, seed=None
306.1253 	EXP 	New trial (rep=0, index=0): None
306.1702 	EXP 	test_start_txt: autoDraw = False
306.1702 	EXP 	image_3: autoDraw = False
306.1702 	EXP 	Timer: autoDraw = False
306.1702 	EXP 	image_3: image = u'Img/MRT8.jpg'
306.1702 	EXP 	test_start_txt: autoDraw = True
308.1350 	EXP 	test_start_txt: autoDraw = False
308.1518 	EXP 	image_3: autoDraw = True
311.6466 	DATA 	Keypress: left
311.6476 	EXP 	Created sequence: sequential, trialTypes=1, nReps=0, seed=None
311.6478 	EXP 	New trial (rep=0, index=24): {u'xPos': None, u'probNum': 9, u'Img': u'Img/MRT9.jpg', u'CorrKey': u'left', u'TestType': u'MRT', u'yPos': None, u'Etc': None, u'CorrAns': u'same', u'Type': u'Test'}
311.6483 	EXP 	Created sequence: sequential, trialTypes=1, nReps=0, seed=None
311.6485 	EXP 	Created sequence: sequential, trialTypes=1, nReps=0, seed=None
311.6487 	EXP 	Created sequence: sequential, trialTypes=1, nReps=0, seed=None
311.6489 	EXP 	Created sequence: sequential, trialTypes=1, nReps=1, seed=None
311.6492 	EXP 	New trial (rep=0, index=0): None
311.6962 	EXP 	test_start_txt: autoDraw = False
311.6962 	EXP 	image_3: autoDraw = False
311.6962 	EXP 	Timer: autoDraw = False
311.6962 	EXP 	image_3: image = u'Img/MRT9.jpg'
311.6962 	EXP 	test_start_txt: autoDraw = True
313.6625 	EXP 	test_start_txt: autoDraw = False
313.6815 	EXP 	image_3: autoDraw = True
318.9581 	DATA 	Keypress: left
318.9592 	EXP 	Created sequence: sequential, trialTypes=1, nReps=0, seed=None
318.9594 	EXP 	New trial (rep=0, index=25): {u'xPos': None, u'probNum': 10, u'Img': u'Img/MRT10.jpg', u'CorrKey': u'left', u'TestType': u'MRT', u'yPos': None, u'Etc': None, u'CorrAns': u'same', u'Type': u'Test'}
318.9599 	EXP 	Created sequence: sequential, trialTypes=1, nReps=0, seed=None
318.9602 	EXP 	Created sequence: sequential, trialTypes=1, nReps=0, seed=None
318.9604 	EXP 	Created sequence: sequential, trialTypes=1, nReps=0, seed=None
318.9606 	EXP 	Created sequence: sequential, trialTypes=1, nReps=1, seed=None
318.9608 	EXP 	New trial (rep=0, index=0): None
319.0083 	EXP 	test_start_txt: autoDraw = False
319.0083 	EXP 	image_3: autoDraw = False
319.0083 	EXP 	Timer: autoDraw = False
319.0083 	EXP 	image_3: image = u'Img/MRT10.jpg'
319.0083 	EXP 	test_start_txt: autoDraw = True
320.9746 	EXP 	test_start_txt: autoDraw = False
320.9746 	EXP 	image_3: autoDraw = True
327.7480 	DATA 	Keypress: left
327.7489 	EXP 	Created sequence: sequential, trialTypes=1, nReps=0, seed=None
327.7492 	EXP 	New trial (rep=0, index=26): {u'xPos': None, u'probNum': 11, u'Img': u'Img/MRT11.jpg', u'CorrKey': u'right', u'TestType': u'MRT', u'yPos': None, u'Etc': None, u'CorrAns': u'different', u'Type': u'Test'}
327.7497 	EXP 	Created sequence: sequential, trialTypes=1, nReps=0, seed=None
327.7499 	EXP 	Created sequence: sequential, trialTypes=1, nReps=0, seed=None
327.7501 	EXP 	Created sequence: sequential, trialTypes=1, nReps=0, seed=None
327.7503 	EXP 	Created sequence: sequential, trialTypes=1, nReps=1, seed=None
327.7505 	EXP 	New trial (rep=0, index=0): None
327.7976 	EXP 	test_start_txt: autoDraw = False
327.7976 	EXP 	image_3: autoDraw = False
327.7976 	EXP 	Timer: autoDraw = False
327.7976 	EXP 	image_3: image = u'Img/MRT11.jpg'
327.7976 	EXP 	test_start_txt: autoDraw = True
329.7629 	EXP 	test_start_txt: autoDraw = False
329.7795 	EXP 	image_3: autoDraw = True
332.9510 	DATA 	Keypress: right
332.9520 	EXP 	Created sequence: sequential, trialTypes=1, nReps=0, seed=None
332.9523 	EXP 	New trial (rep=0, index=27): {u'xPos': None, u'probNum': 12, u'Img': u'Img/MRT12.jpg', u'CorrKey': u'right', u'TestType': u'MRT', u'yPos': None, u'Etc': None, u'CorrAns': u'different', u'Type': u'Test'}
332.9528 	EXP 	Created sequence: sequential, trialTypes=1, nReps=0, seed=None
332.9530 	EXP 	Created sequence: sequential, trialTypes=1, nReps=0, seed=None
332.9532 	EXP 	Created sequence: sequential, trialTypes=1, nReps=0, seed=None
332.9534 	EXP 	Created sequence: sequential, trialTypes=1, nReps=1, seed=None
332.9536 	EXP 	New trial (rep=0, index=0): None
333.0001 	EXP 	test_start_txt: autoDraw = False
333.0001 	EXP 	image_3: autoDraw = False
333.0001 	EXP 	Timer: autoDraw = False
333.0001 	EXP 	image_3: image = u'Img/MRT12.jpg'
333.0001 	EXP 	test_start_txt: autoDraw = True
334.9747 	EXP 	test_start_txt: autoDraw = False
334.9747 	EXP 	image_3: autoDraw = True
339.2784 	DATA 	Keypress: right
339.2794 	EXP 	Created sequence: sequential, trialTypes=1, nReps=0, seed=None
339.2797 	EXP 	New trial (rep=0, index=28): {u'xPos': None, u'probNum': 13, u'Img': u'Img/MRT13.jpg', u'CorrKey': u'left', u'TestType': u'MRT', u'yPos': None, u'Etc': None, u'CorrAns': u'same', u'Type': u'Test'}
339.2802 	EXP 	Created sequence: sequential, trialTypes=1, nReps=0, seed=None
339.2805 	EXP 	Created sequence: sequential, trialTypes=1, nReps=0, seed=None
339.2807 	EXP 	Created sequence: sequential, trialTypes=1, nReps=0, seed=None
339.2809 	EXP 	Created sequence: sequential, trialTypes=1, nReps=1, seed=None
339.2812 	EXP 	New trial (rep=0, index=0): None
339.3285 	EXP 	test_start_txt: autoDraw = False
339.3285 	EXP 	image_3: autoDraw = False
339.3285 	EXP 	Timer: autoDraw = False
339.3285 	EXP 	image_3: image = u'Img/MRT13.jpg'
339.3285 	EXP 	test_start_txt: autoDraw = True
341.2882 	EXP 	test_start_txt: autoDraw = False
341.3078 	EXP 	image_3: autoDraw = True
347.0433 	DATA 	Keypress: left
347.0447 	EXP 	Created sequence: sequential, trialTypes=1, nReps=0, seed=None
347.0450 	EXP 	New trial (rep=0, index=29): {u'xPos': None, u'probNum': 14, u'Img': u'Img/MRT14.jpg', u'CorrKey': u'right', u'TestType': u'MRT', u'yPos': None, u'Etc': None, u'CorrAns': u'different', u'Type': u'Test'}
347.0455 	EXP 	Created sequence: sequential, trialTypes=1, nReps=0, seed=None
347.0457 	EXP 	Created sequence: sequential, trialTypes=1, nReps=0, seed=None
347.0459 	EXP 	Created sequence: sequential, trialTypes=1, nReps=0, seed=None
347.0461 	EXP 	Created sequence: sequential, trialTypes=1, nReps=1, seed=None
347.0463 	EXP 	New trial (rep=0, index=0): None
347.0933 	EXP 	test_start_txt: autoDraw = False
347.0933 	EXP 	image_3: autoDraw = False
347.0933 	EXP 	Timer: autoDraw = False
347.0933 	EXP 	image_3: image = u'Img/MRT14.jpg'
347.0933 	EXP 	test_start_txt: autoDraw = True
349.0570 	EXP 	test_start_txt: autoDraw = False
349.0741 	EXP 	image_3: autoDraw = True
352.4511 	DATA 	Keypress: left
352.4521 	EXP 	Created sequence: sequential, trialTypes=1, nReps=0, seed=None
352.4523 	EXP 	New trial (rep=0, index=30): {u'xPos': None, u'probNum': 15, u'Img': u'Img/MRT15.jpg', u'CorrKey': u'left', u'TestType': u'MRT', u'yPos': None, u'Etc': None, u'CorrAns': u'same', u'Type': u'Test'}
352.4528 	EXP 	Created sequence: sequential, trialTypes=1, nReps=0, seed=None
352.4530 	EXP 	Created sequence: sequential, trialTypes=1, nReps=0, seed=None
352.4532 	EXP 	Created sequence: sequential, trialTypes=1, nReps=0, seed=None
352.4534 	EXP 	Created sequence: sequential, trialTypes=1, nReps=1, seed=None
352.4536 	EXP 	New trial (rep=0, index=0): None
352.4994 	EXP 	test_start_txt: autoDraw = False
352.4994 	EXP 	image_3: autoDraw = False
352.4994 	EXP 	Timer: autoDraw = False
352.4994 	EXP 	image_3: image = u'Img/MRT15.jpg'
352.4994 	EXP 	test_start_txt: autoDraw = True
354.4593 	EXP 	test_start_txt: autoDraw = False
354.4764 	EXP 	image_3: autoDraw = True
357.1648 	DATA 	Keypress: left
357.1661 	EXP 	Created sequence: sequential, trialTypes=1, nReps=0, seed=None
357.1665 	EXP 	New trial (rep=0, index=31): {u'xPos': None, u'probNum': 16, u'Img': u'Img/MRT16.jpg', u'CorrKey': u'right', u'TestType': u'MRT', u'yPos': None, u'Etc': None, u'CorrAns': u'different', u'Type': u'Test'}
357.1673 	EXP 	Created sequence: sequential, trialTypes=1, nReps=0, seed=None
357.1676 	EXP 	Created sequence: sequential, trialTypes=1, nReps=0, seed=None
357.1679 	EXP 	Created sequence: sequential, trialTypes=1, nReps=0, seed=None
357.1683 	EXP 	Created sequence: sequential, trialTypes=1, nReps=1, seed=None
357.1686 	EXP 	New trial (rep=0, index=0): None
357.2147 	EXP 	test_start_txt: autoDraw = False
357.2147 	EXP 	image_3: autoDraw = False
357.2147 	EXP 	Timer: autoDraw = False
357.2147 	EXP 	image_3: image = u'Img/MRT16.jpg'
357.2147 	EXP 	test_start_txt: autoDraw = True
359.1789 	EXP 	test_start_txt: autoDraw = False
359.1961 	EXP 	image_3: autoDraw = True
369.1989 	EXP 	Timer: autoDraw = True
369.9899 	DATA 	Keypress: right
369.9945 	EXP 	Created sequence: sequential, trialTypes=1, nReps=0, seed=None
369.9947 	EXP 	New trial (rep=0, index=32): {u'xPos': None, u'probNum': 17, u'Img': u'Img/MRT17.jpg', u'CorrKey': u'left', u'TestType': u'MRT', u'yPos': None, u'Etc': None, u'CorrAns': u'same', u'Type': u'Test'}
369.9952 	EXP 	Created sequence: sequential, trialTypes=1, nReps=0, seed=None
369.9954 	EXP 	Created sequence: sequential, trialTypes=1, nReps=0, seed=None
369.9956 	EXP 	Created sequence: sequential, trialTypes=1, nReps=0, seed=None
369.9958 	EXP 	Created sequence: sequential, trialTypes=1, nReps=1, seed=None
369.9961 	EXP 	New trial (rep=0, index=0): None
370.0561 	EXP 	test_start_txt: autoDraw = False
370.0561 	EXP 	image_3: autoDraw = False
370.0561 	EXP 	Timer: autoDraw = False
370.0561 	EXP 	image_3: image = u'Img/MRT17.jpg'
370.0561 	EXP 	test_start_txt: autoDraw = True
372.0045 	EXP 	test_start_txt: autoDraw = False
372.0216 	EXP 	image_3: autoDraw = True
375.2667 	DATA 	Keypress: left
375.2686 	EXP 	Created sequence: sequential, trialTypes=1, nReps=0, seed=None
375.2689 	EXP 	New trial (rep=0, index=33): {u'xPos': None, u'probNum': 18, u'Img': u'Img/MRT18.jpg', u'CorrKey': u'left', u'TestType': u'MRT', u'yPos': None, u'Etc': None, u'CorrAns': u'same', u'Type': u'Test'}
375.2694 	EXP 	Created sequence: sequential, trialTypes=1, nReps=0, seed=None
375.2696 	EXP 	Created sequence: sequential, trialTypes=1, nReps=0, seed=None
375.2699 	EXP 	Created sequence: sequential, trialTypes=1, nReps=0, seed=None
375.2700 	EXP 	Created sequence: sequential, trialTypes=1, nReps=1, seed=None
375.2703 	EXP 	New trial (rep=0, index=0): None
375.3147 	EXP 	test_start_txt: autoDraw = False
375.3147 	EXP 	image_3: autoDraw = False
375.3147 	EXP 	Timer: autoDraw = False
375.3147 	EXP 	image_3: image = u'Img/MRT18.jpg'
375.3147 	EXP 	test_start_txt: autoDraw = True
377.2845 	EXP 	test_start_txt: autoDraw = False
377.3005 	EXP 	image_3: autoDraw = True
381.6477 	DATA 	Keypress: left
381.6487 	EXP 	Created sequence: sequential, trialTypes=1, nReps=0, seed=None
381.6490 	EXP 	New trial (rep=0, index=34): {u'xPos': None, u'probNum': 19, u'Img': u'Img/MRT19.jpg', u'CorrKey': u'right', u'TestType': u'MRT', u'yPos': None, u'Etc': None, u'CorrAns': u'different', u'Type': u'Test'}
381.6496 	EXP 	Created sequence: sequential, trialTypes=1, nReps=0, seed=None
381.6499 	EXP 	Created sequence: sequential, trialTypes=1, nReps=0, seed=None
381.6501 	EXP 	Created sequence: sequential, trialTypes=1, nReps=0, seed=None
381.6504 	EXP 	Created sequence: sequential, trialTypes=1, nReps=1, seed=None
381.6507 	EXP 	New trial (rep=0, index=0): None
381.6950 	EXP 	test_start_txt: autoDraw = False
381.6950 	EXP 	image_3: autoDraw = False
381.6950 	EXP 	Timer: autoDraw = False
381.6950 	EXP 	image_3: image = u'Img/MRT19.jpg'
381.6950 	EXP 	test_start_txt: autoDraw = True
383.6604 	EXP 	test_start_txt: autoDraw = False
383.6770 	EXP 	image_3: autoDraw = True
387.5515 	DATA 	Keypress: right
387.5531 	EXP 	Created sequence: sequential, trialTypes=1, nReps=0, seed=None
387.5534 	EXP 	New trial (rep=0, index=35): {u'xPos': None, u'probNum': 20, u'Img': u'Img/MRT20.jpg', u'CorrKey': u'right', u'TestType': u'MRT', u'yPos': None, u'Etc': None, u'CorrAns': u'different', u'Type': u'Test'}
387.5539 	EXP 	Created sequence: sequential, trialTypes=1, nReps=0, seed=None
387.5541 	EXP 	Created sequence: sequential, trialTypes=1, nReps=0, seed=None
387.5543 	EXP 	Created sequence: sequential, trialTypes=1, nReps=0, seed=None
387.5545 	EXP 	Created sequence: sequential, trialTypes=1, nReps=1, seed=None
387.5547 	EXP 	New trial (rep=0, index=0): None
387.6017 	EXP 	test_start_txt: autoDraw = False
387.6017 	EXP 	image_3: autoDraw = False
387.6017 	EXP 	Timer: autoDraw = False
387.6017 	EXP 	image_3: image = u'Img/MRT20.jpg'
387.6017 	EXP 	test_start_txt: autoDraw = True
389.5670 	EXP 	test_start_txt: autoDraw = False
389.5841 	EXP 	image_3: autoDraw = True
396.0208 	DATA 	Keypress: right
396.0218 	EXP 	Created sequence: sequential, trialTypes=1, nReps=0, seed=None
396.0221 	EXP 	New trial (rep=0, index=36): {u'xPos': None, u'probNum': None, u'Img': u'Img/62.jpg', u'CorrKey': u'space', u'TestType': None, u'yPos': None, u'Etc': None, u'CorrAns': u'space', u'Type': u'Inst'}
396.0226 	EXP 	Created sequence: sequential, trialTypes=1, nReps=0, seed=None
396.0229 	EXP 	Created sequence: sequential, trialTypes=1, nReps=0, seed=None
396.0231 	EXP 	Created sequence: sequential, trialTypes=1, nReps=1, seed=None
396.0233 	EXP 	New trial (rep=0, index=0): None
396.0857 	EXP 	test_start_txt: autoDraw = False
396.0857 	EXP 	image_3: autoDraw = False
396.0857 	EXP 	Timer: autoDraw = False
396.0857 	EXP 	image_2: image = u'Img/62.jpg'
396.0857 	EXP 	image_2: autoDraw = True
398.7173 	DATA 	Keypress: space
398.7177 	EXP 	Created sequence: sequential, trialTypes=1, nReps=0, seed=None
398.7179 	EXP 	Created sequence: sequential, trialTypes=1, nReps=0, seed=None
398.7182 	EXP 	New trial (rep=0, index=37): {u'xPos': -1200, u'probNum': None, u'Img': None, u'CorrKey': None, u'TestType': u'CloseSession', u'yPos': 60, u'Etc': None, u'CorrAns': None, u'Type': u'Mouse'}
398.7188 	EXP 	Created sequence: sequential, trialTypes=1, nReps=0, seed=None
398.7190 	EXP 	Created sequence: sequential, trialTypes=1, nReps=0, seed=None
398.7192 	EXP 	Created sequence: sequential, trialTypes=1, nReps=0, seed=None
398.7194 	EXP 	Created sequence: sequential, trialTypes=1, nReps=0, seed=None
398.7196 	EXP 	Created sequence: sequential, trialTypes=1, nReps=1, seed=None
398.7199 	EXP 	New trial (rep=0, index=0): None
398.8871 	EXP 	window1: mouseVisible = True
