16.0545 	EXP 	Created window1 = Window(allowGUI=False, allowStencil=False, autoLog=True, bitsMode=UNKNOWN, blendMode='avg', color=array([ 0.,  0.,  0.]), colorSpace='rgb', fullscr=UNKNOWN, gamma=None, lms=UNKNOWN, monitor=<psychopy.monitors.calibTools.Monitor instance at 0x05136080>, name='window1', pos=[0, 0], screen=0, size=array([1366,  768]), stereo=False, units=u'norm', useFBO=True, viewOri=0.0, viewPos=None, viewScale=None, waitBlanking=True, winType='pyglet')
16.0546 	EXP 	window1: recordFrameIntervals = False
16.2561 	EXP 	window1: recordFrameIntervals = True
16.2942 	WARNING 	t of last frame was 22.53ms (=1/44)
16.4029 	WARNING 	t of last frame was 25.91ms (=1/38)
16.4446 	WARNING 	t of last frame was 25.08ms (=1/39)
16.5847 	WARNING 	t of last frame was 23.71ms (=1/42)
16.6248 	WARNING 	Multiple dropped frames have occurred - I'll stop bothering you about them!
18.1502 	WARNING 	Couldn't measure a consistent frame rate.
  - Is your graphics card set to sync to vertical blank?
  - Are you running other processes on your computer?

18.1599 	EXP 	Created image_4 = ImageStim(autoLog=True, color=array([ 1.,  1.,  1.]), colorSpace='rgb', contrast=1.0, depth=0.0, flipHoriz=False, flipVert=False, image='sin', interpolate=True, mask=None, maskParams=None, name='image_4', opacity=1.0, ori=0.0, pos=array([ 0.,  0.]), size=array([ 1.5,  1.5]), texRes=128, units=u'norm', win=Window(...))
18.3282 	EXP 	Created text_2 = TextStim(alignHoriz='center', alignVert='center', antialias=True, autoLog=True, bold=False, color='white', colorSpace='named', contrast=1.0, depth=-2.0, flipHoriz=False, flipVert=False, font='Arial', fontFiles=[], height=0.1, italic=False, name='text_2', opacity=1.0, ori=0, pos=array([ 0.  ,  0.85]), rgb=array([ 255.,  255.,  255.]), text=u'default text', units=u'norm', win=Window(...), wrapWidth=1)
18.3538 	EXP 	Created dummy_start = TextStim(alignHoriz='center', alignVert='center', antialias=True, autoLog=True, bold=False, color='white', colorSpace='named', contrast=1.0, depth=0.0, flipHoriz=False, flipVert=False, font='Arial', fontFiles=[], height=0.5, italic=False, name='dummy_start', opacity=1.0, ori=0, pos=array([ 0.,  0.]), rgb=array([ 255.,  255.,  255.]), text=u'+', units=u'norm', win=Window(...), wrapWidth=1)
18.3591 	EXP 	Created image = ImageStim(autoLog=True, color=array([ 1.,  1.,  1.]), colorSpace='rgb', contrast=1.0, depth=-1.0, flipHoriz=False, flipVert=False, image='sin', interpolate=True, mask=None, maskParams=None, name='image', opacity=1.0, ori=0.0, pos=array([ 0.,  0.]), size=array([ 1.6,  1.6]), texRes=128, units=u'norm', win=Window(...))
18.3701 	EXP 	Created message = TextStim(alignHoriz='center', alignVert='center', antialias=True, autoLog=True, bold=False, color='white', colorSpace='named', contrast=1.0, depth=-1.0, flipHoriz=False, flipVert=False, font='Arial', fontFiles=[], height=0.1, italic=False, name='message', opacity=1.0, ori=0, pos=array([ 0.,  0.]), rgb=array([ 255.,  255.,  255.]), text=u'default text', units=u'norm', win=Window(...), wrapWidth=1)
18.3751 	EXP 	Created image_2 = ImageStim(autoLog=True, color=array([ 1.,  1.,  1.]), colorSpace='rgb', contrast=1.0, depth=0.0, flipHoriz=False, flipVert=False, image='sin', interpolate=True, mask=None, maskParams=None, name='image_2', opacity=1.0, ori=0.0, pos=array([ 0.,  0.]), size=array([ 1.5,  1.5]), texRes=128, units=u'norm', win=Window(...))
18.3810 	EXP 	Created test_start_txt = TextStim(alignHoriz='center', alignVert='center', antialias=True, autoLog=True, bold=False, color='white', colorSpace='named', contrast=1.0, depth=0.0, flipHoriz=False, flipVert=False, font='Arial', fontFiles=[], height=0.5, italic=False, name='test_start_txt', opacity=1.0, ori=0, pos=array([ 0.,  0.]), rgb=array([ 255.,  255.,  255.]), text=u'+', units=u'norm', win=Window(...), wrapWidth=1)
18.3859 	EXP 	Created image_3 = ImageStim(autoLog=True, color=array([ 1.,  1.,  1.]), colorSpace='rgb', contrast=1.0, depth=-1.0, flipHoriz=False, flipVert=False, image='sin', interpolate=True, mask=None, maskParams=None, name='image_3', opacity=1.0, ori=0.0, pos=array([ 0.,  0.]), size=array([ 1.5,  1.5]), texRes=128, units=u'norm', win=Window(...))
18.3971 	EXP 	Created Timer = TextStim(alignHoriz='center', alignVert='center', antialias=True, autoLog=True, bold=False, color='white', colorSpace='named', contrast=1.0, depth=-3.0, flipHoriz=False, flipVert=False, font='Arial', fontFiles=[], height=0.1, italic=False, name='Timer', opacity=1.0, ori=0, pos=array([ 0.  ,  0.85]), rgb=array([ 255.,  255.,  255.]), text=u'default text', units=u'norm', win=Window(...), wrapWidth=1)
18.3988 	EXP 	Created text = TextStim(alignHoriz='center', alignVert='center', antialias=True, autoLog=True, bold=False, color='white', colorSpace='named', contrast=1.0, depth=-1.0, flipHoriz=False, flipVert=False, font='Arial', fontFiles=[], height=0.1, italic=False, name='text', opacity=1.0, ori=0, pos=array([ 0.,  0.]), rgb=array([ 255.,  255.,  255.]), text='', units=u'norm', win=Window(...), wrapWidth=1)
19.5731 	EXP 	Imported Settings_ConCube.xlsx as conditions, 36 conditions, 8 params
19.5739 	EXP 	Created sequence: sequential, trialTypes=36, nReps=1, seed=None
19.5749 	EXP 	New trial (rep=0, index=0): {u'xPos': None, u'probNum': None, u'Img': u'Img/30.jpg', u'CorrKey': u'space', u'TestType': None, u'yPos': None, u'CorrAns': u'space', u'Type': u'Inst'}
19.5762 	EXP 	Created sequence: sequential, trialTypes=1, nReps=0, seed=None
19.5766 	EXP 	Created sequence: sequential, trialTypes=1, nReps=0, seed=None
19.5771 	EXP 	Created sequence: sequential, trialTypes=1, nReps=1, seed=None
19.5775 	EXP 	New trial (rep=0, index=0): None
19.7004 	EXP 	image_2: image = u'Img/30.jpg'
19.7004 	EXP 	image_2: autoDraw = True
24.3808 	DATA 	Keypress: escape
15.7756 	EXP 	Created window1 = Window(allowGUI=False, allowStencil=False, autoLog=True, bitsMode=UNKNOWN, blendMode='avg', color=array([ 0.,  0.,  0.]), colorSpace='rgb', fullscr=UNKNOWN, gamma=None, lms=UNKNOWN, monitor=<psychopy.monitors.calibTools.Monitor instance at 0x0AC48670>, name='window1', pos=[0, 0], screen=0, size=array([1366,  768]), stereo=False, units=u'norm', useFBO=True, viewOri=0.0, viewPos=None, viewScale=None, waitBlanking=True, winType='pyglet')
15.7756 	EXP 	window1: recordFrameIntervals = False
15.9557 	EXP 	window1: recordFrameIntervals = True
16.1455 	WARNING 	t of last frame was 22.18ms (=1/45)
16.1862 	WARNING 	t of last frame was 23.12ms (=1/43)
16.4254 	WARNING 	t of last frame was 29.10ms (=1/34)
16.4949 	WARNING 	t of last frame was 20.30ms (=1/49)
16.6619 	EXP 	window1: recordFrameIntervals = False
16.6711 	EXP 	Created image_4 = ImageStim(autoLog=True, color=array([ 1.,  1.,  1.]), colorSpace='rgb', contrast=1.0, depth=0.0, flipHoriz=False, flipVert=False, image='sin', interpolate=True, mask=None, maskParams=None, name='image_4', opacity=1.0, ori=0.0, pos=array([ 0.,  0.]), size=array([ 1.5,  1.5]), texRes=128, units=u'norm', win=Window(...))
16.8463 	EXP 	Created text_2 = TextStim(alignHoriz='center', alignVert='center', antialias=True, autoLog=True, bold=False, color='white', colorSpace='named', contrast=1.0, depth=-2.0, flipHoriz=False, flipVert=False, font='Arial', fontFiles=[], height=0.1, italic=False, name='text_2', opacity=1.0, ori=0, pos=array([ 0.  ,  0.85]), rgb=array([ 255.,  255.,  255.]), text=u'default text', units=u'norm', win=Window(...), wrapWidth=1)
16.8725 	EXP 	Created dummy_start = TextStim(alignHoriz='center', alignVert='center', antialias=True, autoLog=True, bold=False, color='white', colorSpace='named', contrast=1.0, depth=0.0, flipHoriz=False, flipVert=False, font='Arial', fontFiles=[], height=0.5, italic=False, name='dummy_start', opacity=1.0, ori=0, pos=array([ 0.,  0.]), rgb=array([ 255.,  255.,  255.]), text=u'+', units=u'norm', win=Window(...), wrapWidth=1)
16.8777 	EXP 	Created image = ImageStim(autoLog=True, color=array([ 1.,  1.,  1.]), colorSpace='rgb', contrast=1.0, depth=-1.0, flipHoriz=False, flipVert=False, image='sin', interpolate=True, mask=None, maskParams=None, name='image', opacity=1.0, ori=0.0, pos=array([ 0.,  0.]), size=array([ 1.6,  1.6]), texRes=128, units=u'norm', win=Window(...))
16.8889 	EXP 	Created message = TextStim(alignHoriz='center', alignVert='center', antialias=True, autoLog=True, bold=False, color='white', colorSpace='named', contrast=1.0, depth=-1.0, flipHoriz=False, flipVert=False, font='Arial', fontFiles=[], height=0.1, italic=False, name='message', opacity=1.0, ori=0, pos=array([ 0.,  0.]), rgb=array([ 255.,  255.,  255.]), text=u'default text', units=u'norm', win=Window(...), wrapWidth=1)
16.8940 	EXP 	Created image_2 = ImageStim(autoLog=True, color=array([ 1.,  1.,  1.]), colorSpace='rgb', contrast=1.0, depth=0.0, flipHoriz=False, flipVert=False, image='sin', interpolate=True, mask=None, maskParams=None, name='image_2', opacity=1.0, ori=0.0, pos=array([ 0.,  0.]), size=array([ 1.5,  1.5]), texRes=128, units=u'norm', win=Window(...))
16.8999 	EXP 	Created test_start_txt = TextStim(alignHoriz='center', alignVert='center', antialias=True, autoLog=True, bold=False, color='white', colorSpace='named', contrast=1.0, depth=0.0, flipHoriz=False, flipVert=False, font='Arial', fontFiles=[], height=0.5, italic=False, name='test_start_txt', opacity=1.0, ori=0, pos=array([ 0.,  0.]), rgb=array([ 255.,  255.,  255.]), text=u'+', units=u'norm', win=Window(...), wrapWidth=1)
16.9049 	EXP 	Created image_3 = ImageStim(autoLog=True, color=array([ 1.,  1.,  1.]), colorSpace='rgb', contrast=1.0, depth=-1.0, flipHoriz=False, flipVert=False, image='sin', interpolate=True, mask=None, maskParams=None, name='image_3', opacity=1.0, ori=0.0, pos=array([ 0.,  0.]), size=array([ 1.5,  1.5]), texRes=128, units=u'norm', win=Window(...))
16.9165 	EXP 	Created Timer = TextStim(alignHoriz='center', alignVert='center', antialias=True, autoLog=True, bold=False, color='white', colorSpace='named', contrast=1.0, depth=-3.0, flipHoriz=False, flipVert=False, font='Arial', fontFiles=[], height=0.1, italic=False, name='Timer', opacity=1.0, ori=0, pos=array([ 0.  ,  0.85]), rgb=array([ 255.,  255.,  255.]), text=u'default text', units=u'norm', win=Window(...), wrapWidth=1)
16.9183 	EXP 	Created text = TextStim(alignHoriz='center', alignVert='center', antialias=True, autoLog=True, bold=False, color='white', colorSpace='named', contrast=1.0, depth=-1.0, flipHoriz=False, flipVert=False, font='Arial', fontFiles=[], height=0.1, italic=False, name='text', opacity=1.0, ori=0, pos=array([ 0.,  0.]), rgb=array([ 255.,  255.,  255.]), text='', units=u'norm', win=Window(...), wrapWidth=1)
18.1854 	EXP 	Imported Settings_ConCube.xlsx as conditions, 36 conditions, 8 params
18.1862 	EXP 	Created sequence: sequential, trialTypes=36, nReps=1, seed=None
18.1872 	EXP 	New trial (rep=0, index=0): {u'xPos': None, u'probNum': None, u'Img': u'Img/30.jpg', u'CorrKey': u'space', u'TestType': None, u'yPos': None, u'CorrAns': u'space', u'Type': u'Inst'}
18.1881 	EXP 	Created sequence: sequential, trialTypes=1, nReps=0, seed=None
18.1885 	EXP 	Created sequence: sequential, trialTypes=1, nReps=0, seed=None
18.1889 	EXP 	Created sequence: sequential, trialTypes=1, nReps=1, seed=None
18.1894 	EXP 	New trial (rep=0, index=0): None
18.3291 	EXP 	image_2: image = u'Img/30.jpg'
18.3291 	EXP 	image_2: autoDraw = True
21.0220 	DATA 	Keypress: space
21.0228 	EXP 	Created sequence: sequential, trialTypes=1, nReps=0, seed=None
21.0232 	EXP 	Created sequence: sequential, trialTypes=1, nReps=0, seed=None
21.0238 	EXP 	New trial (rep=0, index=1): {u'xPos': None, u'probNum': None, u'Img': u'Img/31.jpg', u'CorrKey': u'space', u'TestType': None, u'yPos': None, u'CorrAns': u'space', u'Type': u'Inst'}
21.0247 	EXP 	Created sequence: sequential, trialTypes=1, nReps=0, seed=None
21.0252 	EXP 	Created sequence: sequential, trialTypes=1, nReps=0, seed=None
21.0256 	EXP 	Created sequence: sequential, trialTypes=1, nReps=1, seed=None
21.0264 	EXP 	New trial (rep=0, index=0): None
21.1223 	EXP 	image_2: autoDraw = False
21.1223 	EXP 	image_2: image = u'Img/31.jpg'
21.1223 	EXP 	image_2: autoDraw = True
24.8138 	DATA 	Keypress: space
24.8152 	EXP 	Created sequence: sequential, trialTypes=1, nReps=0, seed=None
24.8158 	EXP 	Created sequence: sequential, trialTypes=1, nReps=0, seed=None
24.8164 	EXP 	New trial (rep=0, index=2): {u'xPos': None, u'probNum': None, u'Img': u'Img/32.jpg', u'CorrKey': u'space', u'TestType': None, u'yPos': None, u'CorrAns': u'space', u'Type': u'Inst'}
24.8174 	EXP 	Created sequence: sequential, trialTypes=1, nReps=0, seed=None
24.8178 	EXP 	Created sequence: sequential, trialTypes=1, nReps=0, seed=None
24.8182 	EXP 	Created sequence: sequential, trialTypes=1, nReps=1, seed=None
24.8187 	EXP 	New trial (rep=0, index=0): None
24.9265 	EXP 	image_2: autoDraw = False
24.9265 	EXP 	image_2: image = u'Img/32.jpg'
24.9265 	EXP 	image_2: autoDraw = True
45.8654 	DATA 	Keypress: space
45.8662 	EXP 	Created sequence: sequential, trialTypes=1, nReps=0, seed=None
45.8667 	EXP 	Created sequence: sequential, trialTypes=1, nReps=0, seed=None
45.8673 	EXP 	New trial (rep=0, index=3): {u'xPos': None, u'probNum': None, u'Img': u'Img/33.jpg', u'CorrKey': u'space', u'TestType': None, u'yPos': None, u'CorrAns': u'space', u'Type': u'Inst'}
45.8682 	EXP 	Created sequence: sequential, trialTypes=1, nReps=0, seed=None
45.8687 	EXP 	Created sequence: sequential, trialTypes=1, nReps=0, seed=None
45.8694 	EXP 	Created sequence: sequential, trialTypes=1, nReps=1, seed=None
45.8703 	EXP 	New trial (rep=0, index=0): None
45.9668 	EXP 	image_2: autoDraw = False
45.9668 	EXP 	image_2: image = u'Img/33.jpg'
45.9668 	EXP 	image_2: autoDraw = True
47.9361 	DATA 	Keypress: space
47.9375 	EXP 	Created sequence: sequential, trialTypes=1, nReps=0, seed=None
47.9382 	EXP 	Created sequence: sequential, trialTypes=1, nReps=0, seed=None
47.9390 	EXP 	New trial (rep=0, index=4): {u'xPos': None, u'probNum': None, u'Img': u'Img/34.jpg', u'CorrKey': u'left', u'TestType': None, u'yPos': None, u'CorrAns': u'left', u'Type': u'Dumm'}
47.9399 	EXP 	Created sequence: sequential, trialTypes=1, nReps=0, seed=None
47.9403 	EXP 	Created sequence: sequential, trialTypes=1, nReps=1, seed=None
47.9408 	EXP 	New trial (rep=0, index=0): None
48.0219 	EXP 	image_2: autoDraw = False
48.0219 	EXP 	image: image = u'Img/34.jpg'
48.0219 	EXP 	dummy_start: autoDraw = True
49.9520 	EXP 	dummy_start: autoDraw = False
49.9689 	EXP 	image: autoDraw = True
57.8287 	DATA 	Keypress: right
57.8948 	EXP 	dummy_start: autoDraw = False
57.8948 	EXP 	image: autoDraw = False
57.8948 	EXP 	message: text = 'Wrong \n \n Response time = 7.860'
57.8948 	EXP 	message: autoDraw = True
60.8255 	EXP 	Created sequence: sequential, trialTypes=1, nReps=0, seed=None
60.8260 	EXP 	Created sequence: sequential, trialTypes=1, nReps=0, seed=None
60.8265 	EXP 	Created sequence: sequential, trialTypes=1, nReps=0, seed=None
60.8271 	EXP 	New trial (rep=0, index=5): {u'xPos': None, u'probNum': None, u'Img': u'Img/35.jpg', u'CorrKey': u'right', u'TestType': None, u'yPos': None, u'CorrAns': u'right', u'Type': u'Dumm'}
60.8280 	EXP 	Created sequence: sequential, trialTypes=1, nReps=0, seed=None
60.8284 	EXP 	Created sequence: sequential, trialTypes=1, nReps=1, seed=None
60.8289 	EXP 	New trial (rep=0, index=0): None
60.9090 	EXP 	message: autoDraw = False
60.9090 	EXP 	message: autoDraw = False
60.9090 	EXP 	image: image = u'Img/35.jpg'
60.9090 	EXP 	dummy_start: autoDraw = True
62.8399 	EXP 	dummy_start: autoDraw = False
62.8571 	EXP 	image: autoDraw = True
72.7599 	DATA 	Keypress: left
72.7915 	EXP 	dummy_start: autoDraw = False
72.7915 	EXP 	image: autoDraw = False
72.7915 	EXP 	message: text = 'Wrong \n \n Response time = 9.903'
72.7915 	EXP 	message: autoDraw = True
75.7554 	EXP 	Created sequence: sequential, trialTypes=1, nReps=0, seed=None
75.7559 	EXP 	Created sequence: sequential, trialTypes=1, nReps=0, seed=None
75.7564 	EXP 	Created sequence: sequential, trialTypes=1, nReps=0, seed=None
75.7570 	EXP 	New trial (rep=0, index=6): {u'xPos': None, u'probNum': None, u'Img': u'Img/36.jpg', u'CorrKey': u'space', u'TestType': None, u'yPos': None, u'CorrAns': u'space', u'Type': u'Inst'}
75.7579 	EXP 	Created sequence: sequential, trialTypes=1, nReps=0, seed=None
75.7584 	EXP 	Created sequence: sequential, trialTypes=1, nReps=0, seed=None
75.7591 	EXP 	Created sequence: sequential, trialTypes=1, nReps=1, seed=None
75.7598 	EXP 	New trial (rep=0, index=0): None
75.8727 	EXP 	message: autoDraw = False
75.8727 	EXP 	message: autoDraw = False
75.8727 	EXP 	image_2: image = u'Img/36.jpg'
75.8727 	EXP 	image_2: autoDraw = True
88.0028 	DATA 	Keypress: space
88.0035 	EXP 	Created sequence: sequential, trialTypes=1, nReps=0, seed=None
88.0040 	EXP 	Created sequence: sequential, trialTypes=1, nReps=0, seed=None
88.0050 	EXP 	New trial (rep=0, index=7): {u'xPos': -620, u'probNum': None, u'Img': None, u'CorrKey': None, u'TestType': u'OpenSession', u'yPos': 580, u'CorrAns': None, u'Type': u'Mouse'}
88.0067 	EXP 	Created sequence: sequential, trialTypes=1, nReps=0, seed=None
88.0072 	EXP 	Created sequence: sequential, trialTypes=1, nReps=0, seed=None
88.0076 	EXP 	Created sequence: sequential, trialTypes=1, nReps=0, seed=None
88.0080 	EXP 	Created sequence: sequential, trialTypes=1, nReps=0, seed=None
88.0084 	EXP 	Created sequence: sequential, trialTypes=1, nReps=1, seed=None
88.0089 	EXP 	New trial (rep=0, index=0): None
88.0354 	EXP 	image_2: autoDraw = False
88.0354 	EXP 	text: autoDraw = True
88.1074 	EXP 	New trial (rep=0, index=8): {u'xPos': 100, u'probNum': None, u'Img': None, u'CorrKey': None, u'TestType': u'Back_to_Test', u'yPos': 100, u'CorrAns': None, u'Type': u'Mouse'}
88.1115 	EXP 	Created sequence: sequential, trialTypes=1, nReps=0, seed=None
88.1141 	EXP 	Created sequence: sequential, trialTypes=1, nReps=0, seed=None
88.1168 	EXP 	Created sequence: sequential, trialTypes=1, nReps=0, seed=None
88.1179 	EXP 	Created sequence: sequential, trialTypes=1, nReps=0, seed=None
88.1187 	EXP 	Created sequence: sequential, trialTypes=1, nReps=1, seed=None
88.1198 	EXP 	New trial (rep=0, index=0): None
88.1317 	DATA 	Mouse: Left button down, pos=(100,668)
88.1451 	DATA 	Mouse:  Left button up, pos=(100,668)
88.1650 	EXP 	text: autoDraw = False
88.1650 	EXP 	text: autoDraw = False
88.1650 	EXP 	text: autoDraw = True
88.2158 	EXP 	New trial (rep=0, index=9): {u'xPos': None, u'probNum': 1, u'Img': u'Img/37.jpg', u'CorrKey': u'right', u'TestType': u'ConnectCube', u'yPos': None, u'CorrAns': u'right', u'Type': u'Test'}
88.2168 	EXP 	Created sequence: sequential, trialTypes=1, nReps=0, seed=None
88.2173 	EXP 	Created sequence: sequential, trialTypes=1, nReps=0, seed=None
88.2198 	EXP 	Created sequence: sequential, trialTypes=1, nReps=0, seed=None
88.2203 	EXP 	Created sequence: sequential, trialTypes=1, nReps=1, seed=None
88.2208 	EXP 	New trial (rep=0, index=0): None
88.3156 	EXP 	text: autoDraw = False
88.3156 	EXP 	image_3: image = u'Img/37.jpg'
88.3156 	EXP 	test_start_txt: autoDraw = True
90.2346 	EXP 	test_start_txt: autoDraw = False
90.2513 	EXP 	image_3: autoDraw = True
100.2583 	EXP 	Timer: autoDraw = True
100.3390 	DATA 	Keypress: right
100.3454 	EXP 	Created sequence: sequential, trialTypes=1, nReps=0, seed=None
100.3460 	EXP 	New trial (rep=0, index=10): {u'xPos': None, u'probNum': 2, u'Img': u'Img/38.jpg', u'CorrKey': u'left', u'TestType': u'ConnectCube', u'yPos': None, u'CorrAns': u'left', u'Type': u'Test'}
100.3469 	EXP 	Created sequence: sequential, trialTypes=1, nReps=0, seed=None
100.3473 	EXP 	Created sequence: sequential, trialTypes=1, nReps=0, seed=None
100.3477 	EXP 	Created sequence: sequential, trialTypes=1, nReps=0, seed=None
100.3482 	EXP 	Created sequence: sequential, trialTypes=1, nReps=1, seed=None
100.3486 	EXP 	New trial (rep=0, index=0): None
100.4212 	EXP 	test_start_txt: autoDraw = False
100.4212 	EXP 	image_3: autoDraw = False
100.4212 	EXP 	Timer: autoDraw = False
100.4212 	EXP 	image_3: image = u'Img/38.jpg'
100.4212 	EXP 	test_start_txt: autoDraw = True
102.3624 	EXP 	test_start_txt: autoDraw = False
102.3863 	EXP 	image_3: autoDraw = True
108.5833 	DATA 	Keypress: left
108.5863 	EXP 	Created sequence: sequential, trialTypes=1, nReps=0, seed=None
108.5869 	EXP 	New trial (rep=0, index=11): {u'xPos': None, u'probNum': 3, u'Img': u'Img/39.jpg', u'CorrKey': u'left', u'TestType': u'ConnectCube', u'yPos': None, u'CorrAns': u'left', u'Type': u'Test'}
108.5879 	EXP 	Created sequence: sequential, trialTypes=1, nReps=0, seed=None
108.5883 	EXP 	Created sequence: sequential, trialTypes=1, nReps=0, seed=None
108.5888 	EXP 	Created sequence: sequential, trialTypes=1, nReps=0, seed=None
108.5892 	EXP 	Created sequence: sequential, trialTypes=1, nReps=1, seed=None
108.5896 	EXP 	New trial (rep=0, index=0): None
108.6663 	EXP 	test_start_txt: autoDraw = False
108.6663 	EXP 	image_3: autoDraw = False
108.6663 	EXP 	Timer: autoDraw = False
108.6663 	EXP 	image_3: image = u'Img/39.jpg'
108.6663 	EXP 	test_start_txt: autoDraw = True
110.6086 	EXP 	test_start_txt: autoDraw = False
110.6086 	EXP 	image_3: autoDraw = True
118.1413 	DATA 	Keypress: left
118.1431 	EXP 	Created sequence: sequential, trialTypes=1, nReps=0, seed=None
118.1437 	EXP 	New trial (rep=0, index=12): {u'xPos': None, u'probNum': 4, u'Img': u'Img/40.jpg', u'CorrKey': u'right', u'TestType': u'ConnectCube', u'yPos': None, u'CorrAns': u'right', u'Type': u'Test'}
118.1455 	EXP 	Created sequence: sequential, trialTypes=1, nReps=0, seed=None
118.1472 	EXP 	Created sequence: sequential, trialTypes=1, nReps=0, seed=None
118.1483 	EXP 	Created sequence: sequential, trialTypes=1, nReps=0, seed=None
118.1490 	EXP 	Created sequence: sequential, trialTypes=1, nReps=1, seed=None
118.1497 	EXP 	New trial (rep=0, index=0): None
118.2414 	EXP 	test_start_txt: autoDraw = False
118.2414 	EXP 	image_3: autoDraw = False
118.2414 	EXP 	Timer: autoDraw = False
118.2414 	EXP 	image_3: image = u'Img/40.jpg'
118.2414 	EXP 	test_start_txt: autoDraw = True
120.1654 	EXP 	test_start_txt: autoDraw = False
120.1654 	EXP 	image_3: autoDraw = True
128.2962 	DATA 	Keypress: right
128.2979 	EXP 	Created sequence: sequential, trialTypes=1, nReps=0, seed=None
128.2990 	EXP 	New trial (rep=0, index=13): {u'xPos': None, u'probNum': 5, u'Img': u'Img/41.jpg', u'CorrKey': u'right', u'TestType': u'ConnectCube', u'yPos': None, u'CorrAns': u'right', u'Type': u'Test'}
128.2999 	EXP 	Created sequence: sequential, trialTypes=1, nReps=0, seed=None
128.3004 	EXP 	Created sequence: sequential, trialTypes=1, nReps=0, seed=None
128.3008 	EXP 	Created sequence: sequential, trialTypes=1, nReps=0, seed=None
128.3012 	EXP 	Created sequence: sequential, trialTypes=1, nReps=1, seed=None
128.3017 	EXP 	New trial (rep=0, index=0): None
128.3844 	EXP 	test_start_txt: autoDraw = False
128.3844 	EXP 	image_3: autoDraw = False
128.3844 	EXP 	Timer: autoDraw = False
128.3844 	EXP 	image_3: image = u'Img/41.jpg'
128.3844 	EXP 	test_start_txt: autoDraw = True
130.3215 	EXP 	test_start_txt: autoDraw = False
130.3215 	EXP 	image_3: autoDraw = True
136.0989 	DATA 	Keypress: right
136.1008 	EXP 	Created sequence: sequential, trialTypes=1, nReps=0, seed=None
136.1014 	EXP 	New trial (rep=0, index=14): {u'xPos': None, u'probNum': 6, u'Img': u'Img/42.jpg', u'CorrKey': u'right', u'TestType': u'ConnectCube', u'yPos': None, u'CorrAns': u'right', u'Type': u'Test'}
136.1023 	EXP 	Created sequence: sequential, trialTypes=1, nReps=0, seed=None
136.1028 	EXP 	Created sequence: sequential, trialTypes=1, nReps=0, seed=None
136.1033 	EXP 	Created sequence: sequential, trialTypes=1, nReps=0, seed=None
136.1037 	EXP 	Created sequence: sequential, trialTypes=1, nReps=1, seed=None
136.1042 	EXP 	New trial (rep=0, index=0): None
136.1974 	EXP 	test_start_txt: autoDraw = False
136.1974 	EXP 	image_3: autoDraw = False
136.1974 	EXP 	Timer: autoDraw = False
136.1974 	EXP 	image_3: image = u'Img/42.jpg'
136.1974 	EXP 	test_start_txt: autoDraw = True
138.1194 	EXP 	test_start_txt: autoDraw = False
138.1361 	EXP 	image_3: autoDraw = True
146.9637 	DATA 	Keypress: right
146.9669 	EXP 	Created sequence: sequential, trialTypes=1, nReps=0, seed=None
146.9682 	EXP 	New trial (rep=0, index=15): {u'xPos': None, u'probNum': 7, u'Img': u'Img/43.jpg', u'CorrKey': u'left', u'TestType': u'ConnectCube', u'yPos': None, u'CorrAns': u'left', u'Type': u'Test'}
146.9699 	EXP 	Created sequence: sequential, trialTypes=1, nReps=0, seed=None
146.9705 	EXP 	Created sequence: sequential, trialTypes=1, nReps=0, seed=None
146.9709 	EXP 	Created sequence: sequential, trialTypes=1, nReps=0, seed=None
146.9714 	EXP 	Created sequence: sequential, trialTypes=1, nReps=1, seed=None
146.9719 	EXP 	New trial (rep=0, index=0): None
147.0629 	EXP 	test_start_txt: autoDraw = False
147.0629 	EXP 	image_3: autoDraw = False
147.0629 	EXP 	Timer: autoDraw = False
147.0629 	EXP 	image_3: image = u'Img/43.jpg'
147.0629 	EXP 	test_start_txt: autoDraw = True
148.9819 	EXP 	test_start_txt: autoDraw = False
148.9983 	EXP 	image_3: autoDraw = True
155.0852 	DATA 	Keypress: left
155.0870 	EXP 	Created sequence: sequential, trialTypes=1, nReps=0, seed=None
155.0876 	EXP 	New trial (rep=0, index=16): {u'xPos': None, u'probNum': 8, u'Img': u'Img/44.jpg', u'CorrKey': u'left', u'TestType': u'ConnectCube', u'yPos': None, u'CorrAns': u'left', u'Type': u'Test'}
155.0885 	EXP 	Created sequence: sequential, trialTypes=1, nReps=0, seed=None
155.0889 	EXP 	Created sequence: sequential, trialTypes=1, nReps=0, seed=None
155.0894 	EXP 	Created sequence: sequential, trialTypes=1, nReps=0, seed=None
155.0898 	EXP 	Created sequence: sequential, trialTypes=1, nReps=1, seed=None
155.0902 	EXP 	New trial (rep=0, index=0): None
155.1741 	EXP 	test_start_txt: autoDraw = False
155.1741 	EXP 	image_3: autoDraw = False
155.1741 	EXP 	Timer: autoDraw = False
155.1741 	EXP 	image_3: image = u'Img/44.jpg'
155.1741 	EXP 	test_start_txt: autoDraw = True
157.1033 	EXP 	test_start_txt: autoDraw = False
157.1186 	EXP 	image_3: autoDraw = True
166.1390 	DATA 	Keypress: left
166.1422 	EXP 	Created sequence: sequential, trialTypes=1, nReps=0, seed=None
166.1428 	EXP 	New trial (rep=0, index=17): {u'xPos': None, u'probNum': 9, u'Img': u'Img/45.jpg', u'CorrKey': u'right', u'TestType': u'ConnectCube', u'yPos': None, u'CorrAns': u'right', u'Type': u'Test'}
166.1438 	EXP 	Created sequence: sequential, trialTypes=1, nReps=0, seed=None
166.1448 	EXP 	Created sequence: sequential, trialTypes=1, nReps=0, seed=None
166.1455 	EXP 	Created sequence: sequential, trialTypes=1, nReps=0, seed=None
166.1460 	EXP 	Created sequence: sequential, trialTypes=1, nReps=1, seed=None
166.1465 	EXP 	New trial (rep=0, index=0): None
166.2222 	EXP 	test_start_txt: autoDraw = False
166.2222 	EXP 	image_3: autoDraw = False
166.2222 	EXP 	Timer: autoDraw = False
166.2222 	EXP 	image_3: image = u'Img/45.jpg'
166.2222 	EXP 	test_start_txt: autoDraw = True
168.1569 	EXP 	test_start_txt: autoDraw = False
168.1736 	EXP 	image_3: autoDraw = True
173.8348 	DATA 	Keypress: right
173.8366 	EXP 	Created sequence: sequential, trialTypes=1, nReps=0, seed=None
173.8371 	EXP 	New trial (rep=0, index=18): {u'xPos': None, u'probNum': 10, u'Img': u'Img/46.jpg', u'CorrKey': u'right', u'TestType': u'ConnectCube', u'yPos': None, u'CorrAns': u'right', u'Type': u'Test'}
173.8380 	EXP 	Created sequence: sequential, trialTypes=1, nReps=0, seed=None
173.8385 	EXP 	Created sequence: sequential, trialTypes=1, nReps=0, seed=None
173.8389 	EXP 	Created sequence: sequential, trialTypes=1, nReps=0, seed=None
173.8393 	EXP 	Created sequence: sequential, trialTypes=1, nReps=1, seed=None
173.8398 	EXP 	New trial (rep=0, index=0): None
173.9179 	EXP 	test_start_txt: autoDraw = False
173.9179 	EXP 	image_3: autoDraw = False
173.9179 	EXP 	Timer: autoDraw = False
173.9179 	EXP 	image_3: image = u'Img/46.jpg'
173.9179 	EXP 	test_start_txt: autoDraw = True
175.8544 	EXP 	test_start_txt: autoDraw = False
175.8712 	EXP 	image_3: autoDraw = True
185.8877 	EXP 	Timer: autoDraw = True
186.4167 	DATA 	Keypress: right
186.4355 	EXP 	Created sequence: sequential, trialTypes=1, nReps=0, seed=None
186.4361 	EXP 	New trial (rep=0, index=19): {u'xPos': None, u'probNum': 11, u'Img': u'Img/47.jpg', u'CorrKey': u'left', u'TestType': u'ConnectCube', u'yPos': None, u'CorrAns': u'left', u'Type': u'Test'}
186.4379 	EXP 	Created sequence: sequential, trialTypes=1, nReps=0, seed=None
186.4395 	EXP 	Created sequence: sequential, trialTypes=1, nReps=0, seed=None
186.4404 	EXP 	Created sequence: sequential, trialTypes=1, nReps=0, seed=None
186.4411 	EXP 	Created sequence: sequential, trialTypes=1, nReps=1, seed=None
186.4417 	EXP 	New trial (rep=0, index=0): None
186.5336 	EXP 	test_start_txt: autoDraw = False
186.5336 	EXP 	image_3: autoDraw = False
186.5336 	EXP 	Timer: autoDraw = False
186.5336 	EXP 	image_3: image = u'Img/47.jpg'
186.5336 	EXP 	test_start_txt: autoDraw = True
188.4605 	EXP 	test_start_txt: autoDraw = False
188.4605 	EXP 	image_3: autoDraw = True
192.9613 	DATA 	Keypress: left
192.9643 	EXP 	Created sequence: sequential, trialTypes=1, nReps=0, seed=None
192.9653 	EXP 	New trial (rep=0, index=20): {u'xPos': None, u'probNum': 12, u'Img': u'Img/48.jpg', u'CorrKey': u'left', u'TestType': u'ConnectCube', u'yPos': None, u'CorrAns': u'left', u'Type': u'Test'}
192.9669 	EXP 	Created sequence: sequential, trialTypes=1, nReps=0, seed=None
192.9677 	EXP 	Created sequence: sequential, trialTypes=1, nReps=0, seed=None
192.9684 	EXP 	Created sequence: sequential, trialTypes=1, nReps=0, seed=None
192.9691 	EXP 	Created sequence: sequential, trialTypes=1, nReps=1, seed=None
192.9701 	EXP 	New trial (rep=0, index=0): None
193.0646 	EXP 	test_start_txt: autoDraw = False
193.0646 	EXP 	image_3: autoDraw = False
193.0646 	EXP 	Timer: autoDraw = False
193.0646 	EXP 	image_3: image = u'Img/48.jpg'
193.0646 	EXP 	test_start_txt: autoDraw = True
194.9848 	EXP 	test_start_txt: autoDraw = False
195.0060 	EXP 	image_3: autoDraw = True
203.1576 	DATA 	Keypress: left
203.1594 	EXP 	Created sequence: sequential, trialTypes=1, nReps=0, seed=None
203.1599 	EXP 	New trial (rep=0, index=21): {u'xPos': None, u'probNum': 13, u'Img': u'Img/49.jpg', u'CorrKey': u'right', u'TestType': u'ConnectCube', u'yPos': None, u'CorrAns': u'right', u'Type': u'Test'}
203.1609 	EXP 	Created sequence: sequential, trialTypes=1, nReps=0, seed=None
203.1613 	EXP 	Created sequence: sequential, trialTypes=1, nReps=0, seed=None
203.1618 	EXP 	Created sequence: sequential, trialTypes=1, nReps=0, seed=None
203.1622 	EXP 	Created sequence: sequential, trialTypes=1, nReps=1, seed=None
203.1626 	EXP 	New trial (rep=0, index=0): None
203.2582 	EXP 	test_start_txt: autoDraw = False
203.2582 	EXP 	image_3: autoDraw = False
203.2582 	EXP 	Timer: autoDraw = False
203.2582 	EXP 	image_3: image = u'Img/49.jpg'
203.2582 	EXP 	test_start_txt: autoDraw = True
205.1737 	EXP 	test_start_txt: autoDraw = False
205.1896 	EXP 	image_3: autoDraw = True
209.9773 	DATA 	Keypress: right
209.9791 	EXP 	Created sequence: sequential, trialTypes=1, nReps=0, seed=None
209.9797 	EXP 	New trial (rep=0, index=22): {u'xPos': None, u'probNum': 14, u'Img': u'Img/50.jpg', u'CorrKey': u'left', u'TestType': u'ConnectCube', u'yPos': None, u'CorrAns': u'left', u'Type': u'Test'}
209.9810 	EXP 	Created sequence: sequential, trialTypes=1, nReps=0, seed=None
209.9815 	EXP 	Created sequence: sequential, trialTypes=1, nReps=0, seed=None
209.9819 	EXP 	Created sequence: sequential, trialTypes=1, nReps=0, seed=None
209.9823 	EXP 	Created sequence: sequential, trialTypes=1, nReps=1, seed=None
209.9828 	EXP 	New trial (rep=0, index=0): None
210.0645 	EXP 	test_start_txt: autoDraw = False
210.0645 	EXP 	image_3: autoDraw = False
210.0645 	EXP 	Timer: autoDraw = False
210.0645 	EXP 	image_3: image = u'Img/50.jpg'
210.0645 	EXP 	test_start_txt: autoDraw = True
212.0007 	EXP 	test_start_txt: autoDraw = False
212.0007 	EXP 	image_3: autoDraw = True
222.0010 	EXP 	Timer: autoDraw = True
223.0485 	DATA 	Keypress: left
223.0549 	EXP 	Created sequence: sequential, trialTypes=1, nReps=0, seed=None
223.0555 	EXP 	New trial (rep=0, index=23): {u'xPos': None, u'probNum': 15, u'Img': u'Img/51.jpg', u'CorrKey': u'left', u'TestType': u'ConnectCube', u'yPos': None, u'CorrAns': u'left', u'Type': u'Test'}
223.0564 	EXP 	Created sequence: sequential, trialTypes=1, nReps=0, seed=None
223.0568 	EXP 	Created sequence: sequential, trialTypes=1, nReps=0, seed=None
223.0573 	EXP 	Created sequence: sequential, trialTypes=1, nReps=0, seed=None
223.0583 	EXP 	Created sequence: sequential, trialTypes=1, nReps=1, seed=None
223.0589 	EXP 	New trial (rep=0, index=0): None
223.1490 	EXP 	test_start_txt: autoDraw = False
223.1490 	EXP 	image_3: autoDraw = False
223.1490 	EXP 	Timer: autoDraw = False
223.1490 	EXP 	image_3: image = u'Img/51.jpg'
223.1490 	EXP 	test_start_txt: autoDraw = True
225.0700 	EXP 	test_start_txt: autoDraw = False
225.0866 	EXP 	image_3: autoDraw = True
230.4683 	DATA 	Keypress: left
230.4701 	EXP 	Created sequence: sequential, trialTypes=1, nReps=0, seed=None
230.4707 	EXP 	New trial (rep=0, index=24): {u'xPos': None, u'probNum': 16, u'Img': u'Img/52.jpg', u'CorrKey': u'right', u'TestType': u'ConnectCube', u'yPos': None, u'CorrAns': u'right', u'Type': u'Test'}
230.4719 	EXP 	Created sequence: sequential, trialTypes=1, nReps=0, seed=None
230.4726 	EXP 	Created sequence: sequential, trialTypes=1, nReps=0, seed=None
230.4735 	EXP 	Created sequence: sequential, trialTypes=1, nReps=0, seed=None
230.4744 	EXP 	Created sequence: sequential, trialTypes=1, nReps=1, seed=None
230.4750 	EXP 	New trial (rep=0, index=0): None
230.5516 	EXP 	test_start_txt: autoDraw = False
230.5516 	EXP 	image_3: autoDraw = False
230.5516 	EXP 	Timer: autoDraw = False
230.5516 	EXP 	image_3: image = u'Img/52.jpg'
230.5516 	EXP 	test_start_txt: autoDraw = True
232.5134 	EXP 	test_start_txt: autoDraw = False
232.5134 	EXP 	image_3: autoDraw = True
238.7558 	DATA 	Keypress: right
238.7578 	EXP 	Created sequence: sequential, trialTypes=1, nReps=0, seed=None
238.7588 	EXP 	New trial (rep=0, index=25): {u'xPos': None, u'probNum': 17, u'Img': u'Img/53.jpg', u'CorrKey': u'left', u'TestType': u'ConnectCube', u'yPos': None, u'CorrAns': u'left', u'Type': u'Test'}
238.7599 	EXP 	Created sequence: sequential, trialTypes=1, nReps=0, seed=None
238.7606 	EXP 	Created sequence: sequential, trialTypes=1, nReps=0, seed=None
238.7613 	EXP 	Created sequence: sequential, trialTypes=1, nReps=0, seed=None
238.7620 	EXP 	Created sequence: sequential, trialTypes=1, nReps=1, seed=None
238.7627 	EXP 	New trial (rep=0, index=0): None
238.8542 	EXP 	test_start_txt: autoDraw = False
238.8542 	EXP 	image_3: autoDraw = False
238.8542 	EXP 	Timer: autoDraw = False
238.8542 	EXP 	image_3: image = u'Img/53.jpg'
238.8542 	EXP 	test_start_txt: autoDraw = True
240.7709 	EXP 	test_start_txt: autoDraw = False
240.7870 	EXP 	image_3: autoDraw = True
250.7803 	EXP 	Timer: autoDraw = True
251.5389 	DATA 	Keypress: right
251.5453 	EXP 	Created sequence: sequential, trialTypes=1, nReps=0, seed=None
251.5458 	EXP 	New trial (rep=0, index=26): {u'xPos': None, u'probNum': 18, u'Img': u'Img/54.jpg', u'CorrKey': u'right', u'TestType': u'ConnectCube', u'yPos': None, u'CorrAns': u'right', u'Type': u'Test'}
251.5467 	EXP 	Created sequence: sequential, trialTypes=1, nReps=0, seed=None
251.5471 	EXP 	Created sequence: sequential, trialTypes=1, nReps=0, seed=None
251.5476 	EXP 	Created sequence: sequential, trialTypes=1, nReps=0, seed=None
251.5480 	EXP 	Created sequence: sequential, trialTypes=1, nReps=1, seed=None
251.5485 	EXP 	New trial (rep=0, index=0): None
251.6376 	EXP 	test_start_txt: autoDraw = False
251.6376 	EXP 	image_3: autoDraw = False
251.6376 	EXP 	Timer: autoDraw = False
251.6376 	EXP 	image_3: image = u'Img/54.jpg'
251.6376 	EXP 	test_start_txt: autoDraw = True
253.5566 	EXP 	test_start_txt: autoDraw = False
253.5860 	EXP 	image_3: autoDraw = True
263.5840 	EXP 	Timer: autoDraw = True
266.1663 	DATA 	Keypress: right
266.1729 	EXP 	Created sequence: sequential, trialTypes=1, nReps=0, seed=None
266.1735 	EXP 	New trial (rep=0, index=27): {u'xPos': None, u'probNum': 19, u'Img': u'Img/55.jpg', u'CorrKey': u'left', u'TestType': u'ConnectCube', u'yPos': None, u'CorrAns': u'left', u'Type': u'Test'}
266.1744 	EXP 	Created sequence: sequential, trialTypes=1, nReps=0, seed=None
266.1749 	EXP 	Created sequence: sequential, trialTypes=1, nReps=0, seed=None
266.1753 	EXP 	Created sequence: sequential, trialTypes=1, nReps=0, seed=None
266.1759 	EXP 	Created sequence: sequential, trialTypes=1, nReps=1, seed=None
266.1766 	EXP 	New trial (rep=0, index=0): None
266.2734 	EXP 	test_start_txt: autoDraw = False
266.2734 	EXP 	image_3: autoDraw = False
266.2734 	EXP 	Timer: autoDraw = False
266.2734 	EXP 	image_3: image = u'Img/55.jpg'
266.2734 	EXP 	test_start_txt: autoDraw = True
268.1930 	EXP 	test_start_txt: autoDraw = False
268.2096 	EXP 	image_3: autoDraw = True
278.1994 	EXP 	Timer: autoDraw = True
280.1703 	DATA 	Keypress: left
280.2027 	EXP 	Created sequence: sequential, trialTypes=1, nReps=0, seed=None
280.2034 	EXP 	New trial (rep=0, index=28): {u'xPos': None, u'probNum': 20, u'Img': u'Img/56.jpg', u'CorrKey': u'right', u'TestType': u'ConnectCube', u'yPos': None, u'CorrAns': u'right', u'Type': u'Test'}
280.2043 	EXP 	Created sequence: sequential, trialTypes=1, nReps=0, seed=None
280.2047 	EXP 	Created sequence: sequential, trialTypes=1, nReps=0, seed=None
280.2051 	EXP 	Created sequence: sequential, trialTypes=1, nReps=0, seed=None
280.2056 	EXP 	Created sequence: sequential, trialTypes=1, nReps=1, seed=None
280.2062 	EXP 	New trial (rep=0, index=0): None
280.2970 	EXP 	test_start_txt: autoDraw = False
280.2970 	EXP 	image_3: autoDraw = False
280.2970 	EXP 	Timer: autoDraw = False
280.2970 	EXP 	image_3: image = u'Img/56.jpg'
280.2970 	EXP 	test_start_txt: autoDraw = True
282.2242 	EXP 	test_start_txt: autoDraw = False
282.2410 	EXP 	image_3: autoDraw = True
287.1174 	DATA 	Keypress: right
287.1349 	EXP 	Created sequence: sequential, trialTypes=1, nReps=0, seed=None
287.1358 	EXP 	New trial (rep=0, index=29): {u'xPos': None, u'probNum': 21, u'Img': u'Img/57.jpg', u'CorrKey': u'right', u'TestType': u'ConnectCube', u'yPos': None, u'CorrAns': u'right', u'Type': u'Test'}
287.1376 	EXP 	Created sequence: sequential, trialTypes=1, nReps=0, seed=None
287.1382 	EXP 	Created sequence: sequential, trialTypes=1, nReps=0, seed=None
287.1387 	EXP 	Created sequence: sequential, trialTypes=1, nReps=0, seed=None
287.1391 	EXP 	Created sequence: sequential, trialTypes=1, nReps=1, seed=None
287.1396 	EXP 	New trial (rep=0, index=0): None
287.2176 	EXP 	test_start_txt: autoDraw = False
287.2176 	EXP 	image_3: autoDraw = False
287.2176 	EXP 	Timer: autoDraw = False
287.2176 	EXP 	image_3: image = u'Img/57.jpg'
287.2176 	EXP 	test_start_txt: autoDraw = True
289.1563 	EXP 	test_start_txt: autoDraw = False
289.1827 	EXP 	image_3: autoDraw = True
298.5334 	DATA 	Keypress: left
298.5357 	EXP 	Created sequence: sequential, trialTypes=1, nReps=0, seed=None
298.5363 	EXP 	New trial (rep=0, index=30): {u'xPos': None, u'probNum': 22, u'Img': u'Img/58.jpg', u'CorrKey': u'right', u'TestType': u'ConnectCube', u'yPos': None, u'CorrAns': u'right', u'Type': u'Test'}
298.5373 	EXP 	Created sequence: sequential, trialTypes=1, nReps=0, seed=None
298.5378 	EXP 	Created sequence: sequential, trialTypes=1, nReps=0, seed=None
298.5382 	EXP 	Created sequence: sequential, trialTypes=1, nReps=0, seed=None
298.5386 	EXP 	Created sequence: sequential, trialTypes=1, nReps=1, seed=None
298.5391 	EXP 	New trial (rep=0, index=0): None
298.6161 	EXP 	test_start_txt: autoDraw = False
298.6161 	EXP 	image_3: autoDraw = False
298.6161 	EXP 	Timer: autoDraw = False
298.6161 	EXP 	image_3: image = u'Img/58.jpg'
298.6161 	EXP 	test_start_txt: autoDraw = True
300.5590 	EXP 	test_start_txt: autoDraw = False
300.5590 	EXP 	image_3: autoDraw = True
309.0530 	DATA 	Keypress: right
309.0549 	EXP 	Created sequence: sequential, trialTypes=1, nReps=0, seed=None
309.0554 	EXP 	New trial (rep=0, index=31): {u'xPos': None, u'probNum': 23, u'Img': u'Img/59.jpg', u'CorrKey': u'right', u'TestType': u'ConnectCube', u'yPos': None, u'CorrAns': u'right', u'Type': u'Test'}
309.0564 	EXP 	Created sequence: sequential, trialTypes=1, nReps=0, seed=None
309.0568 	EXP 	Created sequence: sequential, trialTypes=1, nReps=0, seed=None
309.0572 	EXP 	Created sequence: sequential, trialTypes=1, nReps=0, seed=None
309.0576 	EXP 	Created sequence: sequential, trialTypes=1, nReps=1, seed=None
309.0581 	EXP 	New trial (rep=0, index=0): None
309.1368 	EXP 	test_start_txt: autoDraw = False
309.1368 	EXP 	image_3: autoDraw = False
309.1368 	EXP 	Timer: autoDraw = False
309.1368 	EXP 	image_3: image = u'Img/59.jpg'
309.1368 	EXP 	test_start_txt: autoDraw = True
311.0654 	EXP 	test_start_txt: autoDraw = False
311.0801 	EXP 	image_3: autoDraw = True
318.0025 	DATA 	Keypress: right
318.0045 	EXP 	Created sequence: sequential, trialTypes=1, nReps=0, seed=None
318.0050 	EXP 	New trial (rep=0, index=32): {u'xPos': None, u'probNum': 24, u'Img': u'Img/60.jpg', u'CorrKey': u'left', u'TestType': u'ConnectCube', u'yPos': None, u'CorrAns': u'left', u'Type': u'Test'}
318.0060 	EXP 	Created sequence: sequential, trialTypes=1, nReps=0, seed=None
318.0064 	EXP 	Created sequence: sequential, trialTypes=1, nReps=0, seed=None
318.0068 	EXP 	Created sequence: sequential, trialTypes=1, nReps=0, seed=None
318.0073 	EXP 	Created sequence: sequential, trialTypes=1, nReps=1, seed=None
318.0078 	EXP 	New trial (rep=0, index=0): None
318.0860 	EXP 	test_start_txt: autoDraw = False
318.0860 	EXP 	image_3: autoDraw = False
318.0860 	EXP 	Timer: autoDraw = False
318.0860 	EXP 	image_3: image = u'Img/60.jpg'
318.0860 	EXP 	test_start_txt: autoDraw = True
320.0195 	EXP 	test_start_txt: autoDraw = False
320.0362 	EXP 	image_3: autoDraw = True
330.0732 	EXP 	Timer: autoDraw = True
331.5248 	DATA 	Keypress: right
331.5338 	EXP 	Created sequence: sequential, trialTypes=1, nReps=0, seed=None
331.5343 	EXP 	New trial (rep=0, index=33): {u'xPos': None, u'probNum': None, u'Img': u'Img/61.jpg', u'CorrKey': u'space', u'TestType': None, u'yPos': None, u'CorrAns': u'space', u'Type': u'Inst'}
331.5353 	EXP 	Created sequence: sequential, trialTypes=1, nReps=0, seed=None
331.5357 	EXP 	Created sequence: sequential, trialTypes=1, nReps=0, seed=None
331.5361 	EXP 	Created sequence: sequential, trialTypes=1, nReps=1, seed=None
331.5366 	EXP 	New trial (rep=0, index=0): None
331.6430 	EXP 	test_start_txt: autoDraw = False
331.6430 	EXP 	image_3: autoDraw = False
331.6430 	EXP 	Timer: autoDraw = False
331.6430 	EXP 	image_2: image = u'Img/61.jpg'
331.6430 	EXP 	image_2: autoDraw = True
335.7587 	DATA 	Keypress: space
335.7595 	EXP 	Created sequence: sequential, trialTypes=1, nReps=0, seed=None
335.7600 	EXP 	Created sequence: sequential, trialTypes=1, nReps=0, seed=None
335.7606 	EXP 	New trial (rep=0, index=34): {u'xPos': None, u'probNum': None, u'Img': u'Img/62.jpg', u'CorrKey': u'space', u'TestType': None, u'yPos': None, u'CorrAns': u'space', u'Type': u'Inst'}
335.7615 	EXP 	Created sequence: sequential, trialTypes=1, nReps=0, seed=None
335.7620 	EXP 	Created sequence: sequential, trialTypes=1, nReps=0, seed=None
335.7624 	EXP 	Created sequence: sequential, trialTypes=1, nReps=1, seed=None
335.7629 	EXP 	New trial (rep=0, index=0): None
335.8585 	EXP 	image_2: autoDraw = False
335.8585 	EXP 	image_2: image = u'Img/62.jpg'
335.8585 	EXP 	image_2: autoDraw = True
336.5337 	DATA 	Keypress: space
336.5348 	EXP 	Created sequence: sequential, trialTypes=1, nReps=0, seed=None
336.5357 	EXP 	Created sequence: sequential, trialTypes=1, nReps=0, seed=None
336.5368 	EXP 	New trial (rep=0, index=35): {u'xPos': -1200, u'probNum': None, u'Img': None, u'CorrKey': None, u'TestType': u'CloseSession', u'yPos': 60, u'CorrAns': None, u'Type': u'Mouse'}
336.5382 	EXP 	Created sequence: sequential, trialTypes=1, nReps=0, seed=None
336.5386 	EXP 	Created sequence: sequential, trialTypes=1, nReps=0, seed=None
336.5390 	EXP 	Created sequence: sequential, trialTypes=1, nReps=0, seed=None
336.5394 	EXP 	Created sequence: sequential, trialTypes=1, nReps=0, seed=None
336.5398 	EXP 	Created sequence: sequential, trialTypes=1, nReps=1, seed=None
336.5403 	EXP 	New trial (rep=0, index=0): None
336.8283 	EXP 	window1: mouseVisible = True
