13.9430 	EXP 	Created window1 = Window(allowGUI=False, allowStencil=False, autoLog=True, bitsMode=UNKNOWN, blendMode='avg', color=array([ 0.,  0.,  0.]), colorSpace='rgb', fullscr=UNKNOWN, gamma=None, lms=UNKNOWN, monitor=<psychopy.monitors.calibTools.Monitor instance at 0x0A72B710>, name='window1', pos=[0, 0], screen=0, size=array([1600,  900]), stereo=False, units=u'norm', useFBO=True, viewOri=0.0, viewPos=None, viewScale=None, waitBlanking=True, winType='pyglet')
13.9431 	EXP 	window1: recordFrameIntervals = False
14.1098 	EXP 	window1: recordFrameIntervals = True
14.2941 	EXP 	window1: recordFrameIntervals = False
14.3003 	EXP 	Created image_4 = ImageStim(autoLog=True, color=array([ 1.,  1.,  1.]), colorSpace='rgb', contrast=1.0, depth=0.0, flipHoriz=False, flipVert=False, image='sin', interpolate=True, mask=None, maskParams=None, name='image_4', opacity=1.0, ori=0.0, pos=array([ 0.,  0.]), size=array([ 1.5,  1.5]), texRes=128, units=u'norm', win=Window(...))
14.4014 	EXP 	Created text_2 = TextStim(alignHoriz='center', alignVert='center', antialias=True, autoLog=True, bold=False, color='white', colorSpace='named', contrast=1.0, depth=-2.0, flipHoriz=False, flipVert=False, font='Arial', fontFiles=[], height=0.1, italic=False, name='text_2', opacity=1.0, ori=0, pos=array([ 0.  ,  0.85]), rgb=array([ 255.,  255.,  255.]), text=u'default text', units=u'norm', win=Window(...), wrapWidth=1)
14.4267 	EXP 	Created dummy_start = TextStim(alignHoriz='center', alignVert='center', antialias=True, autoLog=True, bold=False, color='white', colorSpace='named', contrast=1.0, depth=0.0, flipHoriz=False, flipVert=False, font='Arial', fontFiles=[], height=0.5, italic=False, name='dummy_start', opacity=1.0, ori=0, pos=array([ 0.,  0.]), rgb=array([ 255.,  255.,  255.]), text=u'+', units=u'norm', win=Window(...), wrapWidth=1)
14.4293 	EXP 	Created image = ImageStim(autoLog=True, color=array([ 1.,  1.,  1.]), colorSpace='rgb', contrast=1.0, depth=-1.0, flipHoriz=False, flipVert=False, image='sin', interpolate=True, mask=None, maskParams=None, name='image', opacity=1.0, ori=0.0, pos=array([ 0.,  0.]), size=array([ 1.6,  1.6]), texRes=128, units=u'norm', win=Window(...))
14.4346 	EXP 	Created message = TextStim(alignHoriz='center', alignVert='center', antialias=True, autoLog=True, bold=False, color='white', colorSpace='named', contrast=1.0, depth=-1.0, flipHoriz=False, flipVert=False, font='Arial', fontFiles=[], height=0.1, italic=False, name='message', opacity=1.0, ori=0, pos=array([ 0.,  0.]), rgb=array([ 255.,  255.,  255.]), text=u'default text', units=u'norm', win=Window(...), wrapWidth=1)
14.4372 	EXP 	Created image_2 = ImageStim(autoLog=True, color=array([ 1.,  1.,  1.]), colorSpace='rgb', contrast=1.0, depth=0.0, flipHoriz=False, flipVert=False, image='sin', interpolate=True, mask=None, maskParams=None, name='image_2', opacity=1.0, ori=0.0, pos=array([ 0.,  0.]), size=array([ 1.5,  1.5]), texRes=128, units=u'norm', win=Window(...))
14.4411 	EXP 	Created test_start_txt = TextStim(alignHoriz='center', alignVert='center', antialias=True, autoLog=True, bold=False, color='white', colorSpace='named', contrast=1.0, depth=0.0, flipHoriz=False, flipVert=False, font='Arial', fontFiles=[], height=0.5, italic=False, name='test_start_txt', opacity=1.0, ori=0, pos=array([ 0.,  0.]), rgb=array([ 255.,  255.,  255.]), text=u'+', units=u'norm', win=Window(...), wrapWidth=1)
14.4449 	EXP 	Created image_3 = ImageStim(autoLog=True, color=array([ 1.,  1.,  1.]), colorSpace='rgb', contrast=1.0, depth=-1.0, flipHoriz=False, flipVert=False, image='sin', interpolate=True, mask=None, maskParams=None, name='image_3', opacity=1.0, ori=0.0, pos=array([ 0.,  0.]), size=array([ 1.5,  1.5]), texRes=128, units=u'norm', win=Window(...))
14.4516 	EXP 	Created Timer = TextStim(alignHoriz='center', alignVert='center', antialias=True, autoLog=True, bold=False, color='white', colorSpace='named', contrast=1.0, depth=-3.0, flipHoriz=False, flipVert=False, font='Arial', fontFiles=[], height=0.1, italic=False, name='Timer', opacity=1.0, ori=0, pos=array([ 0.  ,  0.85]), rgb=array([ 255.,  255.,  255.]), text=u'default text', units=u'norm', win=Window(...), wrapWidth=1)
14.4531 	EXP 	Created text = TextStim(alignHoriz='center', alignVert='center', antialias=True, autoLog=True, bold=False, color='white', colorSpace='named', contrast=1.0, depth=-1.0, flipHoriz=False, flipVert=False, font='Arial', fontFiles=[], height=0.1, italic=False, name='text', opacity=1.0, ori=0, pos=array([ 0.,  0.]), rgb=array([ 255.,  255.,  255.]), text='', units=u'norm', win=Window(...), wrapWidth=1)
14.7545 	EXP 	Imported Settings_MRT.xlsx as conditions, 38 conditions, 9 params
14.7552 	EXP 	Created sequence: sequential, trialTypes=38, nReps=1, seed=None
14.7563 	EXP 	New trial (rep=0, index=0): {u'xPos': None, u'probNum': None, u'Img': u'Img/1.jpg', u'CorrKey': u'space', u'TestType': None, u'yPos': None, u'Etc': None, u'CorrAns': u'space', u'Type': u'Inst'}
14.7572 	EXP 	Created sequence: sequential, trialTypes=1, nReps=0, seed=None
14.7576 	EXP 	Created sequence: sequential, trialTypes=1, nReps=0, seed=None
14.7579 	EXP 	Created sequence: sequential, trialTypes=1, nReps=1, seed=None
14.7583 	EXP 	New trial (rep=0, index=0): None
14.8436 	EXP 	image_2: image = u'Img/1.jpg'
14.8436 	EXP 	image_2: autoDraw = True
19.0056 	DATA 	Keypress: space
19.0064 	EXP 	Created sequence: sequential, trialTypes=1, nReps=0, seed=None
19.0067 	EXP 	Created sequence: sequential, trialTypes=1, nReps=0, seed=None
19.0071 	EXP 	New trial (rep=0, index=1): {u'xPos': None, u'probNum': None, u'Img': u'Img/2.jpg', u'CorrKey': u'space', u'TestType': None, u'yPos': None, u'Etc': None, u'CorrAns': u'space', u'Type': u'Inst'}
19.0076 	EXP 	Created sequence: sequential, trialTypes=1, nReps=0, seed=None
19.0078 	EXP 	Created sequence: sequential, trialTypes=1, nReps=0, seed=None
19.0080 	EXP 	Created sequence: sequential, trialTypes=1, nReps=1, seed=None
19.0082 	EXP 	New trial (rep=0, index=0): None
19.0703 	EXP 	image_2: autoDraw = False
19.0703 	EXP 	image_2: image = u'Img/2.jpg'
19.0703 	EXP 	image_2: autoDraw = True
22.2469 	DATA 	Keypress: space
22.2474 	EXP 	Created sequence: sequential, trialTypes=1, nReps=0, seed=None
22.2476 	EXP 	Created sequence: sequential, trialTypes=1, nReps=0, seed=None
22.2480 	EXP 	New trial (rep=0, index=2): {u'xPos': None, u'probNum': None, u'Img': u'Img/3.jpg', u'CorrKey': u'space', u'TestType': None, u'yPos': None, u'Etc': None, u'CorrAns': u'space', u'Type': u'Inst'}
22.2485 	EXP 	Created sequence: sequential, trialTypes=1, nReps=0, seed=None
22.2487 	EXP 	Created sequence: sequential, trialTypes=1, nReps=0, seed=None
22.2489 	EXP 	Created sequence: sequential, trialTypes=1, nReps=1, seed=None
22.2491 	EXP 	New trial (rep=0, index=0): None
22.3150 	EXP 	image_2: autoDraw = False
22.3150 	EXP 	image_2: image = u'Img/3.jpg'
22.3150 	EXP 	image_2: autoDraw = True
41.7152 	DATA 	Keypress: space
41.7158 	EXP 	Created sequence: sequential, trialTypes=1, nReps=0, seed=None
41.7160 	EXP 	Created sequence: sequential, trialTypes=1, nReps=0, seed=None
41.7163 	EXP 	New trial (rep=0, index=3): {u'xPos': -620, u'probNum': None, u'Img': None, u'CorrKey': None, u'TestType': u'OpenSession', u'yPos': 580, u'Etc': None, u'CorrAns': None, u'Type': u'Mouse'}
41.7168 	EXP 	Created sequence: sequential, trialTypes=1, nReps=0, seed=None
41.7171 	EXP 	Created sequence: sequential, trialTypes=1, nReps=0, seed=None
41.7173 	EXP 	Created sequence: sequential, trialTypes=1, nReps=0, seed=None
41.7175 	EXP 	Created sequence: sequential, trialTypes=1, nReps=0, seed=None
41.7177 	EXP 	Created sequence: sequential, trialTypes=1, nReps=1, seed=None
41.7179 	EXP 	New trial (rep=0, index=0): None
41.7464 	EXP 	image_2: autoDraw = False
41.7464 	EXP 	text: autoDraw = True
41.8124 	EXP 	New trial (rep=0, index=4): {u'xPos': None, u'probNum': None, u'Img': u'Img/4.jpg', u'CorrKey': None, u'TestType': u'Background', u'yPos': None, u'Etc': None, u'CorrAns': None, u'Type': u'TimeOut'}
41.8130 	EXP 	Created sequence: sequential, trialTypes=1, nReps=1, seed=None
41.8132 	EXP 	New trial (rep=0, index=0): None
41.8825 	EXP 	text: autoDraw = False
41.8825 	EXP 	text: autoDraw = False
41.8825 	EXP 	image_4: image = u'Img/4.jpg'
41.8825 	EXP 	image_4: autoDraw = True
91.8422 	EXP 	text_2: autoDraw = True
101.8123 	EXP 	Created sequence: sequential, trialTypes=1, nReps=0, seed=None
101.8126 	EXP 	Created sequence: sequential, trialTypes=1, nReps=0, seed=None
101.8128 	EXP 	Created sequence: sequential, trialTypes=1, nReps=0, seed=None
101.8130 	EXP 	Created sequence: sequential, trialTypes=1, nReps=0, seed=None
101.8133 	EXP 	New trial (rep=0, index=5): {u'xPos': 100, u'probNum': None, u'Img': None, u'CorrKey': None, u'TestType': u'Back_to_Test', u'yPos': 100, u'Etc': None, u'CorrAns': None, u'Type': u'Mouse'}
101.8138 	EXP 	Created sequence: sequential, trialTypes=1, nReps=0, seed=None
101.8141 	EXP 	Created sequence: sequential, trialTypes=1, nReps=0, seed=None
101.8144 	EXP 	Created sequence: sequential, trialTypes=1, nReps=0, seed=None
101.8146 	EXP 	Created sequence: sequential, trialTypes=1, nReps=0, seed=None
101.8148 	EXP 	Created sequence: sequential, trialTypes=1, nReps=1, seed=None
101.8150 	EXP 	New trial (rep=0, index=0): None
101.8190 	DATA 	Mouse: Left button down, pos=(100,800)
101.8227 	DATA 	Mouse:  Left button up, pos=(100,800)
101.8434 	EXP 	image_4: autoDraw = False
101.8434 	EXP 	text_2: autoDraw = False
101.8434 	EXP 	image_4: autoDraw = False
101.8434 	EXP 	text_2: autoDraw = False
101.8434 	EXP 	text: autoDraw = True
101.9113 	EXP 	New trial (rep=0, index=6): {u'xPos': None, u'probNum': None, u'Img': u'Img/5.jpg', u'CorrKey': u'space', u'TestType': None, u'yPos': None, u'Etc': None, u'CorrAns': u'space', u'Type': u'Inst'}
101.9118 	EXP 	Created sequence: sequential, trialTypes=1, nReps=0, seed=None
101.9121 	EXP 	Created sequence: sequential, trialTypes=1, nReps=0, seed=None
101.9123 	EXP 	Created sequence: sequential, trialTypes=1, nReps=1, seed=None
101.9125 	EXP 	New trial (rep=0, index=0): None
101.9799 	EXP 	text: autoDraw = False
101.9799 	EXP 	text: autoDraw = False
101.9799 	EXP 	image_2: image = u'Img/5.jpg'
101.9799 	EXP 	image_2: autoDraw = True
124.5018 	DATA 	Keypress: space
124.5024 	EXP 	Created sequence: sequential, trialTypes=1, nReps=0, seed=None
124.5028 	EXP 	Created sequence: sequential, trialTypes=1, nReps=0, seed=None
124.5032 	EXP 	New trial (rep=0, index=7): {u'xPos': None, u'probNum': None, u'Img': u'Img/6.jpg', u'CorrKey': u'space', u'TestType': None, u'yPos': None, u'Etc': None, u'CorrAns': u'space', u'Type': u'Inst'}
124.5038 	EXP 	Created sequence: sequential, trialTypes=1, nReps=0, seed=None
124.5040 	EXP 	Created sequence: sequential, trialTypes=1, nReps=0, seed=None
124.5042 	EXP 	Created sequence: sequential, trialTypes=1, nReps=1, seed=None
124.5044 	EXP 	New trial (rep=0, index=0): None
124.5689 	EXP 	image_2: autoDraw = False
124.5689 	EXP 	image_2: image = u'Img/6.jpg'
124.5689 	EXP 	image_2: autoDraw = True
129.2842 	DATA 	Keypress: space
129.2846 	EXP 	Created sequence: sequential, trialTypes=1, nReps=0, seed=None
129.2849 	EXP 	Created sequence: sequential, trialTypes=1, nReps=0, seed=None
129.2852 	EXP 	New trial (rep=0, index=8): {u'xPos': None, u'probNum': None, u'Img': u'Img/7.jpg', u'CorrKey': None, u'TestType': u'Background', u'yPos': None, u'Etc': None, u'CorrAns': None, u'Type': u'TimeOut'}
129.2857 	EXP 	Created sequence: sequential, trialTypes=1, nReps=1, seed=None
129.2859 	EXP 	New trial (rep=0, index=0): None
129.3495 	EXP 	image_2: autoDraw = False
129.3495 	EXP 	image_4: image = u'Img/7.jpg'
129.3495 	EXP 	image_4: autoDraw = True
179.3187 	EXP 	text_2: autoDraw = True
189.2812 	EXP 	Created sequence: sequential, trialTypes=1, nReps=0, seed=None
189.2815 	EXP 	Created sequence: sequential, trialTypes=1, nReps=0, seed=None
189.2817 	EXP 	Created sequence: sequential, trialTypes=1, nReps=0, seed=None
189.2819 	EXP 	Created sequence: sequential, trialTypes=1, nReps=0, seed=None
189.2822 	EXP 	New trial (rep=0, index=9): {u'xPos': None, u'probNum': None, u'Img': u'Img/8.jpg', u'CorrKey': u'space', u'TestType': None, u'yPos': None, u'Etc': None, u'CorrAns': u'space', u'Type': u'Inst'}
189.2828 	EXP 	Created sequence: sequential, trialTypes=1, nReps=0, seed=None
189.2830 	EXP 	Created sequence: sequential, trialTypes=1, nReps=0, seed=None
189.2832 	EXP 	Created sequence: sequential, trialTypes=1, nReps=1, seed=None
189.2834 	EXP 	New trial (rep=0, index=0): None
189.3508 	EXP 	image_4: autoDraw = False
189.3508 	EXP 	text_2: autoDraw = False
189.3508 	EXP 	image_4: autoDraw = False
189.3508 	EXP 	text_2: autoDraw = False
189.3508 	EXP 	image_2: image = u'Img/8.jpg'
189.3508 	EXP 	image_2: autoDraw = True
199.8941 	DATA 	Keypress: space
199.8946 	EXP 	Created sequence: sequential, trialTypes=1, nReps=0, seed=None
199.8948 	EXP 	Created sequence: sequential, trialTypes=1, nReps=0, seed=None
199.8951 	EXP 	New trial (rep=0, index=10): {u'xPos': None, u'probNum': None, u'Img': u'Img/9.jpg', u'CorrKey': u'space', u'TestType': None, u'yPos': None, u'Etc': None, u'CorrAns': u'space', u'Type': u'Inst'}
199.8957 	EXP 	Created sequence: sequential, trialTypes=1, nReps=0, seed=None
199.8959 	EXP 	Created sequence: sequential, trialTypes=1, nReps=0, seed=None
199.8961 	EXP 	Created sequence: sequential, trialTypes=1, nReps=1, seed=None
199.8963 	EXP 	New trial (rep=0, index=0): None
199.9604 	EXP 	image_2: autoDraw = False
199.9604 	EXP 	image_2: image = u'Img/9.jpg'
199.9604 	EXP 	image_2: autoDraw = True
201.8845 	DATA 	Keypress: space
201.8850 	EXP 	Created sequence: sequential, trialTypes=1, nReps=0, seed=None
201.8852 	EXP 	Created sequence: sequential, trialTypes=1, nReps=0, seed=None
201.8855 	EXP 	New trial (rep=0, index=11): {u'xPos': None, u'probNum': None, u'Img': u'Img/10.jpg', u'CorrKey': u'space', u'TestType': None, u'yPos': None, u'Etc': None, u'CorrAns': u'space', u'Type': u'Inst'}
201.8861 	EXP 	Created sequence: sequential, trialTypes=1, nReps=0, seed=None
201.8863 	EXP 	Created sequence: sequential, trialTypes=1, nReps=0, seed=None
201.8865 	EXP 	Created sequence: sequential, trialTypes=1, nReps=1, seed=None
201.8867 	EXP 	New trial (rep=0, index=0): None
201.9521 	EXP 	image_2: autoDraw = False
201.9521 	EXP 	image_2: image = u'Img/10.jpg'
201.9521 	EXP 	image_2: autoDraw = True
217.1444 	DATA 	Keypress: space
217.1449 	EXP 	Created sequence: sequential, trialTypes=1, nReps=0, seed=None
217.1453 	EXP 	Created sequence: sequential, trialTypes=1, nReps=0, seed=None
217.1457 	EXP 	New trial (rep=0, index=12): {u'xPos': None, u'probNum': None, u'Img': u'Img/11.jpg', u'CorrKey': u'space', u'TestType': None, u'yPos': None, u'Etc': None, u'CorrAns': u'space', u'Type': u'Inst'}
217.1464 	EXP 	Created sequence: sequential, trialTypes=1, nReps=0, seed=None
217.1467 	EXP 	Created sequence: sequential, trialTypes=1, nReps=0, seed=None
217.1470 	EXP 	Created sequence: sequential, trialTypes=1, nReps=1, seed=None
217.1474 	EXP 	New trial (rep=0, index=0): None
217.2274 	EXP 	image_2: autoDraw = False
217.2274 	EXP 	image_2: image = u'Img/11.jpg'
217.2274 	EXP 	image_2: autoDraw = True
219.7709 	DATA 	Keypress: space
219.7714 	EXP 	Created sequence: sequential, trialTypes=1, nReps=0, seed=None
219.7718 	EXP 	Created sequence: sequential, trialTypes=1, nReps=0, seed=None
219.7722 	EXP 	New trial (rep=0, index=13): {u'xPos': None, u'probNum': None, u'Img': u'Img/12.jpg', u'CorrKey': u'left', u'TestType': None, u'yPos': None, u'Etc': None, u'CorrAns': u'same', u'Type': u'Dumm'}
219.7728 	EXP 	Created sequence: sequential, trialTypes=1, nReps=0, seed=None
219.7730 	EXP 	Created sequence: sequential, trialTypes=1, nReps=1, seed=None
219.7732 	EXP 	New trial (rep=0, index=0): None
219.8376 	EXP 	image_2: autoDraw = False
219.8376 	EXP 	image: image = u'Img/12.jpg'
219.8376 	EXP 	dummy_start: autoDraw = True
221.7874 	EXP 	dummy_start: autoDraw = False
221.8040 	EXP 	image: autoDraw = True
225.6158 	DATA 	Keypress: left
225.6509 	EXP 	dummy_start: autoDraw = False
225.6509 	EXP 	image: autoDraw = False
225.6509 	EXP 	message: text = 'Good! \n \n \n Response time = 3.812'
225.6509 	EXP 	message: autoDraw = True
228.6046 	EXP 	Created sequence: sequential, trialTypes=1, nReps=0, seed=None
228.6049 	EXP 	Created sequence: sequential, trialTypes=1, nReps=0, seed=None
228.6051 	EXP 	Created sequence: sequential, trialTypes=1, nReps=0, seed=None
228.6055 	EXP 	New trial (rep=0, index=14): {u'xPos': None, u'probNum': None, u'Img': u'Img/13.jpg', u'CorrKey': u'right', u'TestType': None, u'yPos': None, u'Etc': None, u'CorrAns': u'different', u'Type': u'Dumm'}
228.6063 	EXP 	Created sequence: sequential, trialTypes=1, nReps=0, seed=None
228.6065 	EXP 	Created sequence: sequential, trialTypes=1, nReps=1, seed=None
228.6068 	EXP 	New trial (rep=0, index=0): None
228.6517 	EXP 	message: autoDraw = False
228.6517 	EXP 	message: autoDraw = False
228.6517 	EXP 	image: image = u'Img/13.jpg'
228.6517 	EXP 	dummy_start: autoDraw = True
230.6261 	EXP 	dummy_start: autoDraw = False
230.6261 	EXP 	image: autoDraw = True
233.9031 	DATA 	Keypress: right
233.9373 	EXP 	dummy_start: autoDraw = False
233.9373 	EXP 	image: autoDraw = False
233.9373 	EXP 	message: text = 'Good! \n \n \n Response time = 3.277'
233.9373 	EXP 	message: autoDraw = True
236.8917 	EXP 	Created sequence: sequential, trialTypes=1, nReps=0, seed=None
236.8919 	EXP 	Created sequence: sequential, trialTypes=1, nReps=0, seed=None
236.8921 	EXP 	Created sequence: sequential, trialTypes=1, nReps=0, seed=None
236.8924 	EXP 	New trial (rep=0, index=15): {u'xPos': None, u'probNum': None, u'Img': u'Img/14.jpg', u'CorrKey': None, u'TestType': None, u'yPos': None, u'Etc': None, u'CorrAns': None, u'Type': u'Inst'}
236.8930 	EXP 	Created sequence: sequential, trialTypes=1, nReps=0, seed=None
236.8932 	EXP 	Created sequence: sequential, trialTypes=1, nReps=0, seed=None
236.8934 	EXP 	Created sequence: sequential, trialTypes=1, nReps=1, seed=None
236.8937 	EXP 	New trial (rep=0, index=0): None
236.9580 	EXP 	message: autoDraw = False
236.9580 	EXP 	message: autoDraw = False
236.9580 	EXP 	image_2: image = u'Img/14.jpg'
236.9580 	EXP 	image_2: autoDraw = True
270.1442 	DATA 	Keypress: space
270.1600 	EXP 	Created sequence: sequential, trialTypes=1, nReps=0, seed=None
270.1602 	EXP 	Created sequence: sequential, trialTypes=1, nReps=0, seed=None
270.1606 	EXP 	New trial (rep=0, index=16): {u'xPos': None, u'probNum': 1, u'Img': u'Img/MRT1.jpg', u'CorrKey': u'left', u'TestType': u'MRT', u'yPos': None, u'Etc': None, u'CorrAns': u'same', u'Type': u'Test'}
270.1613 	EXP 	Created sequence: sequential, trialTypes=1, nReps=0, seed=None
270.1615 	EXP 	Created sequence: sequential, trialTypes=1, nReps=0, seed=None
270.1617 	EXP 	Created sequence: sequential, trialTypes=1, nReps=0, seed=None
270.1619 	EXP 	Created sequence: sequential, trialTypes=1, nReps=1, seed=None
270.1621 	EXP 	New trial (rep=0, index=0): None
270.2092 	EXP 	image_2: autoDraw = False
270.2092 	EXP 	image_3: image = u'Img/MRT1.jpg'
270.2092 	EXP 	test_start_txt: autoDraw = True
272.1768 	EXP 	test_start_txt: autoDraw = False
272.1938 	EXP 	image_3: autoDraw = True
274.7939 	DATA 	Keypress: left
274.7948 	EXP 	Created sequence: sequential, trialTypes=1, nReps=0, seed=None
274.7951 	EXP 	New trial (rep=0, index=17): {u'xPos': None, u'probNum': 2, u'Img': u'Img/MRT2.jpg', u'CorrKey': u'right', u'TestType': u'MRT', u'yPos': None, u'Etc': None, u'CorrAns': u'different', u'Type': u'Test'}
274.7968 	EXP 	Created sequence: sequential, trialTypes=1, nReps=0, seed=None
274.7971 	EXP 	Created sequence: sequential, trialTypes=1, nReps=0, seed=None
274.7973 	EXP 	Created sequence: sequential, trialTypes=1, nReps=0, seed=None
274.7975 	EXP 	Created sequence: sequential, trialTypes=1, nReps=1, seed=None
274.7977 	EXP 	New trial (rep=0, index=0): None
274.8436 	EXP 	test_start_txt: autoDraw = False
274.8436 	EXP 	image_3: autoDraw = False
274.8436 	EXP 	Timer: autoDraw = False
274.8436 	EXP 	image_3: image = u'Img/MRT2.jpg'
274.8436 	EXP 	test_start_txt: autoDraw = True
276.8152 	EXP 	test_start_txt: autoDraw = False
276.8152 	EXP 	image_3: autoDraw = True
279.0080 	DATA 	Keypress: right
279.0090 	EXP 	Created sequence: sequential, trialTypes=1, nReps=0, seed=None
279.0093 	EXP 	New trial (rep=0, index=18): {u'xPos': None, u'probNum': 3, u'Img': u'Img/MRT3.jpg', u'CorrKey': u'left', u'TestType': u'MRT', u'yPos': None, u'Etc': None, u'CorrAns': u'same', u'Type': u'Test'}
279.0098 	EXP 	Created sequence: sequential, trialTypes=1, nReps=0, seed=None
279.0100 	EXP 	Created sequence: sequential, trialTypes=1, nReps=0, seed=None
279.0102 	EXP 	Created sequence: sequential, trialTypes=1, nReps=0, seed=None
279.0104 	EXP 	Created sequence: sequential, trialTypes=1, nReps=1, seed=None
279.0107 	EXP 	New trial (rep=0, index=0): None
279.0577 	EXP 	test_start_txt: autoDraw = False
279.0577 	EXP 	image_3: autoDraw = False
279.0577 	EXP 	Timer: autoDraw = False
279.0577 	EXP 	image_3: image = u'Img/MRT3.jpg'
279.0577 	EXP 	test_start_txt: autoDraw = True
281.0265 	EXP 	test_start_txt: autoDraw = False
281.0430 	EXP 	image_3: autoDraw = True
283.4997 	DATA 	Keypress: left
283.5007 	EXP 	Created sequence: sequential, trialTypes=1, nReps=0, seed=None
283.5010 	EXP 	New trial (rep=0, index=19): {u'xPos': None, u'probNum': 4, u'Img': u'Img/MRT4.jpg', u'CorrKey': u'left', u'TestType': u'MRT', u'yPos': None, u'Etc': None, u'CorrAns': u'same', u'Type': u'Test'}
283.5015 	EXP 	Created sequence: sequential, trialTypes=1, nReps=0, seed=None
283.5017 	EXP 	Created sequence: sequential, trialTypes=1, nReps=0, seed=None
283.5021 	EXP 	Created sequence: sequential, trialTypes=1, nReps=0, seed=None
283.5024 	EXP 	Created sequence: sequential, trialTypes=1, nReps=1, seed=None
283.5028 	EXP 	New trial (rep=0, index=0): None
283.5492 	EXP 	test_start_txt: autoDraw = False
283.5492 	EXP 	image_3: autoDraw = False
283.5492 	EXP 	Timer: autoDraw = False
283.5492 	EXP 	image_3: image = u'Img/MRT4.jpg'
283.5492 	EXP 	test_start_txt: autoDraw = True
285.5195 	EXP 	test_start_txt: autoDraw = False
285.5195 	EXP 	image_3: autoDraw = True
288.3625 	DATA 	Keypress: left
288.3635 	EXP 	Created sequence: sequential, trialTypes=1, nReps=0, seed=None
288.3637 	EXP 	New trial (rep=0, index=20): {u'xPos': None, u'probNum': 5, u'Img': u'Img/MRT5.jpg', u'CorrKey': u'right', u'TestType': u'MRT', u'yPos': None, u'Etc': None, u'CorrAns': u'different', u'Type': u'Test'}
288.3642 	EXP 	Created sequence: sequential, trialTypes=1, nReps=0, seed=None
288.3645 	EXP 	Created sequence: sequential, trialTypes=1, nReps=0, seed=None
288.3647 	EXP 	Created sequence: sequential, trialTypes=1, nReps=0, seed=None
288.3649 	EXP 	Created sequence: sequential, trialTypes=1, nReps=1, seed=None
288.3651 	EXP 	New trial (rep=0, index=0): None
288.4160 	EXP 	test_start_txt: autoDraw = False
288.4160 	EXP 	image_3: autoDraw = False
288.4160 	EXP 	Timer: autoDraw = False
288.4160 	EXP 	image_3: image = u'Img/MRT5.jpg'
288.4160 	EXP 	test_start_txt: autoDraw = True
290.3841 	EXP 	test_start_txt: autoDraw = False
290.3841 	EXP 	image_3: autoDraw = True
293.8560 	DATA 	Keypress: left
293.8568 	EXP 	Created sequence: sequential, trialTypes=1, nReps=0, seed=None
293.8571 	EXP 	New trial (rep=0, index=21): {u'xPos': None, u'probNum': 6, u'Img': u'Img/MRT6.jpg', u'CorrKey': u'right', u'TestType': u'MRT', u'yPos': None, u'Etc': None, u'CorrAns': u'different', u'Type': u'Test'}
293.8576 	EXP 	Created sequence: sequential, trialTypes=1, nReps=0, seed=None
293.8578 	EXP 	Created sequence: sequential, trialTypes=1, nReps=0, seed=None
293.8580 	EXP 	Created sequence: sequential, trialTypes=1, nReps=0, seed=None
293.8582 	EXP 	Created sequence: sequential, trialTypes=1, nReps=1, seed=None
293.8584 	EXP 	New trial (rep=0, index=0): None
293.9053 	EXP 	test_start_txt: autoDraw = False
293.9053 	EXP 	image_3: autoDraw = False
293.9053 	EXP 	Timer: autoDraw = False
293.9053 	EXP 	image_3: image = u'Img/MRT6.jpg'
293.9053 	EXP 	test_start_txt: autoDraw = True
295.8727 	EXP 	test_start_txt: autoDraw = False
295.8884 	EXP 	image_3: autoDraw = True
305.8787 	EXP 	Timer: autoDraw = True
308.0566 	DATA 	Keypress: right
308.0606 	EXP 	Created sequence: sequential, trialTypes=1, nReps=0, seed=None
308.0608 	EXP 	New trial (rep=0, index=22): {u'xPos': None, u'probNum': 7, u'Img': u'Img/MRT7.jpg', u'CorrKey': u'right', u'TestType': u'MRT', u'yPos': None, u'Etc': None, u'CorrAns': u'different', u'Type': u'Test'}
308.0613 	EXP 	Created sequence: sequential, trialTypes=1, nReps=0, seed=None
308.0615 	EXP 	Created sequence: sequential, trialTypes=1, nReps=0, seed=None
308.0617 	EXP 	Created sequence: sequential, trialTypes=1, nReps=0, seed=None
308.0619 	EXP 	Created sequence: sequential, trialTypes=1, nReps=1, seed=None
308.0621 	EXP 	New trial (rep=0, index=0): None
308.1061 	EXP 	test_start_txt: autoDraw = False
308.1061 	EXP 	image_3: autoDraw = False
308.1061 	EXP 	Timer: autoDraw = False
308.1061 	EXP 	image_3: image = u'Img/MRT7.jpg'
308.1061 	EXP 	test_start_txt: autoDraw = True
310.0701 	EXP 	test_start_txt: autoDraw = False
310.0877 	EXP 	image_3: autoDraw = True
317.0670 	DATA 	Keypress: right
317.0837 	EXP 	Created sequence: sequential, trialTypes=1, nReps=0, seed=None
317.0840 	EXP 	New trial (rep=0, index=23): {u'xPos': None, u'probNum': 8, u'Img': u'Img/MRT8.jpg', u'CorrKey': u'left', u'TestType': u'MRT', u'yPos': None, u'Etc': None, u'CorrAns': u'same', u'Type': u'Test'}
317.0845 	EXP 	Created sequence: sequential, trialTypes=1, nReps=0, seed=None
317.0847 	EXP 	Created sequence: sequential, trialTypes=1, nReps=0, seed=None
317.0849 	EXP 	Created sequence: sequential, trialTypes=1, nReps=0, seed=None
317.0851 	EXP 	Created sequence: sequential, trialTypes=1, nReps=1, seed=None
317.0854 	EXP 	New trial (rep=0, index=0): None
317.1341 	EXP 	test_start_txt: autoDraw = False
317.1341 	EXP 	image_3: autoDraw = False
317.1341 	EXP 	Timer: autoDraw = False
317.1341 	EXP 	image_3: image = u'Img/MRT8.jpg'
317.1341 	EXP 	test_start_txt: autoDraw = True
319.0952 	EXP 	test_start_txt: autoDraw = False
319.1120 	EXP 	image_3: autoDraw = True
323.6497 	DATA 	Keypress: left
323.6512 	EXP 	Created sequence: sequential, trialTypes=1, nReps=0, seed=None
323.6517 	EXP 	New trial (rep=0, index=24): {u'xPos': None, u'probNum': 9, u'Img': u'Img/MRT9.jpg', u'CorrKey': u'left', u'TestType': u'MRT', u'yPos': None, u'Etc': None, u'CorrAns': u'same', u'Type': u'Test'}
323.6524 	EXP 	Created sequence: sequential, trialTypes=1, nReps=0, seed=None
323.6528 	EXP 	Created sequence: sequential, trialTypes=1, nReps=0, seed=None
323.6531 	EXP 	Created sequence: sequential, trialTypes=1, nReps=0, seed=None
323.6534 	EXP 	Created sequence: sequential, trialTypes=1, nReps=1, seed=None
323.6537 	EXP 	New trial (rep=0, index=0): None
323.6991 	EXP 	test_start_txt: autoDraw = False
323.6991 	EXP 	image_3: autoDraw = False
323.6991 	EXP 	Timer: autoDraw = False
323.6991 	EXP 	image_3: image = u'Img/MRT9.jpg'
323.6991 	EXP 	test_start_txt: autoDraw = True
325.6645 	EXP 	test_start_txt: autoDraw = False
325.6813 	EXP 	image_3: autoDraw = True
333.1839 	DATA 	Keypress: left
333.1852 	EXP 	Created sequence: sequential, trialTypes=1, nReps=0, seed=None
333.1856 	EXP 	New trial (rep=0, index=25): {u'xPos': None, u'probNum': 10, u'Img': u'Img/MRT10.jpg', u'CorrKey': u'left', u'TestType': u'MRT', u'yPos': None, u'Etc': None, u'CorrAns': u'same', u'Type': u'Test'}
333.1862 	EXP 	Created sequence: sequential, trialTypes=1, nReps=0, seed=None
333.1865 	EXP 	Created sequence: sequential, trialTypes=1, nReps=0, seed=None
333.1868 	EXP 	Created sequence: sequential, trialTypes=1, nReps=0, seed=None
333.1871 	EXP 	Created sequence: sequential, trialTypes=1, nReps=1, seed=None
333.1874 	EXP 	New trial (rep=0, index=0): None
333.2339 	EXP 	test_start_txt: autoDraw = False
333.2339 	EXP 	image_3: autoDraw = False
333.2339 	EXP 	Timer: autoDraw = False
333.2339 	EXP 	image_3: image = u'Img/MRT10.jpg'
333.2339 	EXP 	test_start_txt: autoDraw = True
335.2020 	EXP 	test_start_txt: autoDraw = False
335.2189 	EXP 	image_3: autoDraw = True
337.9730 	DATA 	Keypress: left
337.9740 	EXP 	Created sequence: sequential, trialTypes=1, nReps=0, seed=None
337.9743 	EXP 	New trial (rep=0, index=26): {u'xPos': None, u'probNum': 11, u'Img': u'Img/MRT11.jpg', u'CorrKey': u'right', u'TestType': u'MRT', u'yPos': None, u'Etc': None, u'CorrAns': u'different', u'Type': u'Test'}
337.9751 	EXP 	Created sequence: sequential, trialTypes=1, nReps=0, seed=None
337.9758 	EXP 	Created sequence: sequential, trialTypes=1, nReps=0, seed=None
337.9761 	EXP 	Created sequence: sequential, trialTypes=1, nReps=0, seed=None
337.9764 	EXP 	Created sequence: sequential, trialTypes=1, nReps=1, seed=None
337.9766 	EXP 	New trial (rep=0, index=0): None
338.0247 	EXP 	test_start_txt: autoDraw = False
338.0247 	EXP 	image_3: autoDraw = False
338.0247 	EXP 	Timer: autoDraw = False
338.0247 	EXP 	image_3: image = u'Img/MRT11.jpg'
338.0247 	EXP 	test_start_txt: autoDraw = True
339.9892 	EXP 	test_start_txt: autoDraw = False
340.0066 	EXP 	image_3: autoDraw = True
347.0062 	DATA 	Keypress: right
347.0075 	EXP 	Created sequence: sequential, trialTypes=1, nReps=0, seed=None
347.0077 	EXP 	New trial (rep=0, index=27): {u'xPos': None, u'probNum': 12, u'Img': u'Img/MRT12.jpg', u'CorrKey': u'right', u'TestType': u'MRT', u'yPos': None, u'Etc': None, u'CorrAns': u'different', u'Type': u'Test'}
347.0082 	EXP 	Created sequence: sequential, trialTypes=1, nReps=0, seed=None
347.0084 	EXP 	Created sequence: sequential, trialTypes=1, nReps=0, seed=None
347.0086 	EXP 	Created sequence: sequential, trialTypes=1, nReps=0, seed=None
347.0088 	EXP 	Created sequence: sequential, trialTypes=1, nReps=1, seed=None
347.0091 	EXP 	New trial (rep=0, index=0): None
347.0586 	EXP 	test_start_txt: autoDraw = False
347.0586 	EXP 	image_3: autoDraw = False
347.0586 	EXP 	Timer: autoDraw = False
347.0586 	EXP 	image_3: image = u'Img/MRT12.jpg'
347.0586 	EXP 	test_start_txt: autoDraw = True
349.0280 	EXP 	test_start_txt: autoDraw = False
349.0280 	EXP 	image_3: autoDraw = True
353.3624 	DATA 	Keypress: right
353.3634 	EXP 	Created sequence: sequential, trialTypes=1, nReps=0, seed=None
353.3636 	EXP 	New trial (rep=0, index=28): {u'xPos': None, u'probNum': 13, u'Img': u'Img/MRT13.jpg', u'CorrKey': u'left', u'TestType': u'MRT', u'yPos': None, u'Etc': None, u'CorrAns': u'same', u'Type': u'Test'}
353.3641 	EXP 	Created sequence: sequential, trialTypes=1, nReps=0, seed=None
353.3644 	EXP 	Created sequence: sequential, trialTypes=1, nReps=0, seed=None
353.3646 	EXP 	Created sequence: sequential, trialTypes=1, nReps=0, seed=None
353.3648 	EXP 	Created sequence: sequential, trialTypes=1, nReps=1, seed=None
353.3650 	EXP 	New trial (rep=0, index=0): None
353.4121 	EXP 	test_start_txt: autoDraw = False
353.4121 	EXP 	image_3: autoDraw = False
353.4121 	EXP 	Timer: autoDraw = False
353.4121 	EXP 	image_3: image = u'Img/MRT13.jpg'
353.4121 	EXP 	test_start_txt: autoDraw = True
355.3797 	EXP 	test_start_txt: autoDraw = False
355.3964 	EXP 	image_3: autoDraw = True
365.3877 	EXP 	Timer: autoDraw = True
366.2320 	DATA 	Keypress: left
366.2356 	EXP 	Created sequence: sequential, trialTypes=1, nReps=0, seed=None
366.2360 	EXP 	New trial (rep=0, index=29): {u'xPos': None, u'probNum': 14, u'Img': u'Img/MRT14.jpg', u'CorrKey': u'right', u'TestType': u'MRT', u'yPos': None, u'Etc': None, u'CorrAns': u'different', u'Type': u'Test'}
366.2365 	EXP 	Created sequence: sequential, trialTypes=1, nReps=0, seed=None
366.2367 	EXP 	Created sequence: sequential, trialTypes=1, nReps=0, seed=None
366.2369 	EXP 	Created sequence: sequential, trialTypes=1, nReps=0, seed=None
366.2371 	EXP 	Created sequence: sequential, trialTypes=1, nReps=1, seed=None
366.2373 	EXP 	New trial (rep=0, index=0): None
366.2827 	EXP 	test_start_txt: autoDraw = False
366.2827 	EXP 	image_3: autoDraw = False
366.2827 	EXP 	Timer: autoDraw = False
366.2827 	EXP 	image_3: image = u'Img/MRT14.jpg'
366.2827 	EXP 	test_start_txt: autoDraw = True
368.2559 	EXP 	test_start_txt: autoDraw = False
368.2559 	EXP 	image_3: autoDraw = True
378.2575 	EXP 	Timer: autoDraw = True
379.8092 	DATA 	Keypress: right
379.8264 	EXP 	Created sequence: sequential, trialTypes=1, nReps=0, seed=None
379.8267 	EXP 	New trial (rep=0, index=30): {u'xPos': None, u'probNum': 15, u'Img': u'Img/MRT15.jpg', u'CorrKey': u'left', u'TestType': u'MRT', u'yPos': None, u'Etc': None, u'CorrAns': u'same', u'Type': u'Test'}
379.8272 	EXP 	Created sequence: sequential, trialTypes=1, nReps=0, seed=None
379.8274 	EXP 	Created sequence: sequential, trialTypes=1, nReps=0, seed=None
379.8276 	EXP 	Created sequence: sequential, trialTypes=1, nReps=0, seed=None
379.8278 	EXP 	Created sequence: sequential, trialTypes=1, nReps=1, seed=None
379.8280 	EXP 	New trial (rep=0, index=0): None
379.8734 	EXP 	test_start_txt: autoDraw = False
379.8734 	EXP 	image_3: autoDraw = False
379.8734 	EXP 	Timer: autoDraw = False
379.8734 	EXP 	image_3: image = u'Img/MRT15.jpg'
379.8734 	EXP 	test_start_txt: autoDraw = True
381.8401 	EXP 	test_start_txt: autoDraw = False
381.8549 	EXP 	image_3: autoDraw = True
388.0518 	DATA 	Keypress: left
388.0693 	EXP 	Created sequence: sequential, trialTypes=1, nReps=0, seed=None
388.0696 	EXP 	New trial (rep=0, index=31): {u'xPos': None, u'probNum': 16, u'Img': u'Img/MRT16.jpg', u'CorrKey': u'right', u'TestType': u'MRT', u'yPos': None, u'Etc': None, u'CorrAns': u'different', u'Type': u'Test'}
388.0702 	EXP 	Created sequence: sequential, trialTypes=1, nReps=0, seed=None
388.0704 	EXP 	Created sequence: sequential, trialTypes=1, nReps=0, seed=None
388.0706 	EXP 	Created sequence: sequential, trialTypes=1, nReps=0, seed=None
388.0708 	EXP 	Created sequence: sequential, trialTypes=1, nReps=1, seed=None
388.0710 	EXP 	New trial (rep=0, index=0): None
388.1181 	EXP 	test_start_txt: autoDraw = False
388.1181 	EXP 	image_3: autoDraw = False
388.1181 	EXP 	Timer: autoDraw = False
388.1181 	EXP 	image_3: image = u'Img/MRT16.jpg'
388.1181 	EXP 	test_start_txt: autoDraw = True
390.0910 	EXP 	test_start_txt: autoDraw = False
390.0910 	EXP 	image_3: autoDraw = True
397.5162 	DATA 	Keypress: left
397.5176 	EXP 	Created sequence: sequential, trialTypes=1, nReps=0, seed=None
397.5179 	EXP 	New trial (rep=0, index=32): {u'xPos': None, u'probNum': 17, u'Img': u'Img/MRT17.jpg', u'CorrKey': u'left', u'TestType': u'MRT', u'yPos': None, u'Etc': None, u'CorrAns': u'same', u'Type': u'Test'}
397.5184 	EXP 	Created sequence: sequential, trialTypes=1, nReps=0, seed=None
397.5186 	EXP 	Created sequence: sequential, trialTypes=1, nReps=0, seed=None
397.5188 	EXP 	Created sequence: sequential, trialTypes=1, nReps=0, seed=None
397.5190 	EXP 	Created sequence: sequential, trialTypes=1, nReps=1, seed=None
397.5192 	EXP 	New trial (rep=0, index=0): None
397.5648 	EXP 	test_start_txt: autoDraw = False
397.5648 	EXP 	image_3: autoDraw = False
397.5648 	EXP 	Timer: autoDraw = False
397.5648 	EXP 	image_3: image = u'Img/MRT17.jpg'
397.5648 	EXP 	test_start_txt: autoDraw = True
399.5370 	EXP 	test_start_txt: autoDraw = False
399.5532 	EXP 	image_3: autoDraw = True
404.0374 	DATA 	Keypress: left
404.0383 	EXP 	Created sequence: sequential, trialTypes=1, nReps=0, seed=None
404.0386 	EXP 	New trial (rep=0, index=33): {u'xPos': None, u'probNum': 18, u'Img': u'Img/MRT18.jpg', u'CorrKey': u'left', u'TestType': u'MRT', u'yPos': None, u'Etc': None, u'CorrAns': u'same', u'Type': u'Test'}
404.0391 	EXP 	Created sequence: sequential, trialTypes=1, nReps=0, seed=None
404.0393 	EXP 	Created sequence: sequential, trialTypes=1, nReps=0, seed=None
404.0395 	EXP 	Created sequence: sequential, trialTypes=1, nReps=0, seed=None
404.0397 	EXP 	Created sequence: sequential, trialTypes=1, nReps=1, seed=None
404.0399 	EXP 	New trial (rep=0, index=0): None
404.0881 	EXP 	test_start_txt: autoDraw = False
404.0881 	EXP 	image_3: autoDraw = False
404.0881 	EXP 	Timer: autoDraw = False
404.0881 	EXP 	image_3: image = u'Img/MRT18.jpg'
404.0881 	EXP 	test_start_txt: autoDraw = True
406.0514 	EXP 	test_start_txt: autoDraw = False
406.0681 	EXP 	image_3: autoDraw = True
412.2239 	DATA 	Keypress: left
412.2255 	EXP 	Created sequence: sequential, trialTypes=1, nReps=0, seed=None
412.2260 	EXP 	New trial (rep=0, index=34): {u'xPos': None, u'probNum': 19, u'Img': u'Img/MRT19.jpg', u'CorrKey': u'right', u'TestType': u'MRT', u'yPos': None, u'Etc': None, u'CorrAns': u'different', u'Type': u'Test'}
412.2267 	EXP 	Created sequence: sequential, trialTypes=1, nReps=0, seed=None
412.2271 	EXP 	Created sequence: sequential, trialTypes=1, nReps=0, seed=None
412.2274 	EXP 	Created sequence: sequential, trialTypes=1, nReps=0, seed=None
412.2278 	EXP 	Created sequence: sequential, trialTypes=1, nReps=1, seed=None
412.2281 	EXP 	New trial (rep=0, index=0): None
412.2733 	EXP 	test_start_txt: autoDraw = False
412.2733 	EXP 	image_3: autoDraw = False
412.2733 	EXP 	Timer: autoDraw = False
412.2733 	EXP 	image_3: image = u'Img/MRT19.jpg'
412.2733 	EXP 	test_start_txt: autoDraw = True
414.2423 	EXP 	test_start_txt: autoDraw = False
414.2423 	EXP 	image_3: autoDraw = True
419.9866 	DATA 	Keypress: right
419.9879 	EXP 	Created sequence: sequential, trialTypes=1, nReps=0, seed=None
419.9883 	EXP 	New trial (rep=0, index=35): {u'xPos': None, u'probNum': 20, u'Img': u'Img/MRT20.jpg', u'CorrKey': u'right', u'TestType': u'MRT', u'yPos': None, u'Etc': None, u'CorrAns': u'different', u'Type': u'Test'}
419.9889 	EXP 	Created sequence: sequential, trialTypes=1, nReps=0, seed=None
419.9892 	EXP 	Created sequence: sequential, trialTypes=1, nReps=0, seed=None
419.9894 	EXP 	Created sequence: sequential, trialTypes=1, nReps=0, seed=None
419.9896 	EXP 	Created sequence: sequential, trialTypes=1, nReps=1, seed=None
419.9898 	EXP 	New trial (rep=0, index=0): None
420.0361 	EXP 	test_start_txt: autoDraw = False
420.0361 	EXP 	image_3: autoDraw = False
420.0361 	EXP 	Timer: autoDraw = False
420.0361 	EXP 	image_3: image = u'Img/MRT20.jpg'
420.0361 	EXP 	test_start_txt: autoDraw = True
421.9994 	EXP 	test_start_txt: autoDraw = False
422.0166 	EXP 	image_3: autoDraw = True
428.0829 	DATA 	Keypress: right
428.0839 	EXP 	Created sequence: sequential, trialTypes=1, nReps=0, seed=None
428.0842 	EXP 	New trial (rep=0, index=36): {u'xPos': None, u'probNum': None, u'Img': u'Img/62.jpg', u'CorrKey': u'space', u'TestType': None, u'yPos': None, u'Etc': None, u'CorrAns': u'space', u'Type': u'Inst'}
428.0847 	EXP 	Created sequence: sequential, trialTypes=1, nReps=0, seed=None
428.0849 	EXP 	Created sequence: sequential, trialTypes=1, nReps=0, seed=None
428.0851 	EXP 	Created sequence: sequential, trialTypes=1, nReps=1, seed=None
428.0853 	EXP 	New trial (rep=0, index=0): None
428.1488 	EXP 	test_start_txt: autoDraw = False
428.1488 	EXP 	image_3: autoDraw = False
428.1488 	EXP 	Timer: autoDraw = False
428.1488 	EXP 	image_2: image = u'Img/62.jpg'
428.1488 	EXP 	image_2: autoDraw = True
431.1135 	DATA 	Keypress: space
431.1142 	EXP 	Created sequence: sequential, trialTypes=1, nReps=0, seed=None
431.1145 	EXP 	Created sequence: sequential, trialTypes=1, nReps=0, seed=None
431.1150 	EXP 	New trial (rep=0, index=37): {u'xPos': -1200, u'probNum': None, u'Img': None, u'CorrKey': None, u'TestType': u'CloseSession', u'yPos': 60, u'Etc': None, u'CorrAns': None, u'Type': u'Mouse'}
431.1158 	EXP 	Created sequence: sequential, trialTypes=1, nReps=0, seed=None
431.1162 	EXP 	Created sequence: sequential, trialTypes=1, nReps=0, seed=None
431.1165 	EXP 	Created sequence: sequential, trialTypes=1, nReps=0, seed=None
431.1169 	EXP 	Created sequence: sequential, trialTypes=1, nReps=0, seed=None
431.1173 	EXP 	Created sequence: sequential, trialTypes=1, nReps=1, seed=None
431.1177 	EXP 	New trial (rep=0, index=0): None
431.3000 	EXP 	window1: mouseVisible = True
