6.3945 	EXP 	Created window1 = Window(allowGUI=False, allowStencil=False, autoLog=True, bitsMode=UNKNOWN, blendMode='avg', color=array([ 0.,  0.,  0.]), colorSpace='rgb', fullscr=UNKNOWN, gamma=None, lms=UNKNOWN, monitor=<psychopy.monitors.calibTools.Monitor instance at 0x0A7326E8>, name='window1', pos=[0, 0], screen=0, size=array([1600,  900]), stereo=False, units=u'norm', useFBO=True, viewOri=0.0, viewPos=None, viewScale=None, waitBlanking=True, winType='pyglet')
6.3945 	EXP 	window1: recordFrameIntervals = False
6.5649 	EXP 	window1: recordFrameIntervals = True
6.8854 	EXP 	window1: recordFrameIntervals = False
6.8898 	EXP 	Created image_4 = ImageStim(autoLog=True, color=array([ 1.,  1.,  1.]), colorSpace='rgb', contrast=1.0, depth=0.0, flipHoriz=False, flipVert=False, image='sin', interpolate=True, mask=None, maskParams=None, name='image_4', opacity=1.0, ori=0.0, pos=array([ 0.,  0.]), size=array([ 1.5,  1.5]), texRes=128, units=u'norm', win=Window(...))
6.9568 	EXP 	Created text_2 = TextStim(alignHoriz='center', alignVert='center', antialias=True, autoLog=True, bold=False, color='white', colorSpace='named', contrast=1.0, depth=-2.0, flipHoriz=False, flipVert=False, font='Arial', fontFiles=[], height=0.1, italic=False, name='text_2', opacity=1.0, ori=0, pos=array([ 0.  ,  0.85]), rgb=array([ 255.,  255.,  255.]), text=u'default text', units=u'norm', win=Window(...), wrapWidth=1)
6.9783 	EXP 	Created dummy_start = TextStim(alignHoriz='center', alignVert='center', antialias=True, autoLog=True, bold=False, color='white', colorSpace='named', contrast=1.0, depth=0.0, flipHoriz=False, flipVert=False, font='Arial', fontFiles=[], height=0.5, italic=False, name='dummy_start', opacity=1.0, ori=0, pos=array([ 0.,  0.]), rgb=array([ 255.,  255.,  255.]), text=u'+', units=u'norm', win=Window(...), wrapWidth=1)
6.9808 	EXP 	Created image = ImageStim(autoLog=True, color=array([ 1.,  1.,  1.]), colorSpace='rgb', contrast=1.0, depth=-1.0, flipHoriz=False, flipVert=False, image='sin', interpolate=True, mask=None, maskParams=None, name='image', opacity=1.0, ori=0.0, pos=array([ 0.,  0.]), size=array([ 1.6,  1.6]), texRes=128, units=u'norm', win=Window(...))
6.9879 	EXP 	Created message = TextStim(alignHoriz='center', alignVert='center', antialias=True, autoLog=True, bold=False, color='white', colorSpace='named', contrast=1.0, depth=-1.0, flipHoriz=False, flipVert=False, font='Arial', fontFiles=[], height=0.1, italic=False, name='message', opacity=1.0, ori=0, pos=array([ 0.,  0.]), rgb=array([ 255.,  255.,  255.]), text=u'default text', units=u'norm', win=Window(...), wrapWidth=1)
6.9917 	EXP 	Created image_2 = ImageStim(autoLog=True, color=array([ 1.,  1.,  1.]), colorSpace='rgb', contrast=1.0, depth=0.0, flipHoriz=False, flipVert=False, image='sin', interpolate=True, mask=None, maskParams=None, name='image_2', opacity=1.0, ori=0.0, pos=array([ 0.,  0.]), size=array([ 1.5,  1.5]), texRes=128, units=u'norm', win=Window(...))
6.9959 	EXP 	Created test_start_txt = TextStim(alignHoriz='center', alignVert='center', antialias=True, autoLog=True, bold=False, color='white', colorSpace='named', contrast=1.0, depth=0.0, flipHoriz=False, flipVert=False, font='Arial', fontFiles=[], height=0.5, italic=False, name='test_start_txt', opacity=1.0, ori=0, pos=array([ 0.,  0.]), rgb=array([ 255.,  255.,  255.]), text=u'+', units=u'norm', win=Window(...), wrapWidth=1)
6.9996 	EXP 	Created image_3 = ImageStim(autoLog=True, color=array([ 1.,  1.,  1.]), colorSpace='rgb', contrast=1.0, depth=-1.0, flipHoriz=False, flipVert=False, image='sin', interpolate=True, mask=None, maskParams=None, name='image_3', opacity=1.0, ori=0.0, pos=array([ 0.,  0.]), size=array([ 1.5,  1.5]), texRes=128, units=u'norm', win=Window(...))
7.0056 	EXP 	Created Timer = TextStim(alignHoriz='center', alignVert='center', antialias=True, autoLog=True, bold=False, color='white', colorSpace='named', contrast=1.0, depth=-3.0, flipHoriz=False, flipVert=False, font='Arial', fontFiles=[], height=0.1, italic=False, name='Timer', opacity=1.0, ori=0, pos=array([ 0.  ,  0.85]), rgb=array([ 255.,  255.,  255.]), text=u'default text', units=u'norm', win=Window(...), wrapWidth=1)
7.0064 	EXP 	Created text = TextStim(alignHoriz='center', alignVert='center', antialias=True, autoLog=True, bold=False, color='white', colorSpace='named', contrast=1.0, depth=-1.0, flipHoriz=False, flipVert=False, font='Arial', fontFiles=[], height=0.1, italic=False, name='text', opacity=1.0, ori=0, pos=array([ 0.,  0.]), rgb=array([ 255.,  255.,  255.]), text='', units=u'norm', win=Window(...), wrapWidth=1)
7.1654 	EXP 	Imported Settings_ConCube.xlsx as conditions, 36 conditions, 8 params
7.1658 	EXP 	Created sequence: sequential, trialTypes=36, nReps=1, seed=None
7.1663 	EXP 	New trial (rep=0, index=0): {u'xPos': None, u'probNum': None, u'Img': u'Img/30.jpg', u'CorrKey': u'space', u'TestType': None, u'yPos': None, u'CorrAns': u'space', u'Type': u'Inst'}
7.1667 	EXP 	Created sequence: sequential, trialTypes=1, nReps=0, seed=None
7.1669 	EXP 	Created sequence: sequential, trialTypes=1, nReps=0, seed=None
7.1671 	EXP 	Created sequence: sequential, trialTypes=1, nReps=1, seed=None
7.1673 	EXP 	New trial (rep=0, index=0): None
7.2329 	EXP 	image_2: image = u'Img/30.jpg'
7.2329 	EXP 	image_2: autoDraw = True
9.6117 	DATA 	Keypress: space
9.6121 	EXP 	Created sequence: sequential, trialTypes=1, nReps=0, seed=None
9.6124 	EXP 	Created sequence: sequential, trialTypes=1, nReps=0, seed=None
9.6127 	EXP 	New trial (rep=0, index=1): {u'xPos': None, u'probNum': None, u'Img': u'Img/31.jpg', u'CorrKey': u'space', u'TestType': None, u'yPos': None, u'CorrAns': u'space', u'Type': u'Inst'}
9.6132 	EXP 	Created sequence: sequential, trialTypes=1, nReps=0, seed=None
9.6134 	EXP 	Created sequence: sequential, trialTypes=1, nReps=0, seed=None
9.6136 	EXP 	Created sequence: sequential, trialTypes=1, nReps=1, seed=None
9.6138 	EXP 	New trial (rep=0, index=0): None
9.6762 	EXP 	image_2: autoDraw = False
9.6762 	EXP 	image_2: image = u'Img/31.jpg'
9.6762 	EXP 	image_2: autoDraw = True
12.6629 	DATA 	Keypress: space
12.6817 	EXP 	Created sequence: sequential, trialTypes=1, nReps=0, seed=None
12.6819 	EXP 	Created sequence: sequential, trialTypes=1, nReps=0, seed=None
12.6822 	EXP 	New trial (rep=0, index=2): {u'xPos': None, u'probNum': None, u'Img': u'Img/32.jpg', u'CorrKey': u'space', u'TestType': None, u'yPos': None, u'CorrAns': u'space', u'Type': u'Inst'}
12.6827 	EXP 	Created sequence: sequential, trialTypes=1, nReps=0, seed=None
12.6829 	EXP 	Created sequence: sequential, trialTypes=1, nReps=0, seed=None
12.6831 	EXP 	Created sequence: sequential, trialTypes=1, nReps=1, seed=None
12.6833 	EXP 	New trial (rep=0, index=0): None
12.7435 	EXP 	image_2: autoDraw = False
12.7435 	EXP 	image_2: image = u'Img/32.jpg'
12.7435 	EXP 	image_2: autoDraw = True
32.5169 	DATA 	Keypress: space
32.5176 	EXP 	Created sequence: sequential, trialTypes=1, nReps=0, seed=None
32.5178 	EXP 	Created sequence: sequential, trialTypes=1, nReps=0, seed=None
32.5181 	EXP 	New trial (rep=0, index=3): {u'xPos': None, u'probNum': None, u'Img': u'Img/33.jpg', u'CorrKey': u'space', u'TestType': None, u'yPos': None, u'CorrAns': u'space', u'Type': u'Inst'}
32.5187 	EXP 	Created sequence: sequential, trialTypes=1, nReps=0, seed=None
32.5189 	EXP 	Created sequence: sequential, trialTypes=1, nReps=0, seed=None
32.5191 	EXP 	Created sequence: sequential, trialTypes=1, nReps=1, seed=None
32.5193 	EXP 	New trial (rep=0, index=0): None
32.5814 	EXP 	image_2: autoDraw = False
32.5814 	EXP 	image_2: image = u'Img/33.jpg'
32.5814 	EXP 	image_2: autoDraw = True
35.9002 	DATA 	Keypress: space
35.9007 	EXP 	Created sequence: sequential, trialTypes=1, nReps=0, seed=None
35.9009 	EXP 	Created sequence: sequential, trialTypes=1, nReps=0, seed=None
35.9013 	EXP 	New trial (rep=0, index=4): {u'xPos': None, u'probNum': None, u'Img': u'Img/34.jpg', u'CorrKey': u'left', u'TestType': None, u'yPos': None, u'CorrAns': u'left', u'Type': u'Dumm'}
35.9017 	EXP 	Created sequence: sequential, trialTypes=1, nReps=0, seed=None
35.9019 	EXP 	Created sequence: sequential, trialTypes=1, nReps=1, seed=None
35.9022 	EXP 	New trial (rep=0, index=0): None
35.9687 	EXP 	image_2: autoDraw = False
35.9687 	EXP 	image: image = u'Img/34.jpg'
35.9687 	EXP 	dummy_start: autoDraw = True
37.9160 	EXP 	dummy_start: autoDraw = False
37.9334 	EXP 	image: autoDraw = True
42.4854 	DATA 	Keypress: right
42.5186 	EXP 	dummy_start: autoDraw = False
42.5186 	EXP 	image: autoDraw = False
42.5186 	EXP 	message: text = 'Wrong \n \n Response time = 4.552'
42.5186 	EXP 	message: autoDraw = True
45.4813 	EXP 	Created sequence: sequential, trialTypes=1, nReps=0, seed=None
45.4816 	EXP 	Created sequence: sequential, trialTypes=1, nReps=0, seed=None
45.4818 	EXP 	Created sequence: sequential, trialTypes=1, nReps=0, seed=None
45.4821 	EXP 	New trial (rep=0, index=5): {u'xPos': None, u'probNum': None, u'Img': u'Img/35.jpg', u'CorrKey': u'right', u'TestType': None, u'yPos': None, u'CorrAns': u'right', u'Type': u'Dumm'}
45.4826 	EXP 	Created sequence: sequential, trialTypes=1, nReps=0, seed=None
45.4828 	EXP 	Created sequence: sequential, trialTypes=1, nReps=1, seed=None
45.4830 	EXP 	New trial (rep=0, index=0): None
45.5308 	EXP 	message: autoDraw = False
45.5308 	EXP 	message: autoDraw = False
45.5308 	EXP 	image: image = u'Img/35.jpg'
45.5308 	EXP 	dummy_start: autoDraw = True
47.5003 	EXP 	dummy_start: autoDraw = False
47.5003 	EXP 	image: autoDraw = True
57.2593 	DATA 	Keypress: right
57.2911 	EXP 	dummy_start: autoDraw = False
57.2911 	EXP 	image: autoDraw = False
57.2911 	EXP 	message: text = 'Good! \n \n \n Response time = 9.759'
57.2911 	EXP 	message: autoDraw = True
60.2631 	EXP 	Created sequence: sequential, trialTypes=1, nReps=0, seed=None
60.2634 	EXP 	Created sequence: sequential, trialTypes=1, nReps=0, seed=None
60.2637 	EXP 	Created sequence: sequential, trialTypes=1, nReps=0, seed=None
60.2641 	EXP 	New trial (rep=0, index=6): {u'xPos': None, u'probNum': None, u'Img': u'Img/36.jpg', u'CorrKey': u'space', u'TestType': None, u'yPos': None, u'CorrAns': u'space', u'Type': u'Inst'}
60.2646 	EXP 	Created sequence: sequential, trialTypes=1, nReps=0, seed=None
60.2648 	EXP 	Created sequence: sequential, trialTypes=1, nReps=0, seed=None
60.2650 	EXP 	Created sequence: sequential, trialTypes=1, nReps=1, seed=None
60.2652 	EXP 	New trial (rep=0, index=0): None
60.3303 	EXP 	message: autoDraw = False
60.3303 	EXP 	message: autoDraw = False
60.3303 	EXP 	image_2: image = u'Img/36.jpg'
60.3303 	EXP 	image_2: autoDraw = True
78.4270 	DATA 	Keypress: space
78.4274 	EXP 	Created sequence: sequential, trialTypes=1, nReps=0, seed=None
78.4277 	EXP 	Created sequence: sequential, trialTypes=1, nReps=0, seed=None
78.4280 	EXP 	New trial (rep=0, index=7): {u'xPos': -620, u'probNum': None, u'Img': None, u'CorrKey': None, u'TestType': u'OpenSession', u'yPos': 580, u'CorrAns': None, u'Type': u'Mouse'}
78.4285 	EXP 	Created sequence: sequential, trialTypes=1, nReps=0, seed=None
78.4289 	EXP 	Created sequence: sequential, trialTypes=1, nReps=0, seed=None
78.4291 	EXP 	Created sequence: sequential, trialTypes=1, nReps=0, seed=None
78.4294 	EXP 	Created sequence: sequential, trialTypes=1, nReps=0, seed=None
78.4297 	EXP 	Created sequence: sequential, trialTypes=1, nReps=1, seed=None
78.4300 	EXP 	New trial (rep=0, index=0): None
78.4435 	EXP 	image_2: autoDraw = False
78.4435 	EXP 	text: autoDraw = True
78.5286 	EXP 	New trial (rep=0, index=8): {u'xPos': 100, u'probNum': None, u'Img': None, u'CorrKey': None, u'TestType': u'Back_to_Test', u'yPos': 100, u'CorrAns': None, u'Type': u'Mouse'}
78.5293 	EXP 	Created sequence: sequential, trialTypes=1, nReps=0, seed=None
78.5299 	EXP 	Created sequence: sequential, trialTypes=1, nReps=0, seed=None
78.5304 	EXP 	Created sequence: sequential, trialTypes=1, nReps=0, seed=None
78.5307 	EXP 	Created sequence: sequential, trialTypes=1, nReps=0, seed=None
78.5311 	EXP 	Created sequence: sequential, trialTypes=1, nReps=1, seed=None
78.5313 	EXP 	New trial (rep=0, index=0): None
78.5372 	DATA 	Mouse: Left button down, pos=(100,800)
78.5479 	DATA 	Mouse:  Left button up, pos=(100,800)
78.5629 	EXP 	text: autoDraw = False
78.5629 	EXP 	text: autoDraw = False
78.5629 	EXP 	text: autoDraw = True
78.6304 	EXP 	New trial (rep=0, index=9): {u'xPos': None, u'probNum': 1, u'Img': u'Img/37.jpg', u'CorrKey': u'right', u'TestType': u'ConnectCube', u'yPos': None, u'CorrAns': u'right', u'Type': u'Test'}
78.6310 	EXP 	Created sequence: sequential, trialTypes=1, nReps=0, seed=None
78.6312 	EXP 	Created sequence: sequential, trialTypes=1, nReps=0, seed=None
78.6314 	EXP 	Created sequence: sequential, trialTypes=1, nReps=0, seed=None
78.6316 	EXP 	Created sequence: sequential, trialTypes=1, nReps=1, seed=None
78.6318 	EXP 	New trial (rep=0, index=0): None
78.6948 	EXP 	text: autoDraw = False
78.6948 	EXP 	image_3: image = u'Img/37.jpg'
78.6948 	EXP 	test_start_txt: autoDraw = True
80.6366 	EXP 	test_start_txt: autoDraw = False
80.6534 	EXP 	image_3: autoDraw = True
86.3039 	DATA 	Keypress: right
86.3049 	EXP 	Created sequence: sequential, trialTypes=1, nReps=0, seed=None
86.3051 	EXP 	New trial (rep=0, index=10): {u'xPos': None, u'probNum': 2, u'Img': u'Img/38.jpg', u'CorrKey': u'left', u'TestType': u'ConnectCube', u'yPos': None, u'CorrAns': u'left', u'Type': u'Test'}
86.3056 	EXP 	Created sequence: sequential, trialTypes=1, nReps=0, seed=None
86.3058 	EXP 	Created sequence: sequential, trialTypes=1, nReps=0, seed=None
86.3060 	EXP 	Created sequence: sequential, trialTypes=1, nReps=0, seed=None
86.3062 	EXP 	Created sequence: sequential, trialTypes=1, nReps=1, seed=None
86.3065 	EXP 	New trial (rep=0, index=0): None
86.3539 	EXP 	test_start_txt: autoDraw = False
86.3539 	EXP 	image_3: autoDraw = False
86.3539 	EXP 	Timer: autoDraw = False
86.3539 	EXP 	image_3: image = u'Img/38.jpg'
86.3539 	EXP 	test_start_txt: autoDraw = True
88.3166 	EXP 	test_start_txt: autoDraw = False
88.3338 	EXP 	image_3: autoDraw = True
94.3741 	DATA 	Keypress: left
94.3750 	EXP 	Created sequence: sequential, trialTypes=1, nReps=0, seed=None
94.3753 	EXP 	New trial (rep=0, index=11): {u'xPos': None, u'probNum': 3, u'Img': u'Img/39.jpg', u'CorrKey': u'left', u'TestType': u'ConnectCube', u'yPos': None, u'CorrAns': u'left', u'Type': u'Test'}
94.3758 	EXP 	Created sequence: sequential, trialTypes=1, nReps=0, seed=None
94.3760 	EXP 	Created sequence: sequential, trialTypes=1, nReps=0, seed=None
94.3762 	EXP 	Created sequence: sequential, trialTypes=1, nReps=0, seed=None
94.3764 	EXP 	Created sequence: sequential, trialTypes=1, nReps=1, seed=None
94.3766 	EXP 	New trial (rep=0, index=0): None
94.4429 	EXP 	test_start_txt: autoDraw = False
94.4429 	EXP 	image_3: autoDraw = False
94.4429 	EXP 	Timer: autoDraw = False
94.4429 	EXP 	image_3: image = u'Img/39.jpg'
94.4429 	EXP 	test_start_txt: autoDraw = True
96.3851 	EXP 	test_start_txt: autoDraw = False
96.4018 	EXP 	image_3: autoDraw = True
102.0477 	DATA 	Keypress: left
102.0486 	EXP 	Created sequence: sequential, trialTypes=1, nReps=0, seed=None
102.0491 	EXP 	New trial (rep=0, index=12): {u'xPos': None, u'probNum': 4, u'Img': u'Img/40.jpg', u'CorrKey': u'right', u'TestType': u'ConnectCube', u'yPos': None, u'CorrAns': u'right', u'Type': u'Test'}
102.0503 	EXP 	Created sequence: sequential, trialTypes=1, nReps=0, seed=None
102.0507 	EXP 	Created sequence: sequential, trialTypes=1, nReps=0, seed=None
102.0511 	EXP 	Created sequence: sequential, trialTypes=1, nReps=0, seed=None
102.0514 	EXP 	Created sequence: sequential, trialTypes=1, nReps=1, seed=None
102.0519 	EXP 	New trial (rep=0, index=0): None
102.1131 	EXP 	test_start_txt: autoDraw = False
102.1131 	EXP 	image_3: autoDraw = False
102.1131 	EXP 	Timer: autoDraw = False
102.1131 	EXP 	image_3: image = u'Img/40.jpg'
102.1131 	EXP 	test_start_txt: autoDraw = True
104.0674 	EXP 	test_start_txt: autoDraw = False
104.0844 	EXP 	image_3: autoDraw = True
111.5569 	DATA 	Keypress: right
111.5581 	EXP 	Created sequence: sequential, trialTypes=1, nReps=0, seed=None
111.5585 	EXP 	New trial (rep=0, index=13): {u'xPos': None, u'probNum': 5, u'Img': u'Img/41.jpg', u'CorrKey': u'right', u'TestType': u'ConnectCube', u'yPos': None, u'CorrAns': u'right', u'Type': u'Test'}
111.5592 	EXP 	Created sequence: sequential, trialTypes=1, nReps=0, seed=None
111.5594 	EXP 	Created sequence: sequential, trialTypes=1, nReps=0, seed=None
111.5596 	EXP 	Created sequence: sequential, trialTypes=1, nReps=0, seed=None
111.5598 	EXP 	Created sequence: sequential, trialTypes=1, nReps=1, seed=None
111.5600 	EXP 	New trial (rep=0, index=0): None
111.6203 	EXP 	test_start_txt: autoDraw = False
111.6203 	EXP 	image_3: autoDraw = False
111.6203 	EXP 	Timer: autoDraw = False
111.6203 	EXP 	image_3: image = u'Img/41.jpg'
111.6203 	EXP 	test_start_txt: autoDraw = True
113.5714 	EXP 	test_start_txt: autoDraw = False
113.5880 	EXP 	image_3: autoDraw = True
119.6918 	DATA 	Keypress: right
119.6929 	EXP 	Created sequence: sequential, trialTypes=1, nReps=0, seed=None
119.6931 	EXP 	New trial (rep=0, index=14): {u'xPos': None, u'probNum': 6, u'Img': u'Img/42.jpg', u'CorrKey': u'right', u'TestType': u'ConnectCube', u'yPos': None, u'CorrAns': u'right', u'Type': u'Test'}
119.6936 	EXP 	Created sequence: sequential, trialTypes=1, nReps=0, seed=None
119.6938 	EXP 	Created sequence: sequential, trialTypes=1, nReps=0, seed=None
119.6941 	EXP 	Created sequence: sequential, trialTypes=1, nReps=0, seed=None
119.6943 	EXP 	Created sequence: sequential, trialTypes=1, nReps=1, seed=None
119.6945 	EXP 	New trial (rep=0, index=0): None
119.7563 	EXP 	test_start_txt: autoDraw = False
119.7563 	EXP 	image_3: autoDraw = False
119.7563 	EXP 	Timer: autoDraw = False
119.7563 	EXP 	image_3: image = u'Img/42.jpg'
119.7563 	EXP 	test_start_txt: autoDraw = True
121.7064 	EXP 	test_start_txt: autoDraw = False
121.7231 	EXP 	image_3: autoDraw = True
127.7172 	DATA 	Keypress: right
127.7182 	EXP 	Created sequence: sequential, trialTypes=1, nReps=0, seed=None
127.7185 	EXP 	New trial (rep=0, index=15): {u'xPos': None, u'probNum': 7, u'Img': u'Img/43.jpg', u'CorrKey': u'left', u'TestType': u'ConnectCube', u'yPos': None, u'CorrAns': u'left', u'Type': u'Test'}
127.7190 	EXP 	Created sequence: sequential, trialTypes=1, nReps=0, seed=None
127.7192 	EXP 	Created sequence: sequential, trialTypes=1, nReps=0, seed=None
127.7194 	EXP 	Created sequence: sequential, trialTypes=1, nReps=0, seed=None
127.7196 	EXP 	Created sequence: sequential, trialTypes=1, nReps=1, seed=None
127.7198 	EXP 	New trial (rep=0, index=0): None
127.7660 	EXP 	test_start_txt: autoDraw = False
127.7660 	EXP 	image_3: autoDraw = False
127.7660 	EXP 	Timer: autoDraw = False
127.7660 	EXP 	image_3: image = u'Img/43.jpg'
127.7660 	EXP 	test_start_txt: autoDraw = True
129.7321 	EXP 	test_start_txt: autoDraw = False
129.7481 	EXP 	image_3: autoDraw = True
136.2482 	DATA 	Keypress: left
136.2492 	EXP 	Created sequence: sequential, trialTypes=1, nReps=0, seed=None
136.2495 	EXP 	New trial (rep=0, index=16): {u'xPos': None, u'probNum': 8, u'Img': u'Img/44.jpg', u'CorrKey': u'left', u'TestType': u'ConnectCube', u'yPos': None, u'CorrAns': u'left', u'Type': u'Test'}
136.2499 	EXP 	Created sequence: sequential, trialTypes=1, nReps=0, seed=None
136.2502 	EXP 	Created sequence: sequential, trialTypes=1, nReps=0, seed=None
136.2504 	EXP 	Created sequence: sequential, trialTypes=1, nReps=0, seed=None
136.2506 	EXP 	Created sequence: sequential, trialTypes=1, nReps=1, seed=None
136.2508 	EXP 	New trial (rep=0, index=0): None
136.2977 	EXP 	test_start_txt: autoDraw = False
136.2977 	EXP 	image_3: autoDraw = False
136.2977 	EXP 	Timer: autoDraw = False
136.2977 	EXP 	image_3: image = u'Img/44.jpg'
136.2977 	EXP 	test_start_txt: autoDraw = True
138.2662 	EXP 	test_start_txt: autoDraw = False
138.2831 	EXP 	image_3: autoDraw = True
143.6020 	DATA 	Keypress: left
143.6029 	EXP 	Created sequence: sequential, trialTypes=1, nReps=0, seed=None
143.6032 	EXP 	New trial (rep=0, index=17): {u'xPos': None, u'probNum': 9, u'Img': u'Img/45.jpg', u'CorrKey': u'right', u'TestType': u'ConnectCube', u'yPos': None, u'CorrAns': u'right', u'Type': u'Test'}
143.6042 	EXP 	Created sequence: sequential, trialTypes=1, nReps=0, seed=None
143.6046 	EXP 	Created sequence: sequential, trialTypes=1, nReps=0, seed=None
143.6048 	EXP 	Created sequence: sequential, trialTypes=1, nReps=0, seed=None
143.6051 	EXP 	Created sequence: sequential, trialTypes=1, nReps=1, seed=None
143.6054 	EXP 	New trial (rep=0, index=0): None
143.6659 	EXP 	test_start_txt: autoDraw = False
143.6659 	EXP 	image_3: autoDraw = False
143.6659 	EXP 	Timer: autoDraw = False
143.6659 	EXP 	image_3: image = u'Img/45.jpg'
143.6659 	EXP 	test_start_txt: autoDraw = True
145.6158 	EXP 	test_start_txt: autoDraw = False
145.6324 	EXP 	image_3: autoDraw = True
154.2342 	DATA 	Keypress: right
154.2352 	EXP 	Created sequence: sequential, trialTypes=1, nReps=0, seed=None
154.2355 	EXP 	New trial (rep=0, index=18): {u'xPos': None, u'probNum': 10, u'Img': u'Img/46.jpg', u'CorrKey': u'right', u'TestType': u'ConnectCube', u'yPos': None, u'CorrAns': u'right', u'Type': u'Test'}
154.2359 	EXP 	Created sequence: sequential, trialTypes=1, nReps=0, seed=None
154.2362 	EXP 	Created sequence: sequential, trialTypes=1, nReps=0, seed=None
154.2364 	EXP 	Created sequence: sequential, trialTypes=1, nReps=0, seed=None
154.2366 	EXP 	Created sequence: sequential, trialTypes=1, nReps=1, seed=None
154.2368 	EXP 	New trial (rep=0, index=0): None
154.2871 	EXP 	test_start_txt: autoDraw = False
154.2871 	EXP 	image_3: autoDraw = False
154.2871 	EXP 	Timer: autoDraw = False
154.2871 	EXP 	image_3: image = u'Img/46.jpg'
154.2871 	EXP 	test_start_txt: autoDraw = True
156.2474 	EXP 	test_start_txt: autoDraw = False
156.2644 	EXP 	image_3: autoDraw = True
166.2665 	EXP 	Timer: autoDraw = True
168.5217 	DATA 	Keypress: left
168.5255 	EXP 	Created sequence: sequential, trialTypes=1, nReps=0, seed=None
168.5257 	EXP 	New trial (rep=0, index=19): {u'xPos': None, u'probNum': 11, u'Img': u'Img/47.jpg', u'CorrKey': u'left', u'TestType': u'ConnectCube', u'yPos': None, u'CorrAns': u'left', u'Type': u'Test'}
168.5262 	EXP 	Created sequence: sequential, trialTypes=1, nReps=0, seed=None
168.5264 	EXP 	Created sequence: sequential, trialTypes=1, nReps=0, seed=None
168.5266 	EXP 	Created sequence: sequential, trialTypes=1, nReps=0, seed=None
168.5268 	EXP 	Created sequence: sequential, trialTypes=1, nReps=1, seed=None
168.5270 	EXP 	New trial (rep=0, index=0): None
168.5890 	EXP 	test_start_txt: autoDraw = False
168.5890 	EXP 	image_3: autoDraw = False
168.5890 	EXP 	Timer: autoDraw = False
168.5890 	EXP 	image_3: image = u'Img/47.jpg'
168.5890 	EXP 	test_start_txt: autoDraw = True
170.5342 	EXP 	test_start_txt: autoDraw = False
170.5505 	EXP 	image_3: autoDraw = True
174.8473 	DATA 	Keypress: left
174.8483 	EXP 	Created sequence: sequential, trialTypes=1, nReps=0, seed=None
174.8486 	EXP 	New trial (rep=0, index=20): {u'xPos': None, u'probNum': 12, u'Img': u'Img/48.jpg', u'CorrKey': u'left', u'TestType': u'ConnectCube', u'yPos': None, u'CorrAns': u'left', u'Type': u'Test'}
174.8490 	EXP 	Created sequence: sequential, trialTypes=1, nReps=0, seed=None
174.8493 	EXP 	Created sequence: sequential, trialTypes=1, nReps=0, seed=None
174.8495 	EXP 	Created sequence: sequential, trialTypes=1, nReps=0, seed=None
174.8497 	EXP 	Created sequence: sequential, trialTypes=1, nReps=1, seed=None
174.8499 	EXP 	New trial (rep=0, index=0): None
174.8971 	EXP 	test_start_txt: autoDraw = False
174.8971 	EXP 	image_3: autoDraw = False
174.8971 	EXP 	Timer: autoDraw = False
174.8971 	EXP 	image_3: image = u'Img/48.jpg'
174.8971 	EXP 	test_start_txt: autoDraw = True
176.8619 	EXP 	test_start_txt: autoDraw = False
176.8795 	EXP 	image_3: autoDraw = True
180.8426 	DATA 	Keypress: right
180.8600 	EXP 	Created sequence: sequential, trialTypes=1, nReps=0, seed=None
180.8603 	EXP 	New trial (rep=0, index=21): {u'xPos': None, u'probNum': 13, u'Img': u'Img/49.jpg', u'CorrKey': u'right', u'TestType': u'ConnectCube', u'yPos': None, u'CorrAns': u'right', u'Type': u'Test'}
180.8608 	EXP 	Created sequence: sequential, trialTypes=1, nReps=0, seed=None
180.8610 	EXP 	Created sequence: sequential, trialTypes=1, nReps=0, seed=None
180.8612 	EXP 	Created sequence: sequential, trialTypes=1, nReps=0, seed=None
180.8614 	EXP 	Created sequence: sequential, trialTypes=1, nReps=1, seed=None
180.8616 	EXP 	New trial (rep=0, index=0): None
180.9100 	EXP 	test_start_txt: autoDraw = False
180.9100 	EXP 	image_3: autoDraw = False
180.9100 	EXP 	Timer: autoDraw = False
180.9100 	EXP 	image_3: image = u'Img/49.jpg'
180.9100 	EXP 	test_start_txt: autoDraw = True
182.8799 	EXP 	test_start_txt: autoDraw = False
182.8799 	EXP 	image_3: autoDraw = True
190.9091 	DATA 	Keypress: right
190.9101 	EXP 	Created sequence: sequential, trialTypes=1, nReps=0, seed=None
190.9104 	EXP 	New trial (rep=0, index=22): {u'xPos': None, u'probNum': 14, u'Img': u'Img/50.jpg', u'CorrKey': u'left', u'TestType': u'ConnectCube', u'yPos': None, u'CorrAns': u'left', u'Type': u'Test'}
190.9108 	EXP 	Created sequence: sequential, trialTypes=1, nReps=0, seed=None
190.9111 	EXP 	Created sequence: sequential, trialTypes=1, nReps=0, seed=None
190.9113 	EXP 	Created sequence: sequential, trialTypes=1, nReps=0, seed=None
190.9115 	EXP 	Created sequence: sequential, trialTypes=1, nReps=1, seed=None
190.9117 	EXP 	New trial (rep=0, index=0): None
190.9737 	EXP 	test_start_txt: autoDraw = False
190.9737 	EXP 	image_3: autoDraw = False
190.9737 	EXP 	Timer: autoDraw = False
190.9737 	EXP 	image_3: image = u'Img/50.jpg'
190.9737 	EXP 	test_start_txt: autoDraw = True
192.9241 	EXP 	test_start_txt: autoDraw = False
192.9399 	EXP 	image_3: autoDraw = True
197.3911 	DATA 	Keypress: left
197.3924 	EXP 	Created sequence: sequential, trialTypes=1, nReps=0, seed=None
197.3929 	EXP 	New trial (rep=0, index=23): {u'xPos': None, u'probNum': 15, u'Img': u'Img/51.jpg', u'CorrKey': u'left', u'TestType': u'ConnectCube', u'yPos': None, u'CorrAns': u'left', u'Type': u'Test'}
197.3936 	EXP 	Created sequence: sequential, trialTypes=1, nReps=0, seed=None
197.3939 	EXP 	Created sequence: sequential, trialTypes=1, nReps=0, seed=None
197.3942 	EXP 	Created sequence: sequential, trialTypes=1, nReps=0, seed=None
197.3945 	EXP 	Created sequence: sequential, trialTypes=1, nReps=1, seed=None
197.3949 	EXP 	New trial (rep=0, index=0): None
197.4586 	EXP 	test_start_txt: autoDraw = False
197.4586 	EXP 	image_3: autoDraw = False
197.4586 	EXP 	Timer: autoDraw = False
197.4586 	EXP 	image_3: image = u'Img/51.jpg'
197.4586 	EXP 	test_start_txt: autoDraw = True
199.4033 	EXP 	test_start_txt: autoDraw = False
199.4187 	EXP 	image_3: autoDraw = True
206.2821 	DATA 	Keypress: left
206.2832 	EXP 	Created sequence: sequential, trialTypes=1, nReps=0, seed=None
206.2836 	EXP 	New trial (rep=0, index=24): {u'xPos': None, u'probNum': 16, u'Img': u'Img/52.jpg', u'CorrKey': u'right', u'TestType': u'ConnectCube', u'yPos': None, u'CorrAns': u'right', u'Type': u'Test'}
206.2845 	EXP 	Created sequence: sequential, trialTypes=1, nReps=0, seed=None
206.2849 	EXP 	Created sequence: sequential, trialTypes=1, nReps=0, seed=None
206.2852 	EXP 	Created sequence: sequential, trialTypes=1, nReps=0, seed=None
206.2856 	EXP 	Created sequence: sequential, trialTypes=1, nReps=1, seed=None
206.2859 	EXP 	New trial (rep=0, index=0): None
206.3485 	EXP 	test_start_txt: autoDraw = False
206.3485 	EXP 	image_3: autoDraw = False
206.3485 	EXP 	Timer: autoDraw = False
206.3485 	EXP 	image_3: image = u'Img/52.jpg'
206.3485 	EXP 	test_start_txt: autoDraw = True
208.2943 	EXP 	test_start_txt: autoDraw = False
208.3110 	EXP 	image_3: autoDraw = True
212.9345 	DATA 	Keypress: right
212.9359 	EXP 	Created sequence: sequential, trialTypes=1, nReps=0, seed=None
212.9363 	EXP 	New trial (rep=0, index=25): {u'xPos': None, u'probNum': 17, u'Img': u'Img/53.jpg', u'CorrKey': u'left', u'TestType': u'ConnectCube', u'yPos': None, u'CorrAns': u'left', u'Type': u'Test'}
212.9368 	EXP 	Created sequence: sequential, trialTypes=1, nReps=0, seed=None
212.9370 	EXP 	Created sequence: sequential, trialTypes=1, nReps=0, seed=None
212.9375 	EXP 	Created sequence: sequential, trialTypes=1, nReps=0, seed=None
212.9377 	EXP 	Created sequence: sequential, trialTypes=1, nReps=1, seed=None
212.9379 	EXP 	New trial (rep=0, index=0): None
213.0009 	EXP 	test_start_txt: autoDraw = False
213.0009 	EXP 	image_3: autoDraw = False
213.0009 	EXP 	Timer: autoDraw = False
213.0009 	EXP 	image_3: image = u'Img/53.jpg'
213.0009 	EXP 	test_start_txt: autoDraw = True
214.9467 	EXP 	test_start_txt: autoDraw = False
214.9635 	EXP 	image_3: autoDraw = True
222.9570 	DATA 	Keypress: left
222.9585 	EXP 	Created sequence: sequential, trialTypes=1, nReps=0, seed=None
222.9590 	EXP 	New trial (rep=0, index=26): {u'xPos': None, u'probNum': 18, u'Img': u'Img/54.jpg', u'CorrKey': u'right', u'TestType': u'ConnectCube', u'yPos': None, u'CorrAns': u'right', u'Type': u'Test'}
222.9598 	EXP 	Created sequence: sequential, trialTypes=1, nReps=0, seed=None
222.9601 	EXP 	Created sequence: sequential, trialTypes=1, nReps=0, seed=None
222.9604 	EXP 	Created sequence: sequential, trialTypes=1, nReps=0, seed=None
222.9607 	EXP 	Created sequence: sequential, trialTypes=1, nReps=1, seed=None
222.9611 	EXP 	New trial (rep=0, index=0): None
223.0232 	EXP 	test_start_txt: autoDraw = False
223.0232 	EXP 	image_3: autoDraw = False
223.0232 	EXP 	Timer: autoDraw = False
223.0232 	EXP 	image_3: image = u'Img/54.jpg'
223.0232 	EXP 	test_start_txt: autoDraw = True
224.9745 	EXP 	test_start_txt: autoDraw = False
224.9905 	EXP 	image_3: autoDraw = True
230.6305 	DATA 	Keypress: right
230.6315 	EXP 	Created sequence: sequential, trialTypes=1, nReps=0, seed=None
230.6317 	EXP 	New trial (rep=0, index=27): {u'xPos': None, u'probNum': 19, u'Img': u'Img/55.jpg', u'CorrKey': u'left', u'TestType': u'ConnectCube', u'yPos': None, u'CorrAns': u'left', u'Type': u'Test'}
230.6322 	EXP 	Created sequence: sequential, trialTypes=1, nReps=0, seed=None
230.6325 	EXP 	Created sequence: sequential, trialTypes=1, nReps=0, seed=None
230.6327 	EXP 	Created sequence: sequential, trialTypes=1, nReps=0, seed=None
230.6329 	EXP 	Created sequence: sequential, trialTypes=1, nReps=1, seed=None
230.6331 	EXP 	New trial (rep=0, index=0): None
230.6801 	EXP 	test_start_txt: autoDraw = False
230.6801 	EXP 	image_3: autoDraw = False
230.6801 	EXP 	Timer: autoDraw = False
230.6801 	EXP 	image_3: image = u'Img/55.jpg'
230.6801 	EXP 	test_start_txt: autoDraw = True
232.6424 	EXP 	test_start_txt: autoDraw = False
232.6590 	EXP 	image_3: autoDraw = True
242.6633 	EXP 	Timer: autoDraw = True
244.1305 	DATA 	Keypress: left
244.1345 	EXP 	Created sequence: sequential, trialTypes=1, nReps=0, seed=None
244.1348 	EXP 	New trial (rep=0, index=28): {u'xPos': None, u'probNum': 20, u'Img': u'Img/56.jpg', u'CorrKey': u'right', u'TestType': u'ConnectCube', u'yPos': None, u'CorrAns': u'right', u'Type': u'Test'}
244.1353 	EXP 	Created sequence: sequential, trialTypes=1, nReps=0, seed=None
244.1355 	EXP 	Created sequence: sequential, trialTypes=1, nReps=0, seed=None
244.1358 	EXP 	Created sequence: sequential, trialTypes=1, nReps=0, seed=None
244.1360 	EXP 	Created sequence: sequential, trialTypes=1, nReps=1, seed=None
244.1362 	EXP 	New trial (rep=0, index=0): None
244.1982 	EXP 	test_start_txt: autoDraw = False
244.1982 	EXP 	image_3: autoDraw = False
244.1982 	EXP 	Timer: autoDraw = False
244.1982 	EXP 	image_3: image = u'Img/56.jpg'
244.1982 	EXP 	test_start_txt: autoDraw = True
246.1409 	EXP 	test_start_txt: autoDraw = False
246.1588 	EXP 	image_3: autoDraw = True
252.2979 	DATA 	Keypress: right
252.2989 	EXP 	Created sequence: sequential, trialTypes=1, nReps=0, seed=None
252.2992 	EXP 	New trial (rep=0, index=29): {u'xPos': None, u'probNum': 21, u'Img': u'Img/57.jpg', u'CorrKey': u'right', u'TestType': u'ConnectCube', u'yPos': None, u'CorrAns': u'right', u'Type': u'Test'}
252.2997 	EXP 	Created sequence: sequential, trialTypes=1, nReps=0, seed=None
252.2999 	EXP 	Created sequence: sequential, trialTypes=1, nReps=0, seed=None
252.3001 	EXP 	Created sequence: sequential, trialTypes=1, nReps=0, seed=None
252.3003 	EXP 	Created sequence: sequential, trialTypes=1, nReps=1, seed=None
252.3005 	EXP 	New trial (rep=0, index=0): None
252.3671 	EXP 	test_start_txt: autoDraw = False
252.3671 	EXP 	image_3: autoDraw = False
252.3671 	EXP 	Timer: autoDraw = False
252.3671 	EXP 	image_3: image = u'Img/57.jpg'
252.3671 	EXP 	test_start_txt: autoDraw = True
254.3107 	EXP 	test_start_txt: autoDraw = False
254.3274 	EXP 	image_3: autoDraw = True
259.8591 	DATA 	Keypress: right
259.8601 	EXP 	Created sequence: sequential, trialTypes=1, nReps=0, seed=None
259.8603 	EXP 	New trial (rep=0, index=30): {u'xPos': None, u'probNum': 22, u'Img': u'Img/58.jpg', u'CorrKey': u'right', u'TestType': u'ConnectCube', u'yPos': None, u'CorrAns': u'right', u'Type': u'Test'}
259.8609 	EXP 	Created sequence: sequential, trialTypes=1, nReps=0, seed=None
259.8611 	EXP 	Created sequence: sequential, trialTypes=1, nReps=0, seed=None
259.8613 	EXP 	Created sequence: sequential, trialTypes=1, nReps=0, seed=None
259.8615 	EXP 	Created sequence: sequential, trialTypes=1, nReps=1, seed=None
259.8617 	EXP 	New trial (rep=0, index=0): None
259.9251 	EXP 	test_start_txt: autoDraw = False
259.9251 	EXP 	image_3: autoDraw = False
259.9251 	EXP 	Timer: autoDraw = False
259.9251 	EXP 	image_3: image = u'Img/58.jpg'
259.9251 	EXP 	test_start_txt: autoDraw = True
261.8762 	EXP 	test_start_txt: autoDraw = False
261.8932 	EXP 	image_3: autoDraw = True
266.1975 	DATA 	Keypress: right
266.1985 	EXP 	Created sequence: sequential, trialTypes=1, nReps=0, seed=None
266.1988 	EXP 	New trial (rep=0, index=31): {u'xPos': None, u'probNum': 23, u'Img': u'Img/59.jpg', u'CorrKey': u'right', u'TestType': u'ConnectCube', u'yPos': None, u'CorrAns': u'right', u'Type': u'Test'}
266.1992 	EXP 	Created sequence: sequential, trialTypes=1, nReps=0, seed=None
266.1994 	EXP 	Created sequence: sequential, trialTypes=1, nReps=0, seed=None
266.1996 	EXP 	Created sequence: sequential, trialTypes=1, nReps=0, seed=None
266.1998 	EXP 	Created sequence: sequential, trialTypes=1, nReps=1, seed=None
266.2000 	EXP 	New trial (rep=0, index=0): None
266.2650 	EXP 	test_start_txt: autoDraw = False
266.2650 	EXP 	image_3: autoDraw = False
266.2650 	EXP 	Timer: autoDraw = False
266.2650 	EXP 	image_3: image = u'Img/59.jpg'
266.2650 	EXP 	test_start_txt: autoDraw = True
268.2104 	EXP 	test_start_txt: autoDraw = False
268.2271 	EXP 	image_3: autoDraw = True
274.2988 	DATA 	Keypress: right
274.2998 	EXP 	Created sequence: sequential, trialTypes=1, nReps=0, seed=None
274.3001 	EXP 	New trial (rep=0, index=32): {u'xPos': None, u'probNum': 24, u'Img': u'Img/60.jpg', u'CorrKey': u'left', u'TestType': u'ConnectCube', u'yPos': None, u'CorrAns': u'left', u'Type': u'Test'}
274.3013 	EXP 	Created sequence: sequential, trialTypes=1, nReps=0, seed=None
274.3015 	EXP 	Created sequence: sequential, trialTypes=1, nReps=0, seed=None
274.3018 	EXP 	Created sequence: sequential, trialTypes=1, nReps=0, seed=None
274.3020 	EXP 	Created sequence: sequential, trialTypes=1, nReps=1, seed=None
274.3023 	EXP 	New trial (rep=0, index=0): None
274.3626 	EXP 	test_start_txt: autoDraw = False
274.3626 	EXP 	image_3: autoDraw = False
274.3626 	EXP 	Timer: autoDraw = False
274.3626 	EXP 	image_3: image = u'Img/60.jpg'
274.3626 	EXP 	test_start_txt: autoDraw = True
276.3094 	EXP 	test_start_txt: autoDraw = False
276.3267 	EXP 	image_3: autoDraw = True
286.3230 	EXP 	Timer: autoDraw = True
288.2678 	DATA 	Keypress: left
288.2875 	EXP 	Created sequence: sequential, trialTypes=1, nReps=0, seed=None
288.2878 	EXP 	New trial (rep=0, index=33): {u'xPos': None, u'probNum': None, u'Img': u'Img/61.jpg', u'CorrKey': u'space', u'TestType': None, u'yPos': None, u'CorrAns': u'space', u'Type': u'Inst'}
288.2883 	EXP 	Created sequence: sequential, trialTypes=1, nReps=0, seed=None
288.2885 	EXP 	Created sequence: sequential, trialTypes=1, nReps=0, seed=None
288.2887 	EXP 	Created sequence: sequential, trialTypes=1, nReps=1, seed=None
288.2889 	EXP 	New trial (rep=0, index=0): None
288.3675 	EXP 	test_start_txt: autoDraw = False
288.3675 	EXP 	image_3: autoDraw = False
288.3675 	EXP 	Timer: autoDraw = False
288.3675 	EXP 	image_2: image = u'Img/61.jpg'
288.3675 	EXP 	image_2: autoDraw = True
290.9292 	DATA 	Keypress: space
290.9296 	EXP 	Created sequence: sequential, trialTypes=1, nReps=0, seed=None
290.9299 	EXP 	Created sequence: sequential, trialTypes=1, nReps=0, seed=None
290.9302 	EXP 	New trial (rep=0, index=34): {u'xPos': None, u'probNum': None, u'Img': u'Img/62.jpg', u'CorrKey': u'space', u'TestType': None, u'yPos': None, u'CorrAns': u'space', u'Type': u'Inst'}
290.9307 	EXP 	Created sequence: sequential, trialTypes=1, nReps=0, seed=None
290.9309 	EXP 	Created sequence: sequential, trialTypes=1, nReps=0, seed=None
290.9311 	EXP 	Created sequence: sequential, trialTypes=1, nReps=1, seed=None
290.9313 	EXP 	New trial (rep=0, index=0): None
290.9981 	EXP 	image_2: autoDraw = False
290.9981 	EXP 	image_2: image = u'Img/62.jpg'
290.9981 	EXP 	image_2: autoDraw = True
291.7548 	DATA 	Keypress: space
291.7554 	EXP 	Created sequence: sequential, trialTypes=1, nReps=0, seed=None
291.7556 	EXP 	Created sequence: sequential, trialTypes=1, nReps=0, seed=None
291.7559 	EXP 	New trial (rep=0, index=35): {u'xPos': -1200, u'probNum': None, u'Img': None, u'CorrKey': None, u'TestType': u'CloseSession', u'yPos': 60, u'CorrAns': None, u'Type': u'Mouse'}
291.7564 	EXP 	Created sequence: sequential, trialTypes=1, nReps=0, seed=None
291.7567 	EXP 	Created sequence: sequential, trialTypes=1, nReps=0, seed=None
291.7569 	EXP 	Created sequence: sequential, trialTypes=1, nReps=0, seed=None
291.7571 	EXP 	Created sequence: sequential, trialTypes=1, nReps=0, seed=None
291.7573 	EXP 	Created sequence: sequential, trialTypes=1, nReps=1, seed=None
291.7575 	EXP 	New trial (rep=0, index=0): None
291.9662 	EXP 	window1: mouseVisible = True
