15.8490 	EXP 	Created window1 = Window(allowGUI=False, allowStencil=False, autoLog=True, bitsMode=UNKNOWN, blendMode='avg', color=array([ 0.,  0.,  0.]), colorSpace='rgb', fullscr=UNKNOWN, gamma=None, lms=UNKNOWN, monitor=<psychopy.monitors.calibTools.Monitor instance at 0x0A72B710>, name='window1', pos=[0, 0], screen=0, size=array([1600,  900]), stereo=False, units=u'norm', useFBO=True, viewOri=0.0, viewPos=None, viewScale=None, waitBlanking=True, winType='pyglet')
15.8490 	EXP 	window1: recordFrameIntervals = False
16.0153 	EXP 	window1: recordFrameIntervals = True
16.3206 	EXP 	window1: recordFrameIntervals = False
16.3261 	EXP 	Created image_4 = ImageStim(autoLog=True, color=array([ 1.,  1.,  1.]), colorSpace='rgb', contrast=1.0, depth=0.0, flipHoriz=False, flipVert=False, image='sin', interpolate=True, mask=None, maskParams=None, name='image_4', opacity=1.0, ori=0.0, pos=array([ 0.,  0.]), size=array([ 1.5,  1.5]), texRes=128, units=u'norm', win=Window(...))
16.4050 	EXP 	Created text_2 = TextStim(alignHoriz='center', alignVert='center', antialias=True, autoLog=True, bold=False, color='white', colorSpace='named', contrast=1.0, depth=-2.0, flipHoriz=False, flipVert=False, font='Arial', fontFiles=[], height=0.1, italic=False, name='text_2', opacity=1.0, ori=0, pos=array([ 0.  ,  0.85]), rgb=array([ 255.,  255.,  255.]), text=u'default text', units=u'norm', win=Window(...), wrapWidth=1)
16.4275 	EXP 	Created dummy_start = TextStim(alignHoriz='center', alignVert='center', antialias=True, autoLog=True, bold=False, color='white', colorSpace='named', contrast=1.0, depth=0.0, flipHoriz=False, flipVert=False, font='Arial', fontFiles=[], height=0.5, italic=False, name='dummy_start', opacity=1.0, ori=0, pos=array([ 0.,  0.]), rgb=array([ 255.,  255.,  255.]), text=u'+', units=u'norm', win=Window(...), wrapWidth=1)
16.4301 	EXP 	Created image = ImageStim(autoLog=True, color=array([ 1.,  1.,  1.]), colorSpace='rgb', contrast=1.0, depth=-1.0, flipHoriz=False, flipVert=False, image='sin', interpolate=True, mask=None, maskParams=None, name='image', opacity=1.0, ori=0.0, pos=array([ 0.,  0.]), size=array([ 1.6,  1.6]), texRes=128, units=u'norm', win=Window(...))
16.4350 	EXP 	Created message = TextStim(alignHoriz='center', alignVert='center', antialias=True, autoLog=True, bold=False, color='white', colorSpace='named', contrast=1.0, depth=-1.0, flipHoriz=False, flipVert=False, font='Arial', fontFiles=[], height=0.1, italic=False, name='message', opacity=1.0, ori=0, pos=array([ 0.,  0.]), rgb=array([ 255.,  255.,  255.]), text=u'default text', units=u'norm', win=Window(...), wrapWidth=1)
16.4375 	EXP 	Created image_2 = ImageStim(autoLog=True, color=array([ 1.,  1.,  1.]), colorSpace='rgb', contrast=1.0, depth=0.0, flipHoriz=False, flipVert=False, image='sin', interpolate=True, mask=None, maskParams=None, name='image_2', opacity=1.0, ori=0.0, pos=array([ 0.,  0.]), size=array([ 1.5,  1.5]), texRes=128, units=u'norm', win=Window(...))
16.4403 	EXP 	Created test_start_txt = TextStim(alignHoriz='center', alignVert='center', antialias=True, autoLog=True, bold=False, color='white', colorSpace='named', contrast=1.0, depth=0.0, flipHoriz=False, flipVert=False, font='Arial', fontFiles=[], height=0.5, italic=False, name='test_start_txt', opacity=1.0, ori=0, pos=array([ 0.,  0.]), rgb=array([ 255.,  255.,  255.]), text=u'+', units=u'norm', win=Window(...), wrapWidth=1)
16.4427 	EXP 	Created image_3 = ImageStim(autoLog=True, color=array([ 1.,  1.,  1.]), colorSpace='rgb', contrast=1.0, depth=-1.0, flipHoriz=False, flipVert=False, image='sin', interpolate=True, mask=None, maskParams=None, name='image_3', opacity=1.0, ori=0.0, pos=array([ 0.,  0.]), size=array([ 1.5,  1.5]), texRes=128, units=u'norm', win=Window(...))
16.4478 	EXP 	Created Timer = TextStim(alignHoriz='center', alignVert='center', antialias=True, autoLog=True, bold=False, color='white', colorSpace='named', contrast=1.0, depth=-3.0, flipHoriz=False, flipVert=False, font='Arial', fontFiles=[], height=0.1, italic=False, name='Timer', opacity=1.0, ori=0, pos=array([ 0.  ,  0.85]), rgb=array([ 255.,  255.,  255.]), text=u'default text', units=u'norm', win=Window(...), wrapWidth=1)
16.4486 	EXP 	Created text = TextStim(alignHoriz='center', alignVert='center', antialias=True, autoLog=True, bold=False, color='white', colorSpace='named', contrast=1.0, depth=-1.0, flipHoriz=False, flipVert=False, font='Arial', fontFiles=[], height=0.1, italic=False, name='text', opacity=1.0, ori=0, pos=array([ 0.,  0.]), rgb=array([ 255.,  255.,  255.]), text='', units=u'norm', win=Window(...), wrapWidth=1)
16.6744 	EXP 	Imported Settings_MRT.xlsx as conditions, 38 conditions, 9 params
16.6749 	EXP 	Created sequence: sequential, trialTypes=38, nReps=1, seed=None
16.6755 	EXP 	New trial (rep=0, index=0): {u'xPos': None, u'probNum': None, u'Img': u'Img/1.jpg', u'CorrKey': u'space', u'TestType': None, u'yPos': None, u'Etc': None, u'CorrAns': u'space', u'Type': u'Inst'}
16.6759 	EXP 	Created sequence: sequential, trialTypes=1, nReps=0, seed=None
16.6761 	EXP 	Created sequence: sequential, trialTypes=1, nReps=0, seed=None
16.6763 	EXP 	Created sequence: sequential, trialTypes=1, nReps=1, seed=None
16.6765 	EXP 	New trial (rep=0, index=0): None
16.7539 	EXP 	image_2: image = u'Img/1.jpg'
16.7539 	EXP 	image_2: autoDraw = True
19.2875 	DATA 	Keypress: space
19.2879 	EXP 	Created sequence: sequential, trialTypes=1, nReps=0, seed=None
19.2882 	EXP 	Created sequence: sequential, trialTypes=1, nReps=0, seed=None
19.2885 	EXP 	New trial (rep=0, index=1): {u'xPos': None, u'probNum': None, u'Img': u'Img/2.jpg', u'CorrKey': u'space', u'TestType': None, u'yPos': None, u'Etc': None, u'CorrAns': u'space', u'Type': u'Inst'}
19.2890 	EXP 	Created sequence: sequential, trialTypes=1, nReps=0, seed=None
19.2892 	EXP 	Created sequence: sequential, trialTypes=1, nReps=0, seed=None
19.2894 	EXP 	Created sequence: sequential, trialTypes=1, nReps=1, seed=None
19.2897 	EXP 	New trial (rep=0, index=0): None
19.3376 	EXP 	image_2: autoDraw = False
19.3376 	EXP 	image_2: image = u'Img/2.jpg'
19.3376 	EXP 	image_2: autoDraw = True
21.8663 	DATA 	Keypress: space
21.8667 	EXP 	Created sequence: sequential, trialTypes=1, nReps=0, seed=None
21.8670 	EXP 	Created sequence: sequential, trialTypes=1, nReps=0, seed=None
21.8673 	EXP 	New trial (rep=0, index=2): {u'xPos': None, u'probNum': None, u'Img': u'Img/3.jpg', u'CorrKey': u'space', u'TestType': None, u'yPos': None, u'Etc': None, u'CorrAns': u'space', u'Type': u'Inst'}
21.8678 	EXP 	Created sequence: sequential, trialTypes=1, nReps=0, seed=None
21.8681 	EXP 	Created sequence: sequential, trialTypes=1, nReps=0, seed=None
21.8683 	EXP 	Created sequence: sequential, trialTypes=1, nReps=1, seed=None
21.8686 	EXP 	New trial (rep=0, index=0): None
21.9348 	EXP 	image_2: autoDraw = False
21.9348 	EXP 	image_2: image = u'Img/3.jpg'
21.9348 	EXP 	image_2: autoDraw = True
33.2979 	DATA 	Keypress: backspace
36.7989 	DATA 	Keypress: space
36.7997 	EXP 	Created sequence: sequential, trialTypes=1, nReps=0, seed=None
36.8001 	EXP 	Created sequence: sequential, trialTypes=1, nReps=0, seed=None
36.8006 	EXP 	New trial (rep=0, index=3): {u'xPos': -620, u'probNum': None, u'Img': None, u'CorrKey': None, u'TestType': u'OpenSession', u'yPos': 580, u'Etc': None, u'CorrAns': None, u'Type': u'Mouse'}
36.8012 	EXP 	Created sequence: sequential, trialTypes=1, nReps=0, seed=None
36.8014 	EXP 	Created sequence: sequential, trialTypes=1, nReps=0, seed=None
36.8016 	EXP 	Created sequence: sequential, trialTypes=1, nReps=0, seed=None
36.8018 	EXP 	Created sequence: sequential, trialTypes=1, nReps=0, seed=None
36.8020 	EXP 	Created sequence: sequential, trialTypes=1, nReps=1, seed=None
36.8023 	EXP 	New trial (rep=0, index=0): None
36.8311 	EXP 	image_2: autoDraw = False
36.8311 	EXP 	text: autoDraw = True
36.8975 	EXP 	New trial (rep=0, index=4): {u'xPos': None, u'probNum': None, u'Img': u'Img/4.jpg', u'CorrKey': None, u'TestType': u'Background', u'yPos': None, u'Etc': None, u'CorrAns': None, u'Type': u'TimeOut'}
36.8981 	EXP 	Created sequence: sequential, trialTypes=1, nReps=1, seed=None
36.8984 	EXP 	New trial (rep=0, index=0): None
36.9646 	EXP 	text: autoDraw = False
36.9646 	EXP 	text: autoDraw = False
36.9646 	EXP 	image_4: image = u'Img/4.jpg'
36.9646 	EXP 	image_4: autoDraw = True
86.9148 	EXP 	text_2: autoDraw = True
96.8903 	EXP 	Created sequence: sequential, trialTypes=1, nReps=0, seed=None
96.8905 	EXP 	Created sequence: sequential, trialTypes=1, nReps=0, seed=None
96.8907 	EXP 	Created sequence: sequential, trialTypes=1, nReps=0, seed=None
96.8909 	EXP 	Created sequence: sequential, trialTypes=1, nReps=0, seed=None
96.8912 	EXP 	New trial (rep=0, index=5): {u'xPos': 100, u'probNum': None, u'Img': None, u'CorrKey': None, u'TestType': u'Back_to_Test', u'yPos': 100, u'Etc': None, u'CorrAns': None, u'Type': u'Mouse'}
96.8917 	EXP 	Created sequence: sequential, trialTypes=1, nReps=0, seed=None
96.8920 	EXP 	Created sequence: sequential, trialTypes=1, nReps=0, seed=None
96.8922 	EXP 	Created sequence: sequential, trialTypes=1, nReps=0, seed=None
96.8924 	EXP 	Created sequence: sequential, trialTypes=1, nReps=0, seed=None
96.8926 	EXP 	Created sequence: sequential, trialTypes=1, nReps=1, seed=None
96.8928 	EXP 	New trial (rep=0, index=0): None
96.8963 	DATA 	Mouse: Left button down, pos=(100,800)
96.9042 	DATA 	Mouse:  Left button up, pos=(100,800)
96.9231 	EXP 	image_4: autoDraw = False
96.9231 	EXP 	text_2: autoDraw = False
96.9231 	EXP 	image_4: autoDraw = False
96.9231 	EXP 	text_2: autoDraw = False
96.9231 	EXP 	text: autoDraw = True
96.9902 	EXP 	New trial (rep=0, index=6): {u'xPos': None, u'probNum': None, u'Img': u'Img/5.jpg', u'CorrKey': u'space', u'TestType': None, u'yPos': None, u'Etc': None, u'CorrAns': u'space', u'Type': u'Inst'}
96.9907 	EXP 	Created sequence: sequential, trialTypes=1, nReps=0, seed=None
96.9910 	EXP 	Created sequence: sequential, trialTypes=1, nReps=0, seed=None
96.9912 	EXP 	Created sequence: sequential, trialTypes=1, nReps=1, seed=None
96.9914 	EXP 	New trial (rep=0, index=0): None
97.0752 	EXP 	text: autoDraw = False
97.0752 	EXP 	text: autoDraw = False
97.0752 	EXP 	image_2: image = u'Img/5.jpg'
97.0752 	EXP 	image_2: autoDraw = True
171.2296 	DATA 	Keypress: space
171.2302 	EXP 	Created sequence: sequential, trialTypes=1, nReps=0, seed=None
171.2306 	EXP 	Created sequence: sequential, trialTypes=1, nReps=0, seed=None
171.2311 	EXP 	New trial (rep=0, index=7): {u'xPos': None, u'probNum': None, u'Img': u'Img/6.jpg', u'CorrKey': u'space', u'TestType': None, u'yPos': None, u'Etc': None, u'CorrAns': u'space', u'Type': u'Inst'}
171.2317 	EXP 	Created sequence: sequential, trialTypes=1, nReps=0, seed=None
171.2319 	EXP 	Created sequence: sequential, trialTypes=1, nReps=0, seed=None
171.2321 	EXP 	Created sequence: sequential, trialTypes=1, nReps=1, seed=None
171.2323 	EXP 	New trial (rep=0, index=0): None
171.2957 	EXP 	image_2: autoDraw = False
171.2957 	EXP 	image_2: image = u'Img/6.jpg'
171.2957 	EXP 	image_2: autoDraw = True
176.6770 	DATA 	Keypress: space
176.6774 	EXP 	Created sequence: sequential, trialTypes=1, nReps=0, seed=None
176.6777 	EXP 	Created sequence: sequential, trialTypes=1, nReps=0, seed=None
176.6780 	EXP 	New trial (rep=0, index=8): {u'xPos': None, u'probNum': None, u'Img': u'Img/7.jpg', u'CorrKey': None, u'TestType': u'Background', u'yPos': None, u'Etc': None, u'CorrAns': None, u'Type': u'TimeOut'}
176.6785 	EXP 	Created sequence: sequential, trialTypes=1, nReps=1, seed=None
176.6787 	EXP 	New trial (rep=0, index=0): None
176.7402 	EXP 	image_2: autoDraw = False
176.7402 	EXP 	image_4: image = u'Img/7.jpg'
176.7402 	EXP 	image_4: autoDraw = True
226.7027 	EXP 	text_2: autoDraw = True
236.6795 	EXP 	Created sequence: sequential, trialTypes=1, nReps=0, seed=None
236.6797 	EXP 	Created sequence: sequential, trialTypes=1, nReps=0, seed=None
236.6799 	EXP 	Created sequence: sequential, trialTypes=1, nReps=0, seed=None
236.6801 	EXP 	Created sequence: sequential, trialTypes=1, nReps=0, seed=None
236.6804 	EXP 	New trial (rep=0, index=9): {u'xPos': None, u'probNum': None, u'Img': u'Img/8.jpg', u'CorrKey': u'space', u'TestType': None, u'yPos': None, u'Etc': None, u'CorrAns': u'space', u'Type': u'Inst'}
236.6810 	EXP 	Created sequence: sequential, trialTypes=1, nReps=0, seed=None
236.6812 	EXP 	Created sequence: sequential, trialTypes=1, nReps=0, seed=None
236.6814 	EXP 	Created sequence: sequential, trialTypes=1, nReps=1, seed=None
236.6816 	EXP 	New trial (rep=0, index=0): None
236.7460 	EXP 	image_4: autoDraw = False
236.7460 	EXP 	text_2: autoDraw = False
236.7460 	EXP 	image_4: autoDraw = False
236.7460 	EXP 	text_2: autoDraw = False
236.7460 	EXP 	image_2: image = u'Img/8.jpg'
236.7460 	EXP 	image_2: autoDraw = True
240.2495 	DATA 	Keypress: space
240.2500 	EXP 	Created sequence: sequential, trialTypes=1, nReps=0, seed=None
240.2502 	EXP 	Created sequence: sequential, trialTypes=1, nReps=0, seed=None
240.2505 	EXP 	New trial (rep=0, index=10): {u'xPos': None, u'probNum': None, u'Img': u'Img/9.jpg', u'CorrKey': u'space', u'TestType': None, u'yPos': None, u'Etc': None, u'CorrAns': u'space', u'Type': u'Inst'}
240.2513 	EXP 	Created sequence: sequential, trialTypes=1, nReps=0, seed=None
240.2516 	EXP 	Created sequence: sequential, trialTypes=1, nReps=0, seed=None
240.2518 	EXP 	Created sequence: sequential, trialTypes=1, nReps=1, seed=None
240.2521 	EXP 	New trial (rep=0, index=0): None
240.3189 	EXP 	image_2: autoDraw = False
240.3189 	EXP 	image_2: image = u'Img/9.jpg'
240.3189 	EXP 	image_2: autoDraw = True
249.8396 	DATA 	Keypress: space
249.8405 	EXP 	Created sequence: sequential, trialTypes=1, nReps=0, seed=None
249.8408 	EXP 	Created sequence: sequential, trialTypes=1, nReps=0, seed=None
249.8412 	EXP 	New trial (rep=0, index=11): {u'xPos': None, u'probNum': None, u'Img': u'Img/10.jpg', u'CorrKey': u'space', u'TestType': None, u'yPos': None, u'Etc': None, u'CorrAns': u'space', u'Type': u'Inst'}
249.8417 	EXP 	Created sequence: sequential, trialTypes=1, nReps=0, seed=None
249.8420 	EXP 	Created sequence: sequential, trialTypes=1, nReps=0, seed=None
249.8422 	EXP 	Created sequence: sequential, trialTypes=1, nReps=1, seed=None
249.8424 	EXP 	New trial (rep=0, index=0): None
249.9039 	EXP 	image_2: autoDraw = False
249.9039 	EXP 	image_2: image = u'Img/10.jpg'
249.9039 	EXP 	image_2: autoDraw = True
259.3695 	DATA 	Keypress: space
259.3704 	EXP 	Created sequence: sequential, trialTypes=1, nReps=0, seed=None
259.3706 	EXP 	Created sequence: sequential, trialTypes=1, nReps=0, seed=None
259.3709 	EXP 	New trial (rep=0, index=12): {u'xPos': None, u'probNum': None, u'Img': u'Img/11.jpg', u'CorrKey': u'space', u'TestType': None, u'yPos': None, u'Etc': None, u'CorrAns': u'space', u'Type': u'Inst'}
259.3716 	EXP 	Created sequence: sequential, trialTypes=1, nReps=0, seed=None
259.3718 	EXP 	Created sequence: sequential, trialTypes=1, nReps=0, seed=None
259.3720 	EXP 	Created sequence: sequential, trialTypes=1, nReps=1, seed=None
259.3722 	EXP 	New trial (rep=0, index=0): None
259.4508 	EXP 	image_2: autoDraw = False
259.4508 	EXP 	image_2: image = u'Img/11.jpg'
259.4508 	EXP 	image_2: autoDraw = True
265.9126 	DATA 	Keypress: space
265.9131 	EXP 	Created sequence: sequential, trialTypes=1, nReps=0, seed=None
265.9135 	EXP 	Created sequence: sequential, trialTypes=1, nReps=0, seed=None
265.9139 	EXP 	New trial (rep=0, index=13): {u'xPos': None, u'probNum': None, u'Img': u'Img/12.jpg', u'CorrKey': u'left', u'TestType': None, u'yPos': None, u'Etc': None, u'CorrAns': u'same', u'Type': u'Dumm'}
265.9145 	EXP 	Created sequence: sequential, trialTypes=1, nReps=0, seed=None
265.9147 	EXP 	Created sequence: sequential, trialTypes=1, nReps=1, seed=None
265.9149 	EXP 	New trial (rep=0, index=0): None
265.9788 	EXP 	image_2: autoDraw = False
265.9788 	EXP 	image: image = u'Img/12.jpg'
265.9788 	EXP 	dummy_start: autoDraw = True
267.9282 	EXP 	dummy_start: autoDraw = False
267.9452 	EXP 	image: autoDraw = True
271.7853 	DATA 	Keypress: left
271.8189 	EXP 	dummy_start: autoDraw = False
271.8189 	EXP 	image: autoDraw = False
271.8189 	EXP 	message: text = 'Good! \n \n \n Response time = 3.840'
271.8189 	EXP 	message: autoDraw = True
274.7876 	EXP 	Created sequence: sequential, trialTypes=1, nReps=0, seed=None
274.7884 	EXP 	Created sequence: sequential, trialTypes=1, nReps=0, seed=None
274.7889 	EXP 	Created sequence: sequential, trialTypes=1, nReps=0, seed=None
274.7897 	EXP 	New trial (rep=0, index=14): {u'xPos': None, u'probNum': None, u'Img': u'Img/13.jpg', u'CorrKey': u'right', u'TestType': None, u'yPos': None, u'Etc': None, u'CorrAns': u'different', u'Type': u'Dumm'}
274.7906 	EXP 	Created sequence: sequential, trialTypes=1, nReps=0, seed=None
274.7909 	EXP 	Created sequence: sequential, trialTypes=1, nReps=1, seed=None
274.7911 	EXP 	New trial (rep=0, index=0): None
274.8381 	EXP 	message: autoDraw = False
274.8381 	EXP 	message: autoDraw = False
274.8381 	EXP 	image: image = u'Img/13.jpg'
274.8381 	EXP 	dummy_start: autoDraw = True
276.8021 	EXP 	dummy_start: autoDraw = False
276.8191 	EXP 	image: autoDraw = True
282.7005 	DATA 	Keypress: right
282.7316 	EXP 	dummy_start: autoDraw = False
282.7316 	EXP 	image: autoDraw = False
282.7316 	EXP 	message: text = 'Good! \n \n \n Response time = 5.881'
282.7316 	EXP 	message: autoDraw = True
285.6955 	EXP 	Created sequence: sequential, trialTypes=1, nReps=0, seed=None
285.6957 	EXP 	Created sequence: sequential, trialTypes=1, nReps=0, seed=None
285.6959 	EXP 	Created sequence: sequential, trialTypes=1, nReps=0, seed=None
285.6962 	EXP 	New trial (rep=0, index=15): {u'xPos': None, u'probNum': None, u'Img': u'Img/14.jpg', u'CorrKey': None, u'TestType': None, u'yPos': None, u'Etc': None, u'CorrAns': None, u'Type': u'Inst'}
285.6966 	EXP 	Created sequence: sequential, trialTypes=1, nReps=0, seed=None
285.6969 	EXP 	Created sequence: sequential, trialTypes=1, nReps=0, seed=None
285.6971 	EXP 	Created sequence: sequential, trialTypes=1, nReps=1, seed=None
285.6973 	EXP 	New trial (rep=0, index=0): None
285.7651 	EXP 	message: autoDraw = False
285.7651 	EXP 	message: autoDraw = False
285.7651 	EXP 	image_2: image = u'Img/14.jpg'
285.7651 	EXP 	image_2: autoDraw = True
460.0633 	DATA 	Keypress: space
460.0638 	EXP 	Created sequence: sequential, trialTypes=1, nReps=0, seed=None
460.0641 	EXP 	Created sequence: sequential, trialTypes=1, nReps=0, seed=None
460.0644 	EXP 	New trial (rep=0, index=16): {u'xPos': None, u'probNum': 1, u'Img': u'Img/MRT1.jpg', u'CorrKey': u'left', u'TestType': u'MRT', u'yPos': None, u'Etc': None, u'CorrAns': u'same', u'Type': u'Test'}
460.0649 	EXP 	Created sequence: sequential, trialTypes=1, nReps=0, seed=None
460.0651 	EXP 	Created sequence: sequential, trialTypes=1, nReps=0, seed=None
460.0653 	EXP 	Created sequence: sequential, trialTypes=1, nReps=0, seed=None
460.0655 	EXP 	Created sequence: sequential, trialTypes=1, nReps=1, seed=None
460.0658 	EXP 	New trial (rep=0, index=0): None
460.1296 	EXP 	image_2: autoDraw = False
460.1296 	EXP 	image_3: image = u'Img/MRT1.jpg'
460.1296 	EXP 	test_start_txt: autoDraw = True
462.0790 	EXP 	test_start_txt: autoDraw = False
462.0966 	EXP 	image_3: autoDraw = True
466.1804 	DATA 	Keypress: left
466.1817 	EXP 	Created sequence: sequential, trialTypes=1, nReps=0, seed=None
466.1820 	EXP 	New trial (rep=0, index=17): {u'xPos': None, u'probNum': 2, u'Img': u'Img/MRT2.jpg', u'CorrKey': u'right', u'TestType': u'MRT', u'yPos': None, u'Etc': None, u'CorrAns': u'different', u'Type': u'Test'}
466.1825 	EXP 	Created sequence: sequential, trialTypes=1, nReps=0, seed=None
466.1828 	EXP 	Created sequence: sequential, trialTypes=1, nReps=0, seed=None
466.1831 	EXP 	Created sequence: sequential, trialTypes=1, nReps=0, seed=None
466.1833 	EXP 	Created sequence: sequential, trialTypes=1, nReps=1, seed=None
466.1835 	EXP 	New trial (rep=0, index=0): None
466.2300 	EXP 	test_start_txt: autoDraw = False
466.2300 	EXP 	image_3: autoDraw = False
466.2300 	EXP 	Timer: autoDraw = False
466.2300 	EXP 	image_3: image = u'Img/MRT2.jpg'
466.2300 	EXP 	test_start_txt: autoDraw = True
468.2031 	EXP 	test_start_txt: autoDraw = False
468.2031 	EXP 	image_3: autoDraw = True
474.8675 	DATA 	Keypress: right
474.8686 	EXP 	Created sequence: sequential, trialTypes=1, nReps=0, seed=None
474.8690 	EXP 	New trial (rep=0, index=18): {u'xPos': None, u'probNum': 3, u'Img': u'Img/MRT3.jpg', u'CorrKey': u'left', u'TestType': u'MRT', u'yPos': None, u'Etc': None, u'CorrAns': u'same', u'Type': u'Test'}
474.8695 	EXP 	Created sequence: sequential, trialTypes=1, nReps=0, seed=None
474.8697 	EXP 	Created sequence: sequential, trialTypes=1, nReps=0, seed=None
474.8699 	EXP 	Created sequence: sequential, trialTypes=1, nReps=0, seed=None
474.8701 	EXP 	Created sequence: sequential, trialTypes=1, nReps=1, seed=None
474.8703 	EXP 	New trial (rep=0, index=0): None
474.9169 	EXP 	test_start_txt: autoDraw = False
474.9169 	EXP 	image_3: autoDraw = False
474.9169 	EXP 	Timer: autoDraw = False
474.9169 	EXP 	image_3: image = u'Img/MRT3.jpg'
474.9169 	EXP 	test_start_txt: autoDraw = True
476.8838 	EXP 	test_start_txt: autoDraw = False
476.9004 	EXP 	image_3: autoDraw = True
481.2759 	DATA 	Keypress: left
481.2768 	EXP 	Created sequence: sequential, trialTypes=1, nReps=0, seed=None
481.2771 	EXP 	New trial (rep=0, index=19): {u'xPos': None, u'probNum': 4, u'Img': u'Img/MRT4.jpg', u'CorrKey': u'left', u'TestType': u'MRT', u'yPos': None, u'Etc': None, u'CorrAns': u'same', u'Type': u'Test'}
481.2776 	EXP 	Created sequence: sequential, trialTypes=1, nReps=0, seed=None
481.2778 	EXP 	Created sequence: sequential, trialTypes=1, nReps=0, seed=None
481.2780 	EXP 	Created sequence: sequential, trialTypes=1, nReps=0, seed=None
481.2782 	EXP 	Created sequence: sequential, trialTypes=1, nReps=1, seed=None
481.2784 	EXP 	New trial (rep=0, index=0): None
481.3249 	EXP 	test_start_txt: autoDraw = False
481.3249 	EXP 	image_3: autoDraw = False
481.3249 	EXP 	Timer: autoDraw = False
481.3249 	EXP 	image_3: image = u'Img/MRT4.jpg'
481.3249 	EXP 	test_start_txt: autoDraw = True
483.2857 	EXP 	test_start_txt: autoDraw = False
483.3023 	EXP 	image_3: autoDraw = True
488.6665 	DATA 	Keypress: left
488.6675 	EXP 	Created sequence: sequential, trialTypes=1, nReps=0, seed=None
488.6678 	EXP 	New trial (rep=0, index=20): {u'xPos': None, u'probNum': 5, u'Img': u'Img/MRT5.jpg', u'CorrKey': u'right', u'TestType': u'MRT', u'yPos': None, u'Etc': None, u'CorrAns': u'different', u'Type': u'Test'}
488.6683 	EXP 	Created sequence: sequential, trialTypes=1, nReps=0, seed=None
488.6685 	EXP 	Created sequence: sequential, trialTypes=1, nReps=0, seed=None
488.6687 	EXP 	Created sequence: sequential, trialTypes=1, nReps=0, seed=None
488.6689 	EXP 	Created sequence: sequential, trialTypes=1, nReps=1, seed=None
488.6691 	EXP 	New trial (rep=0, index=0): None
488.7185 	EXP 	test_start_txt: autoDraw = False
488.7185 	EXP 	image_3: autoDraw = False
488.7185 	EXP 	Timer: autoDraw = False
488.7185 	EXP 	image_3: image = u'Img/MRT5.jpg'
488.7185 	EXP 	test_start_txt: autoDraw = True
490.6750 	EXP 	test_start_txt: autoDraw = False
490.6921 	EXP 	image_3: autoDraw = True
497.9744 	DATA 	Keypress: right
497.9754 	EXP 	Created sequence: sequential, trialTypes=1, nReps=0, seed=None
497.9756 	EXP 	New trial (rep=0, index=21): {u'xPos': None, u'probNum': 6, u'Img': u'Img/MRT6.jpg', u'CorrKey': u'right', u'TestType': u'MRT', u'yPos': None, u'Etc': None, u'CorrAns': u'different', u'Type': u'Test'}
497.9762 	EXP 	Created sequence: sequential, trialTypes=1, nReps=0, seed=None
497.9764 	EXP 	Created sequence: sequential, trialTypes=1, nReps=0, seed=None
497.9766 	EXP 	Created sequence: sequential, trialTypes=1, nReps=0, seed=None
497.9768 	EXP 	Created sequence: sequential, trialTypes=1, nReps=1, seed=None
497.9770 	EXP 	New trial (rep=0, index=0): None
498.0244 	EXP 	test_start_txt: autoDraw = False
498.0244 	EXP 	image_3: autoDraw = False
498.0244 	EXP 	Timer: autoDraw = False
498.0244 	EXP 	image_3: image = u'Img/MRT6.jpg'
498.0244 	EXP 	test_start_txt: autoDraw = True
499.9918 	EXP 	test_start_txt: autoDraw = False
500.0089 	EXP 	image_3: autoDraw = True
509.1187 	DATA 	Keypress: left
509.1197 	EXP 	Created sequence: sequential, trialTypes=1, nReps=0, seed=None
509.1200 	EXP 	New trial (rep=0, index=22): {u'xPos': None, u'probNum': 7, u'Img': u'Img/MRT7.jpg', u'CorrKey': u'right', u'TestType': u'MRT', u'yPos': None, u'Etc': None, u'CorrAns': u'different', u'Type': u'Test'}
509.1205 	EXP 	Created sequence: sequential, trialTypes=1, nReps=0, seed=None
509.1207 	EXP 	Created sequence: sequential, trialTypes=1, nReps=0, seed=None
509.1209 	EXP 	Created sequence: sequential, trialTypes=1, nReps=0, seed=None
509.1213 	EXP 	Created sequence: sequential, trialTypes=1, nReps=1, seed=None
509.1215 	EXP 	New trial (rep=0, index=0): None
509.1705 	EXP 	test_start_txt: autoDraw = False
509.1705 	EXP 	image_3: autoDraw = False
509.1705 	EXP 	Timer: autoDraw = False
509.1705 	EXP 	image_3: image = u'Img/MRT7.jpg'
509.1705 	EXP 	test_start_txt: autoDraw = True
511.1353 	EXP 	test_start_txt: autoDraw = False
511.1523 	EXP 	image_3: autoDraw = True
521.1458 	EXP 	Timer: autoDraw = True
521.5143 	DATA 	Keypress: left
521.5179 	EXP 	Created sequence: sequential, trialTypes=1, nReps=0, seed=None
521.5182 	EXP 	New trial (rep=0, index=23): {u'xPos': None, u'probNum': 8, u'Img': u'Img/MRT8.jpg', u'CorrKey': u'left', u'TestType': u'MRT', u'yPos': None, u'Etc': None, u'CorrAns': u'same', u'Type': u'Test'}
521.5187 	EXP 	Created sequence: sequential, trialTypes=1, nReps=0, seed=None
521.5189 	EXP 	Created sequence: sequential, trialTypes=1, nReps=0, seed=None
521.5191 	EXP 	Created sequence: sequential, trialTypes=1, nReps=0, seed=None
521.5193 	EXP 	Created sequence: sequential, trialTypes=1, nReps=1, seed=None
521.5195 	EXP 	New trial (rep=0, index=0): None
521.5670 	EXP 	test_start_txt: autoDraw = False
521.5670 	EXP 	image_3: autoDraw = False
521.5670 	EXP 	Timer: autoDraw = False
521.5670 	EXP 	image_3: image = u'Img/MRT8.jpg'
521.5670 	EXP 	test_start_txt: autoDraw = True
523.5343 	EXP 	test_start_txt: autoDraw = False
523.5521 	EXP 	image_3: autoDraw = True
530.5229 	DATA 	Keypress: right
530.5244 	EXP 	Created sequence: sequential, trialTypes=1, nReps=0, seed=None
530.5248 	EXP 	New trial (rep=0, index=24): {u'xPos': None, u'probNum': 9, u'Img': u'Img/MRT9.jpg', u'CorrKey': u'left', u'TestType': u'MRT', u'yPos': None, u'Etc': None, u'CorrAns': u'same', u'Type': u'Test'}
530.5256 	EXP 	Created sequence: sequential, trialTypes=1, nReps=0, seed=None
530.5259 	EXP 	Created sequence: sequential, trialTypes=1, nReps=0, seed=None
530.5263 	EXP 	Created sequence: sequential, trialTypes=1, nReps=0, seed=None
530.5266 	EXP 	Created sequence: sequential, trialTypes=1, nReps=1, seed=None
530.5269 	EXP 	New trial (rep=0, index=0): None
530.5724 	EXP 	test_start_txt: autoDraw = False
530.5724 	EXP 	image_3: autoDraw = False
530.5724 	EXP 	Timer: autoDraw = False
530.5724 	EXP 	image_3: image = u'Img/MRT9.jpg'
530.5724 	EXP 	test_start_txt: autoDraw = True
532.5382 	EXP 	test_start_txt: autoDraw = False
532.5549 	EXP 	image_3: autoDraw = True
542.5579 	EXP 	Timer: autoDraw = True
542.6097 	DATA 	Keypress: left
542.6130 	EXP 	Created sequence: sequential, trialTypes=1, nReps=0, seed=None
542.6134 	EXP 	New trial (rep=0, index=25): {u'xPos': None, u'probNum': 10, u'Img': u'Img/MRT10.jpg', u'CorrKey': u'left', u'TestType': u'MRT', u'yPos': None, u'Etc': None, u'CorrAns': u'same', u'Type': u'Test'}
542.6144 	EXP 	Created sequence: sequential, trialTypes=1, nReps=0, seed=None
542.6147 	EXP 	Created sequence: sequential, trialTypes=1, nReps=0, seed=None
542.6150 	EXP 	Created sequence: sequential, trialTypes=1, nReps=0, seed=None
542.6152 	EXP 	Created sequence: sequential, trialTypes=1, nReps=1, seed=None
542.6155 	EXP 	New trial (rep=0, index=0): None
542.6603 	EXP 	test_start_txt: autoDraw = False
542.6603 	EXP 	image_3: autoDraw = False
542.6603 	EXP 	Timer: autoDraw = False
542.6603 	EXP 	image_3: image = u'Img/MRT10.jpg'
542.6603 	EXP 	test_start_txt: autoDraw = True
544.6242 	EXP 	test_start_txt: autoDraw = False
544.6416 	EXP 	image_3: autoDraw = True
549.3815 	DATA 	Keypress: left
549.3825 	EXP 	Created sequence: sequential, trialTypes=1, nReps=0, seed=None
549.3828 	EXP 	New trial (rep=0, index=26): {u'xPos': None, u'probNum': 11, u'Img': u'Img/MRT11.jpg', u'CorrKey': u'right', u'TestType': u'MRT', u'yPos': None, u'Etc': None, u'CorrAns': u'different', u'Type': u'Test'}
549.3836 	EXP 	Created sequence: sequential, trialTypes=1, nReps=0, seed=None
549.3838 	EXP 	Created sequence: sequential, trialTypes=1, nReps=0, seed=None
549.3840 	EXP 	Created sequence: sequential, trialTypes=1, nReps=0, seed=None
549.3842 	EXP 	Created sequence: sequential, trialTypes=1, nReps=1, seed=None
549.3844 	EXP 	New trial (rep=0, index=0): None
549.4347 	EXP 	test_start_txt: autoDraw = False
549.4347 	EXP 	image_3: autoDraw = False
549.4347 	EXP 	Timer: autoDraw = False
549.4347 	EXP 	image_3: image = u'Img/MRT11.jpg'
549.4347 	EXP 	test_start_txt: autoDraw = True
551.3944 	EXP 	test_start_txt: autoDraw = False
551.4115 	EXP 	image_3: autoDraw = True
561.4098 	EXP 	Timer: autoDraw = True
564.1726 	DATA 	Keypress: left
564.1764 	EXP 	Created sequence: sequential, trialTypes=1, nReps=0, seed=None
564.1767 	EXP 	New trial (rep=0, index=27): {u'xPos': None, u'probNum': 12, u'Img': u'Img/MRT12.jpg', u'CorrKey': u'right', u'TestType': u'MRT', u'yPos': None, u'Etc': None, u'CorrAns': u'different', u'Type': u'Test'}
564.1771 	EXP 	Created sequence: sequential, trialTypes=1, nReps=0, seed=None
564.1773 	EXP 	Created sequence: sequential, trialTypes=1, nReps=0, seed=None
564.1776 	EXP 	Created sequence: sequential, trialTypes=1, nReps=0, seed=None
564.1778 	EXP 	Created sequence: sequential, trialTypes=1, nReps=1, seed=None
564.1780 	EXP 	New trial (rep=0, index=0): None
564.2208 	EXP 	test_start_txt: autoDraw = False
564.2208 	EXP 	image_3: autoDraw = False
564.2208 	EXP 	Timer: autoDraw = False
564.2208 	EXP 	image_3: image = u'Img/MRT12.jpg'
564.2208 	EXP 	test_start_txt: autoDraw = True
566.1884 	EXP 	test_start_txt: autoDraw = False
566.2053 	EXP 	image_3: autoDraw = True
569.8668 	DATA 	Keypress: right
569.8678 	EXP 	Created sequence: sequential, trialTypes=1, nReps=0, seed=None
569.8680 	EXP 	New trial (rep=0, index=28): {u'xPos': None, u'probNum': 13, u'Img': u'Img/MRT13.jpg', u'CorrKey': u'left', u'TestType': u'MRT', u'yPos': None, u'Etc': None, u'CorrAns': u'same', u'Type': u'Test'}
569.8685 	EXP 	Created sequence: sequential, trialTypes=1, nReps=0, seed=None
569.8687 	EXP 	Created sequence: sequential, trialTypes=1, nReps=0, seed=None
569.8689 	EXP 	Created sequence: sequential, trialTypes=1, nReps=0, seed=None
569.8691 	EXP 	Created sequence: sequential, trialTypes=1, nReps=1, seed=None
569.8694 	EXP 	New trial (rep=0, index=0): None
569.9165 	EXP 	test_start_txt: autoDraw = False
569.9165 	EXP 	image_3: autoDraw = False
569.9165 	EXP 	Timer: autoDraw = False
569.9165 	EXP 	image_3: image = u'Img/MRT13.jpg'
569.9165 	EXP 	test_start_txt: autoDraw = True
571.8806 	EXP 	test_start_txt: autoDraw = False
571.8977 	EXP 	image_3: autoDraw = True
581.1590 	DATA 	Keypress: left
581.1603 	EXP 	Created sequence: sequential, trialTypes=1, nReps=0, seed=None
581.1606 	EXP 	New trial (rep=0, index=29): {u'xPos': None, u'probNum': 14, u'Img': u'Img/MRT14.jpg', u'CorrKey': u'right', u'TestType': u'MRT', u'yPos': None, u'Etc': None, u'CorrAns': u'different', u'Type': u'Test'}
581.1611 	EXP 	Created sequence: sequential, trialTypes=1, nReps=0, seed=None
581.1613 	EXP 	Created sequence: sequential, trialTypes=1, nReps=0, seed=None
581.1615 	EXP 	Created sequence: sequential, trialTypes=1, nReps=0, seed=None
581.1617 	EXP 	Created sequence: sequential, trialTypes=1, nReps=1, seed=None
581.1619 	EXP 	New trial (rep=0, index=0): None
581.2256 	EXP 	test_start_txt: autoDraw = False
581.2256 	EXP 	image_3: autoDraw = False
581.2256 	EXP 	Timer: autoDraw = False
581.2256 	EXP 	image_3: image = u'Img/MRT14.jpg'
581.2256 	EXP 	test_start_txt: autoDraw = True
583.1728 	EXP 	test_start_txt: autoDraw = False
583.1900 	EXP 	image_3: autoDraw = True
589.0792 	DATA 	Keypress: right
589.0801 	EXP 	Created sequence: sequential, trialTypes=1, nReps=0, seed=None
589.0803 	EXP 	New trial (rep=0, index=30): {u'xPos': None, u'probNum': 15, u'Img': u'Img/MRT15.jpg', u'CorrKey': u'left', u'TestType': u'MRT', u'yPos': None, u'Etc': None, u'CorrAns': u'same', u'Type': u'Test'}
589.0809 	EXP 	Created sequence: sequential, trialTypes=1, nReps=0, seed=None
589.0811 	EXP 	Created sequence: sequential, trialTypes=1, nReps=0, seed=None
589.0816 	EXP 	Created sequence: sequential, trialTypes=1, nReps=0, seed=None
589.0818 	EXP 	Created sequence: sequential, trialTypes=1, nReps=1, seed=None
589.0820 	EXP 	New trial (rep=0, index=0): None
589.1286 	EXP 	test_start_txt: autoDraw = False
589.1286 	EXP 	image_3: autoDraw = False
589.1286 	EXP 	Timer: autoDraw = False
589.1286 	EXP 	image_3: image = u'Img/MRT15.jpg'
589.1286 	EXP 	test_start_txt: autoDraw = True
591.0933 	EXP 	test_start_txt: autoDraw = False
591.1108 	EXP 	image_3: autoDraw = True
596.6474 	DATA 	Keypress: left
596.6484 	EXP 	Created sequence: sequential, trialTypes=1, nReps=0, seed=None
596.6487 	EXP 	New trial (rep=0, index=31): {u'xPos': None, u'probNum': 16, u'Img': u'Img/MRT16.jpg', u'CorrKey': u'right', u'TestType': u'MRT', u'yPos': None, u'Etc': None, u'CorrAns': u'different', u'Type': u'Test'}
596.6492 	EXP 	Created sequence: sequential, trialTypes=1, nReps=0, seed=None
596.6494 	EXP 	Created sequence: sequential, trialTypes=1, nReps=0, seed=None
596.6496 	EXP 	Created sequence: sequential, trialTypes=1, nReps=0, seed=None
596.6498 	EXP 	Created sequence: sequential, trialTypes=1, nReps=1, seed=None
596.6500 	EXP 	New trial (rep=0, index=0): None
596.6972 	EXP 	test_start_txt: autoDraw = False
596.6972 	EXP 	image_3: autoDraw = False
596.6972 	EXP 	Timer: autoDraw = False
596.6972 	EXP 	image_3: image = u'Img/MRT16.jpg'
596.6972 	EXP 	test_start_txt: autoDraw = True
598.6610 	EXP 	test_start_txt: autoDraw = False
598.6763 	EXP 	image_3: autoDraw = True
605.6106 	DATA 	Keypress: left
605.6116 	EXP 	Created sequence: sequential, trialTypes=1, nReps=0, seed=None
605.6119 	EXP 	New trial (rep=0, index=32): {u'xPos': None, u'probNum': 17, u'Img': u'Img/MRT17.jpg', u'CorrKey': u'left', u'TestType': u'MRT', u'yPos': None, u'Etc': None, u'CorrAns': u'same', u'Type': u'Test'}
605.6124 	EXP 	Created sequence: sequential, trialTypes=1, nReps=0, seed=None
605.6126 	EXP 	Created sequence: sequential, trialTypes=1, nReps=0, seed=None
605.6128 	EXP 	Created sequence: sequential, trialTypes=1, nReps=0, seed=None
605.6130 	EXP 	Created sequence: sequential, trialTypes=1, nReps=1, seed=None
605.6132 	EXP 	New trial (rep=0, index=0): None
605.6598 	EXP 	test_start_txt: autoDraw = False
605.6598 	EXP 	image_3: autoDraw = False
605.6598 	EXP 	Timer: autoDraw = False
605.6598 	EXP 	image_3: image = u'Img/MRT17.jpg'
605.6598 	EXP 	test_start_txt: autoDraw = True
607.6197 	EXP 	test_start_txt: autoDraw = False
607.6382 	EXP 	image_3: autoDraw = True
615.9593 	DATA 	Keypress: right
615.9603 	EXP 	Created sequence: sequential, trialTypes=1, nReps=0, seed=None
615.9606 	EXP 	New trial (rep=0, index=33): {u'xPos': None, u'probNum': 18, u'Img': u'Img/MRT18.jpg', u'CorrKey': u'left', u'TestType': u'MRT', u'yPos': None, u'Etc': None, u'CorrAns': u'same', u'Type': u'Test'}
615.9611 	EXP 	Created sequence: sequential, trialTypes=1, nReps=0, seed=None
615.9614 	EXP 	Created sequence: sequential, trialTypes=1, nReps=0, seed=None
615.9616 	EXP 	Created sequence: sequential, trialTypes=1, nReps=0, seed=None
615.9619 	EXP 	Created sequence: sequential, trialTypes=1, nReps=1, seed=None
615.9621 	EXP 	New trial (rep=0, index=0): None
616.0086 	EXP 	test_start_txt: autoDraw = False
616.0086 	EXP 	image_3: autoDraw = False
616.0086 	EXP 	Timer: autoDraw = False
616.0086 	EXP 	image_3: image = u'Img/MRT18.jpg'
616.0086 	EXP 	test_start_txt: autoDraw = True
617.9732 	EXP 	test_start_txt: autoDraw = False
617.9903 	EXP 	image_3: autoDraw = True
627.2284 	DATA 	Keypress: left
627.2293 	EXP 	Created sequence: sequential, trialTypes=1, nReps=0, seed=None
627.2296 	EXP 	New trial (rep=0, index=34): {u'xPos': None, u'probNum': 19, u'Img': u'Img/MRT19.jpg', u'CorrKey': u'right', u'TestType': u'MRT', u'yPos': None, u'Etc': None, u'CorrAns': u'different', u'Type': u'Test'}
627.2301 	EXP 	Created sequence: sequential, trialTypes=1, nReps=0, seed=None
627.2303 	EXP 	Created sequence: sequential, trialTypes=1, nReps=0, seed=None
627.2305 	EXP 	Created sequence: sequential, trialTypes=1, nReps=0, seed=None
627.2307 	EXP 	Created sequence: sequential, trialTypes=1, nReps=1, seed=None
627.2309 	EXP 	New trial (rep=0, index=0): None
627.2806 	EXP 	test_start_txt: autoDraw = False
627.2806 	EXP 	image_3: autoDraw = False
627.2806 	EXP 	Timer: autoDraw = False
627.2806 	EXP 	image_3: image = u'Img/MRT19.jpg'
627.2806 	EXP 	test_start_txt: autoDraw = True
629.2422 	EXP 	test_start_txt: autoDraw = False
629.2593 	EXP 	image_3: autoDraw = True
634.9315 	DATA 	Keypress: right
634.9330 	EXP 	Created sequence: sequential, trialTypes=1, nReps=0, seed=None
634.9333 	EXP 	New trial (rep=0, index=35): {u'xPos': None, u'probNum': 20, u'Img': u'Img/MRT20.jpg', u'CorrKey': u'right', u'TestType': u'MRT', u'yPos': None, u'Etc': None, u'CorrAns': u'different', u'Type': u'Test'}
634.9338 	EXP 	Created sequence: sequential, trialTypes=1, nReps=0, seed=None
634.9340 	EXP 	Created sequence: sequential, trialTypes=1, nReps=0, seed=None
634.9342 	EXP 	Created sequence: sequential, trialTypes=1, nReps=0, seed=None
634.9344 	EXP 	Created sequence: sequential, trialTypes=1, nReps=1, seed=None
634.9347 	EXP 	New trial (rep=0, index=0): None
634.9824 	EXP 	test_start_txt: autoDraw = False
634.9824 	EXP 	image_3: autoDraw = False
634.9824 	EXP 	Timer: autoDraw = False
634.9824 	EXP 	image_3: image = u'Img/MRT20.jpg'
634.9824 	EXP 	test_start_txt: autoDraw = True
636.9536 	EXP 	test_start_txt: autoDraw = False
636.9536 	EXP 	image_3: autoDraw = True
642.7223 	DATA 	Keypress: right
642.7232 	EXP 	Created sequence: sequential, trialTypes=1, nReps=0, seed=None
642.7235 	EXP 	New trial (rep=0, index=36): {u'xPos': None, u'probNum': None, u'Img': u'Img/62.jpg', u'CorrKey': u'space', u'TestType': None, u'yPos': None, u'Etc': None, u'CorrAns': u'space', u'Type': u'Inst'}
642.7240 	EXP 	Created sequence: sequential, trialTypes=1, nReps=0, seed=None
642.7242 	EXP 	Created sequence: sequential, trialTypes=1, nReps=0, seed=None
642.7244 	EXP 	Created sequence: sequential, trialTypes=1, nReps=1, seed=None
642.7246 	EXP 	New trial (rep=0, index=0): None
642.8071 	EXP 	test_start_txt: autoDraw = False
642.8071 	EXP 	image_3: autoDraw = False
642.8071 	EXP 	Timer: autoDraw = False
642.8071 	EXP 	image_2: image = u'Img/62.jpg'
642.8071 	EXP 	image_2: autoDraw = True
645.4263 	DATA 	Keypress: space
645.4268 	EXP 	Created sequence: sequential, trialTypes=1, nReps=0, seed=None
645.4271 	EXP 	Created sequence: sequential, trialTypes=1, nReps=0, seed=None
645.4275 	EXP 	New trial (rep=0, index=37): {u'xPos': -1200, u'probNum': None, u'Img': None, u'CorrKey': None, u'TestType': u'CloseSession', u'yPos': 60, u'Etc': None, u'CorrAns': None, u'Type': u'Mouse'}
645.4280 	EXP 	Created sequence: sequential, trialTypes=1, nReps=0, seed=None
645.4282 	EXP 	Created sequence: sequential, trialTypes=1, nReps=0, seed=None
645.4284 	EXP 	Created sequence: sequential, trialTypes=1, nReps=0, seed=None
645.4286 	EXP 	Created sequence: sequential, trialTypes=1, nReps=0, seed=None
645.4288 	EXP 	Created sequence: sequential, trialTypes=1, nReps=1, seed=None
645.4290 	EXP 	New trial (rep=0, index=0): None
645.5966 	EXP 	window1: mouseVisible = True
