18.0864 	EXP 	Created window1 = Window(allowGUI=False, allowStencil=False, autoLog=True, bitsMode=UNKNOWN, blendMode='avg', color=array([ 0.,  0.,  0.]), colorSpace='rgb', fullscr=UNKNOWN, gamma=None, lms=UNKNOWN, monitor=<psychopy.monitors.calibTools.Monitor instance at 0x0535C670>, name='window1', pos=[0, 0], screen=0, size=array([1366,  768]), stereo=False, units=u'norm', useFBO=True, viewOri=0.0, viewPos=None, viewScale=None, waitBlanking=True, winType='pyglet')
18.0865 	EXP 	window1: recordFrameIntervals = False
18.2639 	EXP 	window1: recordFrameIntervals = True
18.3572 	WARNING 	t of last frame was 26.72ms (=1/37)
18.4974 	WARNING 	t of last frame was 21.59ms (=1/46)
18.5180 	WARNING 	t of last frame was 20.63ms (=1/48)
18.5472 	WARNING 	t of last frame was 29.21ms (=1/34)
18.6894 	WARNING 	Multiple dropped frames have occurred - I'll stop bothering you about them!
19.0839 	EXP 	window1: recordFrameIntervals = False
19.0950 	EXP 	Created image_4 = ImageStim(autoLog=True, color=array([ 1.,  1.,  1.]), colorSpace='rgb', contrast=1.0, depth=0.0, flipHoriz=False, flipVert=False, image='sin', interpolate=True, mask=None, maskParams=None, name='image_4', opacity=1.0, ori=0.0, pos=array([ 0.,  0.]), size=array([ 1.5,  1.5]), texRes=128, units=u'norm', win=Window(...))
19.2859 	EXP 	Created text_2 = TextStim(alignHoriz='center', alignVert='center', antialias=True, autoLog=True, bold=False, color='white', colorSpace='named', contrast=1.0, depth=-2.0, flipHoriz=False, flipVert=False, font='Arial', fontFiles=[], height=0.1, italic=False, name='text_2', opacity=1.0, ori=0, pos=array([ 0.  ,  0.85]), rgb=array([ 255.,  255.,  255.]), text=u'default text', units=u'norm', win=Window(...), wrapWidth=1)
19.3131 	EXP 	Created dummy_start = TextStim(alignHoriz='center', alignVert='center', antialias=True, autoLog=True, bold=False, color='white', colorSpace='named', contrast=1.0, depth=0.0, flipHoriz=False, flipVert=False, font='Arial', fontFiles=[], height=0.5, italic=False, name='dummy_start', opacity=1.0, ori=0, pos=array([ 0.,  0.]), rgb=array([ 255.,  255.,  255.]), text=u'+', units=u'norm', win=Window(...), wrapWidth=1)
19.3200 	EXP 	Created image = ImageStim(autoLog=True, color=array([ 1.,  1.,  1.]), colorSpace='rgb', contrast=1.0, depth=-1.0, flipHoriz=False, flipVert=False, image='sin', interpolate=True, mask=None, maskParams=None, name='image', opacity=1.0, ori=0.0, pos=array([ 0.,  0.]), size=array([ 1.6,  1.6]), texRes=128, units=u'norm', win=Window(...))
19.3317 	EXP 	Created message = TextStim(alignHoriz='center', alignVert='center', antialias=True, autoLog=True, bold=False, color='white', colorSpace='named', contrast=1.0, depth=-1.0, flipHoriz=False, flipVert=False, font='Arial', fontFiles=[], height=0.1, italic=False, name='message', opacity=1.0, ori=0, pos=array([ 0.,  0.]), rgb=array([ 255.,  255.,  255.]), text=u'default text', units=u'norm', win=Window(...), wrapWidth=1)
19.3378 	EXP 	Created image_2 = ImageStim(autoLog=True, color=array([ 1.,  1.,  1.]), colorSpace='rgb', contrast=1.0, depth=0.0, flipHoriz=False, flipVert=False, image='sin', interpolate=True, mask=None, maskParams=None, name='image_2', opacity=1.0, ori=0.0, pos=array([ 0.,  0.]), size=array([ 1.5,  1.5]), texRes=128, units=u'norm', win=Window(...))
19.3441 	EXP 	Created test_start_txt = TextStim(alignHoriz='center', alignVert='center', antialias=True, autoLog=True, bold=False, color='white', colorSpace='named', contrast=1.0, depth=0.0, flipHoriz=False, flipVert=False, font='Arial', fontFiles=[], height=0.5, italic=False, name='test_start_txt', opacity=1.0, ori=0, pos=array([ 0.,  0.]), rgb=array([ 255.,  255.,  255.]), text=u'+', units=u'norm', win=Window(...), wrapWidth=1)
19.3496 	EXP 	Created image_3 = ImageStim(autoLog=True, color=array([ 1.,  1.,  1.]), colorSpace='rgb', contrast=1.0, depth=-1.0, flipHoriz=False, flipVert=False, image='sin', interpolate=True, mask=None, maskParams=None, name='image_3', opacity=1.0, ori=0.0, pos=array([ 0.,  0.]), size=array([ 1.5,  1.5]), texRes=128, units=u'norm', win=Window(...))
19.3626 	EXP 	Created Timer = TextStim(alignHoriz='center', alignVert='center', antialias=True, autoLog=True, bold=False, color='white', colorSpace='named', contrast=1.0, depth=-3.0, flipHoriz=False, flipVert=False, font='Arial', fontFiles=[], height=0.1, italic=False, name='Timer', opacity=1.0, ori=0, pos=array([ 0.  ,  0.85]), rgb=array([ 255.,  255.,  255.]), text=u'default text', units=u'norm', win=Window(...), wrapWidth=1)
19.3644 	EXP 	Created text = TextStim(alignHoriz='center', alignVert='center', antialias=True, autoLog=True, bold=False, color='white', colorSpace='named', contrast=1.0, depth=-1.0, flipHoriz=False, flipVert=False, font='Arial', fontFiles=[], height=0.1, italic=False, name='text', opacity=1.0, ori=0, pos=array([ 0.,  0.]), rgb=array([ 255.,  255.,  255.]), text='', units=u'norm', win=Window(...), wrapWidth=1)
20.7899 	EXP 	Imported Settings_ConCube.xlsx as conditions, 36 conditions, 8 params
20.7912 	EXP 	Created sequence: sequential, trialTypes=36, nReps=1, seed=None
20.7926 	EXP 	New trial (rep=0, index=0): {u'xPos': None, u'probNum': None, u'Img': u'Img/30.jpg', u'CorrKey': u'space', u'TestType': None, u'yPos': None, u'CorrAns': u'space', u'Type': u'Inst'}
20.7942 	EXP 	Created sequence: sequential, trialTypes=1, nReps=0, seed=None
20.7950 	EXP 	Created sequence: sequential, trialTypes=1, nReps=0, seed=None
20.7955 	EXP 	Created sequence: sequential, trialTypes=1, nReps=1, seed=None
20.7959 	EXP 	New trial (rep=0, index=0): None
20.9176 	EXP 	image_2: image = u'Img/30.jpg'
20.9176 	EXP 	image_2: autoDraw = True
28.2479 	DATA 	Keypress: space
28.2488 	EXP 	Created sequence: sequential, trialTypes=1, nReps=0, seed=None
28.2496 	EXP 	Created sequence: sequential, trialTypes=1, nReps=0, seed=None
28.2505 	EXP 	New trial (rep=0, index=1): {u'xPos': None, u'probNum': None, u'Img': u'Img/31.jpg', u'CorrKey': u'space', u'TestType': None, u'yPos': None, u'CorrAns': u'space', u'Type': u'Inst'}
28.2518 	EXP 	Created sequence: sequential, trialTypes=1, nReps=0, seed=None
28.2522 	EXP 	Created sequence: sequential, trialTypes=1, nReps=0, seed=None
28.2526 	EXP 	Created sequence: sequential, trialTypes=1, nReps=1, seed=None
28.2535 	EXP 	New trial (rep=0, index=0): None
28.3476 	EXP 	image_2: autoDraw = False
28.3476 	EXP 	image_2: image = u'Img/31.jpg'
28.3476 	EXP 	image_2: autoDraw = True
31.3472 	DATA 	Keypress: space
31.3487 	EXP 	Created sequence: sequential, trialTypes=1, nReps=0, seed=None
31.3496 	EXP 	Created sequence: sequential, trialTypes=1, nReps=0, seed=None
31.3510 	EXP 	New trial (rep=0, index=2): {u'xPos': None, u'probNum': None, u'Img': u'Img/32.jpg', u'CorrKey': u'space', u'TestType': None, u'yPos': None, u'CorrAns': u'space', u'Type': u'Inst'}
31.3524 	EXP 	Created sequence: sequential, trialTypes=1, nReps=0, seed=None
31.3528 	EXP 	Created sequence: sequential, trialTypes=1, nReps=0, seed=None
31.3533 	EXP 	Created sequence: sequential, trialTypes=1, nReps=1, seed=None
31.3538 	EXP 	New trial (rep=0, index=0): None
31.4579 	EXP 	image_2: autoDraw = False
31.4579 	EXP 	image_2: image = u'Img/32.jpg'
31.4579 	EXP 	image_2: autoDraw = True
46.7057 	DATA 	Keypress: space
46.7065 	EXP 	Created sequence: sequential, trialTypes=1, nReps=0, seed=None
46.7074 	EXP 	Created sequence: sequential, trialTypes=1, nReps=0, seed=None
46.7087 	EXP 	New trial (rep=0, index=3): {u'xPos': None, u'probNum': None, u'Img': u'Img/33.jpg', u'CorrKey': u'space', u'TestType': None, u'yPos': None, u'CorrAns': u'space', u'Type': u'Inst'}
46.7097 	EXP 	Created sequence: sequential, trialTypes=1, nReps=0, seed=None
46.7102 	EXP 	Created sequence: sequential, trialTypes=1, nReps=0, seed=None
46.7106 	EXP 	Created sequence: sequential, trialTypes=1, nReps=1, seed=None
46.7110 	EXP 	New trial (rep=0, index=0): None
46.8214 	EXP 	image_2: autoDraw = False
46.8214 	EXP 	image_2: image = u'Img/33.jpg'
46.8214 	EXP 	image_2: autoDraw = True
48.3964 	DATA 	Keypress: space
48.3973 	EXP 	Created sequence: sequential, trialTypes=1, nReps=0, seed=None
48.3977 	EXP 	Created sequence: sequential, trialTypes=1, nReps=0, seed=None
48.3984 	EXP 	New trial (rep=0, index=4): {u'xPos': None, u'probNum': None, u'Img': u'Img/34.jpg', u'CorrKey': u'left', u'TestType': None, u'yPos': None, u'CorrAns': u'left', u'Type': u'Dumm'}
48.3993 	EXP 	Created sequence: sequential, trialTypes=1, nReps=0, seed=None
48.3997 	EXP 	Created sequence: sequential, trialTypes=1, nReps=1, seed=None
48.4002 	EXP 	New trial (rep=0, index=0): None
48.4970 	EXP 	image_2: autoDraw = False
48.4970 	EXP 	image: image = u'Img/34.jpg'
48.4970 	EXP 	dummy_start: autoDraw = True
50.4209 	EXP 	dummy_start: autoDraw = False
50.4209 	EXP 	image: autoDraw = True
56.2143 	DATA 	Keypress: right
56.2867 	EXP 	dummy_start: autoDraw = False
56.2867 	EXP 	image: autoDraw = False
56.2867 	EXP 	message: text = 'Wrong \n \n Response time = 5.794'
56.2867 	EXP 	message: autoDraw = True
59.2136 	EXP 	Created sequence: sequential, trialTypes=1, nReps=0, seed=None
59.2141 	EXP 	Created sequence: sequential, trialTypes=1, nReps=0, seed=None
59.2146 	EXP 	Created sequence: sequential, trialTypes=1, nReps=0, seed=None
59.2152 	EXP 	New trial (rep=0, index=5): {u'xPos': None, u'probNum': None, u'Img': u'Img/35.jpg', u'CorrKey': u'right', u'TestType': None, u'yPos': None, u'CorrAns': u'right', u'Type': u'Dumm'}
59.2161 	EXP 	Created sequence: sequential, trialTypes=1, nReps=0, seed=None
59.2166 	EXP 	Created sequence: sequential, trialTypes=1, nReps=1, seed=None
59.2171 	EXP 	New trial (rep=0, index=0): None
59.3142 	EXP 	message: autoDraw = False
59.3142 	EXP 	message: autoDraw = False
59.3142 	EXP 	image: image = u'Img/35.jpg'
59.3142 	EXP 	dummy_start: autoDraw = True
61.2270 	EXP 	dummy_start: autoDraw = False
61.2442 	EXP 	image: autoDraw = True
71.1272 	DATA 	Keypress: right
71.1770 	EXP 	dummy_start: autoDraw = False
71.1770 	EXP 	image: autoDraw = False
71.1770 	EXP 	message: text = 'Good! \n \n \n Response time = 9.883'
71.1770 	EXP 	message: autoDraw = True
74.1317 	EXP 	Created sequence: sequential, trialTypes=1, nReps=0, seed=None
74.1326 	EXP 	Created sequence: sequential, trialTypes=1, nReps=0, seed=None
74.1333 	EXP 	Created sequence: sequential, trialTypes=1, nReps=0, seed=None
74.1343 	EXP 	New trial (rep=0, index=6): {u'xPos': None, u'probNum': None, u'Img': u'Img/36.jpg', u'CorrKey': u'space', u'TestType': None, u'yPos': None, u'CorrAns': u'space', u'Type': u'Inst'}
74.1357 	EXP 	Created sequence: sequential, trialTypes=1, nReps=0, seed=None
74.1364 	EXP 	Created sequence: sequential, trialTypes=1, nReps=0, seed=None
74.1371 	EXP 	Created sequence: sequential, trialTypes=1, nReps=1, seed=None
74.1379 	EXP 	New trial (rep=0, index=0): None
74.2317 	EXP 	message: autoDraw = False
74.2317 	EXP 	message: autoDraw = False
74.2317 	EXP 	image_2: image = u'Img/36.jpg'
74.2317 	EXP 	image_2: autoDraw = True
90.5306 	DATA 	Keypress: space
90.5313 	EXP 	Created sequence: sequential, trialTypes=1, nReps=0, seed=None
90.5318 	EXP 	Created sequence: sequential, trialTypes=1, nReps=0, seed=None
90.5324 	EXP 	New trial (rep=0, index=7): {u'xPos': -620, u'probNum': None, u'Img': None, u'CorrKey': None, u'TestType': u'OpenSession', u'yPos': 580, u'CorrAns': None, u'Type': u'Mouse'}
90.5333 	EXP 	Created sequence: sequential, trialTypes=1, nReps=0, seed=None
90.5338 	EXP 	Created sequence: sequential, trialTypes=1, nReps=0, seed=None
90.5342 	EXP 	Created sequence: sequential, trialTypes=1, nReps=0, seed=None
90.5346 	EXP 	Created sequence: sequential, trialTypes=1, nReps=0, seed=None
90.5350 	EXP 	Created sequence: sequential, trialTypes=1, nReps=1, seed=None
90.5355 	EXP 	New trial (rep=0, index=0): None
90.5634 	EXP 	image_2: autoDraw = False
90.5634 	EXP 	text: autoDraw = True
90.6375 	EXP 	New trial (rep=0, index=8): {u'xPos': 100, u'probNum': None, u'Img': None, u'CorrKey': None, u'TestType': u'Back_to_Test', u'yPos': 100, u'CorrAns': None, u'Type': u'Mouse'}
90.6387 	EXP 	Created sequence: sequential, trialTypes=1, nReps=0, seed=None
90.6395 	EXP 	Created sequence: sequential, trialTypes=1, nReps=0, seed=None
90.6403 	EXP 	Created sequence: sequential, trialTypes=1, nReps=0, seed=None
90.6413 	EXP 	Created sequence: sequential, trialTypes=1, nReps=0, seed=None
90.6425 	EXP 	Created sequence: sequential, trialTypes=1, nReps=1, seed=None
90.6434 	EXP 	New trial (rep=0, index=0): None
90.6513 	DATA 	Mouse: Left button down, pos=(100,668)
90.6624 	DATA 	Mouse:  Left button up, pos=(100,668)
90.6863 	EXP 	text: autoDraw = False
90.6863 	EXP 	text: autoDraw = True
90.7378 	EXP 	New trial (rep=0, index=9): {u'xPos': None, u'probNum': 1, u'Img': u'Img/37.jpg', u'CorrKey': u'right', u'TestType': u'ConnectCube', u'yPos': None, u'CorrAns': u'right', u'Type': u'Test'}
90.7411 	EXP 	Created sequence: sequential, trialTypes=1, nReps=0, seed=None
90.7421 	EXP 	Created sequence: sequential, trialTypes=1, nReps=0, seed=None
90.7427 	EXP 	Created sequence: sequential, trialTypes=1, nReps=0, seed=None
90.7431 	EXP 	Created sequence: sequential, trialTypes=1, nReps=1, seed=None
90.7438 	EXP 	New trial (rep=0, index=0): None
90.8370 	EXP 	text: autoDraw = False
90.8370 	EXP 	text: autoDraw = False
90.8370 	EXP 	image_3: image = u'Img/37.jpg'
90.8370 	EXP 	test_start_txt: autoDraw = True
92.7655 	EXP 	test_start_txt: autoDraw = False
92.7655 	EXP 	image_3: autoDraw = True
97.1707 	DATA 	Keypress: right
97.1878 	EXP 	Created sequence: sequential, trialTypes=1, nReps=0, seed=None
97.1884 	EXP 	New trial (rep=0, index=10): {u'xPos': None, u'probNum': 2, u'Img': u'Img/38.jpg', u'CorrKey': u'left', u'TestType': u'ConnectCube', u'yPos': None, u'CorrAns': u'left', u'Type': u'Test'}
97.1893 	EXP 	Created sequence: sequential, trialTypes=1, nReps=0, seed=None
97.1898 	EXP 	Created sequence: sequential, trialTypes=1, nReps=0, seed=None
97.1904 	EXP 	Created sequence: sequential, trialTypes=1, nReps=0, seed=None
97.1909 	EXP 	Created sequence: sequential, trialTypes=1, nReps=1, seed=None
97.1913 	EXP 	New trial (rep=0, index=0): None
97.2707 	EXP 	test_start_txt: autoDraw = False
97.2707 	EXP 	image_3: autoDraw = False
97.2707 	EXP 	Timer: autoDraw = False
97.2707 	EXP 	image_3: image = u'Img/38.jpg'
97.2707 	EXP 	test_start_txt: autoDraw = True
99.1962 	EXP 	test_start_txt: autoDraw = False
99.2128 	EXP 	image_3: autoDraw = True
105.2038 	DATA 	Keypress: left
105.2062 	EXP 	Created sequence: sequential, trialTypes=1, nReps=0, seed=None
105.2068 	EXP 	New trial (rep=0, index=11): {u'xPos': None, u'probNum': 3, u'Img': u'Img/39.jpg', u'CorrKey': u'left', u'TestType': u'ConnectCube', u'yPos': None, u'CorrAns': u'left', u'Type': u'Test'}
105.2078 	EXP 	Created sequence: sequential, trialTypes=1, nReps=0, seed=None
105.2083 	EXP 	Created sequence: sequential, trialTypes=1, nReps=0, seed=None
105.2088 	EXP 	Created sequence: sequential, trialTypes=1, nReps=0, seed=None
105.2092 	EXP 	Created sequence: sequential, trialTypes=1, nReps=1, seed=None
105.2097 	EXP 	New trial (rep=0, index=0): None
105.2877 	EXP 	test_start_txt: autoDraw = False
105.2877 	EXP 	image_3: autoDraw = False
105.2877 	EXP 	Timer: autoDraw = False
105.2877 	EXP 	image_3: image = u'Img/39.jpg'
105.2877 	EXP 	test_start_txt: autoDraw = True
107.2142 	EXP 	test_start_txt: autoDraw = False
107.2325 	EXP 	image_3: autoDraw = True
117.2327 	EXP 	Timer: autoDraw = True
117.6077 	DATA 	Keypress: left
117.6148 	EXP 	Created sequence: sequential, trialTypes=1, nReps=0, seed=None
117.6154 	EXP 	New trial (rep=0, index=12): {u'xPos': None, u'probNum': 4, u'Img': u'Img/40.jpg', u'CorrKey': u'right', u'TestType': u'ConnectCube', u'yPos': None, u'CorrAns': u'right', u'Type': u'Test'}
117.6166 	EXP 	Created sequence: sequential, trialTypes=1, nReps=0, seed=None
117.6172 	EXP 	Created sequence: sequential, trialTypes=1, nReps=0, seed=None
117.6176 	EXP 	Created sequence: sequential, trialTypes=1, nReps=0, seed=None
117.6181 	EXP 	Created sequence: sequential, trialTypes=1, nReps=1, seed=None
117.6185 	EXP 	New trial (rep=0, index=0): None
117.6963 	EXP 	test_start_txt: autoDraw = False
117.6963 	EXP 	image_3: autoDraw = False
117.6963 	EXP 	Timer: autoDraw = False
117.6963 	EXP 	image_3: image = u'Img/40.jpg'
117.6963 	EXP 	test_start_txt: autoDraw = True
119.6466 	EXP 	test_start_txt: autoDraw = False
119.6466 	EXP 	image_3: autoDraw = True
127.8396 	DATA 	Keypress: right
127.8414 	EXP 	Created sequence: sequential, trialTypes=1, nReps=0, seed=None
127.8420 	EXP 	New trial (rep=0, index=13): {u'xPos': None, u'probNum': 5, u'Img': u'Img/41.jpg', u'CorrKey': u'right', u'TestType': u'ConnectCube', u'yPos': None, u'CorrAns': u'right', u'Type': u'Test'}
127.8430 	EXP 	Created sequence: sequential, trialTypes=1, nReps=0, seed=None
127.8434 	EXP 	Created sequence: sequential, trialTypes=1, nReps=0, seed=None
127.8439 	EXP 	Created sequence: sequential, trialTypes=1, nReps=0, seed=None
127.8443 	EXP 	Created sequence: sequential, trialTypes=1, nReps=1, seed=None
127.8449 	EXP 	New trial (rep=0, index=0): None
127.9401 	EXP 	test_start_txt: autoDraw = False
127.9401 	EXP 	image_3: autoDraw = False
127.9401 	EXP 	Timer: autoDraw = False
127.9401 	EXP 	image_3: image = u'Img/41.jpg'
127.9401 	EXP 	test_start_txt: autoDraw = True
129.8527 	EXP 	test_start_txt: autoDraw = False
129.8767 	EXP 	image_3: autoDraw = True
137.9804 	DATA 	Keypress: right
137.9823 	EXP 	Created sequence: sequential, trialTypes=1, nReps=0, seed=None
137.9829 	EXP 	New trial (rep=0, index=14): {u'xPos': None, u'probNum': 6, u'Img': u'Img/42.jpg', u'CorrKey': u'right', u'TestType': u'ConnectCube', u'yPos': None, u'CorrAns': u'right', u'Type': u'Test'}
137.9838 	EXP 	Created sequence: sequential, trialTypes=1, nReps=0, seed=None
137.9843 	EXP 	Created sequence: sequential, trialTypes=1, nReps=0, seed=None
137.9848 	EXP 	Created sequence: sequential, trialTypes=1, nReps=0, seed=None
137.9852 	EXP 	Created sequence: sequential, trialTypes=1, nReps=1, seed=None
137.9857 	EXP 	New trial (rep=0, index=0): None
138.0640 	EXP 	test_start_txt: autoDraw = False
138.0640 	EXP 	image_3: autoDraw = False
138.0640 	EXP 	Timer: autoDraw = False
138.0640 	EXP 	image_3: image = u'Img/42.jpg'
138.0640 	EXP 	test_start_txt: autoDraw = True
140.0066 	EXP 	test_start_txt: autoDraw = False
140.0234 	EXP 	image_3: autoDraw = True
150.0127 	EXP 	Timer: autoDraw = True
150.6256 	DATA 	Keypress: right
150.6432 	EXP 	Created sequence: sequential, trialTypes=1, nReps=0, seed=None
150.6438 	EXP 	New trial (rep=0, index=15): {u'xPos': None, u'probNum': 7, u'Img': u'Img/43.jpg', u'CorrKey': u'left', u'TestType': u'ConnectCube', u'yPos': None, u'CorrAns': u'left', u'Type': u'Test'}
150.6448 	EXP 	Created sequence: sequential, trialTypes=1, nReps=0, seed=None
150.6452 	EXP 	Created sequence: sequential, trialTypes=1, nReps=0, seed=None
150.6456 	EXP 	Created sequence: sequential, trialTypes=1, nReps=0, seed=None
150.6460 	EXP 	Created sequence: sequential, trialTypes=1, nReps=1, seed=None
150.6465 	EXP 	New trial (rep=0, index=0): None
150.7368 	EXP 	test_start_txt: autoDraw = False
150.7368 	EXP 	image_3: autoDraw = False
150.7368 	EXP 	Timer: autoDraw = False
150.7368 	EXP 	image_3: image = u'Img/43.jpg'
150.7368 	EXP 	test_start_txt: autoDraw = True
152.6556 	EXP 	test_start_txt: autoDraw = False
152.6725 	EXP 	image_3: autoDraw = True
157.8962 	DATA 	Keypress: left
157.8981 	EXP 	Created sequence: sequential, trialTypes=1, nReps=0, seed=None
157.8986 	EXP 	New trial (rep=0, index=16): {u'xPos': None, u'probNum': 8, u'Img': u'Img/44.jpg', u'CorrKey': u'left', u'TestType': u'ConnectCube', u'yPos': None, u'CorrAns': u'left', u'Type': u'Test'}
157.8997 	EXP 	Created sequence: sequential, trialTypes=1, nReps=0, seed=None
157.9001 	EXP 	Created sequence: sequential, trialTypes=1, nReps=0, seed=None
157.9005 	EXP 	Created sequence: sequential, trialTypes=1, nReps=0, seed=None
157.9016 	EXP 	Created sequence: sequential, trialTypes=1, nReps=1, seed=None
157.9021 	EXP 	New trial (rep=0, index=0): None
157.9967 	EXP 	test_start_txt: autoDraw = False
157.9967 	EXP 	image_3: autoDraw = False
157.9967 	EXP 	Timer: autoDraw = False
157.9967 	EXP 	image_3: image = u'Img/44.jpg'
157.9967 	EXP 	test_start_txt: autoDraw = True
159.9092 	EXP 	test_start_txt: autoDraw = False
159.9258 	EXP 	image_3: autoDraw = True
167.5176 	DATA 	Keypress: left
167.5198 	EXP 	Created sequence: sequential, trialTypes=1, nReps=0, seed=None
167.5203 	EXP 	New trial (rep=0, index=17): {u'xPos': None, u'probNum': 9, u'Img': u'Img/45.jpg', u'CorrKey': u'right', u'TestType': u'ConnectCube', u'yPos': None, u'CorrAns': u'right', u'Type': u'Test'}
167.5213 	EXP 	Created sequence: sequential, trialTypes=1, nReps=0, seed=None
167.5218 	EXP 	Created sequence: sequential, trialTypes=1, nReps=0, seed=None
167.5222 	EXP 	Created sequence: sequential, trialTypes=1, nReps=0, seed=None
167.5226 	EXP 	Created sequence: sequential, trialTypes=1, nReps=1, seed=None
167.5231 	EXP 	New trial (rep=0, index=0): None
167.6160 	EXP 	test_start_txt: autoDraw = False
167.6160 	EXP 	image_3: autoDraw = False
167.6160 	EXP 	Timer: autoDraw = False
167.6160 	EXP 	image_3: image = u'Img/45.jpg'
167.6160 	EXP 	test_start_txt: autoDraw = True
169.5292 	EXP 	test_start_txt: autoDraw = False
169.5457 	EXP 	image_3: autoDraw = True
175.0567 	DATA 	Keypress: right
175.0586 	EXP 	Created sequence: sequential, trialTypes=1, nReps=0, seed=None
175.0592 	EXP 	New trial (rep=0, index=18): {u'xPos': None, u'probNum': 10, u'Img': u'Img/46.jpg', u'CorrKey': u'right', u'TestType': u'ConnectCube', u'yPos': None, u'CorrAns': u'right', u'Type': u'Test'}
175.0601 	EXP 	Created sequence: sequential, trialTypes=1, nReps=0, seed=None
175.0606 	EXP 	Created sequence: sequential, trialTypes=1, nReps=0, seed=None
175.0610 	EXP 	Created sequence: sequential, trialTypes=1, nReps=0, seed=None
175.0614 	EXP 	Created sequence: sequential, trialTypes=1, nReps=1, seed=None
175.0620 	EXP 	New trial (rep=0, index=0): None
175.1575 	EXP 	test_start_txt: autoDraw = False
175.1575 	EXP 	image_3: autoDraw = False
175.1575 	EXP 	Timer: autoDraw = False
175.1575 	EXP 	image_3: image = u'Img/46.jpg'
175.1575 	EXP 	test_start_txt: autoDraw = True
177.0861 	EXP 	test_start_txt: autoDraw = False
177.0861 	EXP 	image_3: autoDraw = True
186.4705 	DATA 	Keypress: right
186.4725 	EXP 	Created sequence: sequential, trialTypes=1, nReps=0, seed=None
186.4731 	EXP 	New trial (rep=0, index=19): {u'xPos': None, u'probNum': 11, u'Img': u'Img/47.jpg', u'CorrKey': u'left', u'TestType': u'ConnectCube', u'yPos': None, u'CorrAns': u'left', u'Type': u'Test'}
186.4744 	EXP 	Created sequence: sequential, trialTypes=1, nReps=0, seed=None
186.4754 	EXP 	Created sequence: sequential, trialTypes=1, nReps=0, seed=None
186.4766 	EXP 	Created sequence: sequential, trialTypes=1, nReps=0, seed=None
186.4774 	EXP 	Created sequence: sequential, trialTypes=1, nReps=1, seed=None
186.4784 	EXP 	New trial (rep=0, index=0): None
186.5771 	EXP 	test_start_txt: autoDraw = False
186.5771 	EXP 	image_3: autoDraw = False
186.5771 	EXP 	Timer: autoDraw = False
186.5771 	EXP 	image_3: image = u'Img/47.jpg'
186.5771 	EXP 	test_start_txt: autoDraw = True
188.4964 	EXP 	test_start_txt: autoDraw = False
188.5178 	EXP 	image_3: autoDraw = True
195.7368 	DATA 	Keypress: left
195.7388 	EXP 	Created sequence: sequential, trialTypes=1, nReps=0, seed=None
195.7394 	EXP 	New trial (rep=0, index=20): {u'xPos': None, u'probNum': 12, u'Img': u'Img/48.jpg', u'CorrKey': u'left', u'TestType': u'ConnectCube', u'yPos': None, u'CorrAns': u'left', u'Type': u'Test'}
195.7410 	EXP 	Created sequence: sequential, trialTypes=1, nReps=0, seed=None
195.7416 	EXP 	Created sequence: sequential, trialTypes=1, nReps=0, seed=None
195.7421 	EXP 	Created sequence: sequential, trialTypes=1, nReps=0, seed=None
195.7425 	EXP 	Created sequence: sequential, trialTypes=1, nReps=1, seed=None
195.7430 	EXP 	New trial (rep=0, index=0): None
195.8191 	EXP 	test_start_txt: autoDraw = False
195.8191 	EXP 	image_3: autoDraw = False
195.8191 	EXP 	Timer: autoDraw = False
195.8191 	EXP 	image_3: image = u'Img/48.jpg'
195.8191 	EXP 	test_start_txt: autoDraw = True
197.7659 	EXP 	test_start_txt: autoDraw = False
197.7821 	EXP 	image_3: autoDraw = True
201.7919 	DATA 	Keypress: left
201.7937 	EXP 	Created sequence: sequential, trialTypes=1, nReps=0, seed=None
201.7943 	EXP 	New trial (rep=0, index=21): {u'xPos': None, u'probNum': 13, u'Img': u'Img/49.jpg', u'CorrKey': u'right', u'TestType': u'ConnectCube', u'yPos': None, u'CorrAns': u'right', u'Type': u'Test'}
201.7952 	EXP 	Created sequence: sequential, trialTypes=1, nReps=0, seed=None
201.7957 	EXP 	Created sequence: sequential, trialTypes=1, nReps=0, seed=None
201.7961 	EXP 	Created sequence: sequential, trialTypes=1, nReps=0, seed=None
201.7965 	EXP 	Created sequence: sequential, trialTypes=1, nReps=1, seed=None
201.7970 	EXP 	New trial (rep=0, index=0): None
201.8744 	EXP 	test_start_txt: autoDraw = False
201.8744 	EXP 	image_3: autoDraw = False
201.8744 	EXP 	Timer: autoDraw = False
201.8744 	EXP 	image_3: image = u'Img/49.jpg'
201.8744 	EXP 	test_start_txt: autoDraw = True
203.8150 	EXP 	test_start_txt: autoDraw = False
203.8317 	EXP 	image_3: autoDraw = True
211.8468 	DATA 	Keypress: right
211.8487 	EXP 	Created sequence: sequential, trialTypes=1, nReps=0, seed=None
211.8493 	EXP 	New trial (rep=0, index=22): {u'xPos': None, u'probNum': 14, u'Img': u'Img/50.jpg', u'CorrKey': u'left', u'TestType': u'ConnectCube', u'yPos': None, u'CorrAns': u'left', u'Type': u'Test'}
211.8503 	EXP 	Created sequence: sequential, trialTypes=1, nReps=0, seed=None
211.8508 	EXP 	Created sequence: sequential, trialTypes=1, nReps=0, seed=None
211.8512 	EXP 	Created sequence: sequential, trialTypes=1, nReps=0, seed=None
211.8518 	EXP 	Created sequence: sequential, trialTypes=1, nReps=1, seed=None
211.8525 	EXP 	New trial (rep=0, index=0): None
211.9469 	EXP 	test_start_txt: autoDraw = False
211.9469 	EXP 	image_3: autoDraw = False
211.9469 	EXP 	Timer: autoDraw = False
211.9469 	EXP 	image_3: image = u'Img/50.jpg'
211.9469 	EXP 	test_start_txt: autoDraw = True
213.8704 	EXP 	test_start_txt: autoDraw = False
213.8704 	EXP 	image_3: autoDraw = True
219.1265 	DATA 	Keypress: left
219.1284 	EXP 	Created sequence: sequential, trialTypes=1, nReps=0, seed=None
219.1290 	EXP 	New trial (rep=0, index=23): {u'xPos': None, u'probNum': 15, u'Img': u'Img/51.jpg', u'CorrKey': u'left', u'TestType': u'ConnectCube', u'yPos': None, u'CorrAns': u'left', u'Type': u'Test'}
219.1300 	EXP 	Created sequence: sequential, trialTypes=1, nReps=0, seed=None
219.1308 	EXP 	Created sequence: sequential, trialTypes=1, nReps=0, seed=None
219.1315 	EXP 	Created sequence: sequential, trialTypes=1, nReps=0, seed=None
219.1319 	EXP 	Created sequence: sequential, trialTypes=1, nReps=1, seed=None
219.1325 	EXP 	New trial (rep=0, index=0): None
219.2094 	EXP 	test_start_txt: autoDraw = False
219.2094 	EXP 	image_3: autoDraw = False
219.2094 	EXP 	Timer: autoDraw = False
219.2094 	EXP 	image_3: image = u'Img/51.jpg'
219.2094 	EXP 	test_start_txt: autoDraw = True
221.1470 	EXP 	test_start_txt: autoDraw = False
221.1616 	EXP 	image_3: autoDraw = True
231.0259 	DATA 	Keypress: left
231.0282 	EXP 	Created sequence: sequential, trialTypes=1, nReps=0, seed=None
231.0291 	EXP 	New trial (rep=0, index=24): {u'xPos': None, u'probNum': 16, u'Img': u'Img/52.jpg', u'CorrKey': u'right', u'TestType': u'ConnectCube', u'yPos': None, u'CorrAns': u'right', u'Type': u'Test'}
231.0306 	EXP 	Created sequence: sequential, trialTypes=1, nReps=0, seed=None
231.0313 	EXP 	Created sequence: sequential, trialTypes=1, nReps=0, seed=None
231.0317 	EXP 	Created sequence: sequential, trialTypes=1, nReps=0, seed=None
231.0321 	EXP 	Created sequence: sequential, trialTypes=1, nReps=1, seed=None
231.0326 	EXP 	New trial (rep=0, index=0): None
231.1365 	EXP 	test_start_txt: autoDraw = False
231.1365 	EXP 	image_3: autoDraw = False
231.1365 	EXP 	Timer: autoDraw = False
231.1365 	EXP 	image_3: image = u'Img/52.jpg'
231.1365 	EXP 	test_start_txt: autoDraw = True
233.0430 	EXP 	test_start_txt: autoDraw = False
233.0593 	EXP 	image_3: autoDraw = True
236.1401 	DATA 	Keypress: right
236.1432 	EXP 	Created sequence: sequential, trialTypes=1, nReps=0, seed=None
236.1440 	EXP 	New trial (rep=0, index=25): {u'xPos': None, u'probNum': 17, u'Img': u'Img/53.jpg', u'CorrKey': u'left', u'TestType': u'ConnectCube', u'yPos': None, u'CorrAns': u'left', u'Type': u'Test'}
236.1456 	EXP 	Created sequence: sequential, trialTypes=1, nReps=0, seed=None
236.1462 	EXP 	Created sequence: sequential, trialTypes=1, nReps=0, seed=None
236.1466 	EXP 	Created sequence: sequential, trialTypes=1, nReps=0, seed=None
236.1471 	EXP 	Created sequence: sequential, trialTypes=1, nReps=1, seed=None
236.1475 	EXP 	New trial (rep=0, index=0): None
236.2362 	EXP 	test_start_txt: autoDraw = False
236.2362 	EXP 	image_3: autoDraw = False
236.2362 	EXP 	Timer: autoDraw = False
236.2362 	EXP 	image_3: image = u'Img/53.jpg'
236.2362 	EXP 	test_start_txt: autoDraw = True
238.1556 	EXP 	test_start_txt: autoDraw = False
238.1721 	EXP 	image_3: autoDraw = True
248.1960 	EXP 	Timer: autoDraw = True
250.2490 	DATA 	Keypress: right
250.2596 	EXP 	Created sequence: sequential, trialTypes=1, nReps=0, seed=None
250.2605 	EXP 	New trial (rep=0, index=26): {u'xPos': None, u'probNum': 18, u'Img': u'Img/54.jpg', u'CorrKey': u'right', u'TestType': u'ConnectCube', u'yPos': None, u'CorrAns': u'right', u'Type': u'Test'}
250.2619 	EXP 	Created sequence: sequential, trialTypes=1, nReps=0, seed=None
250.2627 	EXP 	Created sequence: sequential, trialTypes=1, nReps=0, seed=None
250.2633 	EXP 	Created sequence: sequential, trialTypes=1, nReps=0, seed=None
250.2640 	EXP 	Created sequence: sequential, trialTypes=1, nReps=1, seed=None
250.2648 	EXP 	New trial (rep=0, index=0): None
250.3657 	EXP 	test_start_txt: autoDraw = False
250.3657 	EXP 	image_3: autoDraw = False
250.3657 	EXP 	Timer: autoDraw = False
250.3657 	EXP 	image_3: image = u'Img/54.jpg'
250.3657 	EXP 	test_start_txt: autoDraw = True
252.2722 	EXP 	test_start_txt: autoDraw = False
252.2925 	EXP 	image_3: autoDraw = True
261.8764 	DATA 	Keypress: right
261.8792 	EXP 	Created sequence: sequential, trialTypes=1, nReps=0, seed=None
261.8801 	EXP 	New trial (rep=0, index=27): {u'xPos': None, u'probNum': 19, u'Img': u'Img/55.jpg', u'CorrKey': u'left', u'TestType': u'ConnectCube', u'yPos': None, u'CorrAns': u'left', u'Type': u'Test'}
261.8815 	EXP 	Created sequence: sequential, trialTypes=1, nReps=0, seed=None
261.8822 	EXP 	Created sequence: sequential, trialTypes=1, nReps=0, seed=None
261.8831 	EXP 	Created sequence: sequential, trialTypes=1, nReps=0, seed=None
261.8838 	EXP 	Created sequence: sequential, trialTypes=1, nReps=1, seed=None
261.8846 	EXP 	New trial (rep=0, index=0): None
261.9759 	EXP 	test_start_txt: autoDraw = False
261.9759 	EXP 	image_3: autoDraw = False
261.9759 	EXP 	Timer: autoDraw = False
261.9759 	EXP 	image_3: image = u'Img/55.jpg'
261.9759 	EXP 	test_start_txt: autoDraw = True
263.8925 	EXP 	test_start_txt: autoDraw = False
263.9087 	EXP 	image_3: autoDraw = True
273.5862 	DATA 	Keypress: left
273.5880 	EXP 	Created sequence: sequential, trialTypes=1, nReps=0, seed=None
273.5886 	EXP 	New trial (rep=0, index=28): {u'xPos': None, u'probNum': 20, u'Img': u'Img/56.jpg', u'CorrKey': u'right', u'TestType': u'ConnectCube', u'yPos': None, u'CorrAns': u'right', u'Type': u'Test'}
273.5896 	EXP 	Created sequence: sequential, trialTypes=1, nReps=0, seed=None
273.5900 	EXP 	Created sequence: sequential, trialTypes=1, nReps=0, seed=None
273.5905 	EXP 	Created sequence: sequential, trialTypes=1, nReps=0, seed=None
273.5909 	EXP 	Created sequence: sequential, trialTypes=1, nReps=1, seed=None
273.5913 	EXP 	New trial (rep=0, index=0): None
273.6695 	EXP 	test_start_txt: autoDraw = False
273.6695 	EXP 	image_3: autoDraw = False
273.6695 	EXP 	Timer: autoDraw = False
273.6695 	EXP 	image_3: image = u'Img/56.jpg'
273.6695 	EXP 	test_start_txt: autoDraw = True
275.6082 	EXP 	test_start_txt: autoDraw = False
275.6251 	EXP 	image_3: autoDraw = True
283.6265 	DATA 	Keypress: right
283.6289 	EXP 	Created sequence: sequential, trialTypes=1, nReps=0, seed=None
283.6295 	EXP 	New trial (rep=0, index=29): {u'xPos': None, u'probNum': 21, u'Img': u'Img/57.jpg', u'CorrKey': u'right', u'TestType': u'ConnectCube', u'yPos': None, u'CorrAns': u'right', u'Type': u'Test'}
283.6304 	EXP 	Created sequence: sequential, trialTypes=1, nReps=0, seed=None
283.6309 	EXP 	Created sequence: sequential, trialTypes=1, nReps=0, seed=None
283.6313 	EXP 	Created sequence: sequential, trialTypes=1, nReps=0, seed=None
283.6317 	EXP 	Created sequence: sequential, trialTypes=1, nReps=1, seed=None
283.6322 	EXP 	New trial (rep=0, index=0): None
283.7096 	EXP 	test_start_txt: autoDraw = False
283.7096 	EXP 	image_3: autoDraw = False
283.7096 	EXP 	Timer: autoDraw = False
283.7096 	EXP 	image_3: image = u'Img/57.jpg'
283.7096 	EXP 	test_start_txt: autoDraw = True
285.6485 	EXP 	test_start_txt: autoDraw = False
285.6485 	EXP 	image_3: autoDraw = True
295.6783 	EXP 	Timer: autoDraw = True
298.2564 	DATA 	Keypress: right
298.2674 	EXP 	Created sequence: sequential, trialTypes=1, nReps=0, seed=None
298.2682 	EXP 	New trial (rep=0, index=30): {u'xPos': None, u'probNum': 22, u'Img': u'Img/58.jpg', u'CorrKey': u'right', u'TestType': u'ConnectCube', u'yPos': None, u'CorrAns': u'right', u'Type': u'Test'}
298.2695 	EXP 	Created sequence: sequential, trialTypes=1, nReps=0, seed=None
298.2704 	EXP 	Created sequence: sequential, trialTypes=1, nReps=0, seed=None
298.2715 	EXP 	Created sequence: sequential, trialTypes=1, nReps=0, seed=None
298.2723 	EXP 	Created sequence: sequential, trialTypes=1, nReps=1, seed=None
298.2730 	EXP 	New trial (rep=0, index=0): None
298.3720 	EXP 	test_start_txt: autoDraw = False
298.3720 	EXP 	image_3: autoDraw = False
298.3720 	EXP 	Timer: autoDraw = False
298.3720 	EXP 	image_3: image = u'Img/58.jpg'
298.3720 	EXP 	test_start_txt: autoDraw = True
300.3019 	EXP 	test_start_txt: autoDraw = False
300.3019 	EXP 	image_3: autoDraw = True
307.2992 	DATA 	Keypress: left
307.3019 	EXP 	Created sequence: sequential, trialTypes=1, nReps=0, seed=None
307.3026 	EXP 	New trial (rep=0, index=31): {u'xPos': None, u'probNum': 23, u'Img': u'Img/59.jpg', u'CorrKey': u'right', u'TestType': u'ConnectCube', u'yPos': None, u'CorrAns': u'right', u'Type': u'Test'}
307.3036 	EXP 	Created sequence: sequential, trialTypes=1, nReps=0, seed=None
307.3040 	EXP 	Created sequence: sequential, trialTypes=1, nReps=0, seed=None
307.3044 	EXP 	Created sequence: sequential, trialTypes=1, nReps=0, seed=None
307.3048 	EXP 	Created sequence: sequential, trialTypes=1, nReps=1, seed=None
307.3053 	EXP 	New trial (rep=0, index=0): None
307.4062 	EXP 	test_start_txt: autoDraw = False
307.4062 	EXP 	image_3: autoDraw = False
307.4062 	EXP 	Timer: autoDraw = False
307.4062 	EXP 	image_3: image = u'Img/59.jpg'
307.4062 	EXP 	test_start_txt: autoDraw = True
309.3146 	EXP 	test_start_txt: autoDraw = False
309.3310 	EXP 	image_3: autoDraw = True
314.0963 	DATA 	Keypress: left
314.0982 	EXP 	Created sequence: sequential, trialTypes=1, nReps=0, seed=None
314.0988 	EXP 	New trial (rep=0, index=32): {u'xPos': None, u'probNum': 24, u'Img': u'Img/60.jpg', u'CorrKey': u'left', u'TestType': u'ConnectCube', u'yPos': None, u'CorrAns': u'left', u'Type': u'Test'}
314.1002 	EXP 	Created sequence: sequential, trialTypes=1, nReps=0, seed=None
314.1008 	EXP 	Created sequence: sequential, trialTypes=1, nReps=0, seed=None
314.1013 	EXP 	Created sequence: sequential, trialTypes=1, nReps=0, seed=None
314.1018 	EXP 	Created sequence: sequential, trialTypes=1, nReps=1, seed=None
314.1022 	EXP 	New trial (rep=0, index=0): None
314.1963 	EXP 	test_start_txt: autoDraw = False
314.1963 	EXP 	image_3: autoDraw = False
314.1963 	EXP 	Timer: autoDraw = False
314.1963 	EXP 	image_3: image = u'Img/60.jpg'
314.1963 	EXP 	test_start_txt: autoDraw = True
316.1252 	EXP 	test_start_txt: autoDraw = False
316.1414 	EXP 	image_3: autoDraw = True
324.0688 	DATA 	Keypress: left
324.0707 	EXP 	Created sequence: sequential, trialTypes=1, nReps=0, seed=None
324.0712 	EXP 	New trial (rep=0, index=33): {u'xPos': None, u'probNum': None, u'Img': u'Img/61.jpg', u'CorrKey': u'space', u'TestType': None, u'yPos': None, u'CorrAns': u'space', u'Type': u'Inst'}
324.0722 	EXP 	Created sequence: sequential, trialTypes=1, nReps=0, seed=None
324.0726 	EXP 	Created sequence: sequential, trialTypes=1, nReps=0, seed=None
324.0731 	EXP 	Created sequence: sequential, trialTypes=1, nReps=1, seed=None
324.0735 	EXP 	New trial (rep=0, index=0): None
324.1690 	EXP 	test_start_txt: autoDraw = False
324.1690 	EXP 	image_3: autoDraw = False
324.1690 	EXP 	Timer: autoDraw = False
324.1690 	EXP 	image_2: image = u'Img/61.jpg'
324.1690 	EXP 	image_2: autoDraw = True
328.6133 	DATA 	Keypress: space
328.6149 	EXP 	Created sequence: sequential, trialTypes=1, nReps=0, seed=None
328.6156 	EXP 	Created sequence: sequential, trialTypes=1, nReps=0, seed=None
328.6166 	EXP 	New trial (rep=0, index=34): {u'xPos': None, u'probNum': None, u'Img': u'Img/62.jpg', u'CorrKey': u'space', u'TestType': None, u'yPos': None, u'CorrAns': u'space', u'Type': u'Inst'}
328.6181 	EXP 	Created sequence: sequential, trialTypes=1, nReps=0, seed=None
328.6196 	EXP 	Created sequence: sequential, trialTypes=1, nReps=0, seed=None
328.6203 	EXP 	Created sequence: sequential, trialTypes=1, nReps=1, seed=None
328.6210 	EXP 	New trial (rep=0, index=0): None
328.7131 	EXP 	image_2: autoDraw = False
328.7131 	EXP 	image_2: image = u'Img/62.jpg'
328.7131 	EXP 	image_2: autoDraw = True
329.7332 	DATA 	Keypress: space
329.7341 	EXP 	Created sequence: sequential, trialTypes=1, nReps=0, seed=None
329.7346 	EXP 	Created sequence: sequential, trialTypes=1, nReps=0, seed=None
329.7353 	EXP 	New trial (rep=0, index=35): {u'xPos': -1200, u'probNum': None, u'Img': None, u'CorrKey': None, u'TestType': u'CloseSession', u'yPos': 60, u'CorrAns': None, u'Type': u'Mouse'}
329.7362 	EXP 	Created sequence: sequential, trialTypes=1, nReps=0, seed=None
329.7367 	EXP 	Created sequence: sequential, trialTypes=1, nReps=0, seed=None
329.7372 	EXP 	Created sequence: sequential, trialTypes=1, nReps=0, seed=None
329.7376 	EXP 	Created sequence: sequential, trialTypes=1, nReps=0, seed=None
329.7380 	EXP 	Created sequence: sequential, trialTypes=1, nReps=1, seed=None
329.7385 	EXP 	New trial (rep=0, index=0): None
330.0175 	EXP 	window1: mouseVisible = True
