17.8333 	WARNING 	Couldn't measure a consistent frame rate.
  - Is your graphics card set to sync to vertical blank?
  - Are you running other processes on your computer?

17.8361 	EXP 	Created window1 = Window(allowGUI=False, allowStencil=False, autoLog=True, bitsMode=UNKNOWN, blendMode='avg', color=array([ 0.,  0.,  0.]), colorSpace='rgb', fullscr=UNKNOWN, gamma=None, lms=UNKNOWN, monitor=<psychopy.monitors.calibTools.Monitor instance at 0x05176698>, name='window1', pos=[0, 0], screen=0, size=array([1366,  768]), stereo=False, units=u'norm', useFBO=True, viewOri=0.0, viewPos=None, viewScale=None, waitBlanking=True, winType='pyglet')
17.8362 	EXP 	window1: recordFrameIntervals = False
18.0107 	EXP 	window1: recordFrameIntervals = True
18.0642 	EXP 	window1: recordFrameIntervals = True
18.0745 	EXP 	Created image_4 = ImageStim(autoLog=True, color=array([ 1.,  1.,  1.]), colorSpace='rgb', contrast=1.0, depth=0.0, flipHoriz=False, flipVert=False, image='sin', interpolate=True, mask=None, maskParams=None, name='image_4', opacity=1.0, ori=0.0, pos=array([ 0.,  0.]), size=array([ 1.5,  1.5]), texRes=128, units=u'norm', win=Window(...))
18.2568 	EXP 	Created text_2 = TextStim(alignHoriz='center', alignVert='center', antialias=True, autoLog=True, bold=False, color='white', colorSpace='named', contrast=1.0, depth=-2.0, flipHoriz=False, flipVert=False, font='Arial', fontFiles=[], height=0.1, italic=False, name='text_2', opacity=1.0, ori=0, pos=array([ 0.  ,  0.85]), rgb=array([ 255.,  255.,  255.]), text=u'default text', units=u'norm', win=Window(...), wrapWidth=1)
18.2924 	EXP 	Created dummy_start = TextStim(alignHoriz='center', alignVert='center', antialias=True, autoLog=True, bold=False, color='white', colorSpace='named', contrast=1.0, depth=0.0, flipHoriz=False, flipVert=False, font='Arial', fontFiles=[], height=0.5, italic=False, name='dummy_start', opacity=1.0, ori=0, pos=array([ 0.,  0.]), rgb=array([ 255.,  255.,  255.]), text=u'+', units=u'norm', win=Window(...), wrapWidth=1)
18.2981 	EXP 	Created image = ImageStim(autoLog=True, color=array([ 1.,  1.,  1.]), colorSpace='rgb', contrast=1.0, depth=-1.0, flipHoriz=False, flipVert=False, image='sin', interpolate=True, mask=None, maskParams=None, name='image', opacity=1.0, ori=0.0, pos=array([ 0.,  0.]), size=array([ 1.6,  1.6]), texRes=128, units=u'norm', win=Window(...))
18.3096 	EXP 	Created message = TextStim(alignHoriz='center', alignVert='center', antialias=True, autoLog=True, bold=False, color='white', colorSpace='named', contrast=1.0, depth=-1.0, flipHoriz=False, flipVert=False, font='Arial', fontFiles=[], height=0.1, italic=False, name='message', opacity=1.0, ori=0, pos=array([ 0.,  0.]), rgb=array([ 255.,  255.,  255.]), text=u'default text', units=u'norm', win=Window(...), wrapWidth=1)
18.3150 	EXP 	Created image_2 = ImageStim(autoLog=True, color=array([ 1.,  1.,  1.]), colorSpace='rgb', contrast=1.0, depth=0.0, flipHoriz=False, flipVert=False, image='sin', interpolate=True, mask=None, maskParams=None, name='image_2', opacity=1.0, ori=0.0, pos=array([ 0.,  0.]), size=array([ 1.5,  1.5]), texRes=128, units=u'norm', win=Window(...))
18.3212 	EXP 	Created test_start_txt = TextStim(alignHoriz='center', alignVert='center', antialias=True, autoLog=True, bold=False, color='white', colorSpace='named', contrast=1.0, depth=0.0, flipHoriz=False, flipVert=False, font='Arial', fontFiles=[], height=0.5, italic=False, name='test_start_txt', opacity=1.0, ori=0, pos=array([ 0.,  0.]), rgb=array([ 255.,  255.,  255.]), text=u'+', units=u'norm', win=Window(...), wrapWidth=1)
18.3263 	EXP 	Created image_3 = ImageStim(autoLog=True, color=array([ 1.,  1.,  1.]), colorSpace='rgb', contrast=1.0, depth=-1.0, flipHoriz=False, flipVert=False, image='sin', interpolate=True, mask=None, maskParams=None, name='image_3', opacity=1.0, ori=0.0, pos=array([ 0.,  0.]), size=array([ 1.5,  1.5]), texRes=128, units=u'norm', win=Window(...))
18.3401 	EXP 	Created Timer = TextStim(alignHoriz='center', alignVert='center', antialias=True, autoLog=True, bold=False, color='white', colorSpace='named', contrast=1.0, depth=-3.0, flipHoriz=False, flipVert=False, font='Arial', fontFiles=[], height=0.1, italic=False, name='Timer', opacity=1.0, ori=0, pos=array([ 0.  ,  0.85]), rgb=array([ 255.,  255.,  255.]), text=u'default text', units=u'norm', win=Window(...), wrapWidth=1)
18.3418 	EXP 	Created text = TextStim(alignHoriz='center', alignVert='center', antialias=True, autoLog=True, bold=False, color='white', colorSpace='named', contrast=1.0, depth=-1.0, flipHoriz=False, flipVert=False, font='Arial', fontFiles=[], height=0.1, italic=False, name='text', opacity=1.0, ori=0, pos=array([ 0.,  0.]), rgb=array([ 255.,  255.,  255.]), text='', units=u'norm', win=Window(...), wrapWidth=1)
19.6233 	EXP 	Imported Settings_MRT.xlsx as conditions, 38 conditions, 9 params
19.6241 	EXP 	Created sequence: sequential, trialTypes=38, nReps=1, seed=None
19.6252 	EXP 	New trial (rep=0, index=0): {u'xPos': None, u'probNum': None, u'Img': u'Img/1.jpg', u'CorrKey': u'space', u'TestType': None, u'yPos': None, u'Etc': None, u'CorrAns': u'space', u'Type': u'Inst'}
19.6261 	EXP 	Created sequence: sequential, trialTypes=1, nReps=0, seed=None
19.6265 	EXP 	Created sequence: sequential, trialTypes=1, nReps=0, seed=None
19.6270 	EXP 	Created sequence: sequential, trialTypes=1, nReps=1, seed=None
19.6274 	EXP 	New trial (rep=0, index=0): None
19.7621 	WARNING 	t of last frame was 1698.37ms (=1/0)
19.7621 	EXP 	image_2: image = u'Img/1.jpg'
19.7621 	EXP 	image_2: autoDraw = True
19.7871 	WARNING 	t of last frame was 25.00ms (=1/40)
19.8184 	WARNING 	t of last frame was 31.23ms (=1/32)
19.8872 	WARNING 	t of last frame was 20.00ms (=1/49)
19.9075 	WARNING 	Multiple dropped frames have occurred - I'll stop bothering you about them!
22.9012 	DATA 	Keypress: space
22.9216 	EXP 	Created sequence: sequential, trialTypes=1, nReps=0, seed=None
22.9220 	EXP 	Created sequence: sequential, trialTypes=1, nReps=0, seed=None
22.9226 	EXP 	New trial (rep=0, index=1): {u'xPos': None, u'probNum': None, u'Img': u'Img/2.jpg', u'CorrKey': u'space', u'TestType': None, u'yPos': None, u'Etc': None, u'CorrAns': u'space', u'Type': u'Inst'}
22.9236 	EXP 	Created sequence: sequential, trialTypes=1, nReps=0, seed=None
22.9240 	EXP 	Created sequence: sequential, trialTypes=1, nReps=0, seed=None
22.9244 	EXP 	Created sequence: sequential, trialTypes=1, nReps=1, seed=None
22.9249 	EXP 	New trial (rep=0, index=0): None
23.0188 	EXP 	image_2: autoDraw = False
23.0188 	EXP 	image_2: image = u'Img/2.jpg'
23.0188 	EXP 	image_2: autoDraw = True
26.8956 	DATA 	Keypress: space
26.8970 	EXP 	Created sequence: sequential, trialTypes=1, nReps=0, seed=None
26.8975 	EXP 	Created sequence: sequential, trialTypes=1, nReps=0, seed=None
26.8982 	EXP 	New trial (rep=0, index=2): {u'xPos': None, u'probNum': None, u'Img': u'Img/3.jpg', u'CorrKey': u'space', u'TestType': None, u'yPos': None, u'Etc': None, u'CorrAns': u'space', u'Type': u'Inst'}
26.8992 	EXP 	Created sequence: sequential, trialTypes=1, nReps=0, seed=None
26.8997 	EXP 	Created sequence: sequential, trialTypes=1, nReps=0, seed=None
26.9001 	EXP 	Created sequence: sequential, trialTypes=1, nReps=1, seed=None
26.9006 	EXP 	New trial (rep=0, index=0): None
27.0117 	EXP 	image_2: autoDraw = False
27.0117 	EXP 	image_2: image = u'Img/3.jpg'
27.0117 	EXP 	image_2: autoDraw = True
40.8720 	DATA 	Keypress: space
40.8728 	EXP 	Created sequence: sequential, trialTypes=1, nReps=0, seed=None
40.8733 	EXP 	Created sequence: sequential, trialTypes=1, nReps=0, seed=None
40.8745 	EXP 	New trial (rep=0, index=3): {u'xPos': -620, u'probNum': None, u'Img': None, u'CorrKey': None, u'TestType': u'OpenSession', u'yPos': 580, u'Etc': None, u'CorrAns': None, u'Type': u'Mouse'}
40.8770 	EXP 	Created sequence: sequential, trialTypes=1, nReps=0, seed=None
40.8777 	EXP 	Created sequence: sequential, trialTypes=1, nReps=0, seed=None
40.8783 	EXP 	Created sequence: sequential, trialTypes=1, nReps=0, seed=None
40.8788 	EXP 	Created sequence: sequential, trialTypes=1, nReps=0, seed=None
40.8793 	EXP 	Created sequence: sequential, trialTypes=1, nReps=1, seed=None
40.8797 	EXP 	New trial (rep=0, index=0): None
40.9108 	EXP 	image_2: autoDraw = False
40.9108 	EXP 	text: autoDraw = True
40.9882 	EXP 	New trial (rep=0, index=4): {u'xPos': None, u'probNum': None, u'Img': u'Img/4.jpg', u'CorrKey': None, u'TestType': u'Background', u'yPos': None, u'Etc': None, u'CorrAns': None, u'Type': u'TimeOut'}
40.9913 	EXP 	Created sequence: sequential, trialTypes=1, nReps=1, seed=None
40.9927 	EXP 	New trial (rep=0, index=0): None
41.1086 	EXP 	text: autoDraw = False
41.1086 	EXP 	image_4: image = u'Img/4.jpg'
41.1086 	EXP 	image_4: autoDraw = True
91.0475 	EXP 	text_2: autoDraw = True
101.0084 	EXP 	Created sequence: sequential, trialTypes=1, nReps=0, seed=None
101.0089 	EXP 	Created sequence: sequential, trialTypes=1, nReps=0, seed=None
101.0093 	EXP 	Created sequence: sequential, trialTypes=1, nReps=0, seed=None
101.0098 	EXP 	Created sequence: sequential, trialTypes=1, nReps=0, seed=None
101.0104 	EXP 	New trial (rep=0, index=5): {u'xPos': 100, u'probNum': None, u'Img': None, u'CorrKey': None, u'TestType': u'Back_to_Test', u'yPos': 100, u'Etc': None, u'CorrAns': None, u'Type': u'Mouse'}
101.0114 	EXP 	Created sequence: sequential, trialTypes=1, nReps=0, seed=None
101.0118 	EXP 	Created sequence: sequential, trialTypes=1, nReps=0, seed=None
101.0122 	EXP 	Created sequence: sequential, trialTypes=1, nReps=0, seed=None
101.0127 	EXP 	Created sequence: sequential, trialTypes=1, nReps=0, seed=None
101.0131 	EXP 	Created sequence: sequential, trialTypes=1, nReps=1, seed=None
101.0135 	EXP 	New trial (rep=0, index=0): None
101.0232 	DATA 	Mouse: Left button down, pos=(100,668)
101.0320 	DATA 	Mouse:  Left button up, pos=(100,668)
101.0668 	EXP 	image_4: autoDraw = False
101.0668 	EXP 	text_2: autoDraw = False
101.0668 	EXP 	image_4: autoDraw = False
101.0668 	EXP 	text_2: autoDraw = False
101.0668 	EXP 	text: autoDraw = True
101.1172 	EXP 	New trial (rep=0, index=6): {u'xPos': None, u'probNum': None, u'Img': u'Img/5.jpg', u'CorrKey': u'space', u'TestType': None, u'yPos': None, u'Etc': None, u'CorrAns': u'space', u'Type': u'Inst'}
101.1186 	EXP 	Created sequence: sequential, trialTypes=1, nReps=0, seed=None
101.1194 	EXP 	Created sequence: sequential, trialTypes=1, nReps=0, seed=None
101.1201 	EXP 	Created sequence: sequential, trialTypes=1, nReps=1, seed=None
101.1207 	EXP 	New trial (rep=0, index=0): None
101.2176 	EXP 	text: autoDraw = False
101.2176 	EXP 	image_2: image = u'Img/5.jpg'
101.2176 	EXP 	image_2: autoDraw = True
112.1881 	DATA 	Keypress: space
112.1890 	EXP 	Created sequence: sequential, trialTypes=1, nReps=0, seed=None
112.1895 	EXP 	Created sequence: sequential, trialTypes=1, nReps=0, seed=None
112.1906 	EXP 	New trial (rep=0, index=7): {u'xPos': None, u'probNum': None, u'Img': u'Img/6.jpg', u'CorrKey': u'space', u'TestType': None, u'yPos': None, u'Etc': None, u'CorrAns': u'space', u'Type': u'Inst'}
112.1919 	EXP 	Created sequence: sequential, trialTypes=1, nReps=0, seed=None
112.1924 	EXP 	Created sequence: sequential, trialTypes=1, nReps=0, seed=None
112.1928 	EXP 	Created sequence: sequential, trialTypes=1, nReps=1, seed=None
112.1933 	EXP 	New trial (rep=0, index=0): None
112.2872 	EXP 	image_2: autoDraw = False
112.2872 	EXP 	image_2: image = u'Img/6.jpg'
112.2872 	EXP 	image_2: autoDraw = True
122.4368 	DATA 	Keypress: space
122.4376 	EXP 	Created sequence: sequential, trialTypes=1, nReps=0, seed=None
122.4381 	EXP 	Created sequence: sequential, trialTypes=1, nReps=0, seed=None
122.4387 	EXP 	New trial (rep=0, index=8): {u'xPos': None, u'probNum': None, u'Img': u'Img/7.jpg', u'CorrKey': None, u'TestType': u'Background', u'yPos': None, u'Etc': None, u'CorrAns': None, u'Type': u'TimeOut'}
122.4397 	EXP 	Created sequence: sequential, trialTypes=1, nReps=1, seed=None
122.4402 	EXP 	New trial (rep=0, index=0): None
122.5203 	EXP 	image_2: autoDraw = False
122.5203 	EXP 	image_4: image = u'Img/7.jpg'
122.5203 	EXP 	image_4: autoDraw = True
172.4897 	EXP 	text_2: autoDraw = True
182.4581 	EXP 	Created sequence: sequential, trialTypes=1, nReps=0, seed=None
182.4590 	EXP 	Created sequence: sequential, trialTypes=1, nReps=0, seed=None
182.4597 	EXP 	Created sequence: sequential, trialTypes=1, nReps=0, seed=None
182.4602 	EXP 	Created sequence: sequential, trialTypes=1, nReps=0, seed=None
182.4609 	EXP 	New trial (rep=0, index=9): {u'xPos': None, u'probNum': None, u'Img': u'Img/8.jpg', u'CorrKey': u'space', u'TestType': None, u'yPos': None, u'Etc': None, u'CorrAns': u'space', u'Type': u'Inst'}
182.4620 	EXP 	Created sequence: sequential, trialTypes=1, nReps=0, seed=None
182.4624 	EXP 	Created sequence: sequential, trialTypes=1, nReps=0, seed=None
182.4629 	EXP 	Created sequence: sequential, trialTypes=1, nReps=1, seed=None
182.4634 	EXP 	New trial (rep=0, index=0): None
182.5567 	EXP 	image_4: autoDraw = False
182.5567 	EXP 	text_2: autoDraw = False
182.5567 	EXP 	image_4: autoDraw = False
182.5567 	EXP 	text_2: autoDraw = False
182.5567 	EXP 	image_2: image = u'Img/8.jpg'
182.5567 	EXP 	image_2: autoDraw = True
192.6540 	DATA 	Keypress: space
192.6555 	EXP 	Created sequence: sequential, trialTypes=1, nReps=0, seed=None
192.6562 	EXP 	Created sequence: sequential, trialTypes=1, nReps=0, seed=None
192.6572 	EXP 	New trial (rep=0, index=10): {u'xPos': None, u'probNum': None, u'Img': u'Img/9.jpg', u'CorrKey': u'space', u'TestType': None, u'yPos': None, u'Etc': None, u'CorrAns': u'space', u'Type': u'Inst'}
192.6587 	EXP 	Created sequence: sequential, trialTypes=1, nReps=0, seed=None
192.6594 	EXP 	Created sequence: sequential, trialTypes=1, nReps=0, seed=None
192.6601 	EXP 	Created sequence: sequential, trialTypes=1, nReps=1, seed=None
192.6608 	EXP 	New trial (rep=0, index=0): None
192.7710 	EXP 	image_2: autoDraw = False
192.7710 	EXP 	image_2: image = u'Img/9.jpg'
192.7710 	EXP 	image_2: autoDraw = True
196.6070 	DATA 	Keypress: space
196.6091 	EXP 	Created sequence: sequential, trialTypes=1, nReps=0, seed=None
196.6099 	EXP 	Created sequence: sequential, trialTypes=1, nReps=0, seed=None
196.6109 	EXP 	New trial (rep=0, index=11): {u'xPos': None, u'probNum': None, u'Img': u'Img/10.jpg', u'CorrKey': u'space', u'TestType': None, u'yPos': None, u'Etc': None, u'CorrAns': u'space', u'Type': u'Inst'}
196.6126 	EXP 	Created sequence: sequential, trialTypes=1, nReps=0, seed=None
196.6132 	EXP 	Created sequence: sequential, trialTypes=1, nReps=0, seed=None
196.6136 	EXP 	Created sequence: sequential, trialTypes=1, nReps=1, seed=None
196.6141 	EXP 	New trial (rep=0, index=0): None
196.6977 	EXP 	image_2: autoDraw = False
196.6977 	EXP 	image_2: image = u'Img/10.jpg'
196.6977 	EXP 	image_2: autoDraw = True
202.6154 	DATA 	Keypress: space
202.6166 	EXP 	Created sequence: sequential, trialTypes=1, nReps=0, seed=None
202.6178 	EXP 	Created sequence: sequential, trialTypes=1, nReps=0, seed=None
202.6188 	EXP 	New trial (rep=0, index=12): {u'xPos': None, u'probNum': None, u'Img': u'Img/11.jpg', u'CorrKey': u'space', u'TestType': None, u'yPos': None, u'Etc': None, u'CorrAns': u'space', u'Type': u'Inst'}
202.6199 	EXP 	Created sequence: sequential, trialTypes=1, nReps=0, seed=None
202.6204 	EXP 	Created sequence: sequential, trialTypes=1, nReps=0, seed=None
202.6208 	EXP 	Created sequence: sequential, trialTypes=1, nReps=1, seed=None
202.6213 	EXP 	New trial (rep=0, index=0): None
202.7270 	EXP 	image_2: autoDraw = False
202.7270 	EXP 	image_2: image = u'Img/11.jpg'
202.7270 	EXP 	image_2: autoDraw = True
205.1045 	DATA 	Keypress: space
205.1054 	EXP 	Created sequence: sequential, trialTypes=1, nReps=0, seed=None
205.1058 	EXP 	Created sequence: sequential, trialTypes=1, nReps=0, seed=None
205.1064 	EXP 	New trial (rep=0, index=13): {u'xPos': None, u'probNum': None, u'Img': u'Img/12.jpg', u'CorrKey': u'left', u'TestType': None, u'yPos': None, u'Etc': None, u'CorrAns': u'same', u'Type': u'Dumm'}
205.1074 	EXP 	Created sequence: sequential, trialTypes=1, nReps=0, seed=None
205.1079 	EXP 	Created sequence: sequential, trialTypes=1, nReps=1, seed=None
205.1084 	EXP 	New trial (rep=0, index=0): None
205.2047 	EXP 	image_2: autoDraw = False
205.2047 	EXP 	image: image = u'Img/12.jpg'
205.2047 	EXP 	dummy_start: autoDraw = True
207.1331 	EXP 	dummy_start: autoDraw = False
207.1331 	EXP 	image: autoDraw = True
210.6653 	DATA 	Keypress: left
210.7125 	EXP 	dummy_start: autoDraw = False
210.7125 	EXP 	image: autoDraw = False
210.7125 	EXP 	message: text = 'Good! \n \n \n Response time = 3.532'
210.7125 	EXP 	message: autoDraw = True
213.6687 	EXP 	Created sequence: sequential, trialTypes=1, nReps=0, seed=None
213.6692 	EXP 	Created sequence: sequential, trialTypes=1, nReps=0, seed=None
213.6697 	EXP 	Created sequence: sequential, trialTypes=1, nReps=0, seed=None
213.6703 	EXP 	New trial (rep=0, index=14): {u'xPos': None, u'probNum': None, u'Img': u'Img/13.jpg', u'CorrKey': u'right', u'TestType': None, u'yPos': None, u'Etc': None, u'CorrAns': u'different', u'Type': u'Dumm'}
213.6714 	EXP 	Created sequence: sequential, trialTypes=1, nReps=0, seed=None
213.6719 	EXP 	Created sequence: sequential, trialTypes=1, nReps=1, seed=None
213.6724 	EXP 	New trial (rep=0, index=0): None
213.7497 	EXP 	message: autoDraw = False
213.7497 	EXP 	message: autoDraw = False
213.7497 	EXP 	image: image = u'Img/13.jpg'
213.7497 	EXP 	dummy_start: autoDraw = True
215.7056 	EXP 	dummy_start: autoDraw = False
215.7056 	EXP 	image: autoDraw = True
218.1769 	DATA 	Keypress: right
218.2261 	EXP 	dummy_start: autoDraw = False
218.2261 	EXP 	image: autoDraw = False
218.2261 	EXP 	message: text = 'Good! \n \n \n Response time = 2.471'
218.2261 	EXP 	message: autoDraw = True
221.1879 	EXP 	Created sequence: sequential, trialTypes=1, nReps=0, seed=None
221.1884 	EXP 	Created sequence: sequential, trialTypes=1, nReps=0, seed=None
221.1889 	EXP 	Created sequence: sequential, trialTypes=1, nReps=0, seed=None
221.1895 	EXP 	New trial (rep=0, index=15): {u'xPos': None, u'probNum': None, u'Img': u'Img/14.jpg', u'CorrKey': None, u'TestType': None, u'yPos': None, u'Etc': None, u'CorrAns': None, u'Type': u'Inst'}
221.1904 	EXP 	Created sequence: sequential, trialTypes=1, nReps=0, seed=None
221.1909 	EXP 	Created sequence: sequential, trialTypes=1, nReps=0, seed=None
221.1913 	EXP 	Created sequence: sequential, trialTypes=1, nReps=1, seed=None
221.1917 	EXP 	New trial (rep=0, index=0): None
221.2877 	EXP 	message: autoDraw = False
221.2877 	EXP 	message: autoDraw = False
221.2877 	EXP 	image_2: image = u'Img/14.jpg'
221.2877 	EXP 	image_2: autoDraw = True
239.7030 	DATA 	Keypress: space
239.7042 	EXP 	Created sequence: sequential, trialTypes=1, nReps=0, seed=None
239.7050 	EXP 	Created sequence: sequential, trialTypes=1, nReps=0, seed=None
239.7059 	EXP 	New trial (rep=0, index=16): {u'xPos': None, u'probNum': 1, u'Img': u'Img/MRT1.jpg', u'CorrKey': u'left', u'TestType': u'MRT', u'yPos': None, u'Etc': None, u'CorrAns': u'same', u'Type': u'Test'}
239.7071 	EXP 	Created sequence: sequential, trialTypes=1, nReps=0, seed=None
239.7075 	EXP 	Created sequence: sequential, trialTypes=1, nReps=0, seed=None
239.7079 	EXP 	Created sequence: sequential, trialTypes=1, nReps=0, seed=None
239.7083 	EXP 	Created sequence: sequential, trialTypes=1, nReps=1, seed=None
239.7088 	EXP 	New trial (rep=0, index=0): None
239.7866 	EXP 	image_2: autoDraw = False
239.7866 	EXP 	image_3: image = u'Img/MRT1.jpg'
239.7866 	EXP 	test_start_txt: autoDraw = True
241.7325 	EXP 	test_start_txt: autoDraw = False
241.7325 	EXP 	image_3: autoDraw = True
244.7977 	DATA 	Keypress: left
244.7995 	EXP 	Created sequence: sequential, trialTypes=1, nReps=0, seed=None
244.8001 	EXP 	New trial (rep=0, index=17): {u'xPos': None, u'probNum': 2, u'Img': u'Img/MRT2.jpg', u'CorrKey': u'right', u'TestType': u'MRT', u'yPos': None, u'Etc': None, u'CorrAns': u'different', u'Type': u'Test'}
244.8011 	EXP 	Created sequence: sequential, trialTypes=1, nReps=0, seed=None
244.8017 	EXP 	Created sequence: sequential, trialTypes=1, nReps=0, seed=None
244.8024 	EXP 	Created sequence: sequential, trialTypes=1, nReps=0, seed=None
244.8031 	EXP 	Created sequence: sequential, trialTypes=1, nReps=1, seed=None
244.8040 	EXP 	New trial (rep=0, index=0): None
244.8795 	EXP 	test_start_txt: autoDraw = False
244.8795 	EXP 	image_3: autoDraw = False
244.8795 	EXP 	Timer: autoDraw = False
244.8795 	EXP 	image_3: image = u'Img/MRT2.jpg'
244.8795 	EXP 	test_start_txt: autoDraw = True
246.8409 	EXP 	test_start_txt: autoDraw = False
246.8409 	EXP 	image_3: autoDraw = True
248.5271 	DATA 	Keypress: right
248.5289 	EXP 	Created sequence: sequential, trialTypes=1, nReps=0, seed=None
248.5295 	EXP 	New trial (rep=0, index=18): {u'xPos': None, u'probNum': 3, u'Img': u'Img/MRT3.jpg', u'CorrKey': u'left', u'TestType': u'MRT', u'yPos': None, u'Etc': None, u'CorrAns': u'same', u'Type': u'Test'}
248.5305 	EXP 	Created sequence: sequential, trialTypes=1, nReps=0, seed=None
248.5309 	EXP 	Created sequence: sequential, trialTypes=1, nReps=0, seed=None
248.5313 	EXP 	Created sequence: sequential, trialTypes=1, nReps=0, seed=None
248.5318 	EXP 	Created sequence: sequential, trialTypes=1, nReps=1, seed=None
248.5322 	EXP 	New trial (rep=0, index=0): None
248.6096 	EXP 	test_start_txt: autoDraw = False
248.6096 	EXP 	image_3: autoDraw = False
248.6096 	EXP 	Timer: autoDraw = False
248.6096 	EXP 	image_3: image = u'Img/MRT3.jpg'
248.6096 	EXP 	test_start_txt: autoDraw = True
250.5562 	EXP 	test_start_txt: autoDraw = False
250.5562 	EXP 	image_3: autoDraw = True
254.4695 	DATA 	Keypress: left
254.4714 	EXP 	Created sequence: sequential, trialTypes=1, nReps=0, seed=None
254.4720 	EXP 	New trial (rep=0, index=19): {u'xPos': None, u'probNum': 4, u'Img': u'Img/MRT4.jpg', u'CorrKey': u'left', u'TestType': u'MRT', u'yPos': None, u'Etc': None, u'CorrAns': u'same', u'Type': u'Test'}
254.4730 	EXP 	Created sequence: sequential, trialTypes=1, nReps=0, seed=None
254.4734 	EXP 	Created sequence: sequential, trialTypes=1, nReps=0, seed=None
254.4738 	EXP 	Created sequence: sequential, trialTypes=1, nReps=0, seed=None
254.4743 	EXP 	Created sequence: sequential, trialTypes=1, nReps=1, seed=None
254.4747 	EXP 	New trial (rep=0, index=0): None
254.5535 	EXP 	test_start_txt: autoDraw = False
254.5535 	EXP 	image_3: autoDraw = False
254.5535 	EXP 	Timer: autoDraw = False
254.5535 	EXP 	image_3: image = u'Img/MRT4.jpg'
254.5535 	EXP 	test_start_txt: autoDraw = True
256.4918 	EXP 	test_start_txt: autoDraw = False
256.4918 	EXP 	image_3: autoDraw = True
260.2083 	DATA 	Keypress: left
260.2103 	EXP 	Created sequence: sequential, trialTypes=1, nReps=0, seed=None
260.2108 	EXP 	New trial (rep=0, index=20): {u'xPos': None, u'probNum': 5, u'Img': u'Img/MRT5.jpg', u'CorrKey': u'right', u'TestType': u'MRT', u'yPos': None, u'Etc': None, u'CorrAns': u'different', u'Type': u'Test'}
260.2118 	EXP 	Created sequence: sequential, trialTypes=1, nReps=0, seed=None
260.2122 	EXP 	Created sequence: sequential, trialTypes=1, nReps=0, seed=None
260.2127 	EXP 	Created sequence: sequential, trialTypes=1, nReps=0, seed=None
260.2131 	EXP 	Created sequence: sequential, trialTypes=1, nReps=1, seed=None
260.2136 	EXP 	New trial (rep=0, index=0): None
260.2897 	EXP 	test_start_txt: autoDraw = False
260.2897 	EXP 	image_3: autoDraw = False
260.2897 	EXP 	Timer: autoDraw = False
260.2897 	EXP 	image_3: image = u'Img/MRT5.jpg'
260.2897 	EXP 	test_start_txt: autoDraw = True
262.2407 	EXP 	test_start_txt: autoDraw = False
262.2407 	EXP 	image_3: autoDraw = True
264.9437 	DATA 	Keypress: right
264.9470 	EXP 	Created sequence: sequential, trialTypes=1, nReps=0, seed=None
264.9482 	EXP 	New trial (rep=0, index=21): {u'xPos': None, u'probNum': 6, u'Img': u'Img/MRT6.jpg', u'CorrKey': u'right', u'TestType': u'MRT', u'yPos': None, u'Etc': None, u'CorrAns': u'different', u'Type': u'Test'}
264.9497 	EXP 	Created sequence: sequential, trialTypes=1, nReps=0, seed=None
264.9503 	EXP 	Created sequence: sequential, trialTypes=1, nReps=0, seed=None
264.9507 	EXP 	Created sequence: sequential, trialTypes=1, nReps=0, seed=None
264.9511 	EXP 	Created sequence: sequential, trialTypes=1, nReps=1, seed=None
264.9516 	EXP 	New trial (rep=0, index=0): None
265.0259 	EXP 	test_start_txt: autoDraw = False
265.0259 	EXP 	image_3: autoDraw = False
265.0259 	EXP 	Timer: autoDraw = False
265.0259 	EXP 	image_3: image = u'Img/MRT6.jpg'
265.0259 	EXP 	test_start_txt: autoDraw = True
266.9763 	EXP 	test_start_txt: autoDraw = False
266.9763 	EXP 	image_3: autoDraw = True
276.7174 	DATA 	Keypress: right
276.7194 	EXP 	Created sequence: sequential, trialTypes=1, nReps=0, seed=None
276.7200 	EXP 	New trial (rep=0, index=22): {u'xPos': None, u'probNum': 7, u'Img': u'Img/MRT7.jpg', u'CorrKey': u'right', u'TestType': u'MRT', u'yPos': None, u'Etc': None, u'CorrAns': u'different', u'Type': u'Test'}
276.7211 	EXP 	Created sequence: sequential, trialTypes=1, nReps=0, seed=None
276.7215 	EXP 	Created sequence: sequential, trialTypes=1, nReps=0, seed=None
276.7220 	EXP 	Created sequence: sequential, trialTypes=1, nReps=0, seed=None
276.7224 	EXP 	Created sequence: sequential, trialTypes=1, nReps=1, seed=None
276.7229 	EXP 	New trial (rep=0, index=0): None
276.7992 	EXP 	test_start_txt: autoDraw = False
276.7992 	EXP 	image_3: autoDraw = False
276.7992 	EXP 	Timer: autoDraw = False
276.7992 	EXP 	image_3: image = u'Img/MRT7.jpg'
276.7992 	EXP 	test_start_txt: autoDraw = True
278.7529 	EXP 	test_start_txt: autoDraw = False
278.7529 	EXP 	image_3: autoDraw = True
284.5752 	DATA 	Keypress: right
284.5792 	EXP 	Created sequence: sequential, trialTypes=1, nReps=0, seed=None
284.5800 	EXP 	New trial (rep=0, index=23): {u'xPos': None, u'probNum': 8, u'Img': u'Img/MRT8.jpg', u'CorrKey': u'left', u'TestType': u'MRT', u'yPos': None, u'Etc': None, u'CorrAns': u'same', u'Type': u'Test'}
284.5814 	EXP 	Created sequence: sequential, trialTypes=1, nReps=0, seed=None
284.5820 	EXP 	Created sequence: sequential, trialTypes=1, nReps=0, seed=None
284.5827 	EXP 	Created sequence: sequential, trialTypes=1, nReps=0, seed=None
284.5833 	EXP 	Created sequence: sequential, trialTypes=1, nReps=1, seed=None
284.5841 	EXP 	New trial (rep=0, index=0): None
284.6566 	EXP 	test_start_txt: autoDraw = False
284.6566 	EXP 	image_3: autoDraw = False
284.6566 	EXP 	Timer: autoDraw = False
284.6566 	EXP 	image_3: image = u'Img/MRT8.jpg'
284.6566 	EXP 	test_start_txt: autoDraw = True
286.6066 	EXP 	test_start_txt: autoDraw = False
286.6066 	EXP 	image_3: autoDraw = True
296.0931 	DATA 	Keypress: left
296.0950 	EXP 	Created sequence: sequential, trialTypes=1, nReps=0, seed=None
296.0956 	EXP 	New trial (rep=0, index=24): {u'xPos': None, u'probNum': 9, u'Img': u'Img/MRT9.jpg', u'CorrKey': u'left', u'TestType': u'MRT', u'yPos': None, u'Etc': None, u'CorrAns': u'same', u'Type': u'Test'}
296.0966 	EXP 	Created sequence: sequential, trialTypes=1, nReps=0, seed=None
296.0971 	EXP 	Created sequence: sequential, trialTypes=1, nReps=0, seed=None
296.0975 	EXP 	Created sequence: sequential, trialTypes=1, nReps=0, seed=None
296.0979 	EXP 	Created sequence: sequential, trialTypes=1, nReps=1, seed=None
296.0983 	EXP 	New trial (rep=0, index=0): None
296.1768 	EXP 	test_start_txt: autoDraw = False
296.1768 	EXP 	image_3: autoDraw = False
296.1768 	EXP 	Timer: autoDraw = False
296.1768 	EXP 	image_3: image = u'Img/MRT9.jpg'
296.1768 	EXP 	test_start_txt: autoDraw = True
298.1353 	EXP 	test_start_txt: autoDraw = False
298.1353 	EXP 	image_3: autoDraw = True
306.0801 	DATA 	Keypress: right
306.0829 	EXP 	Created sequence: sequential, trialTypes=1, nReps=0, seed=None
306.0836 	EXP 	New trial (rep=0, index=25): {u'xPos': None, u'probNum': 10, u'Img': u'Img/MRT10.jpg', u'CorrKey': u'left', u'TestType': u'MRT', u'yPos': None, u'Etc': None, u'CorrAns': u'same', u'Type': u'Test'}
306.0846 	EXP 	Created sequence: sequential, trialTypes=1, nReps=0, seed=None
306.0850 	EXP 	Created sequence: sequential, trialTypes=1, nReps=0, seed=None
306.0854 	EXP 	Created sequence: sequential, trialTypes=1, nReps=0, seed=None
306.0858 	EXP 	Created sequence: sequential, trialTypes=1, nReps=1, seed=None
306.0863 	EXP 	New trial (rep=0, index=0): None
306.1637 	EXP 	test_start_txt: autoDraw = False
306.1637 	EXP 	image_3: autoDraw = False
306.1637 	EXP 	Timer: autoDraw = False
306.1637 	EXP 	image_3: image = u'Img/MRT10.jpg'
306.1637 	EXP 	test_start_txt: autoDraw = True
308.1161 	EXP 	test_start_txt: autoDraw = False
308.1161 	EXP 	image_3: autoDraw = True
310.9481 	DATA 	Keypress: left
310.9507 	EXP 	Created sequence: sequential, trialTypes=1, nReps=0, seed=None
310.9513 	EXP 	New trial (rep=0, index=26): {u'xPos': None, u'probNum': 11, u'Img': u'Img/MRT11.jpg', u'CorrKey': u'right', u'TestType': u'MRT', u'yPos': None, u'Etc': None, u'CorrAns': u'different', u'Type': u'Test'}
310.9522 	EXP 	Created sequence: sequential, trialTypes=1, nReps=0, seed=None
310.9527 	EXP 	Created sequence: sequential, trialTypes=1, nReps=0, seed=None
310.9531 	EXP 	Created sequence: sequential, trialTypes=1, nReps=0, seed=None
310.9535 	EXP 	Created sequence: sequential, trialTypes=1, nReps=1, seed=None
310.9540 	EXP 	New trial (rep=0, index=0): None
311.0293 	EXP 	test_start_txt: autoDraw = False
311.0293 	EXP 	image_3: autoDraw = False
311.0293 	EXP 	Timer: autoDraw = False
311.0293 	EXP 	image_3: image = u'Img/MRT11.jpg'
311.0293 	EXP 	test_start_txt: autoDraw = True
312.9935 	EXP 	test_start_txt: autoDraw = False
312.9935 	EXP 	image_3: autoDraw = True
318.9610 	DATA 	Keypress: right
318.9637 	EXP 	Created sequence: sequential, trialTypes=1, nReps=0, seed=None
318.9647 	EXP 	New trial (rep=0, index=27): {u'xPos': None, u'probNum': 12, u'Img': u'Img/MRT12.jpg', u'CorrKey': u'right', u'TestType': u'MRT', u'yPos': None, u'Etc': None, u'CorrAns': u'different', u'Type': u'Test'}
318.9659 	EXP 	Created sequence: sequential, trialTypes=1, nReps=0, seed=None
318.9664 	EXP 	Created sequence: sequential, trialTypes=1, nReps=0, seed=None
318.9671 	EXP 	Created sequence: sequential, trialTypes=1, nReps=0, seed=None
318.9675 	EXP 	Created sequence: sequential, trialTypes=1, nReps=1, seed=None
318.9679 	EXP 	New trial (rep=0, index=0): None
319.0430 	EXP 	test_start_txt: autoDraw = False
319.0430 	EXP 	image_3: autoDraw = False
319.0430 	EXP 	Timer: autoDraw = False
319.0430 	EXP 	image_3: image = u'Img/MRT12.jpg'
319.0430 	EXP 	test_start_txt: autoDraw = True
320.9885 	EXP 	test_start_txt: autoDraw = False
320.9885 	EXP 	image_3: autoDraw = True
325.1033 	DATA 	Keypress: right
325.1052 	EXP 	Created sequence: sequential, trialTypes=1, nReps=0, seed=None
325.1058 	EXP 	New trial (rep=0, index=28): {u'xPos': None, u'probNum': 13, u'Img': u'Img/MRT13.jpg', u'CorrKey': u'left', u'TestType': u'MRT', u'yPos': None, u'Etc': None, u'CorrAns': u'same', u'Type': u'Test'}
325.1068 	EXP 	Created sequence: sequential, trialTypes=1, nReps=0, seed=None
325.1074 	EXP 	Created sequence: sequential, trialTypes=1, nReps=0, seed=None
325.1081 	EXP 	Created sequence: sequential, trialTypes=1, nReps=0, seed=None
325.1088 	EXP 	Created sequence: sequential, trialTypes=1, nReps=1, seed=None
325.1095 	EXP 	New trial (rep=0, index=0): None
325.1870 	EXP 	test_start_txt: autoDraw = False
325.1870 	EXP 	image_3: autoDraw = False
325.1870 	EXP 	Timer: autoDraw = False
325.1870 	EXP 	image_3: image = u'Img/MRT13.jpg'
325.1870 	EXP 	test_start_txt: autoDraw = True
327.1467 	EXP 	test_start_txt: autoDraw = False
327.1467 	EXP 	image_3: autoDraw = True
332.0096 	DATA 	Keypress: left
332.0123 	EXP 	Created sequence: sequential, trialTypes=1, nReps=0, seed=None
332.0130 	EXP 	New trial (rep=0, index=29): {u'xPos': None, u'probNum': 14, u'Img': u'Img/MRT14.jpg', u'CorrKey': u'right', u'TestType': u'MRT', u'yPos': None, u'Etc': None, u'CorrAns': u'different', u'Type': u'Test'}
332.0145 	EXP 	Created sequence: sequential, trialTypes=1, nReps=0, seed=None
332.0151 	EXP 	Created sequence: sequential, trialTypes=1, nReps=0, seed=None
332.0157 	EXP 	Created sequence: sequential, trialTypes=1, nReps=0, seed=None
332.0163 	EXP 	Created sequence: sequential, trialTypes=1, nReps=1, seed=None
332.0169 	EXP 	New trial (rep=0, index=0): None
332.0885 	EXP 	test_start_txt: autoDraw = False
332.0885 	EXP 	image_3: autoDraw = False
332.0885 	EXP 	Timer: autoDraw = False
332.0885 	EXP 	image_3: image = u'Img/MRT14.jpg'
332.0885 	EXP 	test_start_txt: autoDraw = True
334.0487 	EXP 	test_start_txt: autoDraw = False
334.0487 	EXP 	image_3: autoDraw = True
339.6630 	DATA 	Keypress: right
339.6650 	EXP 	Created sequence: sequential, trialTypes=1, nReps=0, seed=None
339.6657 	EXP 	New trial (rep=0, index=30): {u'xPos': None, u'probNum': 15, u'Img': u'Img/MRT15.jpg', u'CorrKey': u'left', u'TestType': u'MRT', u'yPos': None, u'Etc': None, u'CorrAns': u'same', u'Type': u'Test'}
339.6670 	EXP 	Created sequence: sequential, trialTypes=1, nReps=0, seed=None
339.6675 	EXP 	Created sequence: sequential, trialTypes=1, nReps=0, seed=None
339.6679 	EXP 	Created sequence: sequential, trialTypes=1, nReps=0, seed=None
339.6683 	EXP 	Created sequence: sequential, trialTypes=1, nReps=1, seed=None
339.6688 	EXP 	New trial (rep=0, index=0): None
339.7460 	EXP 	test_start_txt: autoDraw = False
339.7460 	EXP 	image_3: autoDraw = False
339.7460 	EXP 	Timer: autoDraw = False
339.7460 	EXP 	image_3: image = u'Img/MRT15.jpg'
339.7460 	EXP 	test_start_txt: autoDraw = True
341.6917 	EXP 	test_start_txt: autoDraw = False
341.6917 	EXP 	image_3: autoDraw = True
345.6799 	DATA 	Keypress: left
345.6818 	EXP 	Created sequence: sequential, trialTypes=1, nReps=0, seed=None
345.6824 	EXP 	New trial (rep=0, index=31): {u'xPos': None, u'probNum': 16, u'Img': u'Img/MRT16.jpg', u'CorrKey': u'right', u'TestType': u'MRT', u'yPos': None, u'Etc': None, u'CorrAns': u'different', u'Type': u'Test'}
345.6835 	EXP 	Created sequence: sequential, trialTypes=1, nReps=0, seed=None
345.6849 	EXP 	Created sequence: sequential, trialTypes=1, nReps=0, seed=None
345.6865 	EXP 	Created sequence: sequential, trialTypes=1, nReps=0, seed=None
345.6880 	EXP 	Created sequence: sequential, trialTypes=1, nReps=1, seed=None
345.6886 	EXP 	New trial (rep=0, index=0): None
345.7756 	EXP 	test_start_txt: autoDraw = False
345.7756 	EXP 	image_3: autoDraw = False
345.7756 	EXP 	Timer: autoDraw = False
345.7756 	EXP 	image_3: image = u'Img/MRT16.jpg'
345.7756 	EXP 	test_start_txt: autoDraw = True
347.7151 	EXP 	test_start_txt: autoDraw = False
347.7151 	EXP 	image_3: autoDraw = True
355.8365 	DATA 	Keypress: right
355.8384 	EXP 	Created sequence: sequential, trialTypes=1, nReps=0, seed=None
355.8391 	EXP 	New trial (rep=0, index=32): {u'xPos': None, u'probNum': 17, u'Img': u'Img/MRT17.jpg', u'CorrKey': u'left', u'TestType': u'MRT', u'yPos': None, u'Etc': None, u'CorrAns': u'same', u'Type': u'Test'}
355.8401 	EXP 	Created sequence: sequential, trialTypes=1, nReps=0, seed=None
355.8405 	EXP 	Created sequence: sequential, trialTypes=1, nReps=0, seed=None
355.8409 	EXP 	Created sequence: sequential, trialTypes=1, nReps=0, seed=None
355.8414 	EXP 	Created sequence: sequential, trialTypes=1, nReps=1, seed=None
355.8419 	EXP 	New trial (rep=0, index=0): None
355.9259 	EXP 	test_start_txt: autoDraw = False
355.9259 	EXP 	image_3: autoDraw = False
355.9259 	EXP 	Timer: autoDraw = False
355.9259 	EXP 	image_3: image = u'Img/MRT17.jpg'
355.9259 	EXP 	test_start_txt: autoDraw = True
357.8585 	EXP 	test_start_txt: autoDraw = False
357.8585 	EXP 	image_3: autoDraw = True
361.8371 	DATA 	Keypress: left
361.8392 	EXP 	Created sequence: sequential, trialTypes=1, nReps=0, seed=None
361.8398 	EXP 	New trial (rep=0, index=33): {u'xPos': None, u'probNum': 18, u'Img': u'Img/MRT18.jpg', u'CorrKey': u'left', u'TestType': u'MRT', u'yPos': None, u'Etc': None, u'CorrAns': u'same', u'Type': u'Test'}
361.8408 	EXP 	Created sequence: sequential, trialTypes=1, nReps=0, seed=None
361.8412 	EXP 	Created sequence: sequential, trialTypes=1, nReps=0, seed=None
361.8416 	EXP 	Created sequence: sequential, trialTypes=1, nReps=0, seed=None
361.8420 	EXP 	Created sequence: sequential, trialTypes=1, nReps=1, seed=None
361.8427 	EXP 	New trial (rep=0, index=0): None
361.9205 	EXP 	test_start_txt: autoDraw = False
361.9205 	EXP 	image_3: autoDraw = False
361.9205 	EXP 	Timer: autoDraw = False
361.9205 	EXP 	image_3: image = u'Img/MRT18.jpg'
361.9205 	EXP 	test_start_txt: autoDraw = True
363.8753 	EXP 	test_start_txt: autoDraw = False
363.8753 	EXP 	image_3: autoDraw = True
370.4428 	DATA 	Keypress: left
370.4460 	EXP 	Created sequence: sequential, trialTypes=1, nReps=0, seed=None
370.4466 	EXP 	New trial (rep=0, index=34): {u'xPos': None, u'probNum': 19, u'Img': u'Img/MRT19.jpg', u'CorrKey': u'right', u'TestType': u'MRT', u'yPos': None, u'Etc': None, u'CorrAns': u'different', u'Type': u'Test'}
370.4476 	EXP 	Created sequence: sequential, trialTypes=1, nReps=0, seed=None
370.4480 	EXP 	Created sequence: sequential, trialTypes=1, nReps=0, seed=None
370.4484 	EXP 	Created sequence: sequential, trialTypes=1, nReps=0, seed=None
370.4489 	EXP 	Created sequence: sequential, trialTypes=1, nReps=1, seed=None
370.4493 	EXP 	New trial (rep=0, index=0): None
370.5263 	EXP 	test_start_txt: autoDraw = False
370.5263 	EXP 	image_3: autoDraw = False
370.5263 	EXP 	Timer: autoDraw = False
370.5263 	EXP 	image_3: image = u'Img/MRT19.jpg'
370.5263 	EXP 	test_start_txt: autoDraw = True
372.4713 	EXP 	test_start_txt: autoDraw = False
372.4713 	EXP 	image_3: autoDraw = True
375.3749 	DATA 	Keypress: right
375.3924 	EXP 	Created sequence: sequential, trialTypes=1, nReps=0, seed=None
375.3935 	EXP 	New trial (rep=0, index=35): {u'xPos': None, u'probNum': 20, u'Img': u'Img/MRT20.jpg', u'CorrKey': u'right', u'TestType': u'MRT', u'yPos': None, u'Etc': None, u'CorrAns': u'different', u'Type': u'Test'}
375.3952 	EXP 	Created sequence: sequential, trialTypes=1, nReps=0, seed=None
375.3957 	EXP 	Created sequence: sequential, trialTypes=1, nReps=0, seed=None
375.3962 	EXP 	Created sequence: sequential, trialTypes=1, nReps=0, seed=None
375.3966 	EXP 	Created sequence: sequential, trialTypes=1, nReps=1, seed=None
375.3970 	EXP 	New trial (rep=0, index=0): None
375.4719 	EXP 	test_start_txt: autoDraw = False
375.4719 	EXP 	image_3: autoDraw = False
375.4719 	EXP 	Timer: autoDraw = False
375.4719 	EXP 	image_3: image = u'Img/MRT20.jpg'
375.4719 	EXP 	test_start_txt: autoDraw = True
377.4252 	EXP 	test_start_txt: autoDraw = False
377.4252 	EXP 	image_3: autoDraw = True
380.7369 	DATA 	Keypress: right
380.7406 	EXP 	Created sequence: sequential, trialTypes=1, nReps=0, seed=None
380.7417 	EXP 	New trial (rep=0, index=36): {u'xPos': None, u'probNum': None, u'Img': u'Img/62.jpg', u'CorrKey': u'space', u'TestType': None, u'yPos': None, u'Etc': None, u'CorrAns': u'space', u'Type': u'Inst'}
380.7434 	EXP 	Created sequence: sequential, trialTypes=1, nReps=0, seed=None
380.7442 	EXP 	Created sequence: sequential, trialTypes=1, nReps=0, seed=None
380.7450 	EXP 	Created sequence: sequential, trialTypes=1, nReps=1, seed=None
380.7458 	EXP 	New trial (rep=0, index=0): None
380.8692 	EXP 	test_start_txt: autoDraw = False
380.8692 	EXP 	image_3: autoDraw = False
380.8692 	EXP 	Timer: autoDraw = False
380.8692 	EXP 	image_2: image = u'Img/62.jpg'
380.8692 	EXP 	image_2: autoDraw = True
385.0665 	DATA 	Keypress: space
385.0673 	EXP 	Created sequence: sequential, trialTypes=1, nReps=0, seed=None
385.0678 	EXP 	Created sequence: sequential, trialTypes=1, nReps=0, seed=None
385.0684 	EXP 	New trial (rep=0, index=37): {u'xPos': -1200, u'probNum': None, u'Img': None, u'CorrKey': None, u'TestType': u'CloseSession', u'yPos': 60, u'Etc': None, u'CorrAns': None, u'Type': u'Mouse'}
385.0694 	EXP 	Created sequence: sequential, trialTypes=1, nReps=0, seed=None
385.0699 	EXP 	Created sequence: sequential, trialTypes=1, nReps=0, seed=None
385.0706 	EXP 	Created sequence: sequential, trialTypes=1, nReps=0, seed=None
385.0713 	EXP 	Created sequence: sequential, trialTypes=1, nReps=0, seed=None
385.0721 	EXP 	Created sequence: sequential, trialTypes=1, nReps=1, seed=None
385.0729 	EXP 	New trial (rep=0, index=0): None
385.3540 	EXP 	window1: mouseVisible = True
