16.3420 	EXP 	Created window1 = Window(allowGUI=False, allowStencil=False, autoLog=True, bitsMode=UNKNOWN, blendMode='avg', color=array([ 0.,  0.,  0.]), colorSpace='rgb', fullscr=UNKNOWN, gamma=None, lms=UNKNOWN, monitor=<psychopy.monitors.calibTools.Monitor instance at 0x0577E468>, name='window1', pos=[0, 0], screen=0, size=array([1366,  768]), stereo=False, units=u'norm', useFBO=True, viewOri=0.0, viewPos=None, viewScale=None, waitBlanking=True, winType='pyglet')
16.3421 	EXP 	window1: recordFrameIntervals = False
16.5224 	EXP 	window1: recordFrameIntervals = True
16.5692 	WARNING 	t of last frame was 20.46ms (=1/48)
16.7313 	WARNING 	t of last frame was 29.53ms (=1/33)
16.7590 	WARNING 	t of last frame was 27.70ms (=1/36)
16.9299 	WARNING 	t of last frame was 20.87ms (=1/47)
16.9887 	WARNING 	Multiple dropped frames have occurred - I'll stop bothering you about them!
18.3096 	EXP 	window1: recordFrameIntervals = False
18.3189 	EXP 	Created image_4 = ImageStim(autoLog=True, color=array([ 1.,  1.,  1.]), colorSpace='rgb', contrast=1.0, depth=0.0, flipHoriz=False, flipVert=False, image='sin', interpolate=True, mask=None, maskParams=None, name='image_4', opacity=1.0, ori=0.0, pos=array([ 0.,  0.]), size=array([ 1.5,  1.5]), texRes=128, units=u'norm', win=Window(...))
18.5065 	EXP 	Created text_2 = TextStim(alignHoriz='center', alignVert='center', antialias=True, autoLog=True, bold=False, color='white', colorSpace='named', contrast=1.0, depth=-2.0, flipHoriz=False, flipVert=False, font='Arial', fontFiles=[], height=0.1, italic=False, name='text_2', opacity=1.0, ori=0, pos=array([ 0.  ,  0.85]), rgb=array([ 255.,  255.,  255.]), text=u'default text', units=u'norm', win=Window(...), wrapWidth=1)
18.5331 	EXP 	Created dummy_start = TextStim(alignHoriz='center', alignVert='center', antialias=True, autoLog=True, bold=False, color='white', colorSpace='named', contrast=1.0, depth=0.0, flipHoriz=False, flipVert=False, font='Arial', fontFiles=[], height=0.5, italic=False, name='dummy_start', opacity=1.0, ori=0, pos=array([ 0.,  0.]), rgb=array([ 255.,  255.,  255.]), text=u'+', units=u'norm', win=Window(...), wrapWidth=1)
18.5400 	EXP 	Created image = ImageStim(autoLog=True, color=array([ 1.,  1.,  1.]), colorSpace='rgb', contrast=1.0, depth=-1.0, flipHoriz=False, flipVert=False, image='sin', interpolate=True, mask=None, maskParams=None, name='image', opacity=1.0, ori=0.0, pos=array([ 0.,  0.]), size=array([ 1.6,  1.6]), texRes=128, units=u'norm', win=Window(...))
18.5538 	EXP 	Created message = TextStim(alignHoriz='center', alignVert='center', antialias=True, autoLog=True, bold=False, color='white', colorSpace='named', contrast=1.0, depth=-1.0, flipHoriz=False, flipVert=False, font='Arial', fontFiles=[], height=0.1, italic=False, name='message', opacity=1.0, ori=0, pos=array([ 0.,  0.]), rgb=array([ 255.,  255.,  255.]), text=u'default text', units=u'norm', win=Window(...), wrapWidth=1)
18.5604 	EXP 	Created image_2 = ImageStim(autoLog=True, color=array([ 1.,  1.,  1.]), colorSpace='rgb', contrast=1.0, depth=0.0, flipHoriz=False, flipVert=False, image='sin', interpolate=True, mask=None, maskParams=None, name='image_2', opacity=1.0, ori=0.0, pos=array([ 0.,  0.]), size=array([ 1.5,  1.5]), texRes=128, units=u'norm', win=Window(...))
18.5663 	EXP 	Created test_start_txt = TextStim(alignHoriz='center', alignVert='center', antialias=True, autoLog=True, bold=False, color='white', colorSpace='named', contrast=1.0, depth=0.0, flipHoriz=False, flipVert=False, font='Arial', fontFiles=[], height=0.5, italic=False, name='test_start_txt', opacity=1.0, ori=0, pos=array([ 0.,  0.]), rgb=array([ 255.,  255.,  255.]), text=u'+', units=u'norm', win=Window(...), wrapWidth=1)
18.5712 	EXP 	Created image_3 = ImageStim(autoLog=True, color=array([ 1.,  1.,  1.]), colorSpace='rgb', contrast=1.0, depth=-1.0, flipHoriz=False, flipVert=False, image='sin', interpolate=True, mask=None, maskParams=None, name='image_3', opacity=1.0, ori=0.0, pos=array([ 0.,  0.]), size=array([ 1.5,  1.5]), texRes=128, units=u'norm', win=Window(...))
18.5858 	EXP 	Created Timer = TextStim(alignHoriz='center', alignVert='center', antialias=True, autoLog=True, bold=False, color='white', colorSpace='named', contrast=1.0, depth=-3.0, flipHoriz=False, flipVert=False, font='Arial', fontFiles=[], height=0.1, italic=False, name='Timer', opacity=1.0, ori=0, pos=array([ 0.  ,  0.85]), rgb=array([ 255.,  255.,  255.]), text=u'default text', units=u'norm', win=Window(...), wrapWidth=1)
18.5877 	EXP 	Created text = TextStim(alignHoriz='center', alignVert='center', antialias=True, autoLog=True, bold=False, color='white', colorSpace='named', contrast=1.0, depth=-1.0, flipHoriz=False, flipVert=False, font='Arial', fontFiles=[], height=0.1, italic=False, name='text', opacity=1.0, ori=0, pos=array([ 0.,  0.]), rgb=array([ 255.,  255.,  255.]), text='', units=u'norm', win=Window(...), wrapWidth=1)
19.9271 	EXP 	Imported Settings_MRT.xlsx as conditions, 38 conditions, 9 params
19.9280 	EXP 	Created sequence: sequential, trialTypes=38, nReps=1, seed=None
19.9290 	EXP 	New trial (rep=0, index=0): {u'xPos': None, u'probNum': None, u'Img': u'Img/1.jpg', u'CorrKey': u'space', u'TestType': None, u'yPos': None, u'Etc': None, u'CorrAns': u'space', u'Type': u'Inst'}
19.9299 	EXP 	Created sequence: sequential, trialTypes=1, nReps=0, seed=None
19.9303 	EXP 	Created sequence: sequential, trialTypes=1, nReps=0, seed=None
19.9307 	EXP 	Created sequence: sequential, trialTypes=1, nReps=1, seed=None
19.9312 	EXP 	New trial (rep=0, index=0): None
20.0766 	EXP 	image_2: image = u'Img/1.jpg'
20.0766 	EXP 	image_2: autoDraw = True
22.3894 	DATA 	Keypress: space
22.3908 	EXP 	Created sequence: sequential, trialTypes=1, nReps=0, seed=None
22.3913 	EXP 	Created sequence: sequential, trialTypes=1, nReps=0, seed=None
22.3920 	EXP 	New trial (rep=0, index=1): {u'xPos': None, u'probNum': None, u'Img': u'Img/2.jpg', u'CorrKey': u'space', u'TestType': None, u'yPos': None, u'Etc': None, u'CorrAns': u'space', u'Type': u'Inst'}
22.3929 	EXP 	Created sequence: sequential, trialTypes=1, nReps=0, seed=None
22.3934 	EXP 	Created sequence: sequential, trialTypes=1, nReps=0, seed=None
22.3938 	EXP 	Created sequence: sequential, trialTypes=1, nReps=1, seed=None
22.3943 	EXP 	New trial (rep=0, index=0): None
22.5191 	EXP 	image_2: autoDraw = False
22.5191 	EXP 	image_2: image = u'Img/2.jpg'
22.5191 	EXP 	image_2: autoDraw = True
28.7297 	DATA 	Keypress: space
28.7305 	EXP 	Created sequence: sequential, trialTypes=1, nReps=0, seed=None
28.7310 	EXP 	Created sequence: sequential, trialTypes=1, nReps=0, seed=None
28.7316 	EXP 	New trial (rep=0, index=2): {u'xPos': None, u'probNum': None, u'Img': u'Img/3.jpg', u'CorrKey': u'space', u'TestType': None, u'yPos': None, u'Etc': None, u'CorrAns': u'space', u'Type': u'Inst'}
28.7326 	EXP 	Created sequence: sequential, trialTypes=1, nReps=0, seed=None
28.7330 	EXP 	Created sequence: sequential, trialTypes=1, nReps=0, seed=None
28.7334 	EXP 	Created sequence: sequential, trialTypes=1, nReps=1, seed=None
28.7339 	EXP 	New trial (rep=0, index=0): None
28.8290 	EXP 	image_2: autoDraw = False
28.8290 	EXP 	image_2: image = u'Img/3.jpg'
28.8290 	EXP 	image_2: autoDraw = True
40.1308 	DATA 	Keypress: space
40.1316 	EXP 	Created sequence: sequential, trialTypes=1, nReps=0, seed=None
40.1321 	EXP 	Created sequence: sequential, trialTypes=1, nReps=0, seed=None
40.1328 	EXP 	New trial (rep=0, index=3): {u'xPos': -620, u'probNum': None, u'Img': None, u'CorrKey': None, u'TestType': u'OpenSession', u'yPos': 580, u'Etc': None, u'CorrAns': None, u'Type': u'Mouse'}
40.1343 	EXP 	Created sequence: sequential, trialTypes=1, nReps=0, seed=None
40.1348 	EXP 	Created sequence: sequential, trialTypes=1, nReps=0, seed=None
40.1352 	EXP 	Created sequence: sequential, trialTypes=1, nReps=0, seed=None
40.1357 	EXP 	Created sequence: sequential, trialTypes=1, nReps=0, seed=None
40.1361 	EXP 	Created sequence: sequential, trialTypes=1, nReps=1, seed=None
40.1365 	EXP 	New trial (rep=0, index=0): None
40.1628 	EXP 	image_2: autoDraw = False
40.1628 	EXP 	text: autoDraw = True
40.2299 	EXP 	New trial (rep=0, index=4): {u'xPos': None, u'probNum': None, u'Img': u'Img/4.jpg', u'CorrKey': None, u'TestType': u'Background', u'yPos': None, u'Etc': None, u'CorrAns': None, u'Type': u'TimeOut'}
40.2323 	EXP 	Created sequence: sequential, trialTypes=1, nReps=1, seed=None
40.2342 	EXP 	New trial (rep=0, index=0): None
40.3589 	EXP 	text: autoDraw = False
40.3589 	EXP 	text: autoDraw = False
40.3589 	EXP 	image_4: image = u'Img/4.jpg'
40.3589 	EXP 	image_4: autoDraw = True
90.2827 	EXP 	text_2: autoDraw = True
100.2359 	EXP 	Created sequence: sequential, trialTypes=1, nReps=0, seed=None
100.2366 	EXP 	Created sequence: sequential, trialTypes=1, nReps=0, seed=None
100.2372 	EXP 	Created sequence: sequential, trialTypes=1, nReps=0, seed=None
100.2378 	EXP 	Created sequence: sequential, trialTypes=1, nReps=0, seed=None
100.2387 	EXP 	New trial (rep=0, index=5): {u'xPos': 100, u'probNum': None, u'Img': None, u'CorrKey': None, u'TestType': u'Back_to_Test', u'yPos': 100, u'Etc': None, u'CorrAns': None, u'Type': u'Mouse'}
100.2402 	EXP 	Created sequence: sequential, trialTypes=1, nReps=0, seed=None
100.2409 	EXP 	Created sequence: sequential, trialTypes=1, nReps=0, seed=None
100.2415 	EXP 	Created sequence: sequential, trialTypes=1, nReps=0, seed=None
100.2421 	EXP 	Created sequence: sequential, trialTypes=1, nReps=0, seed=None
100.2425 	EXP 	Created sequence: sequential, trialTypes=1, nReps=1, seed=None
100.2437 	EXP 	New trial (rep=0, index=0): None
100.2550 	DATA 	Mouse: Left button down, pos=(100,668)
100.2642 	DATA 	Mouse:  Left button up, pos=(100,668)
100.2887 	EXP 	image_4: autoDraw = False
100.2887 	EXP 	text_2: autoDraw = False
100.2887 	EXP 	image_4: autoDraw = False
100.2887 	EXP 	text_2: autoDraw = False
100.2887 	EXP 	text: autoDraw = True
100.3393 	EXP 	New trial (rep=0, index=6): {u'xPos': None, u'probNum': None, u'Img': u'Img/5.jpg', u'CorrKey': u'space', u'TestType': None, u'yPos': None, u'Etc': None, u'CorrAns': u'space', u'Type': u'Inst'}
100.3409 	EXP 	Created sequence: sequential, trialTypes=1, nReps=0, seed=None
100.3417 	EXP 	Created sequence: sequential, trialTypes=1, nReps=0, seed=None
100.3424 	EXP 	Created sequence: sequential, trialTypes=1, nReps=1, seed=None
100.3431 	EXP 	New trial (rep=0, index=0): None
100.4698 	EXP 	text: autoDraw = False
100.4698 	EXP 	text: autoDraw = False
100.4698 	EXP 	image_2: image = u'Img/5.jpg'
100.4698 	EXP 	image_2: autoDraw = True
110.6620 	DATA 	Keypress: space
110.6636 	EXP 	Created sequence: sequential, trialTypes=1, nReps=0, seed=None
110.6642 	EXP 	Created sequence: sequential, trialTypes=1, nReps=0, seed=None
110.6648 	EXP 	New trial (rep=0, index=7): {u'xPos': None, u'probNum': None, u'Img': u'Img/6.jpg', u'CorrKey': u'space', u'TestType': None, u'yPos': None, u'Etc': None, u'CorrAns': u'space', u'Type': u'Inst'}
110.6659 	EXP 	Created sequence: sequential, trialTypes=1, nReps=0, seed=None
110.6665 	EXP 	Created sequence: sequential, trialTypes=1, nReps=0, seed=None
110.6672 	EXP 	Created sequence: sequential, trialTypes=1, nReps=1, seed=None
110.6676 	EXP 	New trial (rep=0, index=0): None
110.7635 	EXP 	image_2: autoDraw = False
110.7635 	EXP 	image_2: image = u'Img/6.jpg'
110.7635 	EXP 	image_2: autoDraw = True
113.9174 	DATA 	Keypress: space
113.9184 	EXP 	Created sequence: sequential, trialTypes=1, nReps=0, seed=None
113.9189 	EXP 	Created sequence: sequential, trialTypes=1, nReps=0, seed=None
113.9195 	EXP 	New trial (rep=0, index=8): {u'xPos': None, u'probNum': None, u'Img': u'Img/7.jpg', u'CorrKey': None, u'TestType': u'Background', u'yPos': None, u'Etc': None, u'CorrAns': None, u'Type': u'TimeOut'}
113.9205 	EXP 	Created sequence: sequential, trialTypes=1, nReps=1, seed=None
113.9210 	EXP 	New trial (rep=0, index=0): None
114.0132 	EXP 	image_2: autoDraw = False
114.0132 	EXP 	image_4: image = u'Img/7.jpg'
114.0132 	EXP 	image_4: autoDraw = True
163.9642 	EXP 	text_2: autoDraw = True
173.9230 	EXP 	Created sequence: sequential, trialTypes=1, nReps=0, seed=None
173.9234 	EXP 	Created sequence: sequential, trialTypes=1, nReps=0, seed=None
173.9239 	EXP 	Created sequence: sequential, trialTypes=1, nReps=0, seed=None
173.9243 	EXP 	Created sequence: sequential, trialTypes=1, nReps=0, seed=None
173.9249 	EXP 	New trial (rep=0, index=9): {u'xPos': None, u'probNum': None, u'Img': u'Img/8.jpg', u'CorrKey': u'space', u'TestType': None, u'yPos': None, u'Etc': None, u'CorrAns': u'space', u'Type': u'Inst'}
173.9261 	EXP 	Created sequence: sequential, trialTypes=1, nReps=0, seed=None
173.9265 	EXP 	Created sequence: sequential, trialTypes=1, nReps=0, seed=None
173.9269 	EXP 	Created sequence: sequential, trialTypes=1, nReps=1, seed=None
173.9274 	EXP 	New trial (rep=0, index=0): None
174.0216 	EXP 	image_4: autoDraw = False
174.0216 	EXP 	text_2: autoDraw = False
174.0216 	EXP 	image_4: autoDraw = False
174.0216 	EXP 	text_2: autoDraw = False
174.0216 	EXP 	image_2: image = u'Img/8.jpg'
174.0216 	EXP 	image_2: autoDraw = True
178.2656 	DATA 	Keypress: space
178.2664 	EXP 	Created sequence: sequential, trialTypes=1, nReps=0, seed=None
178.2668 	EXP 	Created sequence: sequential, trialTypes=1, nReps=0, seed=None
178.2675 	EXP 	New trial (rep=0, index=10): {u'xPos': None, u'probNum': None, u'Img': u'Img/9.jpg', u'CorrKey': u'space', u'TestType': None, u'yPos': None, u'Etc': None, u'CorrAns': u'space', u'Type': u'Inst'}
178.2690 	EXP 	Created sequence: sequential, trialTypes=1, nReps=0, seed=None
178.2699 	EXP 	Created sequence: sequential, trialTypes=1, nReps=0, seed=None
178.2705 	EXP 	Created sequence: sequential, trialTypes=1, nReps=1, seed=None
178.2710 	EXP 	New trial (rep=0, index=0): None
178.3685 	EXP 	image_2: autoDraw = False
178.3685 	EXP 	image_2: image = u'Img/9.jpg'
178.3685 	EXP 	image_2: autoDraw = True
186.6453 	DATA 	Keypress: space
186.6469 	EXP 	Created sequence: sequential, trialTypes=1, nReps=0, seed=None
186.6474 	EXP 	Created sequence: sequential, trialTypes=1, nReps=0, seed=None
186.6480 	EXP 	New trial (rep=0, index=11): {u'xPos': None, u'probNum': None, u'Img': u'Img/10.jpg', u'CorrKey': u'space', u'TestType': None, u'yPos': None, u'Etc': None, u'CorrAns': u'space', u'Type': u'Inst'}
186.6496 	EXP 	Created sequence: sequential, trialTypes=1, nReps=0, seed=None
186.6508 	EXP 	Created sequence: sequential, trialTypes=1, nReps=0, seed=None
186.6517 	EXP 	Created sequence: sequential, trialTypes=1, nReps=1, seed=None
186.6524 	EXP 	New trial (rep=0, index=0): None
186.7587 	EXP 	image_2: autoDraw = False
186.7587 	EXP 	image_2: image = u'Img/10.jpg'
186.7587 	EXP 	image_2: autoDraw = True
189.9288 	DATA 	Keypress: space
189.9297 	EXP 	Created sequence: sequential, trialTypes=1, nReps=0, seed=None
189.9302 	EXP 	Created sequence: sequential, trialTypes=1, nReps=0, seed=None
189.9308 	EXP 	New trial (rep=0, index=12): {u'xPos': None, u'probNum': None, u'Img': u'Img/11.jpg', u'CorrKey': u'space', u'TestType': None, u'yPos': None, u'Etc': None, u'CorrAns': u'space', u'Type': u'Inst'}
189.9319 	EXP 	Created sequence: sequential, trialTypes=1, nReps=0, seed=None
189.9323 	EXP 	Created sequence: sequential, trialTypes=1, nReps=0, seed=None
189.9328 	EXP 	Created sequence: sequential, trialTypes=1, nReps=1, seed=None
189.9335 	EXP 	New trial (rep=0, index=0): None
190.0291 	EXP 	image_2: autoDraw = False
190.0291 	EXP 	image_2: image = u'Img/11.jpg'
190.0291 	EXP 	image_2: autoDraw = True
192.1791 	DATA 	Keypress: space
192.1799 	EXP 	Created sequence: sequential, trialTypes=1, nReps=0, seed=None
192.1809 	EXP 	Created sequence: sequential, trialTypes=1, nReps=0, seed=None
192.1819 	EXP 	New trial (rep=0, index=13): {u'xPos': None, u'probNum': None, u'Img': u'Img/12.jpg', u'CorrKey': u'left', u'TestType': None, u'yPos': None, u'Etc': None, u'CorrAns': u'same', u'Type': u'Dumm'}
192.1842 	EXP 	Created sequence: sequential, trialTypes=1, nReps=0, seed=None
192.1847 	EXP 	Created sequence: sequential, trialTypes=1, nReps=1, seed=None
192.1852 	EXP 	New trial (rep=0, index=0): None
192.2620 	EXP 	image_2: autoDraw = False
192.2620 	EXP 	image: image = u'Img/12.jpg'
192.2620 	EXP 	dummy_start: autoDraw = True
194.1935 	EXP 	dummy_start: autoDraw = False
194.2100 	EXP 	image: autoDraw = True
197.2126 	DATA 	Keypress: left
197.2780 	EXP 	dummy_start: autoDraw = False
197.2780 	EXP 	image: autoDraw = False
197.2780 	EXP 	message: text = 'Good! \n \n \n Response time = 3.003'
197.2780 	EXP 	message: autoDraw = True
200.2116 	EXP 	Created sequence: sequential, trialTypes=1, nReps=0, seed=None
200.2125 	EXP 	Created sequence: sequential, trialTypes=1, nReps=0, seed=None
200.2134 	EXP 	Created sequence: sequential, trialTypes=1, nReps=0, seed=None
200.2143 	EXP 	New trial (rep=0, index=14): {u'xPos': None, u'probNum': None, u'Img': u'Img/13.jpg', u'CorrKey': u'right', u'TestType': None, u'yPos': None, u'Etc': None, u'CorrAns': u'different', u'Type': u'Dumm'}
200.2155 	EXP 	Created sequence: sequential, trialTypes=1, nReps=0, seed=None
200.2160 	EXP 	Created sequence: sequential, trialTypes=1, nReps=1, seed=None
200.2164 	EXP 	New trial (rep=0, index=0): None
200.2951 	EXP 	message: autoDraw = False
200.2951 	EXP 	message: autoDraw = False
200.2951 	EXP 	image: image = u'Img/13.jpg'
200.2951 	EXP 	dummy_start: autoDraw = True
202.2231 	EXP 	dummy_start: autoDraw = False
202.2400 	EXP 	image: autoDraw = True
212.2535 	EXP 	dummy_start: autoDraw = False
212.2535 	EXP 	image: autoDraw = False
212.2535 	EXP 	message: text = 'Wrong \n \n Response time = 10.000'
212.2535 	EXP 	message: autoDraw = True
215.2217 	EXP 	Created sequence: sequential, trialTypes=1, nReps=0, seed=None
215.2223 	EXP 	Created sequence: sequential, trialTypes=1, nReps=0, seed=None
215.2227 	EXP 	Created sequence: sequential, trialTypes=1, nReps=0, seed=None
215.2234 	EXP 	New trial (rep=0, index=15): {u'xPos': None, u'probNum': None, u'Img': u'Img/14.jpg', u'CorrKey': None, u'TestType': None, u'yPos': None, u'Etc': None, u'CorrAns': None, u'Type': u'Inst'}
215.2253 	EXP 	Created sequence: sequential, trialTypes=1, nReps=0, seed=None
215.2259 	EXP 	Created sequence: sequential, trialTypes=1, nReps=0, seed=None
215.2265 	EXP 	Created sequence: sequential, trialTypes=1, nReps=1, seed=None
215.2271 	EXP 	New trial (rep=0, index=0): None
215.3213 	EXP 	message: autoDraw = False
215.3213 	EXP 	image_2: image = u'Img/14.jpg'
215.3213 	EXP 	image_2: autoDraw = True
230.6854 	DATA 	Keypress: space
230.6873 	EXP 	Created sequence: sequential, trialTypes=1, nReps=0, seed=None
230.6881 	EXP 	Created sequence: sequential, trialTypes=1, nReps=0, seed=None
230.6891 	EXP 	New trial (rep=0, index=16): {u'xPos': None, u'probNum': 1, u'Img': u'Img/MRT1.jpg', u'CorrKey': u'left', u'TestType': u'MRT', u'yPos': None, u'Etc': None, u'CorrAns': u'same', u'Type': u'Test'}
230.6905 	EXP 	Created sequence: sequential, trialTypes=1, nReps=0, seed=None
230.6910 	EXP 	Created sequence: sequential, trialTypes=1, nReps=0, seed=None
230.6914 	EXP 	Created sequence: sequential, trialTypes=1, nReps=0, seed=None
230.6918 	EXP 	Created sequence: sequential, trialTypes=1, nReps=1, seed=None
230.6923 	EXP 	New trial (rep=0, index=0): None
230.7677 	EXP 	image_2: autoDraw = False
230.7677 	EXP 	image_3: image = u'Img/MRT1.jpg'
230.7677 	EXP 	test_start_txt: autoDraw = True
232.6977 	EXP 	test_start_txt: autoDraw = False
232.7140 	EXP 	image_3: autoDraw = True
236.4154 	DATA 	Keypress: left
236.4192 	EXP 	Created sequence: sequential, trialTypes=1, nReps=0, seed=None
236.4199 	EXP 	New trial (rep=0, index=17): {u'xPos': None, u'probNum': 2, u'Img': u'Img/MRT2.jpg', u'CorrKey': u'right', u'TestType': u'MRT', u'yPos': None, u'Etc': None, u'CorrAns': u'different', u'Type': u'Test'}
236.4209 	EXP 	Created sequence: sequential, trialTypes=1, nReps=0, seed=None
236.4214 	EXP 	Created sequence: sequential, trialTypes=1, nReps=0, seed=None
236.4218 	EXP 	Created sequence: sequential, trialTypes=1, nReps=0, seed=None
236.4223 	EXP 	Created sequence: sequential, trialTypes=1, nReps=1, seed=None
236.4228 	EXP 	New trial (rep=0, index=0): None
236.5160 	EXP 	test_start_txt: autoDraw = False
236.5160 	EXP 	image_3: autoDraw = False
236.5160 	EXP 	Timer: autoDraw = False
236.5160 	EXP 	image_3: image = u'Img/MRT2.jpg'
236.5160 	EXP 	test_start_txt: autoDraw = True
238.4284 	EXP 	test_start_txt: autoDraw = False
238.4581 	EXP 	image_3: autoDraw = True
241.5309 	DATA 	Keypress: right
241.5341 	EXP 	Created sequence: sequential, trialTypes=1, nReps=0, seed=None
241.5352 	EXP 	New trial (rep=0, index=18): {u'xPos': None, u'probNum': 3, u'Img': u'Img/MRT3.jpg', u'CorrKey': u'left', u'TestType': u'MRT', u'yPos': None, u'Etc': None, u'CorrAns': u'same', u'Type': u'Test'}
241.5367 	EXP 	Created sequence: sequential, trialTypes=1, nReps=0, seed=None
241.5371 	EXP 	Created sequence: sequential, trialTypes=1, nReps=0, seed=None
241.5376 	EXP 	Created sequence: sequential, trialTypes=1, nReps=0, seed=None
241.5380 	EXP 	Created sequence: sequential, trialTypes=1, nReps=1, seed=None
241.5385 	EXP 	New trial (rep=0, index=0): None
241.6295 	EXP 	test_start_txt: autoDraw = False
241.6295 	EXP 	image_3: autoDraw = False
241.6295 	EXP 	Timer: autoDraw = False
241.6295 	EXP 	image_3: image = u'Img/MRT3.jpg'
241.6295 	EXP 	test_start_txt: autoDraw = True
243.5433 	EXP 	test_start_txt: autoDraw = False
243.5600 	EXP 	image_3: autoDraw = True
247.9700 	DATA 	Keypress: left
247.9718 	EXP 	Created sequence: sequential, trialTypes=1, nReps=0, seed=None
247.9724 	EXP 	New trial (rep=0, index=19): {u'xPos': None, u'probNum': 4, u'Img': u'Img/MRT4.jpg', u'CorrKey': u'left', u'TestType': u'MRT', u'yPos': None, u'Etc': None, u'CorrAns': u'same', u'Type': u'Test'}
247.9733 	EXP 	Created sequence: sequential, trialTypes=1, nReps=0, seed=None
247.9738 	EXP 	Created sequence: sequential, trialTypes=1, nReps=0, seed=None
247.9742 	EXP 	Created sequence: sequential, trialTypes=1, nReps=0, seed=None
247.9746 	EXP 	Created sequence: sequential, trialTypes=1, nReps=1, seed=None
247.9751 	EXP 	New trial (rep=0, index=0): None
248.0482 	EXP 	test_start_txt: autoDraw = False
248.0482 	EXP 	image_3: autoDraw = False
248.0482 	EXP 	Timer: autoDraw = False
248.0482 	EXP 	image_3: image = u'Img/MRT4.jpg'
248.0482 	EXP 	test_start_txt: autoDraw = True
250.0045 	EXP 	test_start_txt: autoDraw = False
250.0045 	EXP 	image_3: autoDraw = True
252.8820 	DATA 	Keypress: left
252.8841 	EXP 	Created sequence: sequential, trialTypes=1, nReps=0, seed=None
252.8847 	EXP 	New trial (rep=0, index=20): {u'xPos': None, u'probNum': 5, u'Img': u'Img/MRT5.jpg', u'CorrKey': u'right', u'TestType': u'MRT', u'yPos': None, u'Etc': None, u'CorrAns': u'different', u'Type': u'Test'}
252.8858 	EXP 	Created sequence: sequential, trialTypes=1, nReps=0, seed=None
252.8863 	EXP 	Created sequence: sequential, trialTypes=1, nReps=0, seed=None
252.8868 	EXP 	Created sequence: sequential, trialTypes=1, nReps=0, seed=None
252.8876 	EXP 	Created sequence: sequential, trialTypes=1, nReps=1, seed=None
252.8881 	EXP 	New trial (rep=0, index=0): None
252.9656 	EXP 	test_start_txt: autoDraw = False
252.9656 	EXP 	image_3: autoDraw = False
252.9656 	EXP 	Timer: autoDraw = False
252.9656 	EXP 	image_3: image = u'Img/MRT5.jpg'
252.9656 	EXP 	test_start_txt: autoDraw = True
254.8963 	EXP 	test_start_txt: autoDraw = False
254.9167 	EXP 	image_3: autoDraw = True
260.1692 	DATA 	Keypress: right
260.1711 	EXP 	Created sequence: sequential, trialTypes=1, nReps=0, seed=None
260.1717 	EXP 	New trial (rep=0, index=21): {u'xPos': None, u'probNum': 6, u'Img': u'Img/MRT6.jpg', u'CorrKey': u'right', u'TestType': u'MRT', u'yPos': None, u'Etc': None, u'CorrAns': u'different', u'Type': u'Test'}
260.1727 	EXP 	Created sequence: sequential, trialTypes=1, nReps=0, seed=None
260.1732 	EXP 	Created sequence: sequential, trialTypes=1, nReps=0, seed=None
260.1737 	EXP 	Created sequence: sequential, trialTypes=1, nReps=0, seed=None
260.1744 	EXP 	Created sequence: sequential, trialTypes=1, nReps=1, seed=None
260.1752 	EXP 	New trial (rep=0, index=0): None
260.2507 	EXP 	test_start_txt: autoDraw = False
260.2507 	EXP 	image_3: autoDraw = False
260.2507 	EXP 	Timer: autoDraw = False
260.2507 	EXP 	image_3: image = u'Img/MRT6.jpg'
260.2507 	EXP 	test_start_txt: autoDraw = True
262.1909 	EXP 	test_start_txt: autoDraw = False
262.2078 	EXP 	image_3: autoDraw = True
272.2214 	EXP 	Timer: autoDraw = True
274.3996 	DATA 	Keypress: right
274.4174 	EXP 	Created sequence: sequential, trialTypes=1, nReps=0, seed=None
274.4180 	EXP 	New trial (rep=0, index=22): {u'xPos': None, u'probNum': 7, u'Img': u'Img/MRT7.jpg', u'CorrKey': u'right', u'TestType': u'MRT', u'yPos': None, u'Etc': None, u'CorrAns': u'different', u'Type': u'Test'}
274.4194 	EXP 	Created sequence: sequential, trialTypes=1, nReps=0, seed=None
274.4201 	EXP 	Created sequence: sequential, trialTypes=1, nReps=0, seed=None
274.4207 	EXP 	Created sequence: sequential, trialTypes=1, nReps=0, seed=None
274.4212 	EXP 	Created sequence: sequential, trialTypes=1, nReps=1, seed=None
274.4216 	EXP 	New trial (rep=0, index=0): None
274.4958 	EXP 	test_start_txt: autoDraw = False
274.4958 	EXP 	image_3: autoDraw = False
274.4958 	EXP 	Timer: autoDraw = False
274.4958 	EXP 	image_3: image = u'Img/MRT7.jpg'
274.4958 	EXP 	test_start_txt: autoDraw = True
276.4331 	EXP 	test_start_txt: autoDraw = False
276.4499 	EXP 	image_3: autoDraw = True
283.8158 	DATA 	Keypress: right
283.8199 	EXP 	Created sequence: sequential, trialTypes=1, nReps=0, seed=None
283.8206 	EXP 	New trial (rep=0, index=23): {u'xPos': None, u'probNum': 8, u'Img': u'Img/MRT8.jpg', u'CorrKey': u'left', u'TestType': u'MRT', u'yPos': None, u'Etc': None, u'CorrAns': u'same', u'Type': u'Test'}
283.8217 	EXP 	Created sequence: sequential, trialTypes=1, nReps=0, seed=None
283.8221 	EXP 	Created sequence: sequential, trialTypes=1, nReps=0, seed=None
283.8226 	EXP 	Created sequence: sequential, trialTypes=1, nReps=0, seed=None
283.8231 	EXP 	Created sequence: sequential, trialTypes=1, nReps=1, seed=None
283.8236 	EXP 	New trial (rep=0, index=0): None
283.8979 	EXP 	test_start_txt: autoDraw = False
283.8979 	EXP 	image_3: autoDraw = False
283.8979 	EXP 	Timer: autoDraw = False
283.8979 	EXP 	image_3: image = u'Img/MRT8.jpg'
283.8979 	EXP 	test_start_txt: autoDraw = True
285.8443 	EXP 	test_start_txt: autoDraw = False
285.8443 	EXP 	image_3: autoDraw = True
290.6162 	DATA 	Keypress: left
290.6192 	EXP 	Created sequence: sequential, trialTypes=1, nReps=0, seed=None
290.6197 	EXP 	New trial (rep=0, index=24): {u'xPos': None, u'probNum': 9, u'Img': u'Img/MRT9.jpg', u'CorrKey': u'left', u'TestType': u'MRT', u'yPos': None, u'Etc': None, u'CorrAns': u'same', u'Type': u'Test'}
290.6207 	EXP 	Created sequence: sequential, trialTypes=1, nReps=0, seed=None
290.6212 	EXP 	Created sequence: sequential, trialTypes=1, nReps=0, seed=None
290.6216 	EXP 	Created sequence: sequential, trialTypes=1, nReps=0, seed=None
290.6220 	EXP 	Created sequence: sequential, trialTypes=1, nReps=1, seed=None
290.6225 	EXP 	New trial (rep=0, index=0): None
290.6980 	EXP 	test_start_txt: autoDraw = False
290.6980 	EXP 	image_3: autoDraw = False
290.6980 	EXP 	Timer: autoDraw = False
290.6980 	EXP 	image_3: image = u'Img/MRT9.jpg'
290.6980 	EXP 	test_start_txt: autoDraw = True
292.6408 	EXP 	test_start_txt: autoDraw = False
292.6408 	EXP 	image_3: autoDraw = True
300.6555 	DATA 	Keypress: left
300.6575 	EXP 	Created sequence: sequential, trialTypes=1, nReps=0, seed=None
300.6582 	EXP 	New trial (rep=0, index=25): {u'xPos': None, u'probNum': 10, u'Img': u'Img/MRT10.jpg', u'CorrKey': u'left', u'TestType': u'MRT', u'yPos': None, u'Etc': None, u'CorrAns': u'same', u'Type': u'Test'}
300.6592 	EXP 	Created sequence: sequential, trialTypes=1, nReps=0, seed=None
300.6598 	EXP 	Created sequence: sequential, trialTypes=1, nReps=0, seed=None
300.6605 	EXP 	Created sequence: sequential, trialTypes=1, nReps=0, seed=None
300.6613 	EXP 	Created sequence: sequential, trialTypes=1, nReps=1, seed=None
300.6622 	EXP 	New trial (rep=0, index=0): None
300.7374 	EXP 	test_start_txt: autoDraw = False
300.7374 	EXP 	image_3: autoDraw = False
300.7374 	EXP 	Timer: autoDraw = False
300.7374 	EXP 	image_3: image = u'Img/MRT10.jpg'
300.7374 	EXP 	test_start_txt: autoDraw = True
302.6749 	EXP 	test_start_txt: autoDraw = False
302.6912 	EXP 	image_3: autoDraw = True
306.0679 	DATA 	Keypress: left
306.0700 	EXP 	Created sequence: sequential, trialTypes=1, nReps=0, seed=None
306.0705 	EXP 	New trial (rep=0, index=26): {u'xPos': None, u'probNum': 11, u'Img': u'Img/MRT11.jpg', u'CorrKey': u'right', u'TestType': u'MRT', u'yPos': None, u'Etc': None, u'CorrAns': u'different', u'Type': u'Test'}
306.0718 	EXP 	Created sequence: sequential, trialTypes=1, nReps=0, seed=None
306.0723 	EXP 	Created sequence: sequential, trialTypes=1, nReps=0, seed=None
306.0728 	EXP 	Created sequence: sequential, trialTypes=1, nReps=0, seed=None
306.0733 	EXP 	Created sequence: sequential, trialTypes=1, nReps=1, seed=None
306.0737 	EXP 	New trial (rep=0, index=0): None
306.1676 	EXP 	test_start_txt: autoDraw = False
306.1676 	EXP 	image_3: autoDraw = False
306.1676 	EXP 	Timer: autoDraw = False
306.1676 	EXP 	image_3: image = u'Img/MRT11.jpg'
306.1676 	EXP 	test_start_txt: autoDraw = True
308.0904 	EXP 	test_start_txt: autoDraw = False
308.0904 	EXP 	image_3: autoDraw = True
312.0847 	DATA 	Keypress: right
312.0866 	EXP 	Created sequence: sequential, trialTypes=1, nReps=0, seed=None
312.0873 	EXP 	New trial (rep=0, index=27): {u'xPos': None, u'probNum': 12, u'Img': u'Img/MRT12.jpg', u'CorrKey': u'right', u'TestType': u'MRT', u'yPos': None, u'Etc': None, u'CorrAns': u'different', u'Type': u'Test'}
312.0883 	EXP 	Created sequence: sequential, trialTypes=1, nReps=0, seed=None
312.0888 	EXP 	Created sequence: sequential, trialTypes=1, nReps=0, seed=None
312.0894 	EXP 	Created sequence: sequential, trialTypes=1, nReps=0, seed=None
312.0902 	EXP 	Created sequence: sequential, trialTypes=1, nReps=1, seed=None
312.0912 	EXP 	New trial (rep=0, index=0): None
312.1846 	EXP 	test_start_txt: autoDraw = False
312.1846 	EXP 	image_3: autoDraw = False
312.1846 	EXP 	Timer: autoDraw = False
312.1846 	EXP 	image_3: image = u'Img/MRT12.jpg'
312.1846 	EXP 	test_start_txt: autoDraw = True
314.1169 	EXP 	test_start_txt: autoDraw = False
314.1363 	EXP 	image_3: autoDraw = True
317.8684 	DATA 	Keypress: right
317.8703 	EXP 	Created sequence: sequential, trialTypes=1, nReps=0, seed=None
317.8709 	EXP 	New trial (rep=0, index=28): {u'xPos': None, u'probNum': 13, u'Img': u'Img/MRT13.jpg', u'CorrKey': u'left', u'TestType': u'MRT', u'yPos': None, u'Etc': None, u'CorrAns': u'same', u'Type': u'Test'}
317.8722 	EXP 	Created sequence: sequential, trialTypes=1, nReps=0, seed=None
317.8727 	EXP 	Created sequence: sequential, trialTypes=1, nReps=0, seed=None
317.8731 	EXP 	Created sequence: sequential, trialTypes=1, nReps=0, seed=None
317.8736 	EXP 	Created sequence: sequential, trialTypes=1, nReps=1, seed=None
317.8740 	EXP 	New trial (rep=0, index=0): None
317.9511 	EXP 	test_start_txt: autoDraw = False
317.9511 	EXP 	image_3: autoDraw = False
317.9511 	EXP 	Timer: autoDraw = False
317.9511 	EXP 	image_3: image = u'Img/MRT13.jpg'
317.9511 	EXP 	test_start_txt: autoDraw = True
319.8781 	EXP 	test_start_txt: autoDraw = False
319.8944 	EXP 	image_3: autoDraw = True
326.8209 	DATA 	Keypress: left
326.8243 	EXP 	Created sequence: sequential, trialTypes=1, nReps=0, seed=None
326.8250 	EXP 	New trial (rep=0, index=29): {u'xPos': None, u'probNum': 14, u'Img': u'Img/MRT14.jpg', u'CorrKey': u'right', u'TestType': u'MRT', u'yPos': None, u'Etc': None, u'CorrAns': u'different', u'Type': u'Test'}
326.8260 	EXP 	Created sequence: sequential, trialTypes=1, nReps=0, seed=None
326.8265 	EXP 	Created sequence: sequential, trialTypes=1, nReps=0, seed=None
326.8269 	EXP 	Created sequence: sequential, trialTypes=1, nReps=0, seed=None
326.8274 	EXP 	Created sequence: sequential, trialTypes=1, nReps=1, seed=None
326.8279 	EXP 	New trial (rep=0, index=0): None
326.9055 	EXP 	test_start_txt: autoDraw = False
326.9055 	EXP 	image_3: autoDraw = False
326.9055 	EXP 	Timer: autoDraw = False
326.9055 	EXP 	image_3: image = u'Img/MRT14.jpg'
326.9055 	EXP 	test_start_txt: autoDraw = True
328.8450 	EXP 	test_start_txt: autoDraw = False
328.8450 	EXP 	image_3: autoDraw = True
338.8564 	EXP 	Timer: autoDraw = True
341.8025 	DATA 	Keypress: right
341.8353 	EXP 	Created sequence: sequential, trialTypes=1, nReps=0, seed=None
341.8359 	EXP 	New trial (rep=0, index=30): {u'xPos': None, u'probNum': 15, u'Img': u'Img/MRT15.jpg', u'CorrKey': u'left', u'TestType': u'MRT', u'yPos': None, u'Etc': None, u'CorrAns': u'same', u'Type': u'Test'}
341.8369 	EXP 	Created sequence: sequential, trialTypes=1, nReps=0, seed=None
341.8375 	EXP 	Created sequence: sequential, trialTypes=1, nReps=0, seed=None
341.8380 	EXP 	Created sequence: sequential, trialTypes=1, nReps=0, seed=None
341.8384 	EXP 	Created sequence: sequential, trialTypes=1, nReps=1, seed=None
341.8389 	EXP 	New trial (rep=0, index=0): None
341.9105 	EXP 	test_start_txt: autoDraw = False
341.9105 	EXP 	image_3: autoDraw = False
341.9105 	EXP 	Timer: autoDraw = False
341.9105 	EXP 	image_3: image = u'Img/MRT15.jpg'
341.9105 	EXP 	test_start_txt: autoDraw = True
343.8519 	EXP 	test_start_txt: autoDraw = False
343.8689 	EXP 	image_3: autoDraw = True
350.9087 	DATA 	Keypress: left
350.9124 	EXP 	Created sequence: sequential, trialTypes=1, nReps=0, seed=None
350.9130 	EXP 	New trial (rep=0, index=31): {u'xPos': None, u'probNum': 16, u'Img': u'Img/MRT16.jpg', u'CorrKey': u'right', u'TestType': u'MRT', u'yPos': None, u'Etc': None, u'CorrAns': u'different', u'Type': u'Test'}
350.9141 	EXP 	Created sequence: sequential, trialTypes=1, nReps=0, seed=None
350.9145 	EXP 	Created sequence: sequential, trialTypes=1, nReps=0, seed=None
350.9150 	EXP 	Created sequence: sequential, trialTypes=1, nReps=0, seed=None
350.9154 	EXP 	Created sequence: sequential, trialTypes=1, nReps=1, seed=None
350.9158 	EXP 	New trial (rep=0, index=0): None
350.9908 	EXP 	test_start_txt: autoDraw = False
350.9908 	EXP 	image_3: autoDraw = False
350.9908 	EXP 	Timer: autoDraw = False
350.9908 	EXP 	image_3: image = u'Img/MRT16.jpg'
350.9908 	EXP 	test_start_txt: autoDraw = True
352.9228 	EXP 	test_start_txt: autoDraw = False
352.9396 	EXP 	image_3: autoDraw = True
359.0476 	DATA 	Keypress: right
359.0495 	EXP 	Created sequence: sequential, trialTypes=1, nReps=0, seed=None
359.0501 	EXP 	New trial (rep=0, index=32): {u'xPos': None, u'probNum': 17, u'Img': u'Img/MRT17.jpg', u'CorrKey': u'left', u'TestType': u'MRT', u'yPos': None, u'Etc': None, u'CorrAns': u'same', u'Type': u'Test'}
359.0512 	EXP 	Created sequence: sequential, trialTypes=1, nReps=0, seed=None
359.0516 	EXP 	Created sequence: sequential, trialTypes=1, nReps=0, seed=None
359.0521 	EXP 	Created sequence: sequential, trialTypes=1, nReps=0, seed=None
359.0527 	EXP 	Created sequence: sequential, trialTypes=1, nReps=1, seed=None
359.0534 	EXP 	New trial (rep=0, index=0): None
359.1374 	EXP 	test_start_txt: autoDraw = False
359.1374 	EXP 	image_3: autoDraw = False
359.1374 	EXP 	Timer: autoDraw = False
359.1374 	EXP 	image_3: image = u'Img/MRT17.jpg'
359.1374 	EXP 	test_start_txt: autoDraw = True
361.0713 	EXP 	test_start_txt: autoDraw = False
361.0880 	EXP 	image_3: autoDraw = True
366.0809 	DATA 	Keypress: left
366.0828 	EXP 	Created sequence: sequential, trialTypes=1, nReps=0, seed=None
366.0834 	EXP 	New trial (rep=0, index=33): {u'xPos': None, u'probNum': 18, u'Img': u'Img/MRT18.jpg', u'CorrKey': u'left', u'TestType': u'MRT', u'yPos': None, u'Etc': None, u'CorrAns': u'same', u'Type': u'Test'}
366.0844 	EXP 	Created sequence: sequential, trialTypes=1, nReps=0, seed=None
366.0849 	EXP 	Created sequence: sequential, trialTypes=1, nReps=0, seed=None
366.0853 	EXP 	Created sequence: sequential, trialTypes=1, nReps=0, seed=None
366.0858 	EXP 	Created sequence: sequential, trialTypes=1, nReps=1, seed=None
366.0863 	EXP 	New trial (rep=0, index=0): None
366.1639 	EXP 	test_start_txt: autoDraw = False
366.1639 	EXP 	image_3: autoDraw = False
366.1639 	EXP 	Timer: autoDraw = False
366.1639 	EXP 	image_3: image = u'Img/MRT18.jpg'
366.1639 	EXP 	test_start_txt: autoDraw = True
368.0928 	EXP 	test_start_txt: autoDraw = False
368.1100 	EXP 	image_3: autoDraw = True
377.6425 	DATA 	Keypress: left
377.6607 	EXP 	Created sequence: sequential, trialTypes=1, nReps=0, seed=None
377.6612 	EXP 	New trial (rep=0, index=34): {u'xPos': None, u'probNum': 19, u'Img': u'Img/MRT19.jpg', u'CorrKey': u'right', u'TestType': u'MRT', u'yPos': None, u'Etc': None, u'CorrAns': u'different', u'Type': u'Test'}
377.6622 	EXP 	Created sequence: sequential, trialTypes=1, nReps=0, seed=None
377.6627 	EXP 	Created sequence: sequential, trialTypes=1, nReps=0, seed=None
377.6632 	EXP 	Created sequence: sequential, trialTypes=1, nReps=0, seed=None
377.6636 	EXP 	Created sequence: sequential, trialTypes=1, nReps=1, seed=None
377.6640 	EXP 	New trial (rep=0, index=0): None
377.7414 	EXP 	test_start_txt: autoDraw = False
377.7414 	EXP 	image_3: autoDraw = False
377.7414 	EXP 	Timer: autoDraw = False
377.7414 	EXP 	image_3: image = u'Img/MRT19.jpg'
377.7414 	EXP 	test_start_txt: autoDraw = True
379.6796 	EXP 	test_start_txt: autoDraw = False
379.6961 	EXP 	image_3: autoDraw = True
387.2778 	DATA 	Keypress: right
387.2796 	EXP 	Created sequence: sequential, trialTypes=1, nReps=0, seed=None
387.2801 	EXP 	New trial (rep=0, index=35): {u'xPos': None, u'probNum': 20, u'Img': u'Img/MRT20.jpg', u'CorrKey': u'right', u'TestType': u'MRT', u'yPos': None, u'Etc': None, u'CorrAns': u'different', u'Type': u'Test'}
387.2811 	EXP 	Created sequence: sequential, trialTypes=1, nReps=0, seed=None
387.2817 	EXP 	Created sequence: sequential, trialTypes=1, nReps=0, seed=None
387.2821 	EXP 	Created sequence: sequential, trialTypes=1, nReps=0, seed=None
387.2825 	EXP 	Created sequence: sequential, trialTypes=1, nReps=1, seed=None
387.2830 	EXP 	New trial (rep=0, index=0): None
387.3594 	EXP 	test_start_txt: autoDraw = False
387.3594 	EXP 	image_3: autoDraw = False
387.3594 	EXP 	Timer: autoDraw = False
387.3594 	EXP 	image_3: image = u'Img/MRT20.jpg'
387.3594 	EXP 	test_start_txt: autoDraw = True
389.3032 	EXP 	test_start_txt: autoDraw = False
389.3032 	EXP 	image_3: autoDraw = True
394.0615 	DATA 	Keypress: right
394.0651 	EXP 	Created sequence: sequential, trialTypes=1, nReps=0, seed=None
394.0668 	EXP 	New trial (rep=0, index=36): {u'xPos': None, u'probNum': None, u'Img': u'Img/62.jpg', u'CorrKey': u'space', u'TestType': None, u'yPos': None, u'Etc': None, u'CorrAns': u'space', u'Type': u'Inst'}
394.0681 	EXP 	Created sequence: sequential, trialTypes=1, nReps=0, seed=None
394.0686 	EXP 	Created sequence: sequential, trialTypes=1, nReps=0, seed=None
394.0691 	EXP 	Created sequence: sequential, trialTypes=1, nReps=1, seed=None
394.0697 	EXP 	New trial (rep=0, index=0): None
394.1602 	EXP 	test_start_txt: autoDraw = False
394.1602 	EXP 	image_3: autoDraw = False
394.1602 	EXP 	Timer: autoDraw = False
394.1602 	EXP 	image_2: image = u'Img/62.jpg'
394.1602 	EXP 	image_2: autoDraw = True
398.1275 	DATA 	Keypress: space
398.1293 	EXP 	Created sequence: sequential, trialTypes=1, nReps=0, seed=None
398.1301 	EXP 	Created sequence: sequential, trialTypes=1, nReps=0, seed=None
398.1311 	EXP 	New trial (rep=0, index=37): {u'xPos': -1200, u'probNum': None, u'Img': None, u'CorrKey': None, u'TestType': u'CloseSession', u'yPos': 60, u'Etc': None, u'CorrAns': None, u'Type': u'Mouse'}
398.1327 	EXP 	Created sequence: sequential, trialTypes=1, nReps=0, seed=None
398.1335 	EXP 	Created sequence: sequential, trialTypes=1, nReps=0, seed=None
398.1342 	EXP 	Created sequence: sequential, trialTypes=1, nReps=0, seed=None
398.1352 	EXP 	Created sequence: sequential, trialTypes=1, nReps=0, seed=None
398.1359 	EXP 	Created sequence: sequential, trialTypes=1, nReps=1, seed=None
398.1367 	EXP 	New trial (rep=0, index=0): None
398.4379 	EXP 	window1: mouseVisible = True
