8.3943 	EXP 	Created window1 = Window(allowGUI=False, allowStencil=False, autoLog=True, bitsMode=UNKNOWN, blendMode='avg', color=array([ 0.,  0.,  0.]), colorSpace='rgb', fullscr=UNKNOWN, gamma=None, lms=UNKNOWN, monitor=<psychopy.monitors.calibTools.Monitor instance at 0x0A7416E8>, name='window1', pos=[0, 0], screen=0, size=array([1600,  900]), stereo=False, units=u'norm', useFBO=True, viewOri=0.0, viewPos=None, viewScale=None, waitBlanking=True, winType='pyglet')
8.3944 	EXP 	window1: recordFrameIntervals = False
8.5609 	EXP 	window1: recordFrameIntervals = True
8.7438 	EXP 	window1: recordFrameIntervals = False
8.7509 	EXP 	Created image_4 = ImageStim(autoLog=True, color=array([ 1.,  1.,  1.]), colorSpace='rgb', contrast=1.0, depth=0.0, flipHoriz=False, flipVert=False, image='sin', interpolate=True, mask=None, maskParams=None, name='image_4', opacity=1.0, ori=0.0, pos=array([ 0.,  0.]), size=array([ 1.5,  1.5]), texRes=128, units=u'norm', win=Window(...))
8.8214 	EXP 	Created text_2 = TextStim(alignHoriz='center', alignVert='center', antialias=True, autoLog=True, bold=False, color='white', colorSpace='named', contrast=1.0, depth=-2.0, flipHoriz=False, flipVert=False, font='Arial', fontFiles=[], height=0.1, italic=False, name='text_2', opacity=1.0, ori=0, pos=array([ 0.  ,  0.85]), rgb=array([ 255.,  255.,  255.]), text=u'default text', units=u'norm', win=Window(...), wrapWidth=1)
8.8431 	EXP 	Created dummy_start = TextStim(alignHoriz='center', alignVert='center', antialias=True, autoLog=True, bold=False, color='white', colorSpace='named', contrast=1.0, depth=0.0, flipHoriz=False, flipVert=False, font='Arial', fontFiles=[], height=0.5, italic=False, name='dummy_start', opacity=1.0, ori=0, pos=array([ 0.,  0.]), rgb=array([ 255.,  255.,  255.]), text=u'+', units=u'norm', win=Window(...), wrapWidth=1)
8.8458 	EXP 	Created image = ImageStim(autoLog=True, color=array([ 1.,  1.,  1.]), colorSpace='rgb', contrast=1.0, depth=-1.0, flipHoriz=False, flipVert=False, image='sin', interpolate=True, mask=None, maskParams=None, name='image', opacity=1.0, ori=0.0, pos=array([ 0.,  0.]), size=array([ 1.6,  1.6]), texRes=128, units=u'norm', win=Window(...))
8.8508 	EXP 	Created message = TextStim(alignHoriz='center', alignVert='center', antialias=True, autoLog=True, bold=False, color='white', colorSpace='named', contrast=1.0, depth=-1.0, flipHoriz=False, flipVert=False, font='Arial', fontFiles=[], height=0.1, italic=False, name='message', opacity=1.0, ori=0, pos=array([ 0.,  0.]), rgb=array([ 255.,  255.,  255.]), text=u'default text', units=u'norm', win=Window(...), wrapWidth=1)
8.8535 	EXP 	Created image_2 = ImageStim(autoLog=True, color=array([ 1.,  1.,  1.]), colorSpace='rgb', contrast=1.0, depth=0.0, flipHoriz=False, flipVert=False, image='sin', interpolate=True, mask=None, maskParams=None, name='image_2', opacity=1.0, ori=0.0, pos=array([ 0.,  0.]), size=array([ 1.5,  1.5]), texRes=128, units=u'norm', win=Window(...))
8.8562 	EXP 	Created test_start_txt = TextStim(alignHoriz='center', alignVert='center', antialias=True, autoLog=True, bold=False, color='white', colorSpace='named', contrast=1.0, depth=0.0, flipHoriz=False, flipVert=False, font='Arial', fontFiles=[], height=0.5, italic=False, name='test_start_txt', opacity=1.0, ori=0, pos=array([ 0.,  0.]), rgb=array([ 255.,  255.,  255.]), text=u'+', units=u'norm', win=Window(...), wrapWidth=1)
8.8586 	EXP 	Created image_3 = ImageStim(autoLog=True, color=array([ 1.,  1.,  1.]), colorSpace='rgb', contrast=1.0, depth=-1.0, flipHoriz=False, flipVert=False, image='sin', interpolate=True, mask=None, maskParams=None, name='image_3', opacity=1.0, ori=0.0, pos=array([ 0.,  0.]), size=array([ 1.5,  1.5]), texRes=128, units=u'norm', win=Window(...))
8.8640 	EXP 	Created Timer = TextStim(alignHoriz='center', alignVert='center', antialias=True, autoLog=True, bold=False, color='white', colorSpace='named', contrast=1.0, depth=-3.0, flipHoriz=False, flipVert=False, font='Arial', fontFiles=[], height=0.1, italic=False, name='Timer', opacity=1.0, ori=0, pos=array([ 0.  ,  0.85]), rgb=array([ 255.,  255.,  255.]), text=u'default text', units=u'norm', win=Window(...), wrapWidth=1)
8.8648 	EXP 	Created text = TextStim(alignHoriz='center', alignVert='center', antialias=True, autoLog=True, bold=False, color='white', colorSpace='named', contrast=1.0, depth=-1.0, flipHoriz=False, flipVert=False, font='Arial', fontFiles=[], height=0.1, italic=False, name='text', opacity=1.0, ori=0, pos=array([ 0.,  0.]), rgb=array([ 255.,  255.,  255.]), text='', units=u'norm', win=Window(...), wrapWidth=1)
9.0345 	EXP 	Imported Settings_ConCube.xlsx as conditions, 36 conditions, 8 params
9.0349 	EXP 	Created sequence: sequential, trialTypes=36, nReps=1, seed=None
9.0354 	EXP 	New trial (rep=0, index=0): {u'xPos': None, u'probNum': None, u'Img': u'Img/30.jpg', u'CorrKey': u'space', u'TestType': None, u'yPos': None, u'CorrAns': u'space', u'Type': u'Inst'}
9.0359 	EXP 	Created sequence: sequential, trialTypes=1, nReps=0, seed=None
9.0361 	EXP 	Created sequence: sequential, trialTypes=1, nReps=0, seed=None
9.0363 	EXP 	Created sequence: sequential, trialTypes=1, nReps=1, seed=None
9.0366 	EXP 	New trial (rep=0, index=0): None
9.1103 	EXP 	image_2: image = u'Img/30.jpg'
9.1103 	EXP 	image_2: autoDraw = True
16.3260 	DATA 	Keypress: space
16.3267 	EXP 	Created sequence: sequential, trialTypes=1, nReps=0, seed=None
16.3269 	EXP 	Created sequence: sequential, trialTypes=1, nReps=0, seed=None
16.3273 	EXP 	New trial (rep=0, index=1): {u'xPos': None, u'probNum': None, u'Img': u'Img/31.jpg', u'CorrKey': u'space', u'TestType': None, u'yPos': None, u'CorrAns': u'space', u'Type': u'Inst'}
16.3277 	EXP 	Created sequence: sequential, trialTypes=1, nReps=0, seed=None
16.3280 	EXP 	Created sequence: sequential, trialTypes=1, nReps=0, seed=None
16.3282 	EXP 	Created sequence: sequential, trialTypes=1, nReps=1, seed=None
16.3284 	EXP 	New trial (rep=0, index=0): None
16.3930 	EXP 	image_2: autoDraw = False
16.3930 	EXP 	image_2: image = u'Img/31.jpg'
16.3930 	EXP 	image_2: autoDraw = True
17.8572 	DATA 	Keypress: space
17.8579 	EXP 	Created sequence: sequential, trialTypes=1, nReps=0, seed=None
17.8583 	EXP 	Created sequence: sequential, trialTypes=1, nReps=0, seed=None
17.8586 	EXP 	New trial (rep=0, index=2): {u'xPos': None, u'probNum': None, u'Img': u'Img/32.jpg', u'CorrKey': u'space', u'TestType': None, u'yPos': None, u'CorrAns': u'space', u'Type': u'Inst'}
17.8591 	EXP 	Created sequence: sequential, trialTypes=1, nReps=0, seed=None
17.8593 	EXP 	Created sequence: sequential, trialTypes=1, nReps=0, seed=None
17.8595 	EXP 	Created sequence: sequential, trialTypes=1, nReps=1, seed=None
17.8597 	EXP 	New trial (rep=0, index=0): None
17.9240 	EXP 	image_2: autoDraw = False
17.9240 	EXP 	image_2: image = u'Img/32.jpg'
17.9240 	EXP 	image_2: autoDraw = True
29.9502 	DATA 	Keypress: space
29.9507 	EXP 	Created sequence: sequential, trialTypes=1, nReps=0, seed=None
29.9510 	EXP 	Created sequence: sequential, trialTypes=1, nReps=0, seed=None
29.9514 	EXP 	New trial (rep=0, index=3): {u'xPos': None, u'probNum': None, u'Img': u'Img/33.jpg', u'CorrKey': u'space', u'TestType': None, u'yPos': None, u'CorrAns': u'space', u'Type': u'Inst'}
29.9520 	EXP 	Created sequence: sequential, trialTypes=1, nReps=0, seed=None
29.9524 	EXP 	Created sequence: sequential, trialTypes=1, nReps=0, seed=None
29.9527 	EXP 	Created sequence: sequential, trialTypes=1, nReps=1, seed=None
29.9530 	EXP 	New trial (rep=0, index=0): None
30.0171 	EXP 	image_2: autoDraw = False
30.0171 	EXP 	image_2: image = u'Img/33.jpg'
30.0171 	EXP 	image_2: autoDraw = True
32.8133 	DATA 	Keypress: space
32.8139 	EXP 	Created sequence: sequential, trialTypes=1, nReps=0, seed=None
32.8142 	EXP 	Created sequence: sequential, trialTypes=1, nReps=0, seed=None
32.8147 	EXP 	New trial (rep=0, index=4): {u'xPos': None, u'probNum': None, u'Img': u'Img/34.jpg', u'CorrKey': u'left', u'TestType': None, u'yPos': None, u'CorrAns': u'left', u'Type': u'Dumm'}
32.8154 	EXP 	Created sequence: sequential, trialTypes=1, nReps=0, seed=None
32.8157 	EXP 	Created sequence: sequential, trialTypes=1, nReps=1, seed=None
32.8160 	EXP 	New trial (rep=0, index=0): None
32.8816 	EXP 	image_2: autoDraw = False
32.8816 	EXP 	image: image = u'Img/34.jpg'
32.8816 	EXP 	dummy_start: autoDraw = True
34.8344 	EXP 	dummy_start: autoDraw = False
34.8344 	EXP 	image: autoDraw = True
42.2720 	DATA 	Keypress: left
42.3059 	EXP 	dummy_start: autoDraw = False
42.3059 	EXP 	image: autoDraw = False
42.3059 	EXP 	message: text = 'Good! \n \n \n Response time = 7.438'
42.3059 	EXP 	message: autoDraw = True
45.2633 	EXP 	Created sequence: sequential, trialTypes=1, nReps=0, seed=None
45.2636 	EXP 	Created sequence: sequential, trialTypes=1, nReps=0, seed=None
45.2639 	EXP 	Created sequence: sequential, trialTypes=1, nReps=0, seed=None
45.2643 	EXP 	New trial (rep=0, index=5): {u'xPos': None, u'probNum': None, u'Img': u'Img/35.jpg', u'CorrKey': u'right', u'TestType': None, u'yPos': None, u'CorrAns': u'right', u'Type': u'Dumm'}
45.2650 	EXP 	Created sequence: sequential, trialTypes=1, nReps=0, seed=None
45.2652 	EXP 	Created sequence: sequential, trialTypes=1, nReps=1, seed=None
45.2654 	EXP 	New trial (rep=0, index=0): None
45.3141 	EXP 	message: autoDraw = False
45.3141 	EXP 	message: autoDraw = False
45.3141 	EXP 	image: image = u'Img/35.jpg'
45.3141 	EXP 	dummy_start: autoDraw = True
47.2782 	EXP 	dummy_start: autoDraw = False
47.2952 	EXP 	image: autoDraw = True
57.2894 	EXP 	image: autoDraw = False
57.2894 	EXP 	dummy_start: autoDraw = False
57.2894 	EXP 	image: autoDraw = False
57.2894 	EXP 	message: text = 'Wrong \n \n Response time = 10.000'
57.2894 	EXP 	message: autoDraw = True
60.2486 	EXP 	Created sequence: sequential, trialTypes=1, nReps=0, seed=None
60.2488 	EXP 	Created sequence: sequential, trialTypes=1, nReps=0, seed=None
60.2490 	EXP 	Created sequence: sequential, trialTypes=1, nReps=0, seed=None
60.2493 	EXP 	New trial (rep=0, index=6): {u'xPos': None, u'probNum': None, u'Img': u'Img/36.jpg', u'CorrKey': u'space', u'TestType': None, u'yPos': None, u'CorrAns': u'space', u'Type': u'Inst'}
60.2497 	EXP 	Created sequence: sequential, trialTypes=1, nReps=0, seed=None
60.2499 	EXP 	Created sequence: sequential, trialTypes=1, nReps=0, seed=None
60.2501 	EXP 	Created sequence: sequential, trialTypes=1, nReps=1, seed=None
60.2503 	EXP 	New trial (rep=0, index=0): None
60.3124 	EXP 	message: autoDraw = False
60.3124 	EXP 	message: autoDraw = False
60.3124 	EXP 	image_2: image = u'Img/36.jpg'
60.3124 	EXP 	image_2: autoDraw = True
76.4170 	DATA 	Keypress: space
76.4177 	EXP 	Created sequence: sequential, trialTypes=1, nReps=0, seed=None
76.4180 	EXP 	Created sequence: sequential, trialTypes=1, nReps=0, seed=None
76.4185 	EXP 	New trial (rep=0, index=7): {u'xPos': -620, u'probNum': None, u'Img': None, u'CorrKey': None, u'TestType': u'OpenSession', u'yPos': 580, u'CorrAns': None, u'Type': u'Mouse'}
76.4195 	EXP 	Created sequence: sequential, trialTypes=1, nReps=0, seed=None
76.4199 	EXP 	Created sequence: sequential, trialTypes=1, nReps=0, seed=None
76.4202 	EXP 	Created sequence: sequential, trialTypes=1, nReps=0, seed=None
76.4205 	EXP 	Created sequence: sequential, trialTypes=1, nReps=0, seed=None
76.4209 	EXP 	Created sequence: sequential, trialTypes=1, nReps=1, seed=None
76.4212 	EXP 	New trial (rep=0, index=0): None
76.4327 	EXP 	image_2: autoDraw = False
76.4327 	EXP 	text: autoDraw = True
76.5211 	EXP 	New trial (rep=0, index=8): {u'xPos': 100, u'probNum': None, u'Img': None, u'CorrKey': None, u'TestType': u'Back_to_Test', u'yPos': 100, u'CorrAns': None, u'Type': u'Mouse'}
76.5217 	EXP 	Created sequence: sequential, trialTypes=1, nReps=0, seed=None
76.5219 	EXP 	Created sequence: sequential, trialTypes=1, nReps=0, seed=None
76.5221 	EXP 	Created sequence: sequential, trialTypes=1, nReps=0, seed=None
76.5223 	EXP 	Created sequence: sequential, trialTypes=1, nReps=0, seed=None
76.5224 	EXP 	Created sequence: sequential, trialTypes=1, nReps=1, seed=None
76.5227 	EXP 	New trial (rep=0, index=0): None
76.5271 	DATA 	Mouse: Left button down, pos=(100,800)
76.5388 	DATA 	Mouse:  Left button up, pos=(100,800)
76.5518 	EXP 	text: autoDraw = False
76.5518 	EXP 	text: autoDraw = True
76.6182 	EXP 	New trial (rep=0, index=9): {u'xPos': None, u'probNum': 1, u'Img': u'Img/37.jpg', u'CorrKey': u'right', u'TestType': u'ConnectCube', u'yPos': None, u'CorrAns': u'right', u'Type': u'Test'}
76.6189 	EXP 	Created sequence: sequential, trialTypes=1, nReps=0, seed=None
76.6193 	EXP 	Created sequence: sequential, trialTypes=1, nReps=0, seed=None
76.6196 	EXP 	Created sequence: sequential, trialTypes=1, nReps=0, seed=None
76.6200 	EXP 	Created sequence: sequential, trialTypes=1, nReps=1, seed=None
76.6203 	EXP 	New trial (rep=0, index=0): None
76.6846 	EXP 	text: autoDraw = False
76.6846 	EXP 	text: autoDraw = False
76.6846 	EXP 	image_3: image = u'Img/37.jpg'
76.6846 	EXP 	test_start_txt: autoDraw = True
78.6343 	EXP 	test_start_txt: autoDraw = False
78.6492 	EXP 	image_3: autoDraw = True
82.2188 	DATA 	Keypress: right
82.2197 	EXP 	Created sequence: sequential, trialTypes=1, nReps=0, seed=None
82.2200 	EXP 	New trial (rep=0, index=10): {u'xPos': None, u'probNum': 2, u'Img': u'Img/38.jpg', u'CorrKey': u'left', u'TestType': u'ConnectCube', u'yPos': None, u'CorrAns': u'left', u'Type': u'Test'}
82.2205 	EXP 	Created sequence: sequential, trialTypes=1, nReps=0, seed=None
82.2207 	EXP 	Created sequence: sequential, trialTypes=1, nReps=0, seed=None
82.2209 	EXP 	Created sequence: sequential, trialTypes=1, nReps=0, seed=None
82.2213 	EXP 	Created sequence: sequential, trialTypes=1, nReps=1, seed=None
82.2215 	EXP 	New trial (rep=0, index=0): None
82.2871 	EXP 	test_start_txt: autoDraw = False
82.2871 	EXP 	image_3: autoDraw = False
82.2871 	EXP 	Timer: autoDraw = False
82.2871 	EXP 	image_3: image = u'Img/38.jpg'
82.2871 	EXP 	test_start_txt: autoDraw = True
84.2347 	EXP 	test_start_txt: autoDraw = False
84.2521 	EXP 	image_3: autoDraw = True
91.1456 	DATA 	Keypress: right
91.1466 	EXP 	Created sequence: sequential, trialTypes=1, nReps=0, seed=None
91.1468 	EXP 	New trial (rep=0, index=11): {u'xPos': None, u'probNum': 3, u'Img': u'Img/39.jpg', u'CorrKey': u'left', u'TestType': u'ConnectCube', u'yPos': None, u'CorrAns': u'left', u'Type': u'Test'}
91.1473 	EXP 	Created sequence: sequential, trialTypes=1, nReps=0, seed=None
91.1475 	EXP 	Created sequence: sequential, trialTypes=1, nReps=0, seed=None
91.1477 	EXP 	Created sequence: sequential, trialTypes=1, nReps=0, seed=None
91.1479 	EXP 	Created sequence: sequential, trialTypes=1, nReps=1, seed=None
91.1481 	EXP 	New trial (rep=0, index=0): None
91.2091 	EXP 	test_start_txt: autoDraw = False
91.2091 	EXP 	image_3: autoDraw = False
91.2091 	EXP 	Timer: autoDraw = False
91.2091 	EXP 	image_3: image = u'Img/39.jpg'
91.2091 	EXP 	test_start_txt: autoDraw = True
93.1545 	EXP 	test_start_txt: autoDraw = False
93.1703 	EXP 	image_3: autoDraw = True
100.7375 	DATA 	Keypress: left
100.7384 	EXP 	Created sequence: sequential, trialTypes=1, nReps=0, seed=None
100.7387 	EXP 	New trial (rep=0, index=12): {u'xPos': None, u'probNum': 4, u'Img': u'Img/40.jpg', u'CorrKey': u'right', u'TestType': u'ConnectCube', u'yPos': None, u'CorrAns': u'right', u'Type': u'Test'}
100.7392 	EXP 	Created sequence: sequential, trialTypes=1, nReps=0, seed=None
100.7394 	EXP 	Created sequence: sequential, trialTypes=1, nReps=0, seed=None
100.7396 	EXP 	Created sequence: sequential, trialTypes=1, nReps=0, seed=None
100.7398 	EXP 	Created sequence: sequential, trialTypes=1, nReps=1, seed=None
100.7400 	EXP 	New trial (rep=0, index=0): None
100.7997 	EXP 	test_start_txt: autoDraw = False
100.7997 	EXP 	image_3: autoDraw = False
100.7997 	EXP 	Timer: autoDraw = False
100.7997 	EXP 	image_3: image = u'Img/40.jpg'
100.7997 	EXP 	test_start_txt: autoDraw = True
102.7516 	EXP 	test_start_txt: autoDraw = False
102.7681 	EXP 	image_3: autoDraw = True
110.5337 	DATA 	Keypress: right
110.5352 	EXP 	Created sequence: sequential, trialTypes=1, nReps=0, seed=None
110.5357 	EXP 	New trial (rep=0, index=13): {u'xPos': None, u'probNum': 5, u'Img': u'Img/41.jpg', u'CorrKey': u'right', u'TestType': u'ConnectCube', u'yPos': None, u'CorrAns': u'right', u'Type': u'Test'}
110.5365 	EXP 	Created sequence: sequential, trialTypes=1, nReps=0, seed=None
110.5369 	EXP 	Created sequence: sequential, trialTypes=1, nReps=0, seed=None
110.5373 	EXP 	Created sequence: sequential, trialTypes=1, nReps=0, seed=None
110.5377 	EXP 	Created sequence: sequential, trialTypes=1, nReps=1, seed=None
110.5382 	EXP 	New trial (rep=0, index=0): None
110.6020 	EXP 	test_start_txt: autoDraw = False
110.6020 	EXP 	image_3: autoDraw = False
110.6020 	EXP 	Timer: autoDraw = False
110.6020 	EXP 	image_3: image = u'Img/41.jpg'
110.6020 	EXP 	test_start_txt: autoDraw = True
112.5510 	EXP 	test_start_txt: autoDraw = False
112.5683 	EXP 	image_3: autoDraw = True
122.0864 	DATA 	Keypress: right
122.0874 	EXP 	Created sequence: sequential, trialTypes=1, nReps=0, seed=None
122.0877 	EXP 	New trial (rep=0, index=14): {u'xPos': None, u'probNum': 6, u'Img': u'Img/42.jpg', u'CorrKey': u'right', u'TestType': u'ConnectCube', u'yPos': None, u'CorrAns': u'right', u'Type': u'Test'}
122.0882 	EXP 	Created sequence: sequential, trialTypes=1, nReps=0, seed=None
122.0885 	EXP 	Created sequence: sequential, trialTypes=1, nReps=0, seed=None
122.0887 	EXP 	Created sequence: sequential, trialTypes=1, nReps=0, seed=None
122.0890 	EXP 	Created sequence: sequential, trialTypes=1, nReps=1, seed=None
122.0892 	EXP 	New trial (rep=0, index=0): None
122.1558 	EXP 	test_start_txt: autoDraw = False
122.1558 	EXP 	image_3: autoDraw = False
122.1558 	EXP 	Timer: autoDraw = False
122.1558 	EXP 	image_3: image = u'Img/42.jpg'
122.1558 	EXP 	test_start_txt: autoDraw = True
124.1008 	EXP 	test_start_txt: autoDraw = False
124.1181 	EXP 	image_3: autoDraw = True
130.5967 	DATA 	Keypress: right
130.5976 	EXP 	Created sequence: sequential, trialTypes=1, nReps=0, seed=None
130.5979 	EXP 	New trial (rep=0, index=15): {u'xPos': None, u'probNum': 7, u'Img': u'Img/43.jpg', u'CorrKey': u'left', u'TestType': u'ConnectCube', u'yPos': None, u'CorrAns': u'left', u'Type': u'Test'}
130.5984 	EXP 	Created sequence: sequential, trialTypes=1, nReps=0, seed=None
130.5986 	EXP 	Created sequence: sequential, trialTypes=1, nReps=0, seed=None
130.5988 	EXP 	Created sequence: sequential, trialTypes=1, nReps=0, seed=None
130.5990 	EXP 	Created sequence: sequential, trialTypes=1, nReps=1, seed=None
130.5992 	EXP 	New trial (rep=0, index=0): None
130.6428 	EXP 	test_start_txt: autoDraw = False
130.6428 	EXP 	image_3: autoDraw = False
130.6428 	EXP 	Timer: autoDraw = False
130.6428 	EXP 	image_3: image = u'Img/43.jpg'
130.6428 	EXP 	test_start_txt: autoDraw = True
132.6174 	EXP 	test_start_txt: autoDraw = False
132.6174 	EXP 	image_3: autoDraw = True
140.1141 	DATA 	Keypress: right
140.1150 	EXP 	Created sequence: sequential, trialTypes=1, nReps=0, seed=None
140.1153 	EXP 	New trial (rep=0, index=16): {u'xPos': None, u'probNum': 8, u'Img': u'Img/44.jpg', u'CorrKey': u'left', u'TestType': u'ConnectCube', u'yPos': None, u'CorrAns': u'left', u'Type': u'Test'}
140.1157 	EXP 	Created sequence: sequential, trialTypes=1, nReps=0, seed=None
140.1159 	EXP 	Created sequence: sequential, trialTypes=1, nReps=0, seed=None
140.1161 	EXP 	Created sequence: sequential, trialTypes=1, nReps=0, seed=None
140.1163 	EXP 	Created sequence: sequential, trialTypes=1, nReps=1, seed=None
140.1165 	EXP 	New trial (rep=0, index=0): None
140.1770 	EXP 	test_start_txt: autoDraw = False
140.1770 	EXP 	image_3: autoDraw = False
140.1770 	EXP 	Timer: autoDraw = False
140.1770 	EXP 	image_3: image = u'Img/44.jpg'
140.1770 	EXP 	test_start_txt: autoDraw = True
142.1262 	EXP 	test_start_txt: autoDraw = False
142.1439 	EXP 	image_3: autoDraw = True
152.1417 	EXP 	Timer: autoDraw = True
154.5435 	DATA 	Keypress: right
154.5477 	EXP 	Created sequence: sequential, trialTypes=1, nReps=0, seed=None
154.5479 	EXP 	New trial (rep=0, index=17): {u'xPos': None, u'probNum': 9, u'Img': u'Img/45.jpg', u'CorrKey': u'right', u'TestType': u'ConnectCube', u'yPos': None, u'CorrAns': u'right', u'Type': u'Test'}
154.5484 	EXP 	Created sequence: sequential, trialTypes=1, nReps=0, seed=None
154.5486 	EXP 	Created sequence: sequential, trialTypes=1, nReps=0, seed=None
154.5488 	EXP 	Created sequence: sequential, trialTypes=1, nReps=0, seed=None
154.5490 	EXP 	Created sequence: sequential, trialTypes=1, nReps=1, seed=None
154.5492 	EXP 	New trial (rep=0, index=0): None
154.6093 	EXP 	test_start_txt: autoDraw = False
154.6093 	EXP 	image_3: autoDraw = False
154.6093 	EXP 	Timer: autoDraw = False
154.6093 	EXP 	image_3: image = u'Img/45.jpg'
154.6093 	EXP 	test_start_txt: autoDraw = True
156.5598 	EXP 	test_start_txt: autoDraw = False
156.5765 	EXP 	image_3: autoDraw = True
166.5729 	EXP 	Timer: autoDraw = True
167.6510 	DATA 	Keypress: left
167.6541 	EXP 	Created sequence: sequential, trialTypes=1, nReps=0, seed=None
167.6544 	EXP 	New trial (rep=0, index=18): {u'xPos': None, u'probNum': 10, u'Img': u'Img/46.jpg', u'CorrKey': u'right', u'TestType': u'ConnectCube', u'yPos': None, u'CorrAns': u'right', u'Type': u'Test'}
167.6549 	EXP 	Created sequence: sequential, trialTypes=1, nReps=0, seed=None
167.6551 	EXP 	Created sequence: sequential, trialTypes=1, nReps=0, seed=None
167.6553 	EXP 	Created sequence: sequential, trialTypes=1, nReps=0, seed=None
167.6555 	EXP 	Created sequence: sequential, trialTypes=1, nReps=1, seed=None
167.6557 	EXP 	New trial (rep=0, index=0): None
167.7007 	EXP 	test_start_txt: autoDraw = False
167.7007 	EXP 	image_3: autoDraw = False
167.7007 	EXP 	Timer: autoDraw = False
167.7007 	EXP 	image_3: image = u'Img/46.jpg'
167.7007 	EXP 	test_start_txt: autoDraw = True
169.6699 	EXP 	test_start_txt: autoDraw = False
169.6866 	EXP 	image_3: autoDraw = True
179.6885 	EXP 	Timer: autoDraw = True
182.6591 	DATA 	Keypress: left
182.6628 	EXP 	Created sequence: sequential, trialTypes=1, nReps=0, seed=None
182.6631 	EXP 	New trial (rep=0, index=19): {u'xPos': None, u'probNum': 11, u'Img': u'Img/47.jpg', u'CorrKey': u'left', u'TestType': u'ConnectCube', u'yPos': None, u'CorrAns': u'left', u'Type': u'Test'}
182.6636 	EXP 	Created sequence: sequential, trialTypes=1, nReps=0, seed=None
182.6638 	EXP 	Created sequence: sequential, trialTypes=1, nReps=0, seed=None
182.6640 	EXP 	Created sequence: sequential, trialTypes=1, nReps=0, seed=None
182.6642 	EXP 	Created sequence: sequential, trialTypes=1, nReps=1, seed=None
182.6645 	EXP 	New trial (rep=0, index=0): None
182.7225 	EXP 	test_start_txt: autoDraw = False
182.7225 	EXP 	image_3: autoDraw = False
182.7225 	EXP 	Timer: autoDraw = False
182.7225 	EXP 	image_3: image = u'Img/47.jpg'
182.7225 	EXP 	test_start_txt: autoDraw = True
184.6694 	EXP 	test_start_txt: autoDraw = False
184.6878 	EXP 	image_3: autoDraw = True
194.6915 	EXP 	Timer: autoDraw = True
195.1943 	DATA 	Keypress: left
195.1976 	EXP 	Created sequence: sequential, trialTypes=1, nReps=0, seed=None
195.1979 	EXP 	New trial (rep=0, index=20): {u'xPos': None, u'probNum': 12, u'Img': u'Img/48.jpg', u'CorrKey': u'left', u'TestType': u'ConnectCube', u'yPos': None, u'CorrAns': u'left', u'Type': u'Test'}
195.1984 	EXP 	Created sequence: sequential, trialTypes=1, nReps=0, seed=None
195.1986 	EXP 	Created sequence: sequential, trialTypes=1, nReps=0, seed=None
195.1988 	EXP 	Created sequence: sequential, trialTypes=1, nReps=0, seed=None
195.1993 	EXP 	Created sequence: sequential, trialTypes=1, nReps=1, seed=None
195.1995 	EXP 	New trial (rep=0, index=0): None
195.2636 	EXP 	test_start_txt: autoDraw = False
195.2636 	EXP 	image_3: autoDraw = False
195.2636 	EXP 	Timer: autoDraw = False
195.2636 	EXP 	image_3: image = u'Img/48.jpg'
195.2636 	EXP 	test_start_txt: autoDraw = True
197.2091 	EXP 	test_start_txt: autoDraw = False
197.2258 	EXP 	image_3: autoDraw = True
207.2293 	EXP 	Timer: autoDraw = True
208.1727 	DATA 	Keypress: right
208.1766 	EXP 	Created sequence: sequential, trialTypes=1, nReps=0, seed=None
208.1770 	EXP 	New trial (rep=0, index=21): {u'xPos': None, u'probNum': 13, u'Img': u'Img/49.jpg', u'CorrKey': u'right', u'TestType': u'ConnectCube', u'yPos': None, u'CorrAns': u'right', u'Type': u'Test'}
208.1777 	EXP 	Created sequence: sequential, trialTypes=1, nReps=0, seed=None
208.1780 	EXP 	Created sequence: sequential, trialTypes=1, nReps=0, seed=None
208.1783 	EXP 	Created sequence: sequential, trialTypes=1, nReps=0, seed=None
208.1786 	EXP 	Created sequence: sequential, trialTypes=1, nReps=1, seed=None
208.1789 	EXP 	New trial (rep=0, index=0): None
208.2398 	EXP 	test_start_txt: autoDraw = False
208.2398 	EXP 	image_3: autoDraw = False
208.2398 	EXP 	Timer: autoDraw = False
208.2398 	EXP 	image_3: image = u'Img/49.jpg'
208.2398 	EXP 	test_start_txt: autoDraw = True
210.1904 	EXP 	test_start_txt: autoDraw = False
210.2074 	EXP 	image_3: autoDraw = True
220.2016 	EXP 	Timer: autoDraw = True
223.9287 	DATA 	Keypress: right
223.9452 	EXP 	Created sequence: sequential, trialTypes=1, nReps=0, seed=None
223.9455 	EXP 	New trial (rep=0, index=22): {u'xPos': None, u'probNum': 14, u'Img': u'Img/50.jpg', u'CorrKey': u'left', u'TestType': u'ConnectCube', u'yPos': None, u'CorrAns': u'left', u'Type': u'Test'}
223.9460 	EXP 	Created sequence: sequential, trialTypes=1, nReps=0, seed=None
223.9462 	EXP 	Created sequence: sequential, trialTypes=1, nReps=0, seed=None
223.9464 	EXP 	Created sequence: sequential, trialTypes=1, nReps=0, seed=None
223.9466 	EXP 	Created sequence: sequential, trialTypes=1, nReps=1, seed=None
223.9470 	EXP 	New trial (rep=0, index=0): None
224.0080 	EXP 	test_start_txt: autoDraw = False
224.0080 	EXP 	image_3: autoDraw = False
224.0080 	EXP 	Timer: autoDraw = False
224.0080 	EXP 	image_3: image = u'Img/50.jpg'
224.0080 	EXP 	test_start_txt: autoDraw = True
225.9562 	EXP 	test_start_txt: autoDraw = False
225.9743 	EXP 	image_3: autoDraw = True
233.9789 	DATA 	Keypress: left
233.9964 	EXP 	Created sequence: sequential, trialTypes=1, nReps=0, seed=None
233.9969 	EXP 	New trial (rep=0, index=23): {u'xPos': None, u'probNum': 15, u'Img': u'Img/51.jpg', u'CorrKey': u'left', u'TestType': u'ConnectCube', u'yPos': None, u'CorrAns': u'left', u'Type': u'Test'}
233.9976 	EXP 	Created sequence: sequential, trialTypes=1, nReps=0, seed=None
233.9979 	EXP 	Created sequence: sequential, trialTypes=1, nReps=0, seed=None
233.9982 	EXP 	Created sequence: sequential, trialTypes=1, nReps=0, seed=None
233.9986 	EXP 	Created sequence: sequential, trialTypes=1, nReps=1, seed=None
233.9989 	EXP 	New trial (rep=0, index=0): None
234.0615 	EXP 	test_start_txt: autoDraw = False
234.0615 	EXP 	image_3: autoDraw = False
234.0615 	EXP 	Timer: autoDraw = False
234.0615 	EXP 	image_3: image = u'Img/51.jpg'
234.0615 	EXP 	test_start_txt: autoDraw = True
236.0040 	EXP 	test_start_txt: autoDraw = False
236.0201 	EXP 	image_3: autoDraw = True
243.1845 	DATA 	Keypress: right
243.1855 	EXP 	Created sequence: sequential, trialTypes=1, nReps=0, seed=None
243.1858 	EXP 	New trial (rep=0, index=24): {u'xPos': None, u'probNum': 16, u'Img': u'Img/52.jpg', u'CorrKey': u'right', u'TestType': u'ConnectCube', u'yPos': None, u'CorrAns': u'right', u'Type': u'Test'}
243.1863 	EXP 	Created sequence: sequential, trialTypes=1, nReps=0, seed=None
243.1866 	EXP 	Created sequence: sequential, trialTypes=1, nReps=0, seed=None
243.1868 	EXP 	Created sequence: sequential, trialTypes=1, nReps=0, seed=None
243.1870 	EXP 	Created sequence: sequential, trialTypes=1, nReps=1, seed=None
243.1872 	EXP 	New trial (rep=0, index=0): None
243.2342 	EXP 	test_start_txt: autoDraw = False
243.2342 	EXP 	image_3: autoDraw = False
243.2342 	EXP 	Timer: autoDraw = False
243.2342 	EXP 	image_3: image = u'Img/52.jpg'
243.2342 	EXP 	test_start_txt: autoDraw = True
245.2053 	EXP 	test_start_txt: autoDraw = False
245.2053 	EXP 	image_3: autoDraw = True
254.8173 	DATA 	Keypress: left
254.8183 	EXP 	Created sequence: sequential, trialTypes=1, nReps=0, seed=None
254.8185 	EXP 	New trial (rep=0, index=25): {u'xPos': None, u'probNum': 17, u'Img': u'Img/53.jpg', u'CorrKey': u'left', u'TestType': u'ConnectCube', u'yPos': None, u'CorrAns': u'left', u'Type': u'Test'}
254.8190 	EXP 	Created sequence: sequential, trialTypes=1, nReps=0, seed=None
254.8192 	EXP 	Created sequence: sequential, trialTypes=1, nReps=0, seed=None
254.8197 	EXP 	Created sequence: sequential, trialTypes=1, nReps=0, seed=None
254.8199 	EXP 	Created sequence: sequential, trialTypes=1, nReps=1, seed=None
254.8201 	EXP 	New trial (rep=0, index=0): None
254.8671 	EXP 	test_start_txt: autoDraw = False
254.8671 	EXP 	image_3: autoDraw = False
254.8671 	EXP 	Timer: autoDraw = False
254.8671 	EXP 	image_3: image = u'Img/53.jpg'
254.8671 	EXP 	test_start_txt: autoDraw = True
256.8368 	EXP 	test_start_txt: autoDraw = False
256.8536 	EXP 	image_3: autoDraw = True
266.8516 	EXP 	Timer: autoDraw = True
270.2951 	DATA 	Keypress: right
270.3134 	EXP 	Created sequence: sequential, trialTypes=1, nReps=0, seed=None
270.3137 	EXP 	New trial (rep=0, index=26): {u'xPos': None, u'probNum': 18, u'Img': u'Img/54.jpg', u'CorrKey': u'right', u'TestType': u'ConnectCube', u'yPos': None, u'CorrAns': u'right', u'Type': u'Test'}
270.3141 	EXP 	Created sequence: sequential, trialTypes=1, nReps=0, seed=None
270.3143 	EXP 	Created sequence: sequential, trialTypes=1, nReps=0, seed=None
270.3145 	EXP 	Created sequence: sequential, trialTypes=1, nReps=0, seed=None
270.3147 	EXP 	Created sequence: sequential, trialTypes=1, nReps=1, seed=None
270.3150 	EXP 	New trial (rep=0, index=0): None
270.3766 	EXP 	test_start_txt: autoDraw = False
270.3766 	EXP 	image_3: autoDraw = False
270.3766 	EXP 	Timer: autoDraw = False
270.3766 	EXP 	image_3: image = u'Img/54.jpg'
270.3766 	EXP 	test_start_txt: autoDraw = True
272.3299 	EXP 	test_start_txt: autoDraw = False
272.3441 	EXP 	image_3: autoDraw = True
282.3472 	EXP 	Timer: autoDraw = True
283.6776 	DATA 	Keypress: left
283.6808 	EXP 	Created sequence: sequential, trialTypes=1, nReps=0, seed=None
283.6811 	EXP 	New trial (rep=0, index=27): {u'xPos': None, u'probNum': 19, u'Img': u'Img/55.jpg', u'CorrKey': u'left', u'TestType': u'ConnectCube', u'yPos': None, u'CorrAns': u'left', u'Type': u'Test'}
283.6816 	EXP 	Created sequence: sequential, trialTypes=1, nReps=0, seed=None
283.6818 	EXP 	Created sequence: sequential, trialTypes=1, nReps=0, seed=None
283.6820 	EXP 	Created sequence: sequential, trialTypes=1, nReps=0, seed=None
283.6822 	EXP 	Created sequence: sequential, trialTypes=1, nReps=1, seed=None
283.6824 	EXP 	New trial (rep=0, index=0): None
283.7437 	EXP 	test_start_txt: autoDraw = False
283.7437 	EXP 	image_3: autoDraw = False
283.7437 	EXP 	Timer: autoDraw = False
283.7437 	EXP 	image_3: image = u'Img/55.jpg'
283.7437 	EXP 	test_start_txt: autoDraw = True
285.6979 	EXP 	test_start_txt: autoDraw = False
285.7151 	EXP 	image_3: autoDraw = True
294.2273 	DATA 	Keypress: left
294.2284 	EXP 	Created sequence: sequential, trialTypes=1, nReps=0, seed=None
294.2286 	EXP 	New trial (rep=0, index=28): {u'xPos': None, u'probNum': 20, u'Img': u'Img/56.jpg', u'CorrKey': u'right', u'TestType': u'ConnectCube', u'yPos': None, u'CorrAns': u'right', u'Type': u'Test'}
294.2291 	EXP 	Created sequence: sequential, trialTypes=1, nReps=0, seed=None
294.2294 	EXP 	Created sequence: sequential, trialTypes=1, nReps=0, seed=None
294.2296 	EXP 	Created sequence: sequential, trialTypes=1, nReps=0, seed=None
294.2298 	EXP 	Created sequence: sequential, trialTypes=1, nReps=1, seed=None
294.2300 	EXP 	New trial (rep=0, index=0): None
294.2930 	EXP 	test_start_txt: autoDraw = False
294.2930 	EXP 	image_3: autoDraw = False
294.2930 	EXP 	Timer: autoDraw = False
294.2930 	EXP 	image_3: image = u'Img/56.jpg'
294.2930 	EXP 	test_start_txt: autoDraw = True
296.2436 	EXP 	test_start_txt: autoDraw = False
296.2607 	EXP 	image_3: autoDraw = True
306.2590 	EXP 	Timer: autoDraw = True
308.5385 	DATA 	Keypress: right
308.5416 	EXP 	Created sequence: sequential, trialTypes=1, nReps=0, seed=None
308.5419 	EXP 	New trial (rep=0, index=29): {u'xPos': None, u'probNum': 21, u'Img': u'Img/57.jpg', u'CorrKey': u'right', u'TestType': u'ConnectCube', u'yPos': None, u'CorrAns': u'right', u'Type': u'Test'}
308.5424 	EXP 	Created sequence: sequential, trialTypes=1, nReps=0, seed=None
308.5426 	EXP 	Created sequence: sequential, trialTypes=1, nReps=0, seed=None
308.5428 	EXP 	Created sequence: sequential, trialTypes=1, nReps=0, seed=None
308.5430 	EXP 	Created sequence: sequential, trialTypes=1, nReps=1, seed=None
308.5432 	EXP 	New trial (rep=0, index=0): None
308.6084 	EXP 	test_start_txt: autoDraw = False
308.6084 	EXP 	image_3: autoDraw = False
308.6084 	EXP 	Timer: autoDraw = False
308.6084 	EXP 	image_3: image = u'Img/57.jpg'
308.6084 	EXP 	test_start_txt: autoDraw = True
310.5534 	EXP 	test_start_txt: autoDraw = False
310.5704 	EXP 	image_3: autoDraw = True
320.5695 	EXP 	Timer: autoDraw = True
323.8379 	DATA 	Keypress: left
323.8418 	EXP 	Created sequence: sequential, trialTypes=1, nReps=0, seed=None
323.8420 	EXP 	New trial (rep=0, index=30): {u'xPos': None, u'probNum': 22, u'Img': u'Img/58.jpg', u'CorrKey': u'right', u'TestType': u'ConnectCube', u'yPos': None, u'CorrAns': u'right', u'Type': u'Test'}
323.8425 	EXP 	Created sequence: sequential, trialTypes=1, nReps=0, seed=None
323.8427 	EXP 	Created sequence: sequential, trialTypes=1, nReps=0, seed=None
323.8429 	EXP 	Created sequence: sequential, trialTypes=1, nReps=0, seed=None
323.8431 	EXP 	Created sequence: sequential, trialTypes=1, nReps=1, seed=None
323.8434 	EXP 	New trial (rep=0, index=0): None
323.9067 	EXP 	test_start_txt: autoDraw = False
323.9067 	EXP 	image_3: autoDraw = False
323.9067 	EXP 	Timer: autoDraw = False
323.9067 	EXP 	image_3: image = u'Img/58.jpg'
323.9067 	EXP 	test_start_txt: autoDraw = True
325.8590 	EXP 	test_start_txt: autoDraw = False
325.8757 	EXP 	image_3: autoDraw = True
334.1310 	DATA 	Keypress: right
334.1320 	EXP 	Created sequence: sequential, trialTypes=1, nReps=0, seed=None
334.1323 	EXP 	New trial (rep=0, index=31): {u'xPos': None, u'probNum': 23, u'Img': u'Img/59.jpg', u'CorrKey': u'right', u'TestType': u'ConnectCube', u'yPos': None, u'CorrAns': u'right', u'Type': u'Test'}
334.1330 	EXP 	Created sequence: sequential, trialTypes=1, nReps=0, seed=None
334.1334 	EXP 	Created sequence: sequential, trialTypes=1, nReps=0, seed=None
334.1337 	EXP 	Created sequence: sequential, trialTypes=1, nReps=0, seed=None
334.1339 	EXP 	Created sequence: sequential, trialTypes=1, nReps=1, seed=None
334.1342 	EXP 	New trial (rep=0, index=0): None
334.1826 	EXP 	test_start_txt: autoDraw = False
334.1826 	EXP 	image_3: autoDraw = False
334.1826 	EXP 	Timer: autoDraw = False
334.1826 	EXP 	image_3: image = u'Img/59.jpg'
334.1826 	EXP 	test_start_txt: autoDraw = True
336.1474 	EXP 	test_start_txt: autoDraw = False
336.1645 	EXP 	image_3: autoDraw = True
345.5916 	DATA 	Keypress: right
345.5925 	EXP 	Created sequence: sequential, trialTypes=1, nReps=0, seed=None
345.5928 	EXP 	New trial (rep=0, index=32): {u'xPos': None, u'probNum': 24, u'Img': u'Img/60.jpg', u'CorrKey': u'left', u'TestType': u'ConnectCube', u'yPos': None, u'CorrAns': u'left', u'Type': u'Test'}
345.5933 	EXP 	Created sequence: sequential, trialTypes=1, nReps=0, seed=None
345.5935 	EXP 	Created sequence: sequential, trialTypes=1, nReps=0, seed=None
345.5937 	EXP 	Created sequence: sequential, trialTypes=1, nReps=0, seed=None
345.5939 	EXP 	Created sequence: sequential, trialTypes=1, nReps=1, seed=None
345.5941 	EXP 	New trial (rep=0, index=0): None
345.6557 	EXP 	test_start_txt: autoDraw = False
345.6557 	EXP 	image_3: autoDraw = False
345.6557 	EXP 	Timer: autoDraw = False
345.6557 	EXP 	image_3: image = u'Img/60.jpg'
345.6557 	EXP 	test_start_txt: autoDraw = True
347.6053 	EXP 	test_start_txt: autoDraw = False
347.6196 	EXP 	image_3: autoDraw = True
357.6220 	EXP 	Timer: autoDraw = True
358.0934 	DATA 	Keypress: left
358.0966 	EXP 	Created sequence: sequential, trialTypes=1, nReps=0, seed=None
358.0968 	EXP 	New trial (rep=0, index=33): {u'xPos': None, u'probNum': None, u'Img': u'Img/61.jpg', u'CorrKey': u'space', u'TestType': None, u'yPos': None, u'CorrAns': u'space', u'Type': u'Inst'}
358.0973 	EXP 	Created sequence: sequential, trialTypes=1, nReps=0, seed=None
358.0975 	EXP 	Created sequence: sequential, trialTypes=1, nReps=0, seed=None
358.0977 	EXP 	Created sequence: sequential, trialTypes=1, nReps=1, seed=None
358.0979 	EXP 	New trial (rep=0, index=0): None
358.1606 	EXP 	test_start_txt: autoDraw = False
358.1606 	EXP 	image_3: autoDraw = False
358.1606 	EXP 	Timer: autoDraw = False
358.1606 	EXP 	image_2: image = u'Img/61.jpg'
358.1606 	EXP 	image_2: autoDraw = True
360.8632 	DATA 	Keypress: space
360.8636 	EXP 	Created sequence: sequential, trialTypes=1, nReps=0, seed=None
360.8639 	EXP 	Created sequence: sequential, trialTypes=1, nReps=0, seed=None
360.8642 	EXP 	New trial (rep=0, index=34): {u'xPos': None, u'probNum': None, u'Img': u'Img/62.jpg', u'CorrKey': u'space', u'TestType': None, u'yPos': None, u'CorrAns': u'space', u'Type': u'Inst'}
360.8649 	EXP 	Created sequence: sequential, trialTypes=1, nReps=0, seed=None
360.8651 	EXP 	Created sequence: sequential, trialTypes=1, nReps=0, seed=None
360.8654 	EXP 	Created sequence: sequential, trialTypes=1, nReps=1, seed=None
360.8656 	EXP 	New trial (rep=0, index=0): None
360.9282 	EXP 	image_2: autoDraw = False
360.9282 	EXP 	image_2: image = u'Img/62.jpg'
360.9282 	EXP 	image_2: autoDraw = True
361.6353 	DATA 	Keypress: space
361.6361 	EXP 	Created sequence: sequential, trialTypes=1, nReps=0, seed=None
361.6364 	EXP 	Created sequence: sequential, trialTypes=1, nReps=0, seed=None
361.6367 	EXP 	New trial (rep=0, index=35): {u'xPos': -1200, u'probNum': None, u'Img': None, u'CorrKey': None, u'TestType': u'CloseSession', u'yPos': 60, u'CorrAns': None, u'Type': u'Mouse'}
361.6372 	EXP 	Created sequence: sequential, trialTypes=1, nReps=0, seed=None
361.6374 	EXP 	Created sequence: sequential, trialTypes=1, nReps=0, seed=None
361.6376 	EXP 	Created sequence: sequential, trialTypes=1, nReps=0, seed=None
361.6378 	EXP 	Created sequence: sequential, trialTypes=1, nReps=0, seed=None
361.6380 	EXP 	Created sequence: sequential, trialTypes=1, nReps=1, seed=None
361.6382 	EXP 	New trial (rep=0, index=0): None
361.8021 	EXP 	window1: mouseVisible = True
