11.4047 	EXP 	Created window1 = Window(allowGUI=False, allowStencil=False, autoLog=True, bitsMode=UNKNOWN, blendMode='avg', color=array([ 0.,  0.,  0.]), colorSpace='rgb', fullscr=UNKNOWN, gamma=None, lms=UNKNOWN, monitor=<psychopy.monitors.calibTools.Monitor instance at 0x0A72B710>, name='window1', pos=[0, 0], screen=0, size=array([1600,  900]), stereo=False, units=u'norm', useFBO=True, viewOri=0.0, viewPos=None, viewScale=None, waitBlanking=True, winType='pyglet')
11.4047 	EXP 	window1: recordFrameIntervals = False
11.5713 	EXP 	window1: recordFrameIntervals = True
11.7559 	EXP 	window1: recordFrameIntervals = False
11.7612 	EXP 	Created image_4 = ImageStim(autoLog=True, color=array([ 1.,  1.,  1.]), colorSpace='rgb', contrast=1.0, depth=0.0, flipHoriz=False, flipVert=False, image='sin', interpolate=True, mask=None, maskParams=None, name='image_4', opacity=1.0, ori=0.0, pos=array([ 0.,  0.]), size=array([ 1.5,  1.5]), texRes=128, units=u'norm', win=Window(...))
11.8549 	EXP 	Created text_2 = TextStim(alignHoriz='center', alignVert='center', antialias=True, autoLog=True, bold=False, color='white', colorSpace='named', contrast=1.0, depth=-2.0, flipHoriz=False, flipVert=False, font='Arial', fontFiles=[], height=0.1, italic=False, name='text_2', opacity=1.0, ori=0, pos=array([ 0.  ,  0.85]), rgb=array([ 255.,  255.,  255.]), text=u'default text', units=u'norm', win=Window(...), wrapWidth=1)
11.8807 	EXP 	Created dummy_start = TextStim(alignHoriz='center', alignVert='center', antialias=True, autoLog=True, bold=False, color='white', colorSpace='named', contrast=1.0, depth=0.0, flipHoriz=False, flipVert=False, font='Arial', fontFiles=[], height=0.5, italic=False, name='dummy_start', opacity=1.0, ori=0, pos=array([ 0.,  0.]), rgb=array([ 255.,  255.,  255.]), text=u'+', units=u'norm', win=Window(...), wrapWidth=1)
11.8833 	EXP 	Created image = ImageStim(autoLog=True, color=array([ 1.,  1.,  1.]), colorSpace='rgb', contrast=1.0, depth=-1.0, flipHoriz=False, flipVert=False, image='sin', interpolate=True, mask=None, maskParams=None, name='image', opacity=1.0, ori=0.0, pos=array([ 0.,  0.]), size=array([ 1.6,  1.6]), texRes=128, units=u'norm', win=Window(...))
11.8880 	EXP 	Created message = TextStim(alignHoriz='center', alignVert='center', antialias=True, autoLog=True, bold=False, color='white', colorSpace='named', contrast=1.0, depth=-1.0, flipHoriz=False, flipVert=False, font='Arial', fontFiles=[], height=0.1, italic=False, name='message', opacity=1.0, ori=0, pos=array([ 0.,  0.]), rgb=array([ 255.,  255.,  255.]), text=u'default text', units=u'norm', win=Window(...), wrapWidth=1)
11.8918 	EXP 	Created image_2 = ImageStim(autoLog=True, color=array([ 1.,  1.,  1.]), colorSpace='rgb', contrast=1.0, depth=0.0, flipHoriz=False, flipVert=False, image='sin', interpolate=True, mask=None, maskParams=None, name='image_2', opacity=1.0, ori=0.0, pos=array([ 0.,  0.]), size=array([ 1.5,  1.5]), texRes=128, units=u'norm', win=Window(...))
11.8956 	EXP 	Created test_start_txt = TextStim(alignHoriz='center', alignVert='center', antialias=True, autoLog=True, bold=False, color='white', colorSpace='named', contrast=1.0, depth=0.0, flipHoriz=False, flipVert=False, font='Arial', fontFiles=[], height=0.5, italic=False, name='test_start_txt', opacity=1.0, ori=0, pos=array([ 0.,  0.]), rgb=array([ 255.,  255.,  255.]), text=u'+', units=u'norm', win=Window(...), wrapWidth=1)
11.8997 	EXP 	Created image_3 = ImageStim(autoLog=True, color=array([ 1.,  1.,  1.]), colorSpace='rgb', contrast=1.0, depth=-1.0, flipHoriz=False, flipVert=False, image='sin', interpolate=True, mask=None, maskParams=None, name='image_3', opacity=1.0, ori=0.0, pos=array([ 0.,  0.]), size=array([ 1.5,  1.5]), texRes=128, units=u'norm', win=Window(...))
11.9078 	EXP 	Created Timer = TextStim(alignHoriz='center', alignVert='center', antialias=True, autoLog=True, bold=False, color='white', colorSpace='named', contrast=1.0, depth=-3.0, flipHoriz=False, flipVert=False, font='Arial', fontFiles=[], height=0.1, italic=False, name='Timer', opacity=1.0, ori=0, pos=array([ 0.  ,  0.85]), rgb=array([ 255.,  255.,  255.]), text=u'default text', units=u'norm', win=Window(...), wrapWidth=1)
11.9093 	EXP 	Created text = TextStim(alignHoriz='center', alignVert='center', antialias=True, autoLog=True, bold=False, color='white', colorSpace='named', contrast=1.0, depth=-1.0, flipHoriz=False, flipVert=False, font='Arial', fontFiles=[], height=0.1, italic=False, name='text', opacity=1.0, ori=0, pos=array([ 0.,  0.]), rgb=array([ 255.,  255.,  255.]), text='', units=u'norm', win=Window(...), wrapWidth=1)
12.1796 	EXP 	Imported Settings_MRT.xlsx as conditions, 38 conditions, 9 params
12.1803 	EXP 	Created sequence: sequential, trialTypes=38, nReps=1, seed=None
12.1813 	EXP 	New trial (rep=0, index=0): {u'xPos': None, u'probNum': None, u'Img': u'Img/1.jpg', u'CorrKey': u'space', u'TestType': None, u'yPos': None, u'Etc': None, u'CorrAns': u'space', u'Type': u'Inst'}
12.1821 	EXP 	Created sequence: sequential, trialTypes=1, nReps=0, seed=None
12.1825 	EXP 	Created sequence: sequential, trialTypes=1, nReps=0, seed=None
12.1828 	EXP 	Created sequence: sequential, trialTypes=1, nReps=1, seed=None
12.1832 	EXP 	New trial (rep=0, index=0): None
12.2567 	EXP 	image_2: image = u'Img/1.jpg'
12.2567 	EXP 	image_2: autoDraw = True
18.6884 	DATA 	Keypress: space
18.6888 	EXP 	Created sequence: sequential, trialTypes=1, nReps=0, seed=None
18.6890 	EXP 	Created sequence: sequential, trialTypes=1, nReps=0, seed=None
18.6894 	EXP 	New trial (rep=0, index=1): {u'xPos': None, u'probNum': None, u'Img': u'Img/2.jpg', u'CorrKey': u'space', u'TestType': None, u'yPos': None, u'Etc': None, u'CorrAns': u'space', u'Type': u'Inst'}
18.6901 	EXP 	Created sequence: sequential, trialTypes=1, nReps=0, seed=None
18.6904 	EXP 	Created sequence: sequential, trialTypes=1, nReps=0, seed=None
18.6906 	EXP 	Created sequence: sequential, trialTypes=1, nReps=1, seed=None
18.6909 	EXP 	New trial (rep=0, index=0): None
18.7534 	EXP 	image_2: autoDraw = False
18.7534 	EXP 	image_2: image = u'Img/2.jpg'
18.7534 	EXP 	image_2: autoDraw = True
20.3065 	DATA 	Keypress: space
20.3069 	EXP 	Created sequence: sequential, trialTypes=1, nReps=0, seed=None
20.3072 	EXP 	Created sequence: sequential, trialTypes=1, nReps=0, seed=None
20.3075 	EXP 	New trial (rep=0, index=2): {u'xPos': None, u'probNum': None, u'Img': u'Img/3.jpg', u'CorrKey': u'space', u'TestType': None, u'yPos': None, u'Etc': None, u'CorrAns': u'space', u'Type': u'Inst'}
20.3080 	EXP 	Created sequence: sequential, trialTypes=1, nReps=0, seed=None
20.3082 	EXP 	Created sequence: sequential, trialTypes=1, nReps=0, seed=None
20.3084 	EXP 	Created sequence: sequential, trialTypes=1, nReps=1, seed=None
20.3086 	EXP 	New trial (rep=0, index=0): None
20.3751 	EXP 	image_2: autoDraw = False
20.3751 	EXP 	image_2: image = u'Img/3.jpg'
20.3751 	EXP 	image_2: autoDraw = True
43.4884 	DATA 	Keypress: space
43.4889 	EXP 	Created sequence: sequential, trialTypes=1, nReps=0, seed=None
43.4891 	EXP 	Created sequence: sequential, trialTypes=1, nReps=0, seed=None
43.4894 	EXP 	New trial (rep=0, index=3): {u'xPos': -620, u'probNum': None, u'Img': None, u'CorrKey': None, u'TestType': u'OpenSession', u'yPos': 580, u'Etc': None, u'CorrAns': None, u'Type': u'Mouse'}
43.4899 	EXP 	Created sequence: sequential, trialTypes=1, nReps=0, seed=None
43.4901 	EXP 	Created sequence: sequential, trialTypes=1, nReps=0, seed=None
43.4903 	EXP 	Created sequence: sequential, trialTypes=1, nReps=0, seed=None
43.4905 	EXP 	Created sequence: sequential, trialTypes=1, nReps=0, seed=None
43.4907 	EXP 	Created sequence: sequential, trialTypes=1, nReps=1, seed=None
43.4909 	EXP 	New trial (rep=0, index=0): None
43.5204 	EXP 	image_2: autoDraw = False
43.5204 	EXP 	text: autoDraw = True
43.5874 	EXP 	New trial (rep=0, index=4): {u'xPos': None, u'probNum': None, u'Img': u'Img/4.jpg', u'CorrKey': None, u'TestType': u'Background', u'yPos': None, u'Etc': None, u'CorrAns': None, u'Type': u'TimeOut'}
43.5880 	EXP 	Created sequence: sequential, trialTypes=1, nReps=1, seed=None
43.5882 	EXP 	New trial (rep=0, index=0): None
43.6539 	EXP 	text: autoDraw = False
43.6539 	EXP 	text: autoDraw = False
43.6539 	EXP 	image_4: image = u'Img/4.jpg'
43.6539 	EXP 	image_4: autoDraw = True
93.6072 	EXP 	text_2: autoDraw = True
103.5784 	EXP 	Created sequence: sequential, trialTypes=1, nReps=0, seed=None
103.5787 	EXP 	Created sequence: sequential, trialTypes=1, nReps=0, seed=None
103.5789 	EXP 	Created sequence: sequential, trialTypes=1, nReps=0, seed=None
103.5791 	EXP 	Created sequence: sequential, trialTypes=1, nReps=0, seed=None
103.5795 	EXP 	New trial (rep=0, index=5): {u'xPos': 100, u'probNum': None, u'Img': None, u'CorrKey': None, u'TestType': u'Back_to_Test', u'yPos': 100, u'Etc': None, u'CorrAns': None, u'Type': u'Mouse'}
103.5799 	EXP 	Created sequence: sequential, trialTypes=1, nReps=0, seed=None
103.5801 	EXP 	Created sequence: sequential, trialTypes=1, nReps=0, seed=None
103.5803 	EXP 	Created sequence: sequential, trialTypes=1, nReps=0, seed=None
103.5805 	EXP 	Created sequence: sequential, trialTypes=1, nReps=0, seed=None
103.5807 	EXP 	Created sequence: sequential, trialTypes=1, nReps=1, seed=None
103.5809 	EXP 	New trial (rep=0, index=0): None
103.5855 	DATA 	Mouse: Left button down, pos=(100,800)
103.5943 	DATA 	Mouse:  Left button up, pos=(100,800)
103.6119 	EXP 	image_4: autoDraw = False
103.6119 	EXP 	text_2: autoDraw = False
103.6119 	EXP 	image_4: autoDraw = False
103.6119 	EXP 	text_2: autoDraw = False
103.6119 	EXP 	text: autoDraw = True
103.6787 	EXP 	New trial (rep=0, index=6): {u'xPos': None, u'probNum': None, u'Img': u'Img/5.jpg', u'CorrKey': u'space', u'TestType': None, u'yPos': None, u'Etc': None, u'CorrAns': u'space', u'Type': u'Inst'}
103.6792 	EXP 	Created sequence: sequential, trialTypes=1, nReps=0, seed=None
103.6795 	EXP 	Created sequence: sequential, trialTypes=1, nReps=0, seed=None
103.6797 	EXP 	Created sequence: sequential, trialTypes=1, nReps=1, seed=None
103.6799 	EXP 	New trial (rep=0, index=0): None
103.7484 	EXP 	text: autoDraw = False
103.7484 	EXP 	text: autoDraw = False
103.7484 	EXP 	image_2: image = u'Img/5.jpg'
103.7484 	EXP 	image_2: autoDraw = True
121.3883 	DATA 	Keypress: space
121.3887 	EXP 	Created sequence: sequential, trialTypes=1, nReps=0, seed=None
121.3889 	EXP 	Created sequence: sequential, trialTypes=1, nReps=0, seed=None
121.3892 	EXP 	New trial (rep=0, index=7): {u'xPos': None, u'probNum': None, u'Img': u'Img/6.jpg', u'CorrKey': u'space', u'TestType': None, u'yPos': None, u'Etc': None, u'CorrAns': u'space', u'Type': u'Inst'}
121.3897 	EXP 	Created sequence: sequential, trialTypes=1, nReps=0, seed=None
121.3899 	EXP 	Created sequence: sequential, trialTypes=1, nReps=0, seed=None
121.3901 	EXP 	Created sequence: sequential, trialTypes=1, nReps=1, seed=None
121.3906 	EXP 	New trial (rep=0, index=0): None
121.4539 	EXP 	image_2: autoDraw = False
121.4539 	EXP 	image_2: image = u'Img/6.jpg'
121.4539 	EXP 	image_2: autoDraw = True
141.7380 	DATA 	Keypress: space
141.7384 	EXP 	Created sequence: sequential, trialTypes=1, nReps=0, seed=None
141.7387 	EXP 	Created sequence: sequential, trialTypes=1, nReps=0, seed=None
141.7390 	EXP 	New trial (rep=0, index=8): {u'xPos': None, u'probNum': None, u'Img': u'Img/7.jpg', u'CorrKey': None, u'TestType': u'Background', u'yPos': None, u'Etc': None, u'CorrAns': None, u'Type': u'TimeOut'}
141.7395 	EXP 	Created sequence: sequential, trialTypes=1, nReps=1, seed=None
141.7397 	EXP 	New trial (rep=0, index=0): None
141.8022 	EXP 	image_2: autoDraw = False
141.8022 	EXP 	image_4: image = u'Img/7.jpg'
141.8022 	EXP 	image_4: autoDraw = True
191.7696 	EXP 	text_2: autoDraw = True
201.7401 	EXP 	Created sequence: sequential, trialTypes=1, nReps=0, seed=None
201.7403 	EXP 	Created sequence: sequential, trialTypes=1, nReps=0, seed=None
201.7405 	EXP 	Created sequence: sequential, trialTypes=1, nReps=0, seed=None
201.7407 	EXP 	Created sequence: sequential, trialTypes=1, nReps=0, seed=None
201.7410 	EXP 	New trial (rep=0, index=9): {u'xPos': None, u'probNum': None, u'Img': u'Img/8.jpg', u'CorrKey': u'space', u'TestType': None, u'yPos': None, u'Etc': None, u'CorrAns': u'space', u'Type': u'Inst'}
201.7415 	EXP 	Created sequence: sequential, trialTypes=1, nReps=0, seed=None
201.7417 	EXP 	Created sequence: sequential, trialTypes=1, nReps=0, seed=None
201.7419 	EXP 	Created sequence: sequential, trialTypes=1, nReps=1, seed=None
201.7421 	EXP 	New trial (rep=0, index=0): None
201.8068 	EXP 	image_4: autoDraw = False
201.8068 	EXP 	text_2: autoDraw = False
201.8068 	EXP 	image_4: autoDraw = False
201.8068 	EXP 	text_2: autoDraw = False
201.8068 	EXP 	image_2: image = u'Img/8.jpg'
201.8068 	EXP 	image_2: autoDraw = True
211.7393 	DATA 	Keypress: space
211.7397 	EXP 	Created sequence: sequential, trialTypes=1, nReps=0, seed=None
211.7399 	EXP 	Created sequence: sequential, trialTypes=1, nReps=0, seed=None
211.7402 	EXP 	New trial (rep=0, index=10): {u'xPos': None, u'probNum': None, u'Img': u'Img/9.jpg', u'CorrKey': u'space', u'TestType': None, u'yPos': None, u'Etc': None, u'CorrAns': u'space', u'Type': u'Inst'}
211.7407 	EXP 	Created sequence: sequential, trialTypes=1, nReps=0, seed=None
211.7409 	EXP 	Created sequence: sequential, trialTypes=1, nReps=0, seed=None
211.7411 	EXP 	Created sequence: sequential, trialTypes=1, nReps=1, seed=None
211.7413 	EXP 	New trial (rep=0, index=0): None
211.8084 	EXP 	image_2: autoDraw = False
211.8084 	EXP 	image_2: image = u'Img/9.jpg'
211.8084 	EXP 	image_2: autoDraw = True
213.9836 	DATA 	Keypress: space
213.9841 	EXP 	Created sequence: sequential, trialTypes=1, nReps=0, seed=None
213.9844 	EXP 	Created sequence: sequential, trialTypes=1, nReps=0, seed=None
213.9847 	EXP 	New trial (rep=0, index=11): {u'xPos': None, u'probNum': None, u'Img': u'Img/10.jpg', u'CorrKey': u'space', u'TestType': None, u'yPos': None, u'Etc': None, u'CorrAns': u'space', u'Type': u'Inst'}
213.9851 	EXP 	Created sequence: sequential, trialTypes=1, nReps=0, seed=None
213.9854 	EXP 	Created sequence: sequential, trialTypes=1, nReps=0, seed=None
213.9856 	EXP 	Created sequence: sequential, trialTypes=1, nReps=1, seed=None
213.9858 	EXP 	New trial (rep=0, index=0): None
214.0518 	EXP 	image_2: autoDraw = False
214.0518 	EXP 	image_2: image = u'Img/10.jpg'
214.0518 	EXP 	image_2: autoDraw = True
233.1016 	DATA 	Keypress: space
233.1020 	EXP 	Created sequence: sequential, trialTypes=1, nReps=0, seed=None
233.1023 	EXP 	Created sequence: sequential, trialTypes=1, nReps=0, seed=None
233.1026 	EXP 	New trial (rep=0, index=12): {u'xPos': None, u'probNum': None, u'Img': u'Img/11.jpg', u'CorrKey': u'space', u'TestType': None, u'yPos': None, u'Etc': None, u'CorrAns': u'space', u'Type': u'Inst'}
233.1030 	EXP 	Created sequence: sequential, trialTypes=1, nReps=0, seed=None
233.1033 	EXP 	Created sequence: sequential, trialTypes=1, nReps=0, seed=None
233.1035 	EXP 	Created sequence: sequential, trialTypes=1, nReps=1, seed=None
233.1037 	EXP 	New trial (rep=0, index=0): None
233.1683 	EXP 	image_2: autoDraw = False
233.1683 	EXP 	image_2: image = u'Img/11.jpg'
233.1683 	EXP 	image_2: autoDraw = True
235.9185 	DATA 	Keypress: space
235.9191 	EXP 	Created sequence: sequential, trialTypes=1, nReps=0, seed=None
235.9193 	EXP 	Created sequence: sequential, trialTypes=1, nReps=0, seed=None
235.9196 	EXP 	New trial (rep=0, index=13): {u'xPos': None, u'probNum': None, u'Img': u'Img/12.jpg', u'CorrKey': u'left', u'TestType': None, u'yPos': None, u'Etc': None, u'CorrAns': u'same', u'Type': u'Dumm'}
235.9201 	EXP 	Created sequence: sequential, trialTypes=1, nReps=0, seed=None
235.9204 	EXP 	Created sequence: sequential, trialTypes=1, nReps=1, seed=None
235.9206 	EXP 	New trial (rep=0, index=0): None
235.9843 	EXP 	image_2: autoDraw = False
235.9843 	EXP 	image: image = u'Img/12.jpg'
235.9843 	EXP 	dummy_start: autoDraw = True
237.9366 	EXP 	dummy_start: autoDraw = False
237.9549 	EXP 	image: autoDraw = True
243.7330 	DATA 	Keypress: left
243.7692 	EXP 	dummy_start: autoDraw = False
243.7692 	EXP 	image: autoDraw = False
243.7692 	EXP 	message: text = 'Good! \n \n \n Response time = 5.778'
243.7692 	EXP 	message: autoDraw = True
246.7337 	EXP 	Created sequence: sequential, trialTypes=1, nReps=0, seed=None
246.7340 	EXP 	Created sequence: sequential, trialTypes=1, nReps=0, seed=None
246.7342 	EXP 	Created sequence: sequential, trialTypes=1, nReps=0, seed=None
246.7345 	EXP 	New trial (rep=0, index=14): {u'xPos': None, u'probNum': None, u'Img': u'Img/13.jpg', u'CorrKey': u'right', u'TestType': None, u'yPos': None, u'Etc': None, u'CorrAns': u'different', u'Type': u'Dumm'}
246.7350 	EXP 	Created sequence: sequential, trialTypes=1, nReps=0, seed=None
246.7352 	EXP 	Created sequence: sequential, trialTypes=1, nReps=1, seed=None
246.7354 	EXP 	New trial (rep=0, index=0): None
246.7834 	EXP 	message: autoDraw = False
246.7834 	EXP 	message: autoDraw = False
246.7834 	EXP 	image: image = u'Img/13.jpg'
246.7834 	EXP 	dummy_start: autoDraw = True
248.7504 	EXP 	dummy_start: autoDraw = False
248.7670 	EXP 	image: autoDraw = True
255.0697 	DATA 	Keypress: right
255.1030 	EXP 	dummy_start: autoDraw = False
255.1030 	EXP 	image: autoDraw = False
255.1030 	EXP 	message: text = 'Good! \n \n \n Response time = 6.318'
255.1030 	EXP 	message: autoDraw = True
258.0787 	EXP 	Created sequence: sequential, trialTypes=1, nReps=0, seed=None
258.0789 	EXP 	Created sequence: sequential, trialTypes=1, nReps=0, seed=None
258.0791 	EXP 	Created sequence: sequential, trialTypes=1, nReps=0, seed=None
258.0794 	EXP 	New trial (rep=0, index=15): {u'xPos': None, u'probNum': None, u'Img': u'Img/14.jpg', u'CorrKey': None, u'TestType': None, u'yPos': None, u'Etc': None, u'CorrAns': None, u'Type': u'Inst'}
258.0798 	EXP 	Created sequence: sequential, trialTypes=1, nReps=0, seed=None
258.0800 	EXP 	Created sequence: sequential, trialTypes=1, nReps=0, seed=None
258.0805 	EXP 	Created sequence: sequential, trialTypes=1, nReps=1, seed=None
258.0807 	EXP 	New trial (rep=0, index=0): None
258.1443 	EXP 	message: autoDraw = False
258.1443 	EXP 	message: autoDraw = False
258.1443 	EXP 	image_2: image = u'Img/14.jpg'
258.1443 	EXP 	image_2: autoDraw = True
276.5360 	DATA 	Keypress: space
276.5366 	EXP 	Created sequence: sequential, trialTypes=1, nReps=0, seed=None
276.5368 	EXP 	Created sequence: sequential, trialTypes=1, nReps=0, seed=None
276.5371 	EXP 	New trial (rep=0, index=16): {u'xPos': None, u'probNum': 1, u'Img': u'Img/MRT1.jpg', u'CorrKey': u'left', u'TestType': u'MRT', u'yPos': None, u'Etc': None, u'CorrAns': u'same', u'Type': u'Test'}
276.5376 	EXP 	Created sequence: sequential, trialTypes=1, nReps=0, seed=None
276.5378 	EXP 	Created sequence: sequential, trialTypes=1, nReps=0, seed=None
276.5380 	EXP 	Created sequence: sequential, trialTypes=1, nReps=0, seed=None
276.5383 	EXP 	Created sequence: sequential, trialTypes=1, nReps=1, seed=None
276.5385 	EXP 	New trial (rep=0, index=0): None
276.6054 	EXP 	image_2: autoDraw = False
276.6054 	EXP 	image_3: image = u'Img/MRT1.jpg'
276.6054 	EXP 	test_start_txt: autoDraw = True
278.5461 	EXP 	test_start_txt: autoDraw = False
278.5630 	EXP 	image_3: autoDraw = True
284.0536 	DATA 	Keypress: left
284.0545 	EXP 	Created sequence: sequential, trialTypes=1, nReps=0, seed=None
284.0549 	EXP 	New trial (rep=0, index=17): {u'xPos': None, u'probNum': 2, u'Img': u'Img/MRT2.jpg', u'CorrKey': u'right', u'TestType': u'MRT', u'yPos': None, u'Etc': None, u'CorrAns': u'different', u'Type': u'Test'}
284.0555 	EXP 	Created sequence: sequential, trialTypes=1, nReps=0, seed=None
284.0558 	EXP 	Created sequence: sequential, trialTypes=1, nReps=0, seed=None
284.0560 	EXP 	Created sequence: sequential, trialTypes=1, nReps=0, seed=None
284.0563 	EXP 	Created sequence: sequential, trialTypes=1, nReps=1, seed=None
284.0565 	EXP 	New trial (rep=0, index=0): None
284.1031 	EXP 	test_start_txt: autoDraw = False
284.1031 	EXP 	image_3: autoDraw = False
284.1031 	EXP 	Timer: autoDraw = False
284.1031 	EXP 	image_3: image = u'Img/MRT2.jpg'
284.1031 	EXP 	test_start_txt: autoDraw = True
286.0778 	EXP 	test_start_txt: autoDraw = False
286.0778 	EXP 	image_3: autoDraw = True
288.5402 	DATA 	Keypress: right
288.5411 	EXP 	Created sequence: sequential, trialTypes=1, nReps=0, seed=None
288.5413 	EXP 	New trial (rep=0, index=18): {u'xPos': None, u'probNum': 3, u'Img': u'Img/MRT3.jpg', u'CorrKey': u'left', u'TestType': u'MRT', u'yPos': None, u'Etc': None, u'CorrAns': u'same', u'Type': u'Test'}
288.5418 	EXP 	Created sequence: sequential, trialTypes=1, nReps=0, seed=None
288.5421 	EXP 	Created sequence: sequential, trialTypes=1, nReps=0, seed=None
288.5424 	EXP 	Created sequence: sequential, trialTypes=1, nReps=0, seed=None
288.5428 	EXP 	Created sequence: sequential, trialTypes=1, nReps=1, seed=None
288.5431 	EXP 	New trial (rep=0, index=0): None
288.5902 	EXP 	test_start_txt: autoDraw = False
288.5902 	EXP 	image_3: autoDraw = False
288.5902 	EXP 	Timer: autoDraw = False
288.5902 	EXP 	image_3: image = u'Img/MRT3.jpg'
288.5902 	EXP 	test_start_txt: autoDraw = True
290.5483 	EXP 	test_start_txt: autoDraw = False
290.5653 	EXP 	image_3: autoDraw = True
298.2066 	DATA 	Keypress: left
298.2075 	EXP 	Created sequence: sequential, trialTypes=1, nReps=0, seed=None
298.2078 	EXP 	New trial (rep=0, index=19): {u'xPos': None, u'probNum': 4, u'Img': u'Img/MRT4.jpg', u'CorrKey': u'left', u'TestType': u'MRT', u'yPos': None, u'Etc': None, u'CorrAns': u'same', u'Type': u'Test'}
298.2083 	EXP 	Created sequence: sequential, trialTypes=1, nReps=0, seed=None
298.2085 	EXP 	Created sequence: sequential, trialTypes=1, nReps=0, seed=None
298.2087 	EXP 	Created sequence: sequential, trialTypes=1, nReps=0, seed=None
298.2089 	EXP 	Created sequence: sequential, trialTypes=1, nReps=1, seed=None
298.2091 	EXP 	New trial (rep=0, index=0): None
298.2586 	EXP 	test_start_txt: autoDraw = False
298.2586 	EXP 	image_3: autoDraw = False
298.2586 	EXP 	Timer: autoDraw = False
298.2586 	EXP 	image_3: image = u'Img/MRT4.jpg'
298.2586 	EXP 	test_start_txt: autoDraw = True
300.2268 	EXP 	test_start_txt: autoDraw = False
300.2268 	EXP 	image_3: autoDraw = True
306.8216 	DATA 	Keypress: left
306.8226 	EXP 	Created sequence: sequential, trialTypes=1, nReps=0, seed=None
306.8228 	EXP 	New trial (rep=0, index=20): {u'xPos': None, u'probNum': 5, u'Img': u'Img/MRT5.jpg', u'CorrKey': u'right', u'TestType': u'MRT', u'yPos': None, u'Etc': None, u'CorrAns': u'different', u'Type': u'Test'}
306.8233 	EXP 	Created sequence: sequential, trialTypes=1, nReps=0, seed=None
306.8235 	EXP 	Created sequence: sequential, trialTypes=1, nReps=0, seed=None
306.8237 	EXP 	Created sequence: sequential, trialTypes=1, nReps=0, seed=None
306.8240 	EXP 	Created sequence: sequential, trialTypes=1, nReps=1, seed=None
306.8242 	EXP 	New trial (rep=0, index=0): None
306.8712 	EXP 	test_start_txt: autoDraw = False
306.8712 	EXP 	image_3: autoDraw = False
306.8712 	EXP 	Timer: autoDraw = False
306.8712 	EXP 	image_3: image = u'Img/MRT5.jpg'
306.8712 	EXP 	test_start_txt: autoDraw = True
308.8331 	EXP 	test_start_txt: autoDraw = False
308.8491 	EXP 	image_3: autoDraw = True
311.7835 	DATA 	Keypress: right
311.7844 	EXP 	Created sequence: sequential, trialTypes=1, nReps=0, seed=None
311.7847 	EXP 	New trial (rep=0, index=21): {u'xPos': None, u'probNum': 6, u'Img': u'Img/MRT6.jpg', u'CorrKey': u'right', u'TestType': u'MRT', u'yPos': None, u'Etc': None, u'CorrAns': u'different', u'Type': u'Test'}
311.7852 	EXP 	Created sequence: sequential, trialTypes=1, nReps=0, seed=None
311.7855 	EXP 	Created sequence: sequential, trialTypes=1, nReps=0, seed=None
311.7859 	EXP 	Created sequence: sequential, trialTypes=1, nReps=0, seed=None
311.7862 	EXP 	Created sequence: sequential, trialTypes=1, nReps=1, seed=None
311.7865 	EXP 	New trial (rep=0, index=0): None
311.8332 	EXP 	test_start_txt: autoDraw = False
311.8332 	EXP 	image_3: autoDraw = False
311.8332 	EXP 	Timer: autoDraw = False
311.8332 	EXP 	image_3: image = u'Img/MRT6.jpg'
311.8332 	EXP 	test_start_txt: autoDraw = True
313.8040 	EXP 	test_start_txt: autoDraw = False
313.8206 	EXP 	image_3: autoDraw = True
320.5900 	DATA 	Keypress: right
320.5910 	EXP 	Created sequence: sequential, trialTypes=1, nReps=0, seed=None
320.5913 	EXP 	New trial (rep=0, index=22): {u'xPos': None, u'probNum': 7, u'Img': u'Img/MRT7.jpg', u'CorrKey': u'right', u'TestType': u'MRT', u'yPos': None, u'Etc': None, u'CorrAns': u'different', u'Type': u'Test'}
320.5918 	EXP 	Created sequence: sequential, trialTypes=1, nReps=0, seed=None
320.5920 	EXP 	Created sequence: sequential, trialTypes=1, nReps=0, seed=None
320.5922 	EXP 	Created sequence: sequential, trialTypes=1, nReps=0, seed=None
320.5924 	EXP 	Created sequence: sequential, trialTypes=1, nReps=1, seed=None
320.5926 	EXP 	New trial (rep=0, index=0): None
320.6394 	EXP 	test_start_txt: autoDraw = False
320.6394 	EXP 	image_3: autoDraw = False
320.6394 	EXP 	Timer: autoDraw = False
320.6394 	EXP 	image_3: image = u'Img/MRT7.jpg'
320.6394 	EXP 	test_start_txt: autoDraw = True
322.6052 	EXP 	test_start_txt: autoDraw = False
322.6249 	EXP 	image_3: autoDraw = True
330.5804 	DATA 	Keypress: right
330.5819 	EXP 	Created sequence: sequential, trialTypes=1, nReps=0, seed=None
330.5823 	EXP 	New trial (rep=0, index=23): {u'xPos': None, u'probNum': 8, u'Img': u'Img/MRT8.jpg', u'CorrKey': u'left', u'TestType': u'MRT', u'yPos': None, u'Etc': None, u'CorrAns': u'same', u'Type': u'Test'}
330.5833 	EXP 	Created sequence: sequential, trialTypes=1, nReps=0, seed=None
330.5837 	EXP 	Created sequence: sequential, trialTypes=1, nReps=0, seed=None
330.5840 	EXP 	Created sequence: sequential, trialTypes=1, nReps=0, seed=None
330.5843 	EXP 	Created sequence: sequential, trialTypes=1, nReps=1, seed=None
330.5847 	EXP 	New trial (rep=0, index=0): None
330.6468 	EXP 	test_start_txt: autoDraw = False
330.6468 	EXP 	image_3: autoDraw = False
330.6468 	EXP 	Timer: autoDraw = False
330.6468 	EXP 	image_3: image = u'Img/MRT8.jpg'
330.6468 	EXP 	test_start_txt: autoDraw = True
332.6017 	EXP 	test_start_txt: autoDraw = False
332.6172 	EXP 	image_3: autoDraw = True
342.5811 	DATA 	Keypress: right
342.6004 	EXP 	Created sequence: sequential, trialTypes=1, nReps=0, seed=None
342.6007 	EXP 	New trial (rep=0, index=24): {u'xPos': None, u'probNum': 9, u'Img': u'Img/MRT9.jpg', u'CorrKey': u'left', u'TestType': u'MRT', u'yPos': None, u'Etc': None, u'CorrAns': u'same', u'Type': u'Test'}
342.6012 	EXP 	Created sequence: sequential, trialTypes=1, nReps=0, seed=None
342.6014 	EXP 	Created sequence: sequential, trialTypes=1, nReps=0, seed=None
342.6016 	EXP 	Created sequence: sequential, trialTypes=1, nReps=0, seed=None
342.6018 	EXP 	Created sequence: sequential, trialTypes=1, nReps=1, seed=None
342.6020 	EXP 	New trial (rep=0, index=0): None
342.6476 	EXP 	Timer: autoDraw = True
342.6476 	EXP 	test_start_txt: autoDraw = False
342.6476 	EXP 	image_3: autoDraw = False
342.6476 	EXP 	Timer: autoDraw = False
342.6476 	EXP 	image_3: image = u'Img/MRT9.jpg'
342.6476 	EXP 	test_start_txt: autoDraw = True
344.6179 	EXP 	test_start_txt: autoDraw = False
344.6351 	EXP 	image_3: autoDraw = True
351.0081 	DATA 	Keypress: left
351.0090 	EXP 	Created sequence: sequential, trialTypes=1, nReps=0, seed=None
351.0093 	EXP 	New trial (rep=0, index=25): {u'xPos': None, u'probNum': 10, u'Img': u'Img/MRT10.jpg', u'CorrKey': u'left', u'TestType': u'MRT', u'yPos': None, u'Etc': None, u'CorrAns': u'same', u'Type': u'Test'}
351.0097 	EXP 	Created sequence: sequential, trialTypes=1, nReps=0, seed=None
351.0100 	EXP 	Created sequence: sequential, trialTypes=1, nReps=0, seed=None
351.0102 	EXP 	Created sequence: sequential, trialTypes=1, nReps=0, seed=None
351.0104 	EXP 	Created sequence: sequential, trialTypes=1, nReps=1, seed=None
351.0106 	EXP 	New trial (rep=0, index=0): None
351.0577 	EXP 	test_start_txt: autoDraw = False
351.0577 	EXP 	image_3: autoDraw = False
351.0577 	EXP 	Timer: autoDraw = False
351.0577 	EXP 	image_3: image = u'Img/MRT10.jpg'
351.0577 	EXP 	test_start_txt: autoDraw = True
353.0302 	EXP 	test_start_txt: autoDraw = False
353.0302 	EXP 	image_3: autoDraw = True
359.7138 	DATA 	Keypress: left
359.7147 	EXP 	Created sequence: sequential, trialTypes=1, nReps=0, seed=None
359.7151 	EXP 	New trial (rep=0, index=26): {u'xPos': None, u'probNum': 11, u'Img': u'Img/MRT11.jpg', u'CorrKey': u'right', u'TestType': u'MRT', u'yPos': None, u'Etc': None, u'CorrAns': u'different', u'Type': u'Test'}
359.7155 	EXP 	Created sequence: sequential, trialTypes=1, nReps=0, seed=None
359.7158 	EXP 	Created sequence: sequential, trialTypes=1, nReps=0, seed=None
359.7160 	EXP 	Created sequence: sequential, trialTypes=1, nReps=0, seed=None
359.7163 	EXP 	Created sequence: sequential, trialTypes=1, nReps=1, seed=None
359.7166 	EXP 	New trial (rep=0, index=0): None
359.7642 	EXP 	test_start_txt: autoDraw = False
359.7642 	EXP 	image_3: autoDraw = False
359.7642 	EXP 	Timer: autoDraw = False
359.7642 	EXP 	image_3: image = u'Img/MRT11.jpg'
359.7642 	EXP 	test_start_txt: autoDraw = True
361.7341 	EXP 	test_start_txt: autoDraw = False
361.7341 	EXP 	image_3: autoDraw = True
371.7425 	EXP 	Timer: autoDraw = True
373.7995 	DATA 	Keypress: right
373.8157 	EXP 	Created sequence: sequential, trialTypes=1, nReps=0, seed=None
373.8160 	EXP 	New trial (rep=0, index=27): {u'xPos': None, u'probNum': 12, u'Img': u'Img/MRT12.jpg', u'CorrKey': u'right', u'TestType': u'MRT', u'yPos': None, u'Etc': None, u'CorrAns': u'different', u'Type': u'Test'}
373.8164 	EXP 	Created sequence: sequential, trialTypes=1, nReps=0, seed=None
373.8166 	EXP 	Created sequence: sequential, trialTypes=1, nReps=0, seed=None
373.8168 	EXP 	Created sequence: sequential, trialTypes=1, nReps=0, seed=None
373.8170 	EXP 	Created sequence: sequential, trialTypes=1, nReps=1, seed=None
373.8172 	EXP 	New trial (rep=0, index=0): None
373.8622 	EXP 	test_start_txt: autoDraw = False
373.8622 	EXP 	image_3: autoDraw = False
373.8622 	EXP 	Timer: autoDraw = False
373.8622 	EXP 	image_3: image = u'Img/MRT12.jpg'
373.8622 	EXP 	test_start_txt: autoDraw = True
375.8322 	EXP 	test_start_txt: autoDraw = False
375.8490 	EXP 	image_3: autoDraw = True
382.6487 	DATA 	Keypress: right
382.6496 	EXP 	Created sequence: sequential, trialTypes=1, nReps=0, seed=None
382.6499 	EXP 	New trial (rep=0, index=28): {u'xPos': None, u'probNum': 13, u'Img': u'Img/MRT13.jpg', u'CorrKey': u'left', u'TestType': u'MRT', u'yPos': None, u'Etc': None, u'CorrAns': u'same', u'Type': u'Test'}
382.6503 	EXP 	Created sequence: sequential, trialTypes=1, nReps=0, seed=None
382.6505 	EXP 	Created sequence: sequential, trialTypes=1, nReps=0, seed=None
382.6507 	EXP 	Created sequence: sequential, trialTypes=1, nReps=0, seed=None
382.6509 	EXP 	Created sequence: sequential, trialTypes=1, nReps=1, seed=None
382.6511 	EXP 	New trial (rep=0, index=0): None
382.6993 	EXP 	test_start_txt: autoDraw = False
382.6993 	EXP 	image_3: autoDraw = False
382.6993 	EXP 	Timer: autoDraw = False
382.6993 	EXP 	image_3: image = u'Img/MRT13.jpg'
382.6993 	EXP 	test_start_txt: autoDraw = True
384.6631 	EXP 	test_start_txt: autoDraw = False
384.6800 	EXP 	image_3: autoDraw = True
389.6886 	DATA 	Keypress: left
389.6900 	EXP 	Created sequence: sequential, trialTypes=1, nReps=0, seed=None
389.6905 	EXP 	New trial (rep=0, index=29): {u'xPos': None, u'probNum': 14, u'Img': u'Img/MRT14.jpg', u'CorrKey': u'right', u'TestType': u'MRT', u'yPos': None, u'Etc': None, u'CorrAns': u'different', u'Type': u'Test'}
389.6913 	EXP 	Created sequence: sequential, trialTypes=1, nReps=0, seed=None
389.6916 	EXP 	Created sequence: sequential, trialTypes=1, nReps=0, seed=None
389.6920 	EXP 	Created sequence: sequential, trialTypes=1, nReps=0, seed=None
389.6923 	EXP 	Created sequence: sequential, trialTypes=1, nReps=1, seed=None
389.6926 	EXP 	New trial (rep=0, index=0): None
389.7413 	EXP 	test_start_txt: autoDraw = False
389.7413 	EXP 	image_3: autoDraw = False
389.7413 	EXP 	Timer: autoDraw = False
389.7413 	EXP 	image_3: image = u'Img/MRT14.jpg'
389.7413 	EXP 	test_start_txt: autoDraw = True
391.7021 	EXP 	test_start_txt: autoDraw = False
391.7188 	EXP 	image_3: autoDraw = True
399.5018 	DATA 	Keypress: left
399.5028 	EXP 	Created sequence: sequential, trialTypes=1, nReps=0, seed=None
399.5031 	EXP 	New trial (rep=0, index=30): {u'xPos': None, u'probNum': 15, u'Img': u'Img/MRT15.jpg', u'CorrKey': u'left', u'TestType': u'MRT', u'yPos': None, u'Etc': None, u'CorrAns': u'same', u'Type': u'Test'}
399.5036 	EXP 	Created sequence: sequential, trialTypes=1, nReps=0, seed=None
399.5038 	EXP 	Created sequence: sequential, trialTypes=1, nReps=0, seed=None
399.5040 	EXP 	Created sequence: sequential, trialTypes=1, nReps=0, seed=None
399.5041 	EXP 	Created sequence: sequential, trialTypes=1, nReps=1, seed=None
399.5043 	EXP 	New trial (rep=0, index=0): None
399.5498 	EXP 	test_start_txt: autoDraw = False
399.5498 	EXP 	image_3: autoDraw = False
399.5498 	EXP 	Timer: autoDraw = False
399.5498 	EXP 	image_3: image = u'Img/MRT15.jpg'
399.5498 	EXP 	test_start_txt: autoDraw = True
401.5169 	EXP 	test_start_txt: autoDraw = False
401.5334 	EXP 	image_3: autoDraw = True
406.8267 	DATA 	Keypress: left
406.8279 	EXP 	Created sequence: sequential, trialTypes=1, nReps=0, seed=None
406.8284 	EXP 	New trial (rep=0, index=31): {u'xPos': None, u'probNum': 16, u'Img': u'Img/MRT16.jpg', u'CorrKey': u'right', u'TestType': u'MRT', u'yPos': None, u'Etc': None, u'CorrAns': u'different', u'Type': u'Test'}
406.8291 	EXP 	Created sequence: sequential, trialTypes=1, nReps=0, seed=None
406.8295 	EXP 	Created sequence: sequential, trialTypes=1, nReps=0, seed=None
406.8299 	EXP 	Created sequence: sequential, trialTypes=1, nReps=0, seed=None
406.8302 	EXP 	Created sequence: sequential, trialTypes=1, nReps=1, seed=None
406.8305 	EXP 	New trial (rep=0, index=0): None
406.8777 	EXP 	test_start_txt: autoDraw = False
406.8777 	EXP 	image_3: autoDraw = False
406.8777 	EXP 	Timer: autoDraw = False
406.8777 	EXP 	image_3: image = u'Img/MRT16.jpg'
406.8777 	EXP 	test_start_txt: autoDraw = True
408.8424 	EXP 	test_start_txt: autoDraw = False
408.8590 	EXP 	image_3: autoDraw = True
418.7669 	DATA 	Keypress: right
418.7678 	EXP 	Created sequence: sequential, trialTypes=1, nReps=0, seed=None
418.7681 	EXP 	New trial (rep=0, index=32): {u'xPos': None, u'probNum': 17, u'Img': u'Img/MRT17.jpg', u'CorrKey': u'left', u'TestType': u'MRT', u'yPos': None, u'Etc': None, u'CorrAns': u'same', u'Type': u'Test'}
418.7686 	EXP 	Created sequence: sequential, trialTypes=1, nReps=0, seed=None
418.7688 	EXP 	Created sequence: sequential, trialTypes=1, nReps=0, seed=None
418.7690 	EXP 	Created sequence: sequential, trialTypes=1, nReps=0, seed=None
418.7692 	EXP 	Created sequence: sequential, trialTypes=1, nReps=1, seed=None
418.7694 	EXP 	New trial (rep=0, index=0): None
418.8194 	EXP 	test_start_txt: autoDraw = False
418.8194 	EXP 	image_3: autoDraw = False
418.8194 	EXP 	Timer: autoDraw = False
418.8194 	EXP 	image_3: image = u'Img/MRT17.jpg'
418.8194 	EXP 	test_start_txt: autoDraw = True
420.7858 	EXP 	test_start_txt: autoDraw = False
420.8023 	EXP 	image_3: autoDraw = True
426.5929 	DATA 	Keypress: right
426.5939 	EXP 	Created sequence: sequential, trialTypes=1, nReps=0, seed=None
426.5941 	EXP 	New trial (rep=0, index=33): {u'xPos': None, u'probNum': 18, u'Img': u'Img/MRT18.jpg', u'CorrKey': u'left', u'TestType': u'MRT', u'yPos': None, u'Etc': None, u'CorrAns': u'same', u'Type': u'Test'}
426.5946 	EXP 	Created sequence: sequential, trialTypes=1, nReps=0, seed=None
426.5948 	EXP 	Created sequence: sequential, trialTypes=1, nReps=0, seed=None
426.5950 	EXP 	Created sequence: sequential, trialTypes=1, nReps=0, seed=None
426.5952 	EXP 	Created sequence: sequential, trialTypes=1, nReps=1, seed=None
426.5955 	EXP 	New trial (rep=0, index=0): None
426.6424 	EXP 	test_start_txt: autoDraw = False
426.6424 	EXP 	image_3: autoDraw = False
426.6424 	EXP 	Timer: autoDraw = False
426.6424 	EXP 	image_3: image = u'Img/MRT18.jpg'
426.6424 	EXP 	test_start_txt: autoDraw = True
428.6131 	EXP 	test_start_txt: autoDraw = False
428.6279 	EXP 	image_3: autoDraw = True
438.2510 	DATA 	Keypress: left
438.2519 	EXP 	Created sequence: sequential, trialTypes=1, nReps=0, seed=None
438.2522 	EXP 	New trial (rep=0, index=34): {u'xPos': None, u'probNum': 19, u'Img': u'Img/MRT19.jpg', u'CorrKey': u'right', u'TestType': u'MRT', u'yPos': None, u'Etc': None, u'CorrAns': u'different', u'Type': u'Test'}
438.2527 	EXP 	Created sequence: sequential, trialTypes=1, nReps=0, seed=None
438.2530 	EXP 	Created sequence: sequential, trialTypes=1, nReps=0, seed=None
438.2532 	EXP 	Created sequence: sequential, trialTypes=1, nReps=0, seed=None
438.2534 	EXP 	Created sequence: sequential, trialTypes=1, nReps=1, seed=None
438.2536 	EXP 	New trial (rep=0, index=0): None
438.3020 	EXP 	test_start_txt: autoDraw = False
438.3020 	EXP 	image_3: autoDraw = False
438.3020 	EXP 	Timer: autoDraw = False
438.3020 	EXP 	image_3: image = u'Img/MRT19.jpg'
438.3020 	EXP 	test_start_txt: autoDraw = True
440.2595 	EXP 	test_start_txt: autoDraw = False
440.2800 	EXP 	image_3: autoDraw = True
448.9387 	DATA 	Keypress: right
448.9397 	EXP 	Created sequence: sequential, trialTypes=1, nReps=0, seed=None
448.9400 	EXP 	New trial (rep=0, index=35): {u'xPos': None, u'probNum': 20, u'Img': u'Img/MRT20.jpg', u'CorrKey': u'right', u'TestType': u'MRT', u'yPos': None, u'Etc': None, u'CorrAns': u'different', u'Type': u'Test'}
448.9405 	EXP 	Created sequence: sequential, trialTypes=1, nReps=0, seed=None
448.9407 	EXP 	Created sequence: sequential, trialTypes=1, nReps=0, seed=None
448.9409 	EXP 	Created sequence: sequential, trialTypes=1, nReps=0, seed=None
448.9411 	EXP 	Created sequence: sequential, trialTypes=1, nReps=1, seed=None
448.9413 	EXP 	New trial (rep=0, index=0): None
448.9913 	EXP 	test_start_txt: autoDraw = False
448.9913 	EXP 	image_3: autoDraw = False
448.9913 	EXP 	Timer: autoDraw = False
448.9913 	EXP 	image_3: image = u'Img/MRT20.jpg'
448.9913 	EXP 	test_start_txt: autoDraw = True
450.9578 	EXP 	test_start_txt: autoDraw = False
450.9748 	EXP 	image_3: autoDraw = True
458.4028 	DATA 	Keypress: right
458.4038 	EXP 	Created sequence: sequential, trialTypes=1, nReps=0, seed=None
458.4041 	EXP 	New trial (rep=0, index=36): {u'xPos': None, u'probNum': None, u'Img': u'Img/62.jpg', u'CorrKey': u'space', u'TestType': None, u'yPos': None, u'Etc': None, u'CorrAns': u'space', u'Type': u'Inst'}
458.4046 	EXP 	Created sequence: sequential, trialTypes=1, nReps=0, seed=None
458.4048 	EXP 	Created sequence: sequential, trialTypes=1, nReps=0, seed=None
458.4051 	EXP 	Created sequence: sequential, trialTypes=1, nReps=1, seed=None
458.4054 	EXP 	New trial (rep=0, index=0): None
458.4865 	EXP 	test_start_txt: autoDraw = False
458.4865 	EXP 	image_3: autoDraw = False
458.4865 	EXP 	Timer: autoDraw = False
458.4865 	EXP 	image_2: image = u'Img/62.jpg'
458.4865 	EXP 	image_2: autoDraw = True
461.5074 	DATA 	Keypress: space
461.5238 	EXP 	Created sequence: sequential, trialTypes=1, nReps=0, seed=None
461.5240 	EXP 	Created sequence: sequential, trialTypes=1, nReps=0, seed=None
461.5245 	EXP 	New trial (rep=0, index=37): {u'xPos': -1200, u'probNum': None, u'Img': None, u'CorrKey': None, u'TestType': u'CloseSession', u'yPos': 60, u'Etc': None, u'CorrAns': None, u'Type': u'Mouse'}
461.5251 	EXP 	Created sequence: sequential, trialTypes=1, nReps=0, seed=None
461.5254 	EXP 	Created sequence: sequential, trialTypes=1, nReps=0, seed=None
461.5256 	EXP 	Created sequence: sequential, trialTypes=1, nReps=0, seed=None
461.5258 	EXP 	Created sequence: sequential, trialTypes=1, nReps=0, seed=None
461.5260 	EXP 	Created sequence: sequential, trialTypes=1, nReps=1, seed=None
461.5263 	EXP 	New trial (rep=0, index=0): None
461.6921 	EXP 	window1: mouseVisible = True
