15.7472 	EXP 	Created window1 = Window(allowGUI=False, allowStencil=False, autoLog=True, bitsMode=UNKNOWN, blendMode='avg', color=array([ 0.,  0.,  0.]), colorSpace='rgb', fullscr=UNKNOWN, gamma=None, lms=UNKNOWN, monitor=<psychopy.monitors.calibTools.Monitor instance at 0x0A7326E8>, name='window1', pos=[0, 0], screen=0, size=array([1600,  900]), stereo=False, units=u'norm', useFBO=True, viewOri=0.0, viewPos=None, viewScale=None, waitBlanking=True, winType='pyglet')
15.7472 	EXP 	window1: recordFrameIntervals = False
15.9138 	EXP 	window1: recordFrameIntervals = True
16.0978 	EXP 	window1: recordFrameIntervals = False
16.1065 	EXP 	Created image_4 = ImageStim(autoLog=True, color=array([ 1.,  1.,  1.]), colorSpace='rgb', contrast=1.0, depth=0.0, flipHoriz=False, flipVert=False, image='sin', interpolate=True, mask=None, maskParams=None, name='image_4', opacity=1.0, ori=0.0, pos=array([ 0.,  0.]), size=array([ 1.5,  1.5]), texRes=128, units=u'norm', win=Window(...))
16.2848 	EXP 	Created text_2 = TextStim(alignHoriz='center', alignVert='center', antialias=True, autoLog=True, bold=False, color='white', colorSpace='named', contrast=1.0, depth=-2.0, flipHoriz=False, flipVert=False, font='Arial', fontFiles=[], height=0.1, italic=False, name='text_2', opacity=1.0, ori=0, pos=array([ 0.  ,  0.85]), rgb=array([ 255.,  255.,  255.]), text=u'default text', units=u'norm', win=Window(...), wrapWidth=1)
16.3298 	EXP 	Created dummy_start = TextStim(alignHoriz='center', alignVert='center', antialias=True, autoLog=True, bold=False, color='white', colorSpace='named', contrast=1.0, depth=0.0, flipHoriz=False, flipVert=False, font='Arial', fontFiles=[], height=0.5, italic=False, name='dummy_start', opacity=1.0, ori=0, pos=array([ 0.,  0.]), rgb=array([ 255.,  255.,  255.]), text=u'+', units=u'norm', win=Window(...), wrapWidth=1)
16.3359 	EXP 	Created image = ImageStim(autoLog=True, color=array([ 1.,  1.,  1.]), colorSpace='rgb', contrast=1.0, depth=-1.0, flipHoriz=False, flipVert=False, image='sin', interpolate=True, mask=None, maskParams=None, name='image', opacity=1.0, ori=0.0, pos=array([ 0.,  0.]), size=array([ 1.6,  1.6]), texRes=128, units=u'norm', win=Window(...))
16.3479 	EXP 	Created message = TextStim(alignHoriz='center', alignVert='center', antialias=True, autoLog=True, bold=False, color='white', colorSpace='named', contrast=1.0, depth=-1.0, flipHoriz=False, flipVert=False, font='Arial', fontFiles=[], height=0.1, italic=False, name='message', opacity=1.0, ori=0, pos=array([ 0.,  0.]), rgb=array([ 255.,  255.,  255.]), text=u'default text', units=u'norm', win=Window(...), wrapWidth=1)
16.3563 	EXP 	Created image_2 = ImageStim(autoLog=True, color=array([ 1.,  1.,  1.]), colorSpace='rgb', contrast=1.0, depth=0.0, flipHoriz=False, flipVert=False, image='sin', interpolate=True, mask=None, maskParams=None, name='image_2', opacity=1.0, ori=0.0, pos=array([ 0.,  0.]), size=array([ 1.5,  1.5]), texRes=128, units=u'norm', win=Window(...))
16.3632 	EXP 	Created test_start_txt = TextStim(alignHoriz='center', alignVert='center', antialias=True, autoLog=True, bold=False, color='white', colorSpace='named', contrast=1.0, depth=0.0, flipHoriz=False, flipVert=False, font='Arial', fontFiles=[], height=0.5, italic=False, name='test_start_txt', opacity=1.0, ori=0, pos=array([ 0.,  0.]), rgb=array([ 255.,  255.,  255.]), text=u'+', units=u'norm', win=Window(...), wrapWidth=1)
16.3690 	EXP 	Created image_3 = ImageStim(autoLog=True, color=array([ 1.,  1.,  1.]), colorSpace='rgb', contrast=1.0, depth=-1.0, flipHoriz=False, flipVert=False, image='sin', interpolate=True, mask=None, maskParams=None, name='image_3', opacity=1.0, ori=0.0, pos=array([ 0.,  0.]), size=array([ 1.5,  1.5]), texRes=128, units=u'norm', win=Window(...))
16.3813 	EXP 	Created Timer = TextStim(alignHoriz='center', alignVert='center', antialias=True, autoLog=True, bold=False, color='white', colorSpace='named', contrast=1.0, depth=-3.0, flipHoriz=False, flipVert=False, font='Arial', fontFiles=[], height=0.1, italic=False, name='Timer', opacity=1.0, ori=0, pos=array([ 0.  ,  0.85]), rgb=array([ 255.,  255.,  255.]), text=u'default text', units=u'norm', win=Window(...), wrapWidth=1)
16.3827 	EXP 	Created text = TextStim(alignHoriz='center', alignVert='center', antialias=True, autoLog=True, bold=False, color='white', colorSpace='named', contrast=1.0, depth=-1.0, flipHoriz=False, flipVert=False, font='Arial', fontFiles=[], height=0.1, italic=False, name='text', opacity=1.0, ori=0, pos=array([ 0.,  0.]), rgb=array([ 255.,  255.,  255.]), text='', units=u'norm', win=Window(...), wrapWidth=1)
16.7909 	EXP 	Imported Settings_ConCube.xlsx as conditions, 36 conditions, 8 params
16.7920 	EXP 	Created sequence: sequential, trialTypes=36, nReps=1, seed=None
16.7931 	EXP 	New trial (rep=0, index=0): {u'xPos': None, u'probNum': None, u'Img': u'Img/30.jpg', u'CorrKey': u'space', u'TestType': None, u'yPos': None, u'CorrAns': u'space', u'Type': u'Inst'}
16.7940 	EXP 	Created sequence: sequential, trialTypes=1, nReps=0, seed=None
16.7946 	EXP 	Created sequence: sequential, trialTypes=1, nReps=0, seed=None
16.7950 	EXP 	Created sequence: sequential, trialTypes=1, nReps=1, seed=None
16.7955 	EXP 	New trial (rep=0, index=0): None
16.8977 	EXP 	image_2: image = u'Img/30.jpg'
16.8977 	EXP 	image_2: autoDraw = True
29.2556 	DATA 	Keypress: space
29.2719 	EXP 	Created sequence: sequential, trialTypes=1, nReps=0, seed=None
29.2724 	EXP 	Created sequence: sequential, trialTypes=1, nReps=0, seed=None
29.2731 	EXP 	New trial (rep=0, index=1): {u'xPos': None, u'probNum': None, u'Img': u'Img/31.jpg', u'CorrKey': u'space', u'TestType': None, u'yPos': None, u'CorrAns': u'space', u'Type': u'Inst'}
29.2740 	EXP 	Created sequence: sequential, trialTypes=1, nReps=0, seed=None
29.2745 	EXP 	Created sequence: sequential, trialTypes=1, nReps=0, seed=None
29.2750 	EXP 	Created sequence: sequential, trialTypes=1, nReps=1, seed=None
29.2755 	EXP 	New trial (rep=0, index=0): None
29.3549 	EXP 	image_2: autoDraw = False
29.3549 	EXP 	image_2: image = u'Img/31.jpg'
29.3549 	EXP 	image_2: autoDraw = True
39.8439 	DATA 	Keypress: space
39.8448 	EXP 	Created sequence: sequential, trialTypes=1, nReps=0, seed=None
39.8453 	EXP 	Created sequence: sequential, trialTypes=1, nReps=0, seed=None
39.8460 	EXP 	New trial (rep=0, index=2): {u'xPos': None, u'probNum': None, u'Img': u'Img/32.jpg', u'CorrKey': u'space', u'TestType': None, u'yPos': None, u'CorrAns': u'space', u'Type': u'Inst'}
39.8471 	EXP 	Created sequence: sequential, trialTypes=1, nReps=0, seed=None
39.8477 	EXP 	Created sequence: sequential, trialTypes=1, nReps=0, seed=None
39.8481 	EXP 	Created sequence: sequential, trialTypes=1, nReps=1, seed=None
39.8487 	EXP 	New trial (rep=0, index=0): None
39.9276 	EXP 	image_2: autoDraw = False
39.9276 	EXP 	image_2: image = u'Img/32.jpg'
39.9276 	EXP 	image_2: autoDraw = True
49.6185 	DATA 	Keypress: space
49.6191 	EXP 	Created sequence: sequential, trialTypes=1, nReps=0, seed=None
49.6194 	EXP 	Created sequence: sequential, trialTypes=1, nReps=0, seed=None
49.6198 	EXP 	New trial (rep=0, index=3): {u'xPos': None, u'probNum': None, u'Img': u'Img/33.jpg', u'CorrKey': u'space', u'TestType': None, u'yPos': None, u'CorrAns': u'space', u'Type': u'Inst'}
49.6205 	EXP 	Created sequence: sequential, trialTypes=1, nReps=0, seed=None
49.6208 	EXP 	Created sequence: sequential, trialTypes=1, nReps=0, seed=None
49.6211 	EXP 	Created sequence: sequential, trialTypes=1, nReps=1, seed=None
49.6214 	EXP 	New trial (rep=0, index=0): None
49.7155 	EXP 	image_2: autoDraw = False
49.7155 	EXP 	image_2: image = u'Img/33.jpg'
49.7155 	EXP 	image_2: autoDraw = True
52.7213 	DATA 	Keypress: space
52.7221 	EXP 	Created sequence: sequential, trialTypes=1, nReps=0, seed=None
52.7225 	EXP 	Created sequence: sequential, trialTypes=1, nReps=0, seed=None
52.7229 	EXP 	New trial (rep=0, index=4): {u'xPos': None, u'probNum': None, u'Img': u'Img/34.jpg', u'CorrKey': u'left', u'TestType': None, u'yPos': None, u'CorrAns': u'left', u'Type': u'Dumm'}
52.7236 	EXP 	Created sequence: sequential, trialTypes=1, nReps=0, seed=None
52.7240 	EXP 	Created sequence: sequential, trialTypes=1, nReps=1, seed=None
52.7245 	EXP 	New trial (rep=0, index=0): None
52.8219 	EXP 	image_2: autoDraw = False
52.8219 	EXP 	image: image = u'Img/34.jpg'
52.8219 	EXP 	dummy_start: autoDraw = True
54.7378 	EXP 	dummy_start: autoDraw = False
54.7539 	EXP 	image: autoDraw = True
64.7801 	EXP 	image: autoDraw = False
64.7801 	EXP 	dummy_start: autoDraw = False
64.7801 	EXP 	image: autoDraw = False
64.7801 	EXP 	message: text = 'Wrong \n \n Response time = 10.000'
64.7801 	EXP 	message: autoDraw = True
65.2017 	DATA 	Keypress: right
67.0879 	DATA 	Keypress: right
67.4088 	DATA 	Keypress: right
67.7115 	EXP 	Created sequence: sequential, trialTypes=1, nReps=0, seed=None
67.7120 	EXP 	Created sequence: sequential, trialTypes=1, nReps=0, seed=None
67.7126 	EXP 	Created sequence: sequential, trialTypes=1, nReps=0, seed=None
67.7132 	EXP 	New trial (rep=0, index=5): {u'xPos': None, u'probNum': None, u'Img': u'Img/35.jpg', u'CorrKey': u'right', u'TestType': None, u'yPos': None, u'CorrAns': u'right', u'Type': u'Dumm'}
67.7143 	EXP 	Created sequence: sequential, trialTypes=1, nReps=0, seed=None
67.7148 	EXP 	Created sequence: sequential, trialTypes=1, nReps=1, seed=None
67.7153 	EXP 	New trial (rep=0, index=0): None
67.7943 	EXP 	message: autoDraw = False
67.7943 	EXP 	message: autoDraw = False
67.7943 	EXP 	image: image = u'Img/35.jpg'
67.7943 	EXP 	dummy_start: autoDraw = True
69.7295 	EXP 	dummy_start: autoDraw = False
69.7452 	EXP 	image: autoDraw = True
76.5563 	DATA 	Keypress: left
76.5885 	EXP 	dummy_start: autoDraw = False
76.5885 	EXP 	image: autoDraw = False
76.5885 	EXP 	message: text = 'Wrong \n \n Response time = 6.811'
76.5885 	EXP 	message: autoDraw = True
77.5956 	DATA 	Keypress: left
77.8141 	DATA 	Keypress: left
79.5607 	EXP 	Created sequence: sequential, trialTypes=1, nReps=0, seed=None
79.5611 	EXP 	Created sequence: sequential, trialTypes=1, nReps=0, seed=None
79.5614 	EXP 	Created sequence: sequential, trialTypes=1, nReps=0, seed=None
79.5618 	EXP 	New trial (rep=0, index=6): {u'xPos': None, u'probNum': None, u'Img': u'Img/36.jpg', u'CorrKey': u'space', u'TestType': None, u'yPos': None, u'CorrAns': u'space', u'Type': u'Inst'}
79.5624 	EXP 	Created sequence: sequential, trialTypes=1, nReps=0, seed=None
79.5627 	EXP 	Created sequence: sequential, trialTypes=1, nReps=0, seed=None
79.5630 	EXP 	Created sequence: sequential, trialTypes=1, nReps=1, seed=None
79.5635 	EXP 	New trial (rep=0, index=0): None
79.6435 	EXP 	message: autoDraw = False
79.6435 	EXP 	message: autoDraw = False
79.6435 	EXP 	image_2: image = u'Img/36.jpg'
79.6435 	EXP 	image_2: autoDraw = True
81.5364 	DATA 	Keypress: right
96.3758 	DATA 	Keypress: space
96.3766 	EXP 	Created sequence: sequential, trialTypes=1, nReps=0, seed=None
96.3771 	EXP 	Created sequence: sequential, trialTypes=1, nReps=0, seed=None
96.3777 	EXP 	New trial (rep=0, index=7): {u'xPos': -620, u'probNum': None, u'Img': None, u'CorrKey': None, u'TestType': u'OpenSession', u'yPos': 580, u'CorrAns': None, u'Type': u'Mouse'}
96.3786 	EXP 	Created sequence: sequential, trialTypes=1, nReps=0, seed=None
96.3790 	EXP 	Created sequence: sequential, trialTypes=1, nReps=0, seed=None
96.3796 	EXP 	Created sequence: sequential, trialTypes=1, nReps=0, seed=None
96.3799 	EXP 	Created sequence: sequential, trialTypes=1, nReps=0, seed=None
96.3802 	EXP 	Created sequence: sequential, trialTypes=1, nReps=1, seed=None
96.3805 	EXP 	New trial (rep=0, index=0): None
96.4086 	EXP 	image_2: autoDraw = False
96.4086 	EXP 	text: autoDraw = True
96.4772 	EXP 	New trial (rep=0, index=8): {u'xPos': 100, u'probNum': None, u'Img': None, u'CorrKey': None, u'TestType': u'Back_to_Test', u'yPos': 100, u'CorrAns': None, u'Type': u'Mouse'}
96.4781 	EXP 	Created sequence: sequential, trialTypes=1, nReps=0, seed=None
96.4784 	EXP 	Created sequence: sequential, trialTypes=1, nReps=0, seed=None
96.4788 	EXP 	Created sequence: sequential, trialTypes=1, nReps=0, seed=None
96.4793 	EXP 	Created sequence: sequential, trialTypes=1, nReps=0, seed=None
96.4797 	EXP 	Created sequence: sequential, trialTypes=1, nReps=1, seed=None
96.4802 	EXP 	New trial (rep=0, index=0): None
96.4858 	DATA 	Mouse: Left button down, pos=(100,800)
96.4980 	DATA 	Mouse:  Left button up, pos=(100,800)
96.5095 	EXP 	text: autoDraw = False
96.5095 	EXP 	text: autoDraw = False
96.5095 	EXP 	text: autoDraw = True
96.5775 	EXP 	New trial (rep=0, index=9): {u'xPos': None, u'probNum': 1, u'Img': u'Img/37.jpg', u'CorrKey': u'right', u'TestType': u'ConnectCube', u'yPos': None, u'CorrAns': u'right', u'Type': u'Test'}
96.5782 	EXP 	Created sequence: sequential, trialTypes=1, nReps=0, seed=None
96.5786 	EXP 	Created sequence: sequential, trialTypes=1, nReps=0, seed=None
96.5791 	EXP 	Created sequence: sequential, trialTypes=1, nReps=0, seed=None
96.5795 	EXP 	Created sequence: sequential, trialTypes=1, nReps=1, seed=None
96.5798 	EXP 	New trial (rep=0, index=0): None
96.6607 	EXP 	text: autoDraw = False
96.6607 	EXP 	text: autoDraw = False
96.6607 	EXP 	image_3: image = u'Img/37.jpg'
96.6607 	EXP 	test_start_txt: autoDraw = True
98.5972 	EXP 	test_start_txt: autoDraw = False
98.5972 	EXP 	image_3: autoDraw = True
108.6080 	EXP 	Timer: autoDraw = True
110.1075 	DATA 	Keypress: right
110.1259 	EXP 	Created sequence: sequential, trialTypes=1, nReps=0, seed=None
110.1263 	EXP 	New trial (rep=0, index=10): {u'xPos': None, u'probNum': 2, u'Img': u'Img/38.jpg', u'CorrKey': u'left', u'TestType': u'ConnectCube', u'yPos': None, u'CorrAns': u'left', u'Type': u'Test'}
110.1270 	EXP 	Created sequence: sequential, trialTypes=1, nReps=0, seed=None
110.1273 	EXP 	Created sequence: sequential, trialTypes=1, nReps=0, seed=None
110.1277 	EXP 	Created sequence: sequential, trialTypes=1, nReps=0, seed=None
110.1280 	EXP 	Created sequence: sequential, trialTypes=1, nReps=1, seed=None
110.1283 	EXP 	New trial (rep=0, index=0): None
110.2025 	EXP 	test_start_txt: autoDraw = False
110.2025 	EXP 	image_3: autoDraw = False
110.2025 	EXP 	Timer: autoDraw = False
110.2025 	EXP 	image_3: image = u'Img/38.jpg'
110.2025 	EXP 	test_start_txt: autoDraw = True
112.1369 	EXP 	test_start_txt: autoDraw = False
112.1536 	EXP 	image_3: autoDraw = True
122.1545 	EXP 	Timer: autoDraw = True
123.7849 	DATA 	Keypress: left
123.7895 	EXP 	Created sequence: sequential, trialTypes=1, nReps=0, seed=None
123.7899 	EXP 	New trial (rep=0, index=11): {u'xPos': None, u'probNum': 3, u'Img': u'Img/39.jpg', u'CorrKey': u'left', u'TestType': u'ConnectCube', u'yPos': None, u'CorrAns': u'left', u'Type': u'Test'}
123.7906 	EXP 	Created sequence: sequential, trialTypes=1, nReps=0, seed=None
123.7909 	EXP 	Created sequence: sequential, trialTypes=1, nReps=0, seed=None
123.7911 	EXP 	Created sequence: sequential, trialTypes=1, nReps=0, seed=None
123.7914 	EXP 	Created sequence: sequential, trialTypes=1, nReps=1, seed=None
123.7918 	EXP 	New trial (rep=0, index=0): None
123.8675 	EXP 	test_start_txt: autoDraw = False
123.8675 	EXP 	image_3: autoDraw = False
123.8675 	EXP 	Timer: autoDraw = False
123.8675 	EXP 	image_3: image = u'Img/39.jpg'
123.8675 	EXP 	test_start_txt: autoDraw = True
125.8016 	EXP 	test_start_txt: autoDraw = False
125.8184 	EXP 	image_3: autoDraw = True
135.8251 	EXP 	Timer: autoDraw = True
137.1939 	DATA 	Keypress: left
137.2114 	EXP 	Created sequence: sequential, trialTypes=1, nReps=0, seed=None
137.2118 	EXP 	New trial (rep=0, index=12): {u'xPos': None, u'probNum': 4, u'Img': u'Img/40.jpg', u'CorrKey': u'right', u'TestType': u'ConnectCube', u'yPos': None, u'CorrAns': u'right', u'Type': u'Test'}
137.2124 	EXP 	Created sequence: sequential, trialTypes=1, nReps=0, seed=None
137.2128 	EXP 	Created sequence: sequential, trialTypes=1, nReps=0, seed=None
137.2132 	EXP 	Created sequence: sequential, trialTypes=1, nReps=0, seed=None
137.2136 	EXP 	Created sequence: sequential, trialTypes=1, nReps=1, seed=None
137.2140 	EXP 	New trial (rep=0, index=0): None
137.2883 	EXP 	test_start_txt: autoDraw = False
137.2883 	EXP 	image_3: autoDraw = False
137.2883 	EXP 	Timer: autoDraw = False
137.2883 	EXP 	image_3: image = u'Img/40.jpg'
137.2883 	EXP 	test_start_txt: autoDraw = True
139.2341 	EXP 	test_start_txt: autoDraw = False
139.2341 	EXP 	image_3: autoDraw = True
146.7538 	DATA 	Keypress: right
146.7557 	EXP 	Created sequence: sequential, trialTypes=1, nReps=0, seed=None
146.7563 	EXP 	New trial (rep=0, index=13): {u'xPos': None, u'probNum': 5, u'Img': u'Img/41.jpg', u'CorrKey': u'right', u'TestType': u'ConnectCube', u'yPos': None, u'CorrAns': u'right', u'Type': u'Test'}
146.7573 	EXP 	Created sequence: sequential, trialTypes=1, nReps=0, seed=None
146.7578 	EXP 	Created sequence: sequential, trialTypes=1, nReps=0, seed=None
146.7582 	EXP 	Created sequence: sequential, trialTypes=1, nReps=0, seed=None
146.7585 	EXP 	Created sequence: sequential, trialTypes=1, nReps=1, seed=None
146.7588 	EXP 	New trial (rep=0, index=0): None
146.8370 	EXP 	test_start_txt: autoDraw = False
146.8370 	EXP 	image_3: autoDraw = False
146.8370 	EXP 	Timer: autoDraw = False
146.8370 	EXP 	image_3: image = u'Img/41.jpg'
146.8370 	EXP 	test_start_txt: autoDraw = True
148.7718 	EXP 	test_start_txt: autoDraw = False
148.7892 	EXP 	image_3: autoDraw = True
158.7775 	EXP 	Timer: autoDraw = True
161.5831 	DATA 	Keypress: left
161.5880 	EXP 	Created sequence: sequential, trialTypes=1, nReps=0, seed=None
161.5884 	EXP 	New trial (rep=0, index=14): {u'xPos': None, u'probNum': 6, u'Img': u'Img/42.jpg', u'CorrKey': u'right', u'TestType': u'ConnectCube', u'yPos': None, u'CorrAns': u'right', u'Type': u'Test'}
161.5890 	EXP 	Created sequence: sequential, trialTypes=1, nReps=0, seed=None
161.5894 	EXP 	Created sequence: sequential, trialTypes=1, nReps=0, seed=None
161.5899 	EXP 	Created sequence: sequential, trialTypes=1, nReps=0, seed=None
161.5904 	EXP 	Created sequence: sequential, trialTypes=1, nReps=1, seed=None
161.5908 	EXP 	New trial (rep=0, index=0): None
161.6660 	EXP 	test_start_txt: autoDraw = False
161.6660 	EXP 	image_3: autoDraw = False
161.6660 	EXP 	Timer: autoDraw = False
161.6660 	EXP 	image_3: image = u'Img/42.jpg'
161.6660 	EXP 	test_start_txt: autoDraw = True
163.5985 	EXP 	test_start_txt: autoDraw = False
163.6152 	EXP 	image_3: autoDraw = True
171.2013 	DATA 	Keypress: right
171.2029 	EXP 	Created sequence: sequential, trialTypes=1, nReps=0, seed=None
171.2033 	EXP 	New trial (rep=0, index=15): {u'xPos': None, u'probNum': 7, u'Img': u'Img/43.jpg', u'CorrKey': u'left', u'TestType': u'ConnectCube', u'yPos': None, u'CorrAns': u'left', u'Type': u'Test'}
171.2040 	EXP 	Created sequence: sequential, trialTypes=1, nReps=0, seed=None
171.2043 	EXP 	Created sequence: sequential, trialTypes=1, nReps=0, seed=None
171.2046 	EXP 	Created sequence: sequential, trialTypes=1, nReps=0, seed=None
171.2049 	EXP 	Created sequence: sequential, trialTypes=1, nReps=1, seed=None
171.2052 	EXP 	New trial (rep=0, index=0): None
171.2667 	EXP 	test_start_txt: autoDraw = False
171.2667 	EXP 	image_3: autoDraw = False
171.2667 	EXP 	Timer: autoDraw = False
171.2667 	EXP 	image_3: image = u'Img/43.jpg'
171.2667 	EXP 	test_start_txt: autoDraw = True
173.2166 	EXP 	test_start_txt: autoDraw = False
173.2337 	EXP 	image_3: autoDraw = True
181.0381 	DATA 	Keypress: right
181.0401 	EXP 	Created sequence: sequential, trialTypes=1, nReps=0, seed=None
181.0407 	EXP 	New trial (rep=0, index=16): {u'xPos': None, u'probNum': 8, u'Img': u'Img/44.jpg', u'CorrKey': u'left', u'TestType': u'ConnectCube', u'yPos': None, u'CorrAns': u'left', u'Type': u'Test'}
181.0418 	EXP 	Created sequence: sequential, trialTypes=1, nReps=0, seed=None
181.0423 	EXP 	Created sequence: sequential, trialTypes=1, nReps=0, seed=None
181.0427 	EXP 	Created sequence: sequential, trialTypes=1, nReps=0, seed=None
181.0432 	EXP 	Created sequence: sequential, trialTypes=1, nReps=1, seed=None
181.0437 	EXP 	New trial (rep=0, index=0): None
181.1209 	EXP 	test_start_txt: autoDraw = False
181.1209 	EXP 	image_3: autoDraw = False
181.1209 	EXP 	Timer: autoDraw = False
181.1209 	EXP 	image_3: image = u'Img/44.jpg'
181.1209 	EXP 	test_start_txt: autoDraw = True
183.0553 	EXP 	test_start_txt: autoDraw = False
183.0719 	EXP 	image_3: autoDraw = True
193.0635 	EXP 	Timer: autoDraw = True
195.0967 	DATA 	Keypress: left
195.1027 	EXP 	Created sequence: sequential, trialTypes=1, nReps=0, seed=None
195.1033 	EXP 	New trial (rep=0, index=17): {u'xPos': None, u'probNum': 9, u'Img': u'Img/45.jpg', u'CorrKey': u'right', u'TestType': u'ConnectCube', u'yPos': None, u'CorrAns': u'right', u'Type': u'Test'}
195.1044 	EXP 	Created sequence: sequential, trialTypes=1, nReps=0, seed=None
195.1047 	EXP 	Created sequence: sequential, trialTypes=1, nReps=0, seed=None
195.1051 	EXP 	Created sequence: sequential, trialTypes=1, nReps=0, seed=None
195.1056 	EXP 	Created sequence: sequential, trialTypes=1, nReps=1, seed=None
195.1061 	EXP 	New trial (rep=0, index=0): None
195.1963 	EXP 	test_start_txt: autoDraw = False
195.1963 	EXP 	image_3: autoDraw = False
195.1963 	EXP 	Timer: autoDraw = False
195.1963 	EXP 	image_3: image = u'Img/45.jpg'
195.1963 	EXP 	test_start_txt: autoDraw = True
197.1139 	EXP 	test_start_txt: autoDraw = False
197.1305 	EXP 	image_3: autoDraw = True
207.1307 	EXP 	Timer: autoDraw = True
207.4169 	DATA 	Keypress: right
207.4239 	EXP 	Created sequence: sequential, trialTypes=1, nReps=0, seed=None
207.4245 	EXP 	New trial (rep=0, index=18): {u'xPos': None, u'probNum': 10, u'Img': u'Img/46.jpg', u'CorrKey': u'right', u'TestType': u'ConnectCube', u'yPos': None, u'CorrAns': u'right', u'Type': u'Test'}
207.4256 	EXP 	Created sequence: sequential, trialTypes=1, nReps=0, seed=None
207.4260 	EXP 	Created sequence: sequential, trialTypes=1, nReps=0, seed=None
207.4265 	EXP 	Created sequence: sequential, trialTypes=1, nReps=0, seed=None
207.4270 	EXP 	Created sequence: sequential, trialTypes=1, nReps=1, seed=None
207.4275 	EXP 	New trial (rep=0, index=0): None
207.4997 	EXP 	test_start_txt: autoDraw = False
207.4997 	EXP 	image_3: autoDraw = False
207.4997 	EXP 	Timer: autoDraw = False
207.4997 	EXP 	image_3: image = u'Img/46.jpg'
207.4997 	EXP 	test_start_txt: autoDraw = True
209.4353 	EXP 	test_start_txt: autoDraw = False
209.4514 	EXP 	image_3: autoDraw = True
218.3890 	DATA 	Keypress: left
218.3907 	EXP 	Created sequence: sequential, trialTypes=1, nReps=0, seed=None
218.3912 	EXP 	New trial (rep=0, index=19): {u'xPos': None, u'probNum': 11, u'Img': u'Img/47.jpg', u'CorrKey': u'left', u'TestType': u'ConnectCube', u'yPos': None, u'CorrAns': u'left', u'Type': u'Test'}
218.3919 	EXP 	Created sequence: sequential, trialTypes=1, nReps=0, seed=None
218.3922 	EXP 	Created sequence: sequential, trialTypes=1, nReps=0, seed=None
218.3925 	EXP 	Created sequence: sequential, trialTypes=1, nReps=0, seed=None
218.3928 	EXP 	Created sequence: sequential, trialTypes=1, nReps=1, seed=None
218.3931 	EXP 	New trial (rep=0, index=0): None
218.4727 	EXP 	test_start_txt: autoDraw = False
218.4727 	EXP 	image_3: autoDraw = False
218.4727 	EXP 	Timer: autoDraw = False
218.4727 	EXP 	image_3: image = u'Img/47.jpg'
218.4727 	EXP 	test_start_txt: autoDraw = True
220.4128 	EXP 	test_start_txt: autoDraw = False
220.4128 	EXP 	image_3: autoDraw = True
226.2898 	DATA 	Keypress: right
226.2918 	EXP 	Created sequence: sequential, trialTypes=1, nReps=0, seed=None
226.2925 	EXP 	New trial (rep=0, index=20): {u'xPos': None, u'probNum': 12, u'Img': u'Img/48.jpg', u'CorrKey': u'left', u'TestType': u'ConnectCube', u'yPos': None, u'CorrAns': u'left', u'Type': u'Test'}
226.2936 	EXP 	Created sequence: sequential, trialTypes=1, nReps=0, seed=None
226.2941 	EXP 	Created sequence: sequential, trialTypes=1, nReps=0, seed=None
226.2946 	EXP 	Created sequence: sequential, trialTypes=1, nReps=0, seed=None
226.2951 	EXP 	Created sequence: sequential, trialTypes=1, nReps=1, seed=None
226.2957 	EXP 	New trial (rep=0, index=0): None
226.3724 	EXP 	test_start_txt: autoDraw = False
226.3724 	EXP 	image_3: autoDraw = False
226.3724 	EXP 	Timer: autoDraw = False
226.3724 	EXP 	image_3: image = u'Img/48.jpg'
226.3724 	EXP 	test_start_txt: autoDraw = True
228.3073 	EXP 	test_start_txt: autoDraw = False
228.3243 	EXP 	image_3: autoDraw = True
238.3395 	EXP 	Timer: autoDraw = True
240.1047 	DATA 	Keypress: left
240.1230 	EXP 	Created sequence: sequential, trialTypes=1, nReps=0, seed=None
240.1236 	EXP 	New trial (rep=0, index=21): {u'xPos': None, u'probNum': 13, u'Img': u'Img/49.jpg', u'CorrKey': u'right', u'TestType': u'ConnectCube', u'yPos': None, u'CorrAns': u'right', u'Type': u'Test'}
240.1247 	EXP 	Created sequence: sequential, trialTypes=1, nReps=0, seed=None
240.1252 	EXP 	Created sequence: sequential, trialTypes=1, nReps=0, seed=None
240.1256 	EXP 	Created sequence: sequential, trialTypes=1, nReps=0, seed=None
240.1259 	EXP 	Created sequence: sequential, trialTypes=1, nReps=1, seed=None
240.1262 	EXP 	New trial (rep=0, index=0): None
240.2001 	EXP 	test_start_txt: autoDraw = False
240.2001 	EXP 	image_3: autoDraw = False
240.2001 	EXP 	Timer: autoDraw = False
240.2001 	EXP 	image_3: image = u'Img/49.jpg'
240.2001 	EXP 	test_start_txt: autoDraw = True
242.1396 	EXP 	test_start_txt: autoDraw = False
242.1562 	EXP 	image_3: autoDraw = True
252.1482 	EXP 	Timer: autoDraw = True
254.0172 	DATA 	Keypress: right
254.0227 	EXP 	Created sequence: sequential, trialTypes=1, nReps=0, seed=None
254.0232 	EXP 	New trial (rep=0, index=22): {u'xPos': None, u'probNum': 14, u'Img': u'Img/50.jpg', u'CorrKey': u'left', u'TestType': u'ConnectCube', u'yPos': None, u'CorrAns': u'left', u'Type': u'Test'}
254.0239 	EXP 	Created sequence: sequential, trialTypes=1, nReps=0, seed=None
254.0242 	EXP 	Created sequence: sequential, trialTypes=1, nReps=0, seed=None
254.0245 	EXP 	Created sequence: sequential, trialTypes=1, nReps=0, seed=None
254.0248 	EXP 	Created sequence: sequential, trialTypes=1, nReps=1, seed=None
254.0253 	EXP 	New trial (rep=0, index=0): None
254.1006 	EXP 	test_start_txt: autoDraw = False
254.1006 	EXP 	image_3: autoDraw = False
254.1006 	EXP 	Timer: autoDraw = False
254.1006 	EXP 	image_3: image = u'Img/50.jpg'
254.1006 	EXP 	test_start_txt: autoDraw = True
256.0384 	EXP 	test_start_txt: autoDraw = False
256.0554 	EXP 	image_3: autoDraw = True
263.0770 	DATA 	Keypress: left
263.0789 	EXP 	Created sequence: sequential, trialTypes=1, nReps=0, seed=None
263.0795 	EXP 	New trial (rep=0, index=23): {u'xPos': None, u'probNum': 15, u'Img': u'Img/51.jpg', u'CorrKey': u'left', u'TestType': u'ConnectCube', u'yPos': None, u'CorrAns': u'left', u'Type': u'Test'}
263.0805 	EXP 	Created sequence: sequential, trialTypes=1, nReps=0, seed=None
263.0811 	EXP 	Created sequence: sequential, trialTypes=1, nReps=0, seed=None
263.0816 	EXP 	Created sequence: sequential, trialTypes=1, nReps=0, seed=None
263.0821 	EXP 	Created sequence: sequential, trialTypes=1, nReps=1, seed=None
263.0826 	EXP 	New trial (rep=0, index=0): None
263.1600 	EXP 	test_start_txt: autoDraw = False
263.1600 	EXP 	image_3: autoDraw = False
263.1600 	EXP 	Timer: autoDraw = False
263.1600 	EXP 	image_3: image = u'Img/51.jpg'
263.1600 	EXP 	test_start_txt: autoDraw = True
265.0889 	EXP 	test_start_txt: autoDraw = False
265.1056 	EXP 	image_3: autoDraw = True
273.7301 	DATA 	Keypress: left
273.7323 	EXP 	Created sequence: sequential, trialTypes=1, nReps=0, seed=None
273.7329 	EXP 	New trial (rep=0, index=24): {u'xPos': None, u'probNum': 16, u'Img': u'Img/52.jpg', u'CorrKey': u'right', u'TestType': u'ConnectCube', u'yPos': None, u'CorrAns': u'right', u'Type': u'Test'}
273.7338 	EXP 	Created sequence: sequential, trialTypes=1, nReps=0, seed=None
273.7341 	EXP 	Created sequence: sequential, trialTypes=1, nReps=0, seed=None
273.7344 	EXP 	Created sequence: sequential, trialTypes=1, nReps=0, seed=None
273.7353 	EXP 	Created sequence: sequential, trialTypes=1, nReps=1, seed=None
273.7358 	EXP 	New trial (rep=0, index=0): None
273.8142 	EXP 	test_start_txt: autoDraw = False
273.8142 	EXP 	image_3: autoDraw = False
273.8142 	EXP 	Timer: autoDraw = False
273.8142 	EXP 	image_3: image = u'Img/52.jpg'
273.8142 	EXP 	test_start_txt: autoDraw = True
275.7420 	EXP 	test_start_txt: autoDraw = False
275.7588 	EXP 	image_3: autoDraw = True
285.7660 	EXP 	Timer: autoDraw = True
288.4850 	DATA 	Keypress: left
288.5038 	EXP 	Created sequence: sequential, trialTypes=1, nReps=0, seed=None
288.5044 	EXP 	New trial (rep=0, index=25): {u'xPos': None, u'probNum': 17, u'Img': u'Img/53.jpg', u'CorrKey': u'left', u'TestType': u'ConnectCube', u'yPos': None, u'CorrAns': u'left', u'Type': u'Test'}
288.5053 	EXP 	Created sequence: sequential, trialTypes=1, nReps=0, seed=None
288.5056 	EXP 	Created sequence: sequential, trialTypes=1, nReps=0, seed=None
288.5059 	EXP 	Created sequence: sequential, trialTypes=1, nReps=0, seed=None
288.5062 	EXP 	Created sequence: sequential, trialTypes=1, nReps=1, seed=None
288.5065 	EXP 	New trial (rep=0, index=0): None
288.5955 	EXP 	test_start_txt: autoDraw = False
288.5955 	EXP 	image_3: autoDraw = False
288.5955 	EXP 	Timer: autoDraw = False
288.5955 	EXP 	image_3: image = u'Img/53.jpg'
288.5955 	EXP 	test_start_txt: autoDraw = True
290.5146 	EXP 	test_start_txt: autoDraw = False
290.5315 	EXP 	image_3: autoDraw = True
300.5313 	EXP 	Timer: autoDraw = True
302.2106 	DATA 	Keypress: right
302.2176 	EXP 	Created sequence: sequential, trialTypes=1, nReps=0, seed=None
302.2182 	EXP 	New trial (rep=0, index=26): {u'xPos': None, u'probNum': 18, u'Img': u'Img/54.jpg', u'CorrKey': u'right', u'TestType': u'ConnectCube', u'yPos': None, u'CorrAns': u'right', u'Type': u'Test'}
302.2192 	EXP 	Created sequence: sequential, trialTypes=1, nReps=0, seed=None
302.2197 	EXP 	Created sequence: sequential, trialTypes=1, nReps=0, seed=None
302.2202 	EXP 	Created sequence: sequential, trialTypes=1, nReps=0, seed=None
302.2206 	EXP 	Created sequence: sequential, trialTypes=1, nReps=1, seed=None
302.2211 	EXP 	New trial (rep=0, index=0): None
302.2942 	EXP 	test_start_txt: autoDraw = False
302.2942 	EXP 	image_3: autoDraw = False
302.2942 	EXP 	Timer: autoDraw = False
302.2942 	EXP 	image_3: image = u'Img/54.jpg'
302.2942 	EXP 	test_start_txt: autoDraw = True
304.2331 	EXP 	test_start_txt: autoDraw = False
304.2501 	EXP 	image_3: autoDraw = True
314.2550 	EXP 	Timer: autoDraw = True
316.8127 	DATA 	Keypress: right
316.8174 	EXP 	Created sequence: sequential, trialTypes=1, nReps=0, seed=None
316.8178 	EXP 	New trial (rep=0, index=27): {u'xPos': None, u'probNum': 19, u'Img': u'Img/55.jpg', u'CorrKey': u'left', u'TestType': u'ConnectCube', u'yPos': None, u'CorrAns': u'left', u'Type': u'Test'}
316.8185 	EXP 	Created sequence: sequential, trialTypes=1, nReps=0, seed=None
316.8188 	EXP 	Created sequence: sequential, trialTypes=1, nReps=0, seed=None
316.8191 	EXP 	Created sequence: sequential, trialTypes=1, nReps=0, seed=None
316.8194 	EXP 	Created sequence: sequential, trialTypes=1, nReps=1, seed=None
316.8197 	EXP 	New trial (rep=0, index=0): None
316.8944 	EXP 	test_start_txt: autoDraw = False
316.8944 	EXP 	image_3: autoDraw = False
316.8944 	EXP 	Timer: autoDraw = False
316.8944 	EXP 	image_3: image = u'Img/55.jpg'
316.8944 	EXP 	test_start_txt: autoDraw = True
318.8313 	EXP 	test_start_txt: autoDraw = False
318.8469 	EXP 	image_3: autoDraw = True
328.8416 	EXP 	Timer: autoDraw = True
330.6956 	DATA 	Keypress: left
330.7149 	EXP 	Created sequence: sequential, trialTypes=1, nReps=0, seed=None
330.7155 	EXP 	New trial (rep=0, index=28): {u'xPos': None, u'probNum': 20, u'Img': u'Img/56.jpg', u'CorrKey': u'right', u'TestType': u'ConnectCube', u'yPos': None, u'CorrAns': u'right', u'Type': u'Test'}
330.7165 	EXP 	Created sequence: sequential, trialTypes=1, nReps=0, seed=None
330.7170 	EXP 	Created sequence: sequential, trialTypes=1, nReps=0, seed=None
330.7175 	EXP 	Created sequence: sequential, trialTypes=1, nReps=0, seed=None
330.7181 	EXP 	Created sequence: sequential, trialTypes=1, nReps=1, seed=None
330.7186 	EXP 	New trial (rep=0, index=0): None
330.7913 	EXP 	test_start_txt: autoDraw = False
330.7913 	EXP 	image_3: autoDraw = False
330.7913 	EXP 	Timer: autoDraw = False
330.7913 	EXP 	image_3: image = u'Img/56.jpg'
330.7913 	EXP 	test_start_txt: autoDraw = True
332.7276 	EXP 	test_start_txt: autoDraw = False
332.7446 	EXP 	image_3: autoDraw = True
342.7454 	EXP 	Timer: autoDraw = True
345.6874 	DATA 	Keypress: left
345.6920 	EXP 	Created sequence: sequential, trialTypes=1, nReps=0, seed=None
345.6924 	EXP 	New trial (rep=0, index=29): {u'xPos': None, u'probNum': 21, u'Img': u'Img/57.jpg', u'CorrKey': u'right', u'TestType': u'ConnectCube', u'yPos': None, u'CorrAns': u'right', u'Type': u'Test'}
345.6931 	EXP 	Created sequence: sequential, trialTypes=1, nReps=0, seed=None
345.6934 	EXP 	Created sequence: sequential, trialTypes=1, nReps=0, seed=None
345.6939 	EXP 	Created sequence: sequential, trialTypes=1, nReps=0, seed=None
345.6946 	EXP 	Created sequence: sequential, trialTypes=1, nReps=1, seed=None
345.6953 	EXP 	New trial (rep=0, index=0): None
345.7686 	EXP 	test_start_txt: autoDraw = False
345.7686 	EXP 	image_3: autoDraw = False
345.7686 	EXP 	Timer: autoDraw = False
345.7686 	EXP 	image_3: image = u'Img/57.jpg'
345.7686 	EXP 	test_start_txt: autoDraw = True
347.7058 	EXP 	test_start_txt: autoDraw = False
347.7228 	EXP 	image_3: autoDraw = True
357.7205 	EXP 	Timer: autoDraw = True
360.2125 	DATA 	Keypress: left
360.2173 	EXP 	Created sequence: sequential, trialTypes=1, nReps=0, seed=None
360.2177 	EXP 	New trial (rep=0, index=30): {u'xPos': None, u'probNum': 22, u'Img': u'Img/58.jpg', u'CorrKey': u'right', u'TestType': u'ConnectCube', u'yPos': None, u'CorrAns': u'right', u'Type': u'Test'}
360.2184 	EXP 	Created sequence: sequential, trialTypes=1, nReps=0, seed=None
360.2187 	EXP 	Created sequence: sequential, trialTypes=1, nReps=0, seed=None
360.2190 	EXP 	Created sequence: sequential, trialTypes=1, nReps=0, seed=None
360.2193 	EXP 	Created sequence: sequential, trialTypes=1, nReps=1, seed=None
360.2196 	EXP 	New trial (rep=0, index=0): None
360.2941 	EXP 	test_start_txt: autoDraw = False
360.2941 	EXP 	image_3: autoDraw = False
360.2941 	EXP 	Timer: autoDraw = False
360.2941 	EXP 	image_3: image = u'Img/58.jpg'
360.2941 	EXP 	test_start_txt: autoDraw = True
362.2346 	EXP 	test_start_txt: autoDraw = False
362.2512 	EXP 	image_3: autoDraw = True
372.2366 	EXP 	Timer: autoDraw = True
377.1897 	DATA 	Keypress: left
377.1963 	EXP 	Created sequence: sequential, trialTypes=1, nReps=0, seed=None
377.1967 	EXP 	New trial (rep=0, index=31): {u'xPos': None, u'probNum': 23, u'Img': u'Img/59.jpg', u'CorrKey': u'right', u'TestType': u'ConnectCube', u'yPos': None, u'CorrAns': u'right', u'Type': u'Test'}
377.1974 	EXP 	Created sequence: sequential, trialTypes=1, nReps=0, seed=None
377.1979 	EXP 	Created sequence: sequential, trialTypes=1, nReps=0, seed=None
377.1983 	EXP 	Created sequence: sequential, trialTypes=1, nReps=0, seed=None
377.1987 	EXP 	Created sequence: sequential, trialTypes=1, nReps=1, seed=None
377.1990 	EXP 	New trial (rep=0, index=0): None
377.2732 	EXP 	test_start_txt: autoDraw = False
377.2732 	EXP 	image_3: autoDraw = False
377.2732 	EXP 	Timer: autoDraw = False
377.2732 	EXP 	image_3: image = u'Img/59.jpg'
377.2732 	EXP 	test_start_txt: autoDraw = True
379.2097 	EXP 	test_start_txt: autoDraw = False
379.2248 	EXP 	image_3: autoDraw = True
389.2157 	EXP 	Timer: autoDraw = True
390.9302 	DATA 	Keypress: left
390.9348 	EXP 	Created sequence: sequential, trialTypes=1, nReps=0, seed=None
390.9352 	EXP 	New trial (rep=0, index=32): {u'xPos': None, u'probNum': 24, u'Img': u'Img/60.jpg', u'CorrKey': u'left', u'TestType': u'ConnectCube', u'yPos': None, u'CorrAns': u'left', u'Type': u'Test'}
390.9359 	EXP 	Created sequence: sequential, trialTypes=1, nReps=0, seed=None
390.9362 	EXP 	Created sequence: sequential, trialTypes=1, nReps=0, seed=None
390.9365 	EXP 	Created sequence: sequential, trialTypes=1, nReps=0, seed=None
390.9368 	EXP 	Created sequence: sequential, trialTypes=1, nReps=1, seed=None
390.9371 	EXP 	New trial (rep=0, index=0): None
391.0131 	EXP 	test_start_txt: autoDraw = False
391.0131 	EXP 	image_3: autoDraw = False
391.0131 	EXP 	Timer: autoDraw = False
391.0131 	EXP 	image_3: image = u'Img/60.jpg'
391.0131 	EXP 	test_start_txt: autoDraw = True
392.9511 	EXP 	test_start_txt: autoDraw = False
392.9680 	EXP 	image_3: autoDraw = True
402.9582 	EXP 	Timer: autoDraw = True
403.3442 	DATA 	Keypress: left
403.3489 	EXP 	Created sequence: sequential, trialTypes=1, nReps=0, seed=None
403.3493 	EXP 	New trial (rep=0, index=33): {u'xPos': None, u'probNum': None, u'Img': u'Img/61.jpg', u'CorrKey': u'space', u'TestType': None, u'yPos': None, u'CorrAns': u'space', u'Type': u'Inst'}
403.3504 	EXP 	Created sequence: sequential, trialTypes=1, nReps=0, seed=None
403.3507 	EXP 	Created sequence: sequential, trialTypes=1, nReps=0, seed=None
403.3510 	EXP 	Created sequence: sequential, trialTypes=1, nReps=1, seed=None
403.3513 	EXP 	New trial (rep=0, index=0): None
403.4432 	EXP 	test_start_txt: autoDraw = False
403.4432 	EXP 	image_3: autoDraw = False
403.4432 	EXP 	Timer: autoDraw = False
403.4432 	EXP 	image_2: image = u'Img/61.jpg'
403.4432 	EXP 	image_2: autoDraw = True
409.8865 	DATA 	Keypress: space
409.8874 	EXP 	Created sequence: sequential, trialTypes=1, nReps=0, seed=None
409.8880 	EXP 	Created sequence: sequential, trialTypes=1, nReps=0, seed=None
409.8887 	EXP 	New trial (rep=0, index=34): {u'xPos': None, u'probNum': None, u'Img': u'Img/62.jpg', u'CorrKey': u'space', u'TestType': None, u'yPos': None, u'CorrAns': u'space', u'Type': u'Inst'}
409.8896 	EXP 	Created sequence: sequential, trialTypes=1, nReps=0, seed=None
409.8899 	EXP 	Created sequence: sequential, trialTypes=1, nReps=0, seed=None
409.8902 	EXP 	Created sequence: sequential, trialTypes=1, nReps=1, seed=None
409.8906 	EXP 	New trial (rep=0, index=0): None
409.9693 	EXP 	image_2: autoDraw = False
409.9693 	EXP 	image_2: image = u'Img/62.jpg'
409.9693 	EXP 	image_2: autoDraw = True
411.2019 	DATA 	Keypress: space
411.2028 	EXP 	Created sequence: sequential, trialTypes=1, nReps=0, seed=None
411.2033 	EXP 	Created sequence: sequential, trialTypes=1, nReps=0, seed=None
411.2040 	EXP 	New trial (rep=0, index=35): {u'xPos': -1200, u'probNum': None, u'Img': None, u'CorrKey': None, u'TestType': u'CloseSession', u'yPos': 60, u'CorrAns': None, u'Type': u'Mouse'}
411.2050 	EXP 	Created sequence: sequential, trialTypes=1, nReps=0, seed=None
411.2055 	EXP 	Created sequence: sequential, trialTypes=1, nReps=0, seed=None
411.2060 	EXP 	Created sequence: sequential, trialTypes=1, nReps=0, seed=None
411.2065 	EXP 	Created sequence: sequential, trialTypes=1, nReps=0, seed=None
411.2069 	EXP 	Created sequence: sequential, trialTypes=1, nReps=1, seed=None
411.2075 	EXP 	New trial (rep=0, index=0): None
411.4871 	EXP 	window1: mouseVisible = True
