184.5006 	EXP 	Created window1 = Window(allowGUI=False, allowStencil=False, autoLog=True, bitsMode=UNKNOWN, blendMode='avg', color=array([ 0.,  0.,  0.]), colorSpace='rgb', fullscr=UNKNOWN, gamma=None, lms=UNKNOWN, monitor=<psychopy.monitors.calibTools.Monitor instance at 0x0562D670>, name='window1', pos=[0, 0], screen=0, size=array([1366,  768]), stereo=False, units=u'norm', useFBO=True, viewOri=0.0, viewPos=None, viewScale=None, waitBlanking=True, winType='pyglet')
184.5008 	EXP 	window1: recordFrameIntervals = False
184.6665 	EXP 	window1: recordFrameIntervals = True
184.8821 	WARNING 	t of last frame was 28.66ms (=1/34)
185.0537 	EXP 	window1: recordFrameIntervals = False
185.0649 	EXP 	Created image_4 = ImageStim(autoLog=True, color=array([ 1.,  1.,  1.]), colorSpace='rgb', contrast=1.0, depth=0.0, flipHoriz=False, flipVert=False, image='sin', interpolate=True, mask=None, maskParams=None, name='image_4', opacity=1.0, ori=0.0, pos=array([ 0.,  0.]), size=array([ 1.5,  1.5]), texRes=128, units=u'norm', win=Window(...))
185.2535 	EXP 	Created text_2 = TextStim(alignHoriz='center', alignVert='center', antialias=True, autoLog=True, bold=False, color='white', colorSpace='named', contrast=1.0, depth=-2.0, flipHoriz=False, flipVert=False, font='Arial', fontFiles=[], height=0.1, italic=False, name='text_2', opacity=1.0, ori=0, pos=array([ 0.  ,  0.85]), rgb=array([ 255.,  255.,  255.]), text=u'default text', units=u'norm', win=Window(...), wrapWidth=1)
185.2796 	EXP 	Created dummy_start = TextStim(alignHoriz='center', alignVert='center', antialias=True, autoLog=True, bold=False, color='white', colorSpace='named', contrast=1.0, depth=0.0, flipHoriz=False, flipVert=False, font='Arial', fontFiles=[], height=0.5, italic=False, name='dummy_start', opacity=1.0, ori=0, pos=array([ 0.,  0.]), rgb=array([ 255.,  255.,  255.]), text=u'+', units=u'norm', win=Window(...), wrapWidth=1)
185.2859 	EXP 	Created image = ImageStim(autoLog=True, color=array([ 1.,  1.,  1.]), colorSpace='rgb', contrast=1.0, depth=-1.0, flipHoriz=False, flipVert=False, image='sin', interpolate=True, mask=None, maskParams=None, name='image', opacity=1.0, ori=0.0, pos=array([ 0.,  0.]), size=array([ 1.6,  1.6]), texRes=128, units=u'norm', win=Window(...))
185.2969 	EXP 	Created message = TextStim(alignHoriz='center', alignVert='center', antialias=True, autoLog=True, bold=False, color='white', colorSpace='named', contrast=1.0, depth=-1.0, flipHoriz=False, flipVert=False, font='Arial', fontFiles=[], height=0.1, italic=False, name='message', opacity=1.0, ori=0, pos=array([ 0.,  0.]), rgb=array([ 255.,  255.,  255.]), text=u'default text', units=u'norm', win=Window(...), wrapWidth=1)
185.3036 	EXP 	Created image_2 = ImageStim(autoLog=True, color=array([ 1.,  1.,  1.]), colorSpace='rgb', contrast=1.0, depth=0.0, flipHoriz=False, flipVert=False, image='sin', interpolate=True, mask=None, maskParams=None, name='image_2', opacity=1.0, ori=0.0, pos=array([ 0.,  0.]), size=array([ 1.5,  1.5]), texRes=128, units=u'norm', win=Window(...))
185.3096 	EXP 	Created test_start_txt = TextStim(alignHoriz='center', alignVert='center', antialias=True, autoLog=True, bold=False, color='white', colorSpace='named', contrast=1.0, depth=0.0, flipHoriz=False, flipVert=False, font='Arial', fontFiles=[], height=0.5, italic=False, name='test_start_txt', opacity=1.0, ori=0, pos=array([ 0.,  0.]), rgb=array([ 255.,  255.,  255.]), text=u'+', units=u'norm', win=Window(...), wrapWidth=1)
185.3147 	EXP 	Created image_3 = ImageStim(autoLog=True, color=array([ 1.,  1.,  1.]), colorSpace='rgb', contrast=1.0, depth=-1.0, flipHoriz=False, flipVert=False, image='sin', interpolate=True, mask=None, maskParams=None, name='image_3', opacity=1.0, ori=0.0, pos=array([ 0.,  0.]), size=array([ 1.5,  1.5]), texRes=128, units=u'norm', win=Window(...))
185.3278 	EXP 	Created Timer = TextStim(alignHoriz='center', alignVert='center', antialias=True, autoLog=True, bold=False, color='white', colorSpace='named', contrast=1.0, depth=-3.0, flipHoriz=False, flipVert=False, font='Arial', fontFiles=[], height=0.1, italic=False, name='Timer', opacity=1.0, ori=0, pos=array([ 0.  ,  0.85]), rgb=array([ 255.,  255.,  255.]), text=u'default text', units=u'norm', win=Window(...), wrapWidth=1)
185.3297 	EXP 	Created text = TextStim(alignHoriz='center', alignVert='center', antialias=True, autoLog=True, bold=False, color='white', colorSpace='named', contrast=1.0, depth=-1.0, flipHoriz=False, flipVert=False, font='Arial', fontFiles=[], height=0.1, italic=False, name='text', opacity=1.0, ori=0, pos=array([ 0.,  0.]), rgb=array([ 255.,  255.,  255.]), text='', units=u'norm', win=Window(...), wrapWidth=1)
186.6515 	EXP 	Imported Settings_ConCube.xlsx as conditions, 36 conditions, 8 params
186.6524 	EXP 	Created sequence: sequential, trialTypes=36, nReps=1, seed=None
186.6534 	EXP 	New trial (rep=0, index=0): {u'xPos': None, u'probNum': None, u'Img': u'Img/30.jpg', u'CorrKey': u'space', u'TestType': None, u'yPos': None, u'CorrAns': u'space', u'Type': u'Inst'}
186.6542 	EXP 	Created sequence: sequential, trialTypes=1, nReps=0, seed=None
186.6547 	EXP 	Created sequence: sequential, trialTypes=1, nReps=0, seed=None
186.6551 	EXP 	Created sequence: sequential, trialTypes=1, nReps=1, seed=None
186.6555 	EXP 	New trial (rep=0, index=0): None
186.7995 	EXP 	image_2: image = u'Img/30.jpg'
186.7995 	EXP 	image_2: autoDraw = True
188.7083 	DATA 	Keypress: space
188.7091 	EXP 	Created sequence: sequential, trialTypes=1, nReps=0, seed=None
188.7096 	EXP 	Created sequence: sequential, trialTypes=1, nReps=0, seed=None
188.7102 	EXP 	New trial (rep=0, index=1): {u'xPos': None, u'probNum': None, u'Img': u'Img/31.jpg', u'CorrKey': u'space', u'TestType': None, u'yPos': None, u'CorrAns': u'space', u'Type': u'Inst'}
188.7111 	EXP 	Created sequence: sequential, trialTypes=1, nReps=0, seed=None
188.7116 	EXP 	Created sequence: sequential, trialTypes=1, nReps=0, seed=None
188.7120 	EXP 	Created sequence: sequential, trialTypes=1, nReps=1, seed=None
188.7125 	EXP 	New trial (rep=0, index=0): None
188.8087 	EXP 	image_2: autoDraw = False
188.8087 	EXP 	image_2: image = u'Img/31.jpg'
188.8087 	EXP 	image_2: autoDraw = True
192.3326 	DATA 	Keypress: space
192.3343 	EXP 	Created sequence: sequential, trialTypes=1, nReps=0, seed=None
192.3349 	EXP 	Created sequence: sequential, trialTypes=1, nReps=0, seed=None
192.3357 	EXP 	New trial (rep=0, index=2): {u'xPos': None, u'probNum': None, u'Img': u'Img/32.jpg', u'CorrKey': u'space', u'TestType': None, u'yPos': None, u'CorrAns': u'space', u'Type': u'Inst'}
192.3367 	EXP 	Created sequence: sequential, trialTypes=1, nReps=0, seed=None
192.3371 	EXP 	Created sequence: sequential, trialTypes=1, nReps=0, seed=None
192.3375 	EXP 	Created sequence: sequential, trialTypes=1, nReps=1, seed=None
192.3380 	EXP 	New trial (rep=0, index=0): None
192.4329 	EXP 	image_2: autoDraw = False
192.4329 	EXP 	image_2: image = u'Img/32.jpg'
192.4329 	EXP 	image_2: autoDraw = True
215.4521 	DATA 	Keypress: space
215.4529 	EXP 	Created sequence: sequential, trialTypes=1, nReps=0, seed=None
215.4534 	EXP 	Created sequence: sequential, trialTypes=1, nReps=0, seed=None
215.4540 	EXP 	New trial (rep=0, index=3): {u'xPos': None, u'probNum': None, u'Img': u'Img/33.jpg', u'CorrKey': u'space', u'TestType': None, u'yPos': None, u'CorrAns': u'space', u'Type': u'Inst'}
215.4551 	EXP 	Created sequence: sequential, trialTypes=1, nReps=0, seed=None
215.4558 	EXP 	Created sequence: sequential, trialTypes=1, nReps=0, seed=None
215.4565 	EXP 	Created sequence: sequential, trialTypes=1, nReps=1, seed=None
215.4572 	EXP 	New trial (rep=0, index=0): None
215.5530 	EXP 	image_2: autoDraw = False
215.5530 	EXP 	image_2: image = u'Img/33.jpg'
215.5530 	EXP 	image_2: autoDraw = True
217.6931 	DATA 	Keypress: space
217.6943 	EXP 	Created sequence: sequential, trialTypes=1, nReps=0, seed=None
217.6951 	EXP 	Created sequence: sequential, trialTypes=1, nReps=0, seed=None
217.6961 	EXP 	New trial (rep=0, index=4): {u'xPos': None, u'probNum': None, u'Img': u'Img/34.jpg', u'CorrKey': u'left', u'TestType': None, u'yPos': None, u'CorrAns': u'left', u'Type': u'Dumm'}
217.6976 	EXP 	Created sequence: sequential, trialTypes=1, nReps=0, seed=None
217.6983 	EXP 	Created sequence: sequential, trialTypes=1, nReps=1, seed=None
217.6991 	EXP 	New trial (rep=0, index=0): None
217.7958 	EXP 	image_2: autoDraw = False
217.7958 	EXP 	image: image = u'Img/34.jpg'
217.7958 	EXP 	dummy_start: autoDraw = True
219.7124 	EXP 	dummy_start: autoDraw = False
219.7295 	EXP 	image: autoDraw = True
226.1006 	DATA 	Keypress: left
226.1719 	EXP 	dummy_start: autoDraw = False
226.1719 	EXP 	image: autoDraw = False
226.1719 	EXP 	message: text = 'Good! \n \n \n Response time = 6.371'
226.1719 	EXP 	message: autoDraw = True
229.0951 	EXP 	Created sequence: sequential, trialTypes=1, nReps=0, seed=None
229.0956 	EXP 	Created sequence: sequential, trialTypes=1, nReps=0, seed=None
229.0960 	EXP 	Created sequence: sequential, trialTypes=1, nReps=0, seed=None
229.0966 	EXP 	New trial (rep=0, index=5): {u'xPos': None, u'probNum': None, u'Img': u'Img/35.jpg', u'CorrKey': u'right', u'TestType': None, u'yPos': None, u'CorrAns': u'right', u'Type': u'Dumm'}
229.0977 	EXP 	Created sequence: sequential, trialTypes=1, nReps=0, seed=None
229.0981 	EXP 	Created sequence: sequential, trialTypes=1, nReps=1, seed=None
229.0988 	EXP 	New trial (rep=0, index=0): None
229.1959 	EXP 	message: autoDraw = False
229.1959 	EXP 	message: autoDraw = False
229.1959 	EXP 	image: image = u'Img/35.jpg'
229.1959 	EXP 	dummy_start: autoDraw = True
231.1145 	EXP 	dummy_start: autoDraw = False
231.1314 	EXP 	image: autoDraw = True
241.1279 	EXP 	image: autoDraw = False
241.1279 	EXP 	dummy_start: autoDraw = False
241.1279 	EXP 	image: autoDraw = False
241.1279 	EXP 	message: text = 'Wrong \n \n Response time = 10.000'
241.1279 	EXP 	message: autoDraw = True
244.0990 	EXP 	Created sequence: sequential, trialTypes=1, nReps=0, seed=None
244.0998 	EXP 	Created sequence: sequential, trialTypes=1, nReps=0, seed=None
244.1004 	EXP 	Created sequence: sequential, trialTypes=1, nReps=0, seed=None
244.1013 	EXP 	New trial (rep=0, index=6): {u'xPos': None, u'probNum': None, u'Img': u'Img/36.jpg', u'CorrKey': u'space', u'TestType': None, u'yPos': None, u'CorrAns': u'space', u'Type': u'Inst'}
244.1026 	EXP 	Created sequence: sequential, trialTypes=1, nReps=0, seed=None
244.1031 	EXP 	Created sequence: sequential, trialTypes=1, nReps=0, seed=None
244.1035 	EXP 	Created sequence: sequential, trialTypes=1, nReps=1, seed=None
244.1039 	EXP 	New trial (rep=0, index=0): None
244.2129 	EXP 	message: autoDraw = False
244.2129 	EXP 	image_2: image = u'Img/36.jpg'
244.2129 	EXP 	image_2: autoDraw = True
261.1925 	DATA 	Keypress: space
261.2093 	EXP 	Created sequence: sequential, trialTypes=1, nReps=0, seed=None
261.2101 	EXP 	Created sequence: sequential, trialTypes=1, nReps=0, seed=None
261.2111 	EXP 	New trial (rep=0, index=7): {u'xPos': -620, u'probNum': None, u'Img': None, u'CorrKey': None, u'TestType': u'OpenSession', u'yPos': 580, u'CorrAns': None, u'Type': u'Mouse'}
261.2126 	EXP 	Created sequence: sequential, trialTypes=1, nReps=0, seed=None
261.2133 	EXP 	Created sequence: sequential, trialTypes=1, nReps=0, seed=None
261.2140 	EXP 	Created sequence: sequential, trialTypes=1, nReps=0, seed=None
261.2147 	EXP 	Created sequence: sequential, trialTypes=1, nReps=0, seed=None
261.2154 	EXP 	Created sequence: sequential, trialTypes=1, nReps=1, seed=None
261.2161 	EXP 	New trial (rep=0, index=0): None
261.2412 	EXP 	image_2: autoDraw = False
261.2412 	EXP 	text: autoDraw = True
261.3142 	EXP 	New trial (rep=0, index=8): {u'xPos': 100, u'probNum': None, u'Img': None, u'CorrKey': None, u'TestType': u'Back_to_Test', u'yPos': 100, u'CorrAns': None, u'Type': u'Mouse'}
261.3160 	EXP 	Created sequence: sequential, trialTypes=1, nReps=0, seed=None
261.3167 	EXP 	Created sequence: sequential, trialTypes=1, nReps=0, seed=None
261.3171 	EXP 	Created sequence: sequential, trialTypes=1, nReps=0, seed=None
261.3176 	EXP 	Created sequence: sequential, trialTypes=1, nReps=0, seed=None
261.3180 	EXP 	Created sequence: sequential, trialTypes=1, nReps=1, seed=None
261.3188 	EXP 	New trial (rep=0, index=0): None
261.3416 	DATA 	Mouse: Left button down, pos=(100,668)
261.3552 	DATA 	Mouse:  Left button up, pos=(100,668)
261.3775 	EXP 	text: autoDraw = False
261.3775 	EXP 	text: autoDraw = True
261.4229 	EXP 	New trial (rep=0, index=9): {u'xPos': None, u'probNum': 1, u'Img': u'Img/37.jpg', u'CorrKey': u'right', u'TestType': u'ConnectCube', u'yPos': None, u'CorrAns': u'right', u'Type': u'Test'}
261.4252 	EXP 	Created sequence: sequential, trialTypes=1, nReps=0, seed=None
261.4309 	EXP 	Created sequence: sequential, trialTypes=1, nReps=0, seed=None
261.4316 	EXP 	Created sequence: sequential, trialTypes=1, nReps=0, seed=None
261.4323 	EXP 	Created sequence: sequential, trialTypes=1, nReps=1, seed=None
261.4331 	EXP 	New trial (rep=0, index=0): None
261.5519 	EXP 	text: autoDraw = False
261.5519 	EXP 	image_3: image = u'Img/37.jpg'
261.5519 	EXP 	test_start_txt: autoDraw = True
263.4376 	EXP 	test_start_txt: autoDraw = False
263.4548 	EXP 	image_3: autoDraw = True
267.5140 	DATA 	Keypress: right
267.5161 	EXP 	Created sequence: sequential, trialTypes=1, nReps=0, seed=None
267.5166 	EXP 	New trial (rep=0, index=10): {u'xPos': None, u'probNum': 2, u'Img': u'Img/38.jpg', u'CorrKey': u'left', u'TestType': u'ConnectCube', u'yPos': None, u'CorrAns': u'left', u'Type': u'Test'}
267.5177 	EXP 	Created sequence: sequential, trialTypes=1, nReps=0, seed=None
267.5182 	EXP 	Created sequence: sequential, trialTypes=1, nReps=0, seed=None
267.5186 	EXP 	Created sequence: sequential, trialTypes=1, nReps=0, seed=None
267.5190 	EXP 	Created sequence: sequential, trialTypes=1, nReps=1, seed=None
267.5195 	EXP 	New trial (rep=0, index=0): None
267.6126 	EXP 	test_start_txt: autoDraw = False
267.6126 	EXP 	image_3: autoDraw = False
267.6126 	EXP 	Timer: autoDraw = False
267.6126 	EXP 	image_3: image = u'Img/38.jpg'
267.6126 	EXP 	test_start_txt: autoDraw = True
269.5304 	EXP 	test_start_txt: autoDraw = False
269.5467 	EXP 	image_3: autoDraw = True
274.8197 	DATA 	Keypress: left
274.8225 	EXP 	Created sequence: sequential, trialTypes=1, nReps=0, seed=None
274.8232 	EXP 	New trial (rep=0, index=11): {u'xPos': None, u'probNum': 3, u'Img': u'Img/39.jpg', u'CorrKey': u'left', u'TestType': u'ConnectCube', u'yPos': None, u'CorrAns': u'left', u'Type': u'Test'}
274.8243 	EXP 	Created sequence: sequential, trialTypes=1, nReps=0, seed=None
274.8247 	EXP 	Created sequence: sequential, trialTypes=1, nReps=0, seed=None
274.8252 	EXP 	Created sequence: sequential, trialTypes=1, nReps=0, seed=None
274.8256 	EXP 	Created sequence: sequential, trialTypes=1, nReps=1, seed=None
274.8261 	EXP 	New trial (rep=0, index=0): None
274.9177 	EXP 	test_start_txt: autoDraw = False
274.9177 	EXP 	image_3: autoDraw = False
274.9177 	EXP 	Timer: autoDraw = False
274.9177 	EXP 	image_3: image = u'Img/39.jpg'
274.9177 	EXP 	test_start_txt: autoDraw = True
276.8361 	EXP 	test_start_txt: autoDraw = False
276.8511 	EXP 	image_3: autoDraw = True
286.8744 	EXP 	Timer: autoDraw = True
287.1056 	DATA 	Keypress: left
287.1134 	EXP 	Created sequence: sequential, trialTypes=1, nReps=0, seed=None
287.1144 	EXP 	New trial (rep=0, index=12): {u'xPos': None, u'probNum': 4, u'Img': u'Img/40.jpg', u'CorrKey': u'right', u'TestType': u'ConnectCube', u'yPos': None, u'CorrAns': u'right', u'Type': u'Test'}
287.1164 	EXP 	Created sequence: sequential, trialTypes=1, nReps=0, seed=None
287.1171 	EXP 	Created sequence: sequential, trialTypes=1, nReps=0, seed=None
287.1178 	EXP 	Created sequence: sequential, trialTypes=1, nReps=0, seed=None
287.1185 	EXP 	Created sequence: sequential, trialTypes=1, nReps=1, seed=None
287.1193 	EXP 	New trial (rep=0, index=0): None
287.2221 	EXP 	test_start_txt: autoDraw = False
287.2221 	EXP 	image_3: autoDraw = False
287.2221 	EXP 	Timer: autoDraw = False
287.2221 	EXP 	image_3: image = u'Img/40.jpg'
287.2221 	EXP 	test_start_txt: autoDraw = True
289.1242 	EXP 	test_start_txt: autoDraw = False
289.1508 	EXP 	image_3: autoDraw = True
297.2682 	DATA 	Keypress: right
297.2700 	EXP 	Created sequence: sequential, trialTypes=1, nReps=0, seed=None
297.2706 	EXP 	New trial (rep=0, index=13): {u'xPos': None, u'probNum': 5, u'Img': u'Img/41.jpg', u'CorrKey': u'right', u'TestType': u'ConnectCube', u'yPos': None, u'CorrAns': u'right', u'Type': u'Test'}
297.2717 	EXP 	Created sequence: sequential, trialTypes=1, nReps=0, seed=None
297.2721 	EXP 	Created sequence: sequential, trialTypes=1, nReps=0, seed=None
297.2726 	EXP 	Created sequence: sequential, trialTypes=1, nReps=0, seed=None
297.2730 	EXP 	Created sequence: sequential, trialTypes=1, nReps=1, seed=None
297.2734 	EXP 	New trial (rep=0, index=0): None
297.3520 	EXP 	test_start_txt: autoDraw = False
297.3520 	EXP 	image_3: autoDraw = False
297.3520 	EXP 	Timer: autoDraw = False
297.3520 	EXP 	image_3: image = u'Img/41.jpg'
297.3520 	EXP 	test_start_txt: autoDraw = True
299.2773 	EXP 	test_start_txt: autoDraw = False
299.2941 	EXP 	image_3: autoDraw = True
305.1549 	DATA 	Keypress: right
305.1567 	EXP 	Created sequence: sequential, trialTypes=1, nReps=0, seed=None
305.1573 	EXP 	New trial (rep=0, index=14): {u'xPos': None, u'probNum': 6, u'Img': u'Img/42.jpg', u'CorrKey': u'right', u'TestType': u'ConnectCube', u'yPos': None, u'CorrAns': u'right', u'Type': u'Test'}
305.1590 	EXP 	Created sequence: sequential, trialTypes=1, nReps=0, seed=None
305.1601 	EXP 	Created sequence: sequential, trialTypes=1, nReps=0, seed=None
305.1608 	EXP 	Created sequence: sequential, trialTypes=1, nReps=0, seed=None
305.1614 	EXP 	Created sequence: sequential, trialTypes=1, nReps=1, seed=None
305.1619 	EXP 	New trial (rep=0, index=0): None
305.2552 	EXP 	test_start_txt: autoDraw = False
305.2552 	EXP 	image_3: autoDraw = False
305.2552 	EXP 	Timer: autoDraw = False
305.2552 	EXP 	image_3: image = u'Img/42.jpg'
305.2552 	EXP 	test_start_txt: autoDraw = True
307.1875 	EXP 	test_start_txt: autoDraw = False
307.1875 	EXP 	image_3: autoDraw = True
314.8136 	DATA 	Keypress: right
314.8156 	EXP 	Created sequence: sequential, trialTypes=1, nReps=0, seed=None
314.8162 	EXP 	New trial (rep=0, index=15): {u'xPos': None, u'probNum': 7, u'Img': u'Img/43.jpg', u'CorrKey': u'left', u'TestType': u'ConnectCube', u'yPos': None, u'CorrAns': u'left', u'Type': u'Test'}
314.8171 	EXP 	Created sequence: sequential, trialTypes=1, nReps=0, seed=None
314.8176 	EXP 	Created sequence: sequential, trialTypes=1, nReps=0, seed=None
314.8180 	EXP 	Created sequence: sequential, trialTypes=1, nReps=0, seed=None
314.8185 	EXP 	Created sequence: sequential, trialTypes=1, nReps=1, seed=None
314.8189 	EXP 	New trial (rep=0, index=0): None
314.9115 	EXP 	test_start_txt: autoDraw = False
314.9115 	EXP 	image_3: autoDraw = False
314.9115 	EXP 	Timer: autoDraw = False
314.9115 	EXP 	image_3: image = u'Img/43.jpg'
314.9115 	EXP 	test_start_txt: autoDraw = True
316.8302 	EXP 	test_start_txt: autoDraw = False
316.8463 	EXP 	image_3: autoDraw = True
326.8625 	EXP 	Timer: autoDraw = True
329.3921 	DATA 	Keypress: left
329.4258 	EXP 	Created sequence: sequential, trialTypes=1, nReps=0, seed=None
329.4263 	EXP 	New trial (rep=0, index=16): {u'xPos': None, u'probNum': 8, u'Img': u'Img/44.jpg', u'CorrKey': u'left', u'TestType': u'ConnectCube', u'yPos': None, u'CorrAns': u'left', u'Type': u'Test'}
329.4273 	EXP 	Created sequence: sequential, trialTypes=1, nReps=0, seed=None
329.4278 	EXP 	Created sequence: sequential, trialTypes=1, nReps=0, seed=None
329.4282 	EXP 	Created sequence: sequential, trialTypes=1, nReps=0, seed=None
329.4286 	EXP 	Created sequence: sequential, trialTypes=1, nReps=1, seed=None
329.4291 	EXP 	New trial (rep=0, index=0): None
329.5317 	EXP 	test_start_txt: autoDraw = False
329.5317 	EXP 	image_3: autoDraw = False
329.5317 	EXP 	Timer: autoDraw = False
329.5317 	EXP 	image_3: image = u'Img/44.jpg'
329.5317 	EXP 	test_start_txt: autoDraw = True
331.4510 	EXP 	test_start_txt: autoDraw = False
331.4510 	EXP 	image_3: autoDraw = True
338.3326 	DATA 	Keypress: left
338.3355 	EXP 	Created sequence: sequential, trialTypes=1, nReps=0, seed=None
338.3364 	EXP 	New trial (rep=0, index=17): {u'xPos': None, u'probNum': 9, u'Img': u'Img/45.jpg', u'CorrKey': u'right', u'TestType': u'ConnectCube', u'yPos': None, u'CorrAns': u'right', u'Type': u'Test'}
338.3379 	EXP 	Created sequence: sequential, trialTypes=1, nReps=0, seed=None
338.3387 	EXP 	Created sequence: sequential, trialTypes=1, nReps=0, seed=None
338.3394 	EXP 	Created sequence: sequential, trialTypes=1, nReps=0, seed=None
338.3401 	EXP 	Created sequence: sequential, trialTypes=1, nReps=1, seed=None
338.3408 	EXP 	New trial (rep=0, index=0): None
338.4336 	EXP 	test_start_txt: autoDraw = False
338.4336 	EXP 	image_3: autoDraw = False
338.4336 	EXP 	Timer: autoDraw = False
338.4336 	EXP 	image_3: image = u'Img/45.jpg'
338.4336 	EXP 	test_start_txt: autoDraw = True
340.3447 	EXP 	test_start_txt: autoDraw = False
340.3607 	EXP 	image_3: autoDraw = True
350.3742 	EXP 	Timer: autoDraw = True
351.6722 	DATA 	Keypress: right
351.6834 	EXP 	Created sequence: sequential, trialTypes=1, nReps=0, seed=None
351.6839 	EXP 	New trial (rep=0, index=18): {u'xPos': None, u'probNum': 10, u'Img': u'Img/46.jpg', u'CorrKey': u'right', u'TestType': u'ConnectCube', u'yPos': None, u'CorrAns': u'right', u'Type': u'Test'}
351.6849 	EXP 	Created sequence: sequential, trialTypes=1, nReps=0, seed=None
351.6853 	EXP 	Created sequence: sequential, trialTypes=1, nReps=0, seed=None
351.6858 	EXP 	Created sequence: sequential, trialTypes=1, nReps=0, seed=None
351.6862 	EXP 	Created sequence: sequential, trialTypes=1, nReps=1, seed=None
351.6867 	EXP 	New trial (rep=0, index=0): None
351.7708 	EXP 	test_start_txt: autoDraw = False
351.7708 	EXP 	image_3: autoDraw = False
351.7708 	EXP 	Timer: autoDraw = False
351.7708 	EXP 	image_3: image = u'Img/46.jpg'
351.7708 	EXP 	test_start_txt: autoDraw = True
353.7045 	EXP 	test_start_txt: autoDraw = False
353.7045 	EXP 	image_3: autoDraw = True
363.7450 	EXP 	Timer: autoDraw = True
364.2015 	DATA 	Keypress: left
364.2108 	EXP 	Created sequence: sequential, trialTypes=1, nReps=0, seed=None
364.2115 	EXP 	New trial (rep=0, index=19): {u'xPos': None, u'probNum': 11, u'Img': u'Img/47.jpg', u'CorrKey': u'left', u'TestType': u'ConnectCube', u'yPos': None, u'CorrAns': u'left', u'Type': u'Test'}
364.2125 	EXP 	Created sequence: sequential, trialTypes=1, nReps=0, seed=None
364.2129 	EXP 	Created sequence: sequential, trialTypes=1, nReps=0, seed=None
364.2133 	EXP 	Created sequence: sequential, trialTypes=1, nReps=0, seed=None
364.2137 	EXP 	Created sequence: sequential, trialTypes=1, nReps=1, seed=None
364.2142 	EXP 	New trial (rep=0, index=0): None
364.3121 	EXP 	test_start_txt: autoDraw = False
364.3121 	EXP 	image_3: autoDraw = False
364.3121 	EXP 	Timer: autoDraw = False
364.3121 	EXP 	image_3: image = u'Img/47.jpg'
364.3121 	EXP 	test_start_txt: autoDraw = True
366.2171 	EXP 	test_start_txt: autoDraw = False
366.2342 	EXP 	image_3: autoDraw = True
372.8239 	DATA 	Keypress: left
372.8263 	EXP 	Created sequence: sequential, trialTypes=1, nReps=0, seed=None
372.8269 	EXP 	New trial (rep=0, index=20): {u'xPos': None, u'probNum': 12, u'Img': u'Img/48.jpg', u'CorrKey': u'left', u'TestType': u'ConnectCube', u'yPos': None, u'CorrAns': u'left', u'Type': u'Test'}
372.8278 	EXP 	Created sequence: sequential, trialTypes=1, nReps=0, seed=None
372.8283 	EXP 	Created sequence: sequential, trialTypes=1, nReps=0, seed=None
372.8287 	EXP 	Created sequence: sequential, trialTypes=1, nReps=0, seed=None
372.8291 	EXP 	Created sequence: sequential, trialTypes=1, nReps=1, seed=None
372.8295 	EXP 	New trial (rep=0, index=0): None
372.9116 	EXP 	test_start_txt: autoDraw = False
372.9116 	EXP 	image_3: autoDraw = False
372.9116 	EXP 	Timer: autoDraw = False
372.9116 	EXP 	image_3: image = u'Img/48.jpg'
372.9116 	EXP 	test_start_txt: autoDraw = True
374.8440 	EXP 	test_start_txt: autoDraw = False
374.8607 	EXP 	image_3: autoDraw = True
384.8780 	EXP 	Timer: autoDraw = True
386.3735 	DATA 	Keypress: left
386.3922 	EXP 	Created sequence: sequential, trialTypes=1, nReps=0, seed=None
386.3931 	EXP 	New trial (rep=0, index=21): {u'xPos': None, u'probNum': 13, u'Img': u'Img/49.jpg', u'CorrKey': u'right', u'TestType': u'ConnectCube', u'yPos': None, u'CorrAns': u'right', u'Type': u'Test'}
386.3948 	EXP 	Created sequence: sequential, trialTypes=1, nReps=0, seed=None
386.3955 	EXP 	Created sequence: sequential, trialTypes=1, nReps=0, seed=None
386.3965 	EXP 	Created sequence: sequential, trialTypes=1, nReps=0, seed=None
386.3977 	EXP 	Created sequence: sequential, trialTypes=1, nReps=1, seed=None
386.3987 	EXP 	New trial (rep=0, index=0): None
386.4863 	EXP 	test_start_txt: autoDraw = False
386.4863 	EXP 	image_3: autoDraw = False
386.4863 	EXP 	Timer: autoDraw = False
386.4863 	EXP 	image_3: image = u'Img/49.jpg'
386.4863 	EXP 	test_start_txt: autoDraw = True
388.4100 	EXP 	test_start_txt: autoDraw = False
388.4272 	EXP 	image_3: autoDraw = True
398.4201 	EXP 	Timer: autoDraw = True
401.2136 	DATA 	Keypress: right
401.2203 	EXP 	Created sequence: sequential, trialTypes=1, nReps=0, seed=None
401.2211 	EXP 	New trial (rep=0, index=22): {u'xPos': None, u'probNum': 14, u'Img': u'Img/50.jpg', u'CorrKey': u'left', u'TestType': u'ConnectCube', u'yPos': None, u'CorrAns': u'left', u'Type': u'Test'}
401.2221 	EXP 	Created sequence: sequential, trialTypes=1, nReps=0, seed=None
401.2225 	EXP 	Created sequence: sequential, trialTypes=1, nReps=0, seed=None
401.2230 	EXP 	Created sequence: sequential, trialTypes=1, nReps=0, seed=None
401.2234 	EXP 	Created sequence: sequential, trialTypes=1, nReps=1, seed=None
401.2238 	EXP 	New trial (rep=0, index=0): None
401.3107 	EXP 	test_start_txt: autoDraw = False
401.3107 	EXP 	image_3: autoDraw = False
401.3107 	EXP 	Timer: autoDraw = False
401.3107 	EXP 	image_3: image = u'Img/50.jpg'
401.3107 	EXP 	test_start_txt: autoDraw = True
403.2341 	EXP 	test_start_txt: autoDraw = False
403.2507 	EXP 	image_3: autoDraw = True
408.9305 	DATA 	Keypress: right
408.9324 	EXP 	Created sequence: sequential, trialTypes=1, nReps=0, seed=None
408.9329 	EXP 	New trial (rep=0, index=23): {u'xPos': None, u'probNum': 15, u'Img': u'Img/51.jpg', u'CorrKey': u'left', u'TestType': u'ConnectCube', u'yPos': None, u'CorrAns': u'left', u'Type': u'Test'}
408.9338 	EXP 	Created sequence: sequential, trialTypes=1, nReps=0, seed=None
408.9344 	EXP 	Created sequence: sequential, trialTypes=1, nReps=0, seed=None
408.9352 	EXP 	Created sequence: sequential, trialTypes=1, nReps=0, seed=None
408.9360 	EXP 	Created sequence: sequential, trialTypes=1, nReps=1, seed=None
408.9368 	EXP 	New trial (rep=0, index=0): None
409.0285 	EXP 	test_start_txt: autoDraw = False
409.0285 	EXP 	image_3: autoDraw = False
409.0285 	EXP 	Timer: autoDraw = False
409.0285 	EXP 	image_3: image = u'Img/51.jpg'
409.0285 	EXP 	test_start_txt: autoDraw = True
410.9475 	EXP 	test_start_txt: autoDraw = False
410.9814 	EXP 	image_3: autoDraw = True
418.7684 	DATA 	Keypress: left
418.7727 	EXP 	Created sequence: sequential, trialTypes=1, nReps=0, seed=None
418.7737 	EXP 	New trial (rep=0, index=24): {u'xPos': None, u'probNum': 16, u'Img': u'Img/52.jpg', u'CorrKey': u'right', u'TestType': u'ConnectCube', u'yPos': None, u'CorrAns': u'right', u'Type': u'Test'}
418.7751 	EXP 	Created sequence: sequential, trialTypes=1, nReps=0, seed=None
418.7757 	EXP 	Created sequence: sequential, trialTypes=1, nReps=0, seed=None
418.7764 	EXP 	Created sequence: sequential, trialTypes=1, nReps=0, seed=None
418.7770 	EXP 	Created sequence: sequential, trialTypes=1, nReps=1, seed=None
418.7776 	EXP 	New trial (rep=0, index=0): None
418.8684 	EXP 	test_start_txt: autoDraw = False
418.8684 	EXP 	image_3: autoDraw = False
418.8684 	EXP 	Timer: autoDraw = False
418.8684 	EXP 	image_3: image = u'Img/52.jpg'
418.8684 	EXP 	test_start_txt: autoDraw = True
420.7995 	EXP 	test_start_txt: autoDraw = False
420.7995 	EXP 	image_3: autoDraw = True
429.4216 	DATA 	Keypress: right
429.4234 	EXP 	Created sequence: sequential, trialTypes=1, nReps=0, seed=None
429.4240 	EXP 	New trial (rep=0, index=25): {u'xPos': None, u'probNum': 17, u'Img': u'Img/53.jpg', u'CorrKey': u'left', u'TestType': u'ConnectCube', u'yPos': None, u'CorrAns': u'left', u'Type': u'Test'}
429.4249 	EXP 	Created sequence: sequential, trialTypes=1, nReps=0, seed=None
429.4254 	EXP 	Created sequence: sequential, trialTypes=1, nReps=0, seed=None
429.4259 	EXP 	Created sequence: sequential, trialTypes=1, nReps=0, seed=None
429.4263 	EXP 	Created sequence: sequential, trialTypes=1, nReps=1, seed=None
429.4268 	EXP 	New trial (rep=0, index=0): None
429.5038 	EXP 	test_start_txt: autoDraw = False
429.5038 	EXP 	image_3: autoDraw = False
429.5038 	EXP 	Timer: autoDraw = False
429.5038 	EXP 	image_3: image = u'Img/53.jpg'
429.5038 	EXP 	test_start_txt: autoDraw = True
431.4473 	EXP 	test_start_txt: autoDraw = False
431.4473 	EXP 	image_3: autoDraw = True
440.4248 	DATA 	Keypress: left
440.4267 	EXP 	Created sequence: sequential, trialTypes=1, nReps=0, seed=None
440.4273 	EXP 	New trial (rep=0, index=26): {u'xPos': None, u'probNum': 18, u'Img': u'Img/54.jpg', u'CorrKey': u'right', u'TestType': u'ConnectCube', u'yPos': None, u'CorrAns': u'right', u'Type': u'Test'}
440.4294 	EXP 	Created sequence: sequential, trialTypes=1, nReps=0, seed=None
440.4300 	EXP 	Created sequence: sequential, trialTypes=1, nReps=0, seed=None
440.4306 	EXP 	Created sequence: sequential, trialTypes=1, nReps=0, seed=None
440.4311 	EXP 	Created sequence: sequential, trialTypes=1, nReps=1, seed=None
440.4318 	EXP 	New trial (rep=0, index=0): None
440.5306 	EXP 	test_start_txt: autoDraw = False
440.5306 	EXP 	image_3: autoDraw = False
440.5306 	EXP 	Timer: autoDraw = False
440.5306 	EXP 	image_3: image = u'Img/54.jpg'
440.5306 	EXP 	test_start_txt: autoDraw = True
442.4512 	EXP 	test_start_txt: autoDraw = False
442.4673 	EXP 	image_3: autoDraw = True
448.6510 	DATA 	Keypress: right
448.6529 	EXP 	Created sequence: sequential, trialTypes=1, nReps=0, seed=None
448.6535 	EXP 	New trial (rep=0, index=27): {u'xPos': None, u'probNum': 19, u'Img': u'Img/55.jpg', u'CorrKey': u'left', u'TestType': u'ConnectCube', u'yPos': None, u'CorrAns': u'left', u'Type': u'Test'}
448.6544 	EXP 	Created sequence: sequential, trialTypes=1, nReps=0, seed=None
448.6548 	EXP 	Created sequence: sequential, trialTypes=1, nReps=0, seed=None
448.6553 	EXP 	Created sequence: sequential, trialTypes=1, nReps=0, seed=None
448.6557 	EXP 	Created sequence: sequential, trialTypes=1, nReps=1, seed=None
448.6561 	EXP 	New trial (rep=0, index=0): None
448.7487 	EXP 	test_start_txt: autoDraw = False
448.7487 	EXP 	image_3: autoDraw = False
448.7487 	EXP 	Timer: autoDraw = False
448.7487 	EXP 	image_3: image = u'Img/55.jpg'
448.7487 	EXP 	test_start_txt: autoDraw = True
450.6729 	EXP 	test_start_txt: autoDraw = False
450.6905 	EXP 	image_3: autoDraw = True
460.7007 	EXP 	Timer: autoDraw = True
464.1576 	DATA 	Keypress: left
464.1940 	EXP 	Created sequence: sequential, trialTypes=1, nReps=0, seed=None
464.1946 	EXP 	New trial (rep=0, index=28): {u'xPos': None, u'probNum': 20, u'Img': u'Img/56.jpg', u'CorrKey': u'right', u'TestType': u'ConnectCube', u'yPos': None, u'CorrAns': u'right', u'Type': u'Test'}
464.1955 	EXP 	Created sequence: sequential, trialTypes=1, nReps=0, seed=None
464.1960 	EXP 	Created sequence: sequential, trialTypes=1, nReps=0, seed=None
464.1964 	EXP 	Created sequence: sequential, trialTypes=1, nReps=0, seed=None
464.1968 	EXP 	Created sequence: sequential, trialTypes=1, nReps=1, seed=None
464.1973 	EXP 	New trial (rep=0, index=0): None
464.2847 	EXP 	test_start_txt: autoDraw = False
464.2847 	EXP 	image_3: autoDraw = False
464.2847 	EXP 	Timer: autoDraw = False
464.2847 	EXP 	image_3: image = u'Img/56.jpg'
464.2847 	EXP 	test_start_txt: autoDraw = True
466.2160 	EXP 	test_start_txt: autoDraw = False
466.2160 	EXP 	image_3: autoDraw = True
473.2469 	DATA 	Keypress: right
473.2487 	EXP 	Created sequence: sequential, trialTypes=1, nReps=0, seed=None
473.2493 	EXP 	New trial (rep=0, index=29): {u'xPos': None, u'probNum': 21, u'Img': u'Img/57.jpg', u'CorrKey': u'right', u'TestType': u'ConnectCube', u'yPos': None, u'CorrAns': u'right', u'Type': u'Test'}
473.2511 	EXP 	Created sequence: sequential, trialTypes=1, nReps=0, seed=None
473.2517 	EXP 	Created sequence: sequential, trialTypes=1, nReps=0, seed=None
473.2521 	EXP 	Created sequence: sequential, trialTypes=1, nReps=0, seed=None
473.2525 	EXP 	Created sequence: sequential, trialTypes=1, nReps=1, seed=None
473.2530 	EXP 	New trial (rep=0, index=0): None
473.3308 	EXP 	test_start_txt: autoDraw = False
473.3308 	EXP 	image_3: autoDraw = False
473.3308 	EXP 	Timer: autoDraw = False
473.3308 	EXP 	image_3: image = u'Img/57.jpg'
473.3308 	EXP 	test_start_txt: autoDraw = True
475.2661 	EXP 	test_start_txt: autoDraw = False
475.2824 	EXP 	image_3: autoDraw = True
485.2964 	EXP 	Timer: autoDraw = True
488.5765 	DATA 	Keypress: left
488.5841 	EXP 	Created sequence: sequential, trialTypes=1, nReps=0, seed=None
488.5847 	EXP 	New trial (rep=0, index=30): {u'xPos': None, u'probNum': 22, u'Img': u'Img/58.jpg', u'CorrKey': u'right', u'TestType': u'ConnectCube', u'yPos': None, u'CorrAns': u'right', u'Type': u'Test'}
488.5859 	EXP 	Created sequence: sequential, trialTypes=1, nReps=0, seed=None
488.5864 	EXP 	Created sequence: sequential, trialTypes=1, nReps=0, seed=None
488.5868 	EXP 	Created sequence: sequential, trialTypes=1, nReps=0, seed=None
488.5872 	EXP 	Created sequence: sequential, trialTypes=1, nReps=1, seed=None
488.5877 	EXP 	New trial (rep=0, index=0): None
488.6901 	EXP 	test_start_txt: autoDraw = False
488.6901 	EXP 	image_3: autoDraw = False
488.6901 	EXP 	Timer: autoDraw = False
488.6901 	EXP 	image_3: image = u'Img/58.jpg'
488.6901 	EXP 	test_start_txt: autoDraw = True
490.5931 	EXP 	test_start_txt: autoDraw = False
490.6102 	EXP 	image_3: autoDraw = True
499.1749 	DATA 	Keypress: right
499.1787 	EXP 	Created sequence: sequential, trialTypes=1, nReps=0, seed=None
499.1798 	EXP 	New trial (rep=0, index=31): {u'xPos': None, u'probNum': 23, u'Img': u'Img/59.jpg', u'CorrKey': u'right', u'TestType': u'ConnectCube', u'yPos': None, u'CorrAns': u'right', u'Type': u'Test'}
499.1815 	EXP 	Created sequence: sequential, trialTypes=1, nReps=0, seed=None
499.1822 	EXP 	Created sequence: sequential, trialTypes=1, nReps=0, seed=None
499.1828 	EXP 	Created sequence: sequential, trialTypes=1, nReps=0, seed=None
499.1836 	EXP 	Created sequence: sequential, trialTypes=1, nReps=1, seed=None
499.1844 	EXP 	New trial (rep=0, index=0): None
499.2743 	EXP 	test_start_txt: autoDraw = False
499.2743 	EXP 	image_3: autoDraw = False
499.2743 	EXP 	Timer: autoDraw = False
499.2743 	EXP 	image_3: image = u'Img/59.jpg'
499.2743 	EXP 	test_start_txt: autoDraw = True
501.1963 	EXP 	test_start_txt: autoDraw = False
501.2128 	EXP 	image_3: autoDraw = True
505.5629 	DATA 	Keypress: right
505.5647 	EXP 	Created sequence: sequential, trialTypes=1, nReps=0, seed=None
505.5653 	EXP 	New trial (rep=0, index=32): {u'xPos': None, u'probNum': 24, u'Img': u'Img/60.jpg', u'CorrKey': u'left', u'TestType': u'ConnectCube', u'yPos': None, u'CorrAns': u'left', u'Type': u'Test'}
505.5663 	EXP 	Created sequence: sequential, trialTypes=1, nReps=0, seed=None
505.5667 	EXP 	Created sequence: sequential, trialTypes=1, nReps=0, seed=None
505.5671 	EXP 	Created sequence: sequential, trialTypes=1, nReps=0, seed=None
505.5675 	EXP 	Created sequence: sequential, trialTypes=1, nReps=1, seed=None
505.5680 	EXP 	New trial (rep=0, index=0): None
505.6632 	EXP 	test_start_txt: autoDraw = False
505.6632 	EXP 	image_3: autoDraw = False
505.6632 	EXP 	Timer: autoDraw = False
505.6632 	EXP 	image_3: image = u'Img/60.jpg'
505.6632 	EXP 	test_start_txt: autoDraw = True
507.5900 	EXP 	test_start_txt: autoDraw = False
507.6188 	EXP 	image_3: autoDraw = True
512.8773 	DATA 	Keypress: left
512.8793 	EXP 	Created sequence: sequential, trialTypes=1, nReps=0, seed=None
512.8798 	EXP 	New trial (rep=0, index=33): {u'xPos': None, u'probNum': None, u'Img': u'Img/61.jpg', u'CorrKey': u'space', u'TestType': None, u'yPos': None, u'CorrAns': u'space', u'Type': u'Inst'}
512.8808 	EXP 	Created sequence: sequential, trialTypes=1, nReps=0, seed=None
512.8813 	EXP 	Created sequence: sequential, trialTypes=1, nReps=0, seed=None
512.8817 	EXP 	Created sequence: sequential, trialTypes=1, nReps=1, seed=None
512.8822 	EXP 	New trial (rep=0, index=0): None
512.9911 	EXP 	test_start_txt: autoDraw = False
512.9911 	EXP 	image_3: autoDraw = False
512.9911 	EXP 	Timer: autoDraw = False
512.9911 	EXP 	image_2: image = u'Img/61.jpg'
512.9911 	EXP 	image_2: autoDraw = True
521.2698 	DATA 	Keypress: space
521.2706 	EXP 	Created sequence: sequential, trialTypes=1, nReps=0, seed=None
521.2711 	EXP 	Created sequence: sequential, trialTypes=1, nReps=0, seed=None
521.2717 	EXP 	New trial (rep=0, index=34): {u'xPos': None, u'probNum': None, u'Img': u'Img/62.jpg', u'CorrKey': u'space', u'TestType': None, u'yPos': None, u'CorrAns': u'space', u'Type': u'Inst'}
521.2727 	EXP 	Created sequence: sequential, trialTypes=1, nReps=0, seed=None
521.2731 	EXP 	Created sequence: sequential, trialTypes=1, nReps=0, seed=None
521.2735 	EXP 	Created sequence: sequential, trialTypes=1, nReps=1, seed=None
521.2740 	EXP 	New trial (rep=0, index=0): None
521.3712 	EXP 	image_2: autoDraw = False
521.3712 	EXP 	image_2: image = u'Img/62.jpg'
521.3712 	EXP 	image_2: autoDraw = True
522.3003 	DATA 	Keypress: space
522.3017 	EXP 	Created sequence: sequential, trialTypes=1, nReps=0, seed=None
522.3022 	EXP 	Created sequence: sequential, trialTypes=1, nReps=0, seed=None
522.3028 	EXP 	New trial (rep=0, index=35): {u'xPos': -1200, u'probNum': None, u'Img': None, u'CorrKey': None, u'TestType': u'CloseSession', u'yPos': 60, u'CorrAns': None, u'Type': u'Mouse'}
522.3037 	EXP 	Created sequence: sequential, trialTypes=1, nReps=0, seed=None
522.3042 	EXP 	Created sequence: sequential, trialTypes=1, nReps=0, seed=None
522.3046 	EXP 	Created sequence: sequential, trialTypes=1, nReps=0, seed=None
522.3050 	EXP 	Created sequence: sequential, trialTypes=1, nReps=0, seed=None
522.3054 	EXP 	Created sequence: sequential, trialTypes=1, nReps=1, seed=None
522.3059 	EXP 	New trial (rep=0, index=0): None
522.6216 	EXP 	window1: mouseVisible = True
