12.9431 	EXP 	Created window1 = Window(allowGUI=False, allowStencil=False, autoLog=True, bitsMode=UNKNOWN, blendMode='avg', color=array([ 0.,  0.,  0.]), colorSpace='rgb', fullscr=UNKNOWN, gamma=None, lms=UNKNOWN, monitor=<psychopy.monitors.calibTools.Monitor instance at 0x0AA326E8>, name='window1', pos=[0, 0], screen=0, size=array([1600,  900]), stereo=False, units=u'norm', useFBO=True, viewOri=0.0, viewPos=None, viewScale=None, waitBlanking=True, winType='pyglet')
12.9432 	EXP 	window1: recordFrameIntervals = False
13.1087 	EXP 	window1: recordFrameIntervals = True
13.2951 	EXP 	window1: recordFrameIntervals = False
13.2994 	EXP 	Created image_4 = ImageStim(autoLog=True, color=array([ 1.,  1.,  1.]), colorSpace='rgb', contrast=1.0, depth=0.0, flipHoriz=False, flipVert=False, image='sin', interpolate=True, mask=None, maskParams=None, name='image_4', opacity=1.0, ori=0.0, pos=array([ 0.,  0.]), size=array([ 1.5,  1.5]), texRes=128, units=u'norm', win=Window(...))
13.3796 	EXP 	Created text_2 = TextStim(alignHoriz='center', alignVert='center', antialias=True, autoLog=True, bold=False, color='white', colorSpace='named', contrast=1.0, depth=-2.0, flipHoriz=False, flipVert=False, font='Arial', fontFiles=[], height=0.1, italic=False, name='text_2', opacity=1.0, ori=0, pos=array([ 0.  ,  0.85]), rgb=array([ 255.,  255.,  255.]), text=u'default text', units=u'norm', win=Window(...), wrapWidth=1)
13.4027 	EXP 	Created dummy_start = TextStim(alignHoriz='center', alignVert='center', antialias=True, autoLog=True, bold=False, color='white', colorSpace='named', contrast=1.0, depth=0.0, flipHoriz=False, flipVert=False, font='Arial', fontFiles=[], height=0.5, italic=False, name='dummy_start', opacity=1.0, ori=0, pos=array([ 0.,  0.]), rgb=array([ 255.,  255.,  255.]), text=u'+', units=u'norm', win=Window(...), wrapWidth=1)
13.4054 	EXP 	Created image = ImageStim(autoLog=True, color=array([ 1.,  1.,  1.]), colorSpace='rgb', contrast=1.0, depth=-1.0, flipHoriz=False, flipVert=False, image='sin', interpolate=True, mask=None, maskParams=None, name='image', opacity=1.0, ori=0.0, pos=array([ 0.,  0.]), size=array([ 1.6,  1.6]), texRes=128, units=u'norm', win=Window(...))
13.4107 	EXP 	Created message = TextStim(alignHoriz='center', alignVert='center', antialias=True, autoLog=True, bold=False, color='white', colorSpace='named', contrast=1.0, depth=-1.0, flipHoriz=False, flipVert=False, font='Arial', fontFiles=[], height=0.1, italic=False, name='message', opacity=1.0, ori=0, pos=array([ 0.,  0.]), rgb=array([ 255.,  255.,  255.]), text=u'default text', units=u'norm', win=Window(...), wrapWidth=1)
13.4132 	EXP 	Created image_2 = ImageStim(autoLog=True, color=array([ 1.,  1.,  1.]), colorSpace='rgb', contrast=1.0, depth=0.0, flipHoriz=False, flipVert=False, image='sin', interpolate=True, mask=None, maskParams=None, name='image_2', opacity=1.0, ori=0.0, pos=array([ 0.,  0.]), size=array([ 1.5,  1.5]), texRes=128, units=u'norm', win=Window(...))
13.4160 	EXP 	Created test_start_txt = TextStim(alignHoriz='center', alignVert='center', antialias=True, autoLog=True, bold=False, color='white', colorSpace='named', contrast=1.0, depth=0.0, flipHoriz=False, flipVert=False, font='Arial', fontFiles=[], height=0.5, italic=False, name='test_start_txt', opacity=1.0, ori=0, pos=array([ 0.,  0.]), rgb=array([ 255.,  255.,  255.]), text=u'+', units=u'norm', win=Window(...), wrapWidth=1)
13.4184 	EXP 	Created image_3 = ImageStim(autoLog=True, color=array([ 1.,  1.,  1.]), colorSpace='rgb', contrast=1.0, depth=-1.0, flipHoriz=False, flipVert=False, image='sin', interpolate=True, mask=None, maskParams=None, name='image_3', opacity=1.0, ori=0.0, pos=array([ 0.,  0.]), size=array([ 1.5,  1.5]), texRes=128, units=u'norm', win=Window(...))
13.4232 	EXP 	Created Timer = TextStim(alignHoriz='center', alignVert='center', antialias=True, autoLog=True, bold=False, color='white', colorSpace='named', contrast=1.0, depth=-3.0, flipHoriz=False, flipVert=False, font='Arial', fontFiles=[], height=0.1, italic=False, name='Timer', opacity=1.0, ori=0, pos=array([ 0.  ,  0.85]), rgb=array([ 255.,  255.,  255.]), text=u'default text', units=u'norm', win=Window(...), wrapWidth=1)
13.4241 	EXP 	Created text = TextStim(alignHoriz='center', alignVert='center', antialias=True, autoLog=True, bold=False, color='white', colorSpace='named', contrast=1.0, depth=-1.0, flipHoriz=False, flipVert=False, font='Arial', fontFiles=[], height=0.1, italic=False, name='text', opacity=1.0, ori=0, pos=array([ 0.,  0.]), rgb=array([ 255.,  255.,  255.]), text='', units=u'norm', win=Window(...), wrapWidth=1)
13.5899 	EXP 	Imported Settings_ConCube.xlsx as conditions, 36 conditions, 8 params
13.5904 	EXP 	Created sequence: sequential, trialTypes=36, nReps=1, seed=None
13.5909 	EXP 	New trial (rep=0, index=0): {u'xPos': None, u'probNum': None, u'Img': u'Img/30.jpg', u'CorrKey': u'space', u'TestType': None, u'yPos': None, u'CorrAns': u'space', u'Type': u'Inst'}
13.5913 	EXP 	Created sequence: sequential, trialTypes=1, nReps=0, seed=None
13.5915 	EXP 	Created sequence: sequential, trialTypes=1, nReps=0, seed=None
13.5917 	EXP 	Created sequence: sequential, trialTypes=1, nReps=1, seed=None
13.5919 	EXP 	New trial (rep=0, index=0): None
13.6642 	EXP 	image_2: image = u'Img/30.jpg'
13.6642 	EXP 	image_2: autoDraw = True
18.4291 	DATA 	Keypress: space
18.4295 	EXP 	Created sequence: sequential, trialTypes=1, nReps=0, seed=None
18.4298 	EXP 	Created sequence: sequential, trialTypes=1, nReps=0, seed=None
18.4301 	EXP 	New trial (rep=0, index=1): {u'xPos': None, u'probNum': None, u'Img': u'Img/31.jpg', u'CorrKey': u'space', u'TestType': None, u'yPos': None, u'CorrAns': u'space', u'Type': u'Inst'}
18.4306 	EXP 	Created sequence: sequential, trialTypes=1, nReps=0, seed=None
18.4308 	EXP 	Created sequence: sequential, trialTypes=1, nReps=0, seed=None
18.4310 	EXP 	Created sequence: sequential, trialTypes=1, nReps=1, seed=None
18.4312 	EXP 	New trial (rep=0, index=0): None
18.4977 	EXP 	image_2: autoDraw = False
18.4977 	EXP 	image_2: image = u'Img/31.jpg'
18.4977 	EXP 	image_2: autoDraw = True
19.8426 	DATA 	Keypress: space
19.8430 	EXP 	Created sequence: sequential, trialTypes=1, nReps=0, seed=None
19.8433 	EXP 	Created sequence: sequential, trialTypes=1, nReps=0, seed=None
19.8436 	EXP 	New trial (rep=0, index=2): {u'xPos': None, u'probNum': None, u'Img': u'Img/32.jpg', u'CorrKey': u'space', u'TestType': None, u'yPos': None, u'CorrAns': u'space', u'Type': u'Inst'}
19.8441 	EXP 	Created sequence: sequential, trialTypes=1, nReps=0, seed=None
19.8443 	EXP 	Created sequence: sequential, trialTypes=1, nReps=0, seed=None
19.8445 	EXP 	Created sequence: sequential, trialTypes=1, nReps=1, seed=None
19.8448 	EXP 	New trial (rep=0, index=0): None
19.9117 	EXP 	image_2: autoDraw = False
19.9117 	EXP 	image_2: image = u'Img/32.jpg'
19.9117 	EXP 	image_2: autoDraw = True
43.9590 	DATA 	Keypress: space
43.9595 	EXP 	Created sequence: sequential, trialTypes=1, nReps=0, seed=None
43.9597 	EXP 	Created sequence: sequential, trialTypes=1, nReps=0, seed=None
43.9600 	EXP 	New trial (rep=0, index=3): {u'xPos': None, u'probNum': None, u'Img': u'Img/33.jpg', u'CorrKey': u'space', u'TestType': None, u'yPos': None, u'CorrAns': u'space', u'Type': u'Inst'}
43.9605 	EXP 	Created sequence: sequential, trialTypes=1, nReps=0, seed=None
43.9607 	EXP 	Created sequence: sequential, trialTypes=1, nReps=0, seed=None
43.9609 	EXP 	Created sequence: sequential, trialTypes=1, nReps=1, seed=None
43.9612 	EXP 	New trial (rep=0, index=0): None
44.0255 	EXP 	image_2: autoDraw = False
44.0255 	EXP 	image_2: image = u'Img/33.jpg'
44.0255 	EXP 	image_2: autoDraw = True
53.5542 	DATA 	Keypress: space
53.5546 	EXP 	Created sequence: sequential, trialTypes=1, nReps=0, seed=None
53.5549 	EXP 	Created sequence: sequential, trialTypes=1, nReps=0, seed=None
53.5552 	EXP 	New trial (rep=0, index=4): {u'xPos': None, u'probNum': None, u'Img': u'Img/34.jpg', u'CorrKey': u'left', u'TestType': None, u'yPos': None, u'CorrAns': u'left', u'Type': u'Dumm'}
53.5557 	EXP 	Created sequence: sequential, trialTypes=1, nReps=0, seed=None
53.5559 	EXP 	Created sequence: sequential, trialTypes=1, nReps=1, seed=None
53.5561 	EXP 	New trial (rep=0, index=0): None
53.6220 	EXP 	image_2: autoDraw = False
53.6220 	EXP 	image: image = u'Img/34.jpg'
53.6220 	EXP 	dummy_start: autoDraw = True
55.5666 	EXP 	dummy_start: autoDraw = False
55.5860 	EXP 	image: autoDraw = True
64.3501 	DATA 	Keypress: left
64.3819 	EXP 	dummy_start: autoDraw = False
64.3819 	EXP 	image: autoDraw = False
64.3819 	EXP 	message: text = 'Good! \n \n \n Response time = 8.764'
64.3819 	EXP 	message: autoDraw = True
67.3579 	EXP 	Created sequence: sequential, trialTypes=1, nReps=0, seed=None
67.3582 	EXP 	Created sequence: sequential, trialTypes=1, nReps=0, seed=None
67.3585 	EXP 	Created sequence: sequential, trialTypes=1, nReps=0, seed=None
67.3589 	EXP 	New trial (rep=0, index=5): {u'xPos': None, u'probNum': None, u'Img': u'Img/35.jpg', u'CorrKey': u'right', u'TestType': None, u'yPos': None, u'CorrAns': u'right', u'Type': u'Dumm'}
67.3596 	EXP 	Created sequence: sequential, trialTypes=1, nReps=0, seed=None
67.3598 	EXP 	Created sequence: sequential, trialTypes=1, nReps=1, seed=None
67.3600 	EXP 	New trial (rep=0, index=0): None
67.4232 	EXP 	message: autoDraw = False
67.4232 	EXP 	message: autoDraw = False
67.4232 	EXP 	image: image = u'Img/35.jpg'
67.4232 	EXP 	dummy_start: autoDraw = True
69.3708 	EXP 	dummy_start: autoDraw = False
69.3875 	EXP 	image: autoDraw = True
79.3804 	EXP 	image: autoDraw = False
79.3804 	EXP 	dummy_start: autoDraw = False
79.3804 	EXP 	image: autoDraw = False
79.3804 	EXP 	message: text = 'Wrong \n \n Response time = 10.000'
79.3804 	EXP 	message: autoDraw = True
82.3427 	EXP 	Created sequence: sequential, trialTypes=1, nReps=0, seed=None
82.3429 	EXP 	Created sequence: sequential, trialTypes=1, nReps=0, seed=None
82.3431 	EXP 	Created sequence: sequential, trialTypes=1, nReps=0, seed=None
82.3434 	EXP 	New trial (rep=0, index=6): {u'xPos': None, u'probNum': None, u'Img': u'Img/36.jpg', u'CorrKey': u'space', u'TestType': None, u'yPos': None, u'CorrAns': u'space', u'Type': u'Inst'}
82.3439 	EXP 	Created sequence: sequential, trialTypes=1, nReps=0, seed=None
82.3441 	EXP 	Created sequence: sequential, trialTypes=1, nReps=0, seed=None
82.3443 	EXP 	Created sequence: sequential, trialTypes=1, nReps=1, seed=None
82.3445 	EXP 	New trial (rep=0, index=0): None
82.4092 	EXP 	message: autoDraw = False
82.4092 	EXP 	message: autoDraw = False
82.4092 	EXP 	image_2: image = u'Img/36.jpg'
82.4092 	EXP 	image_2: autoDraw = True
113.2549 	DATA 	Keypress: space
113.2555 	EXP 	Created sequence: sequential, trialTypes=1, nReps=0, seed=None
113.2557 	EXP 	Created sequence: sequential, trialTypes=1, nReps=0, seed=None
113.2561 	EXP 	New trial (rep=0, index=7): {u'xPos': -620, u'probNum': None, u'Img': None, u'CorrKey': None, u'TestType': u'OpenSession', u'yPos': 580, u'CorrAns': None, u'Type': u'Mouse'}
113.2569 	EXP 	Created sequence: sequential, trialTypes=1, nReps=0, seed=None
113.2571 	EXP 	Created sequence: sequential, trialTypes=1, nReps=0, seed=None
113.2573 	EXP 	Created sequence: sequential, trialTypes=1, nReps=0, seed=None
113.2575 	EXP 	Created sequence: sequential, trialTypes=1, nReps=0, seed=None
113.2577 	EXP 	Created sequence: sequential, trialTypes=1, nReps=1, seed=None
113.2579 	EXP 	New trial (rep=0, index=0): None
113.2867 	EXP 	image_2: autoDraw = False
113.2867 	EXP 	text: autoDraw = True
113.3528 	EXP 	New trial (rep=0, index=8): {u'xPos': 100, u'probNum': None, u'Img': None, u'CorrKey': None, u'TestType': u'Back_to_Test', u'yPos': 100, u'CorrAns': None, u'Type': u'Mouse'}
113.3538 	EXP 	Created sequence: sequential, trialTypes=1, nReps=0, seed=None
113.3540 	EXP 	Created sequence: sequential, trialTypes=1, nReps=0, seed=None
113.3543 	EXP 	Created sequence: sequential, trialTypes=1, nReps=0, seed=None
113.3545 	EXP 	Created sequence: sequential, trialTypes=1, nReps=0, seed=None
113.3547 	EXP 	Created sequence: sequential, trialTypes=1, nReps=1, seed=None
113.3549 	EXP 	New trial (rep=0, index=0): None
113.3588 	DATA 	Mouse: Left button down, pos=(100,800)
113.3687 	DATA 	Mouse:  Left button up, pos=(100,800)
113.3876 	EXP 	text: autoDraw = False
113.3876 	EXP 	text: autoDraw = False
113.3876 	EXP 	text: autoDraw = True
113.4577 	EXP 	New trial (rep=0, index=9): {u'xPos': None, u'probNum': 1, u'Img': u'Img/37.jpg', u'CorrKey': u'right', u'TestType': u'ConnectCube', u'yPos': None, u'CorrAns': u'right', u'Type': u'Test'}
113.4583 	EXP 	Created sequence: sequential, trialTypes=1, nReps=0, seed=None
113.4585 	EXP 	Created sequence: sequential, trialTypes=1, nReps=0, seed=None
113.4587 	EXP 	Created sequence: sequential, trialTypes=1, nReps=0, seed=None
113.4589 	EXP 	Created sequence: sequential, trialTypes=1, nReps=1, seed=None
113.4591 	EXP 	New trial (rep=0, index=0): None
113.5216 	EXP 	text: autoDraw = False
113.5216 	EXP 	image_3: image = u'Img/37.jpg'
113.5216 	EXP 	test_start_txt: autoDraw = True
115.4774 	EXP 	test_start_txt: autoDraw = False
115.4774 	EXP 	image_3: autoDraw = True
123.4644 	DATA 	Keypress: left
123.4654 	EXP 	Created sequence: sequential, trialTypes=1, nReps=0, seed=None
123.4656 	EXP 	New trial (rep=0, index=10): {u'xPos': None, u'probNum': 2, u'Img': u'Img/38.jpg', u'CorrKey': u'left', u'TestType': u'ConnectCube', u'yPos': None, u'CorrAns': u'left', u'Type': u'Test'}
123.4661 	EXP 	Created sequence: sequential, trialTypes=1, nReps=0, seed=None
123.4664 	EXP 	Created sequence: sequential, trialTypes=1, nReps=0, seed=None
123.4666 	EXP 	Created sequence: sequential, trialTypes=1, nReps=0, seed=None
123.4668 	EXP 	Created sequence: sequential, trialTypes=1, nReps=1, seed=None
123.4670 	EXP 	New trial (rep=0, index=0): None
123.5169 	EXP 	test_start_txt: autoDraw = False
123.5169 	EXP 	image_3: autoDraw = False
123.5169 	EXP 	Timer: autoDraw = False
123.5169 	EXP 	image_3: image = u'Img/38.jpg'
123.5169 	EXP 	test_start_txt: autoDraw = True
125.4783 	EXP 	test_start_txt: autoDraw = False
125.4950 	EXP 	image_3: autoDraw = True
135.4902 	EXP 	Timer: autoDraw = True
135.7597 	DATA 	Keypress: right
135.7641 	EXP 	Created sequence: sequential, trialTypes=1, nReps=0, seed=None
135.7645 	EXP 	New trial (rep=0, index=11): {u'xPos': None, u'probNum': 3, u'Img': u'Img/39.jpg', u'CorrKey': u'left', u'TestType': u'ConnectCube', u'yPos': None, u'CorrAns': u'left', u'Type': u'Test'}
135.7651 	EXP 	Created sequence: sequential, trialTypes=1, nReps=0, seed=None
135.7653 	EXP 	Created sequence: sequential, trialTypes=1, nReps=0, seed=None
135.7655 	EXP 	Created sequence: sequential, trialTypes=1, nReps=0, seed=None
135.7657 	EXP 	Created sequence: sequential, trialTypes=1, nReps=1, seed=None
135.7659 	EXP 	New trial (rep=0, index=0): None
135.8260 	EXP 	test_start_txt: autoDraw = False
135.8260 	EXP 	image_3: autoDraw = False
135.8260 	EXP 	Timer: autoDraw = False
135.8260 	EXP 	image_3: image = u'Img/39.jpg'
135.8260 	EXP 	test_start_txt: autoDraw = True
137.7808 	EXP 	test_start_txt: autoDraw = False
137.7979 	EXP 	image_3: autoDraw = True
146.6039 	DATA 	Keypress: left
146.6048 	EXP 	Created sequence: sequential, trialTypes=1, nReps=0, seed=None
146.6051 	EXP 	New trial (rep=0, index=12): {u'xPos': None, u'probNum': 4, u'Img': u'Img/40.jpg', u'CorrKey': u'right', u'TestType': u'ConnectCube', u'yPos': None, u'CorrAns': u'right', u'Type': u'Test'}
146.6056 	EXP 	Created sequence: sequential, trialTypes=1, nReps=0, seed=None
146.6058 	EXP 	Created sequence: sequential, trialTypes=1, nReps=0, seed=None
146.6063 	EXP 	Created sequence: sequential, trialTypes=1, nReps=0, seed=None
146.6065 	EXP 	Created sequence: sequential, trialTypes=1, nReps=1, seed=None
146.6067 	EXP 	New trial (rep=0, index=0): None
146.6563 	EXP 	test_start_txt: autoDraw = False
146.6563 	EXP 	image_3: autoDraw = False
146.6563 	EXP 	Timer: autoDraw = False
146.6563 	EXP 	image_3: image = u'Img/40.jpg'
146.6563 	EXP 	test_start_txt: autoDraw = True
148.6212 	EXP 	test_start_txt: autoDraw = False
148.6382 	EXP 	image_3: autoDraw = True
158.6265 	EXP 	Timer: autoDraw = True
161.2935 	DATA 	Keypress: left
161.3098 	EXP 	Created sequence: sequential, trialTypes=1, nReps=0, seed=None
161.3101 	EXP 	New trial (rep=0, index=13): {u'xPos': None, u'probNum': 5, u'Img': u'Img/41.jpg', u'CorrKey': u'right', u'TestType': u'ConnectCube', u'yPos': None, u'CorrAns': u'right', u'Type': u'Test'}
161.3107 	EXP 	Created sequence: sequential, trialTypes=1, nReps=0, seed=None
161.3110 	EXP 	Created sequence: sequential, trialTypes=1, nReps=0, seed=None
161.3114 	EXP 	Created sequence: sequential, trialTypes=1, nReps=0, seed=None
161.3118 	EXP 	Created sequence: sequential, trialTypes=1, nReps=1, seed=None
161.3121 	EXP 	New trial (rep=0, index=0): None
161.3706 	EXP 	test_start_txt: autoDraw = False
161.3706 	EXP 	image_3: autoDraw = False
161.3706 	EXP 	Timer: autoDraw = False
161.3706 	EXP 	image_3: image = u'Img/41.jpg'
161.3706 	EXP 	test_start_txt: autoDraw = True
163.3202 	EXP 	test_start_txt: autoDraw = False
163.3369 	EXP 	image_3: autoDraw = True
173.3318 	EXP 	Timer: autoDraw = True
173.8004 	DATA 	Keypress: right
173.8042 	EXP 	Created sequence: sequential, trialTypes=1, nReps=0, seed=None
173.8045 	EXP 	New trial (rep=0, index=14): {u'xPos': None, u'probNum': 6, u'Img': u'Img/42.jpg', u'CorrKey': u'right', u'TestType': u'ConnectCube', u'yPos': None, u'CorrAns': u'right', u'Type': u'Test'}
173.8050 	EXP 	Created sequence: sequential, trialTypes=1, nReps=0, seed=None
173.8052 	EXP 	Created sequence: sequential, trialTypes=1, nReps=0, seed=None
173.8054 	EXP 	Created sequence: sequential, trialTypes=1, nReps=0, seed=None
173.8056 	EXP 	Created sequence: sequential, trialTypes=1, nReps=1, seed=None
173.8058 	EXP 	New trial (rep=0, index=0): None
173.8667 	EXP 	test_start_txt: autoDraw = False
173.8667 	EXP 	image_3: autoDraw = False
173.8667 	EXP 	Timer: autoDraw = False
173.8667 	EXP 	image_3: image = u'Img/42.jpg'
173.8667 	EXP 	test_start_txt: autoDraw = True
175.8209 	EXP 	test_start_txt: autoDraw = False
175.8347 	EXP 	image_3: autoDraw = True
185.8374 	EXP 	Timer: autoDraw = True
188.5323 	DATA 	Keypress: right
188.5356 	EXP 	Created sequence: sequential, trialTypes=1, nReps=0, seed=None
188.5359 	EXP 	New trial (rep=0, index=15): {u'xPos': None, u'probNum': 7, u'Img': u'Img/43.jpg', u'CorrKey': u'left', u'TestType': u'ConnectCube', u'yPos': None, u'CorrAns': u'left', u'Type': u'Test'}
188.5364 	EXP 	Created sequence: sequential, trialTypes=1, nReps=0, seed=None
188.5367 	EXP 	Created sequence: sequential, trialTypes=1, nReps=0, seed=None
188.5369 	EXP 	Created sequence: sequential, trialTypes=1, nReps=0, seed=None
188.5372 	EXP 	Created sequence: sequential, trialTypes=1, nReps=1, seed=None
188.5374 	EXP 	New trial (rep=0, index=0): None
188.6019 	EXP 	test_start_txt: autoDraw = False
188.6019 	EXP 	image_3: autoDraw = False
188.6019 	EXP 	Timer: autoDraw = False
188.6019 	EXP 	image_3: image = u'Img/43.jpg'
188.6019 	EXP 	test_start_txt: autoDraw = True
190.5485 	EXP 	test_start_txt: autoDraw = False
190.5655 	EXP 	image_3: autoDraw = True
200.5712 	EXP 	Timer: autoDraw = True
202.6418 	DATA 	Keypress: left
202.6455 	EXP 	Created sequence: sequential, trialTypes=1, nReps=0, seed=None
202.6458 	EXP 	New trial (rep=0, index=16): {u'xPos': None, u'probNum': 8, u'Img': u'Img/44.jpg', u'CorrKey': u'left', u'TestType': u'ConnectCube', u'yPos': None, u'CorrAns': u'left', u'Type': u'Test'}
202.6463 	EXP 	Created sequence: sequential, trialTypes=1, nReps=0, seed=None
202.6465 	EXP 	Created sequence: sequential, trialTypes=1, nReps=0, seed=None
202.6467 	EXP 	Created sequence: sequential, trialTypes=1, nReps=0, seed=None
202.6469 	EXP 	Created sequence: sequential, trialTypes=1, nReps=1, seed=None
202.6471 	EXP 	New trial (rep=0, index=0): None
202.7060 	EXP 	test_start_txt: autoDraw = False
202.7060 	EXP 	image_3: autoDraw = False
202.7060 	EXP 	Timer: autoDraw = False
202.7060 	EXP 	image_3: image = u'Img/44.jpg'
202.7060 	EXP 	test_start_txt: autoDraw = True
204.6597 	EXP 	test_start_txt: autoDraw = False
204.6765 	EXP 	image_3: autoDraw = True
211.0651 	DATA 	Keypress: left
211.0660 	EXP 	Created sequence: sequential, trialTypes=1, nReps=0, seed=None
211.0663 	EXP 	New trial (rep=0, index=17): {u'xPos': None, u'probNum': 9, u'Img': u'Img/45.jpg', u'CorrKey': u'right', u'TestType': u'ConnectCube', u'yPos': None, u'CorrAns': u'right', u'Type': u'Test'}
211.0668 	EXP 	Created sequence: sequential, trialTypes=1, nReps=0, seed=None
211.0670 	EXP 	Created sequence: sequential, trialTypes=1, nReps=0, seed=None
211.0672 	EXP 	Created sequence: sequential, trialTypes=1, nReps=0, seed=None
211.0674 	EXP 	Created sequence: sequential, trialTypes=1, nReps=1, seed=None
211.0676 	EXP 	New trial (rep=0, index=0): None
211.1303 	EXP 	test_start_txt: autoDraw = False
211.1303 	EXP 	image_3: autoDraw = False
211.1303 	EXP 	Timer: autoDraw = False
211.1303 	EXP 	image_3: image = u'Img/45.jpg'
211.1303 	EXP 	test_start_txt: autoDraw = True
213.0773 	EXP 	test_start_txt: autoDraw = False
213.0940 	EXP 	image_3: autoDraw = True
223.0863 	EXP 	Timer: autoDraw = True
223.2226 	DATA 	Keypress: right
223.2262 	EXP 	Created sequence: sequential, trialTypes=1, nReps=0, seed=None
223.2265 	EXP 	New trial (rep=0, index=18): {u'xPos': None, u'probNum': 10, u'Img': u'Img/46.jpg', u'CorrKey': u'right', u'TestType': u'ConnectCube', u'yPos': None, u'CorrAns': u'right', u'Type': u'Test'}
223.2271 	EXP 	Created sequence: sequential, trialTypes=1, nReps=0, seed=None
223.2275 	EXP 	Created sequence: sequential, trialTypes=1, nReps=0, seed=None
223.2280 	EXP 	Created sequence: sequential, trialTypes=1, nReps=0, seed=None
223.2283 	EXP 	Created sequence: sequential, trialTypes=1, nReps=1, seed=None
223.2286 	EXP 	New trial (rep=0, index=0): None
223.2913 	EXP 	test_start_txt: autoDraw = False
223.2913 	EXP 	image_3: autoDraw = False
223.2913 	EXP 	Timer: autoDraw = False
223.2913 	EXP 	image_3: image = u'Img/46.jpg'
223.2913 	EXP 	test_start_txt: autoDraw = True
225.2363 	EXP 	test_start_txt: autoDraw = False
225.2534 	EXP 	image_3: autoDraw = True
233.1303 	DATA 	Keypress: right
233.1318 	EXP 	Created sequence: sequential, trialTypes=1, nReps=0, seed=None
233.1321 	EXP 	New trial (rep=0, index=19): {u'xPos': None, u'probNum': 11, u'Img': u'Img/47.jpg', u'CorrKey': u'left', u'TestType': u'ConnectCube', u'yPos': None, u'CorrAns': u'left', u'Type': u'Test'}
233.1327 	EXP 	Created sequence: sequential, trialTypes=1, nReps=0, seed=None
233.1329 	EXP 	Created sequence: sequential, trialTypes=1, nReps=0, seed=None
233.1331 	EXP 	Created sequence: sequential, trialTypes=1, nReps=0, seed=None
233.1333 	EXP 	Created sequence: sequential, trialTypes=1, nReps=1, seed=None
233.1335 	EXP 	New trial (rep=0, index=0): None
233.1830 	EXP 	test_start_txt: autoDraw = False
233.1830 	EXP 	image_3: autoDraw = False
233.1830 	EXP 	Timer: autoDraw = False
233.1830 	EXP 	image_3: image = u'Img/47.jpg'
233.1830 	EXP 	test_start_txt: autoDraw = True
235.1471 	EXP 	test_start_txt: autoDraw = False
235.1641 	EXP 	image_3: autoDraw = True
245.1779 	EXP 	Timer: autoDraw = True
246.3840 	DATA 	Keypress: left
246.3975 	EXP 	Created sequence: sequential, trialTypes=1, nReps=0, seed=None
246.3977 	EXP 	New trial (rep=0, index=20): {u'xPos': None, u'probNum': 12, u'Img': u'Img/48.jpg', u'CorrKey': u'left', u'TestType': u'ConnectCube', u'yPos': None, u'CorrAns': u'left', u'Type': u'Test'}
246.3982 	EXP 	Created sequence: sequential, trialTypes=1, nReps=0, seed=None
246.3984 	EXP 	Created sequence: sequential, trialTypes=1, nReps=0, seed=None
246.3986 	EXP 	Created sequence: sequential, trialTypes=1, nReps=0, seed=None
246.3988 	EXP 	Created sequence: sequential, trialTypes=1, nReps=1, seed=None
246.3990 	EXP 	New trial (rep=0, index=0): None
246.4586 	EXP 	test_start_txt: autoDraw = False
246.4586 	EXP 	image_3: autoDraw = False
246.4586 	EXP 	Timer: autoDraw = False
246.4586 	EXP 	image_3: image = u'Img/48.jpg'
246.4586 	EXP 	test_start_txt: autoDraw = True
248.4084 	EXP 	test_start_txt: autoDraw = False
248.4281 	EXP 	image_3: autoDraw = True
255.7122 	DATA 	Keypress: left
255.7132 	EXP 	Created sequence: sequential, trialTypes=1, nReps=0, seed=None
255.7135 	EXP 	New trial (rep=0, index=21): {u'xPos': None, u'probNum': 13, u'Img': u'Img/49.jpg', u'CorrKey': u'right', u'TestType': u'ConnectCube', u'yPos': None, u'CorrAns': u'right', u'Type': u'Test'}
255.7144 	EXP 	Created sequence: sequential, trialTypes=1, nReps=0, seed=None
255.7149 	EXP 	Created sequence: sequential, trialTypes=1, nReps=0, seed=None
255.7151 	EXP 	Created sequence: sequential, trialTypes=1, nReps=0, seed=None
255.7153 	EXP 	Created sequence: sequential, trialTypes=1, nReps=1, seed=None
255.7156 	EXP 	New trial (rep=0, index=0): None
255.7614 	EXP 	test_start_txt: autoDraw = False
255.7614 	EXP 	image_3: autoDraw = False
255.7614 	EXP 	Timer: autoDraw = False
255.7614 	EXP 	image_3: image = u'Img/49.jpg'
255.7614 	EXP 	test_start_txt: autoDraw = True
257.7307 	EXP 	test_start_txt: autoDraw = False
257.7496 	EXP 	image_3: autoDraw = True
267.7447 	EXP 	Timer: autoDraw = True
268.4021 	DATA 	Keypress: right
268.4192 	EXP 	Created sequence: sequential, trialTypes=1, nReps=0, seed=None
268.4195 	EXP 	New trial (rep=0, index=22): {u'xPos': None, u'probNum': 14, u'Img': u'Img/50.jpg', u'CorrKey': u'left', u'TestType': u'ConnectCube', u'yPos': None, u'CorrAns': u'left', u'Type': u'Test'}
268.4200 	EXP 	Created sequence: sequential, trialTypes=1, nReps=0, seed=None
268.4202 	EXP 	Created sequence: sequential, trialTypes=1, nReps=0, seed=None
268.4204 	EXP 	Created sequence: sequential, trialTypes=1, nReps=0, seed=None
268.4206 	EXP 	Created sequence: sequential, trialTypes=1, nReps=1, seed=None
268.4208 	EXP 	New trial (rep=0, index=0): None
268.4860 	EXP 	test_start_txt: autoDraw = False
268.4860 	EXP 	image_3: autoDraw = False
268.4860 	EXP 	Timer: autoDraw = False
268.4860 	EXP 	image_3: image = u'Img/50.jpg'
268.4860 	EXP 	test_start_txt: autoDraw = True
270.4326 	EXP 	test_start_txt: autoDraw = False
270.4495 	EXP 	image_3: autoDraw = True
277.1634 	DATA 	Keypress: left
277.1644 	EXP 	Created sequence: sequential, trialTypes=1, nReps=0, seed=None
277.1647 	EXP 	New trial (rep=0, index=23): {u'xPos': None, u'probNum': 15, u'Img': u'Img/51.jpg', u'CorrKey': u'left', u'TestType': u'ConnectCube', u'yPos': None, u'CorrAns': u'left', u'Type': u'Test'}
277.1652 	EXP 	Created sequence: sequential, trialTypes=1, nReps=0, seed=None
277.1654 	EXP 	Created sequence: sequential, trialTypes=1, nReps=0, seed=None
277.1656 	EXP 	Created sequence: sequential, trialTypes=1, nReps=0, seed=None
277.1658 	EXP 	Created sequence: sequential, trialTypes=1, nReps=1, seed=None
277.1660 	EXP 	New trial (rep=0, index=0): None
277.2278 	EXP 	test_start_txt: autoDraw = False
277.2278 	EXP 	image_3: autoDraw = False
277.2278 	EXP 	Timer: autoDraw = False
277.2278 	EXP 	image_3: image = u'Img/51.jpg'
277.2278 	EXP 	test_start_txt: autoDraw = True
279.1851 	EXP 	test_start_txt: autoDraw = False
279.1851 	EXP 	image_3: autoDraw = True
289.1905 	EXP 	Timer: autoDraw = True
291.9031 	DATA 	Keypress: left
291.9064 	EXP 	Created sequence: sequential, trialTypes=1, nReps=0, seed=None
291.9067 	EXP 	New trial (rep=0, index=24): {u'xPos': None, u'probNum': 16, u'Img': u'Img/52.jpg', u'CorrKey': u'right', u'TestType': u'ConnectCube', u'yPos': None, u'CorrAns': u'right', u'Type': u'Test'}
291.9072 	EXP 	Created sequence: sequential, trialTypes=1, nReps=0, seed=None
291.9074 	EXP 	Created sequence: sequential, trialTypes=1, nReps=0, seed=None
291.9076 	EXP 	Created sequence: sequential, trialTypes=1, nReps=0, seed=None
291.9078 	EXP 	Created sequence: sequential, trialTypes=1, nReps=1, seed=None
291.9080 	EXP 	New trial (rep=0, index=0): None
291.9693 	EXP 	test_start_txt: autoDraw = False
291.9693 	EXP 	image_3: autoDraw = False
291.9693 	EXP 	Timer: autoDraw = False
291.9693 	EXP 	image_3: image = u'Img/52.jpg'
291.9693 	EXP 	test_start_txt: autoDraw = True
293.9241 	EXP 	test_start_txt: autoDraw = False
293.9411 	EXP 	image_3: autoDraw = True
303.1517 	DATA 	Keypress: right
303.1530 	EXP 	Created sequence: sequential, trialTypes=1, nReps=0, seed=None
303.1534 	EXP 	New trial (rep=0, index=25): {u'xPos': None, u'probNum': 17, u'Img': u'Img/53.jpg', u'CorrKey': u'left', u'TestType': u'ConnectCube', u'yPos': None, u'CorrAns': u'left', u'Type': u'Test'}
303.1541 	EXP 	Created sequence: sequential, trialTypes=1, nReps=0, seed=None
303.1545 	EXP 	Created sequence: sequential, trialTypes=1, nReps=0, seed=None
303.1548 	EXP 	Created sequence: sequential, trialTypes=1, nReps=0, seed=None
303.1551 	EXP 	Created sequence: sequential, trialTypes=1, nReps=1, seed=None
303.1554 	EXP 	New trial (rep=0, index=0): None
303.2194 	EXP 	test_start_txt: autoDraw = False
303.2194 	EXP 	image_3: autoDraw = False
303.2194 	EXP 	Timer: autoDraw = False
303.2194 	EXP 	image_3: image = u'Img/53.jpg'
303.2194 	EXP 	test_start_txt: autoDraw = True
305.1700 	EXP 	test_start_txt: autoDraw = False
305.1866 	EXP 	image_3: autoDraw = True
315.1833 	EXP 	Timer: autoDraw = True
317.9305 	DATA 	Keypress: right
317.9473 	EXP 	Created sequence: sequential, trialTypes=1, nReps=0, seed=None
317.9476 	EXP 	New trial (rep=0, index=26): {u'xPos': None, u'probNum': 18, u'Img': u'Img/54.jpg', u'CorrKey': u'right', u'TestType': u'ConnectCube', u'yPos': None, u'CorrAns': u'right', u'Type': u'Test'}
317.9481 	EXP 	Created sequence: sequential, trialTypes=1, nReps=0, seed=None
317.9483 	EXP 	Created sequence: sequential, trialTypes=1, nReps=0, seed=None
317.9485 	EXP 	Created sequence: sequential, trialTypes=1, nReps=0, seed=None
317.9487 	EXP 	Created sequence: sequential, trialTypes=1, nReps=1, seed=None
317.9490 	EXP 	New trial (rep=0, index=0): None
318.0105 	EXP 	test_start_txt: autoDraw = False
318.0105 	EXP 	image_3: autoDraw = False
318.0105 	EXP 	Timer: autoDraw = False
318.0105 	EXP 	image_3: image = u'Img/54.jpg'
318.0105 	EXP 	test_start_txt: autoDraw = True
319.9612 	EXP 	test_start_txt: autoDraw = False
319.9782 	EXP 	image_3: autoDraw = True
325.9279 	DATA 	Keypress: right
325.9290 	EXP 	Created sequence: sequential, trialTypes=1, nReps=0, seed=None
325.9292 	EXP 	New trial (rep=0, index=27): {u'xPos': None, u'probNum': 19, u'Img': u'Img/55.jpg', u'CorrKey': u'left', u'TestType': u'ConnectCube', u'yPos': None, u'CorrAns': u'left', u'Type': u'Test'}
325.9298 	EXP 	Created sequence: sequential, trialTypes=1, nReps=0, seed=None
325.9300 	EXP 	Created sequence: sequential, trialTypes=1, nReps=0, seed=None
325.9303 	EXP 	Created sequence: sequential, trialTypes=1, nReps=0, seed=None
325.9305 	EXP 	Created sequence: sequential, trialTypes=1, nReps=1, seed=None
325.9307 	EXP 	New trial (rep=0, index=0): None
325.9931 	EXP 	test_start_txt: autoDraw = False
325.9931 	EXP 	image_3: autoDraw = False
325.9931 	EXP 	Timer: autoDraw = False
325.9931 	EXP 	image_3: image = u'Img/55.jpg'
325.9931 	EXP 	test_start_txt: autoDraw = True
327.9432 	EXP 	test_start_txt: autoDraw = False
327.9604 	EXP 	image_3: autoDraw = True
336.1879 	DATA 	Keypress: left
336.1889 	EXP 	Created sequence: sequential, trialTypes=1, nReps=0, seed=None
336.1891 	EXP 	New trial (rep=0, index=28): {u'xPos': None, u'probNum': 20, u'Img': u'Img/56.jpg', u'CorrKey': u'right', u'TestType': u'ConnectCube', u'yPos': None, u'CorrAns': u'right', u'Type': u'Test'}
336.1896 	EXP 	Created sequence: sequential, trialTypes=1, nReps=0, seed=None
336.1898 	EXP 	Created sequence: sequential, trialTypes=1, nReps=0, seed=None
336.1900 	EXP 	Created sequence: sequential, trialTypes=1, nReps=0, seed=None
336.1902 	EXP 	Created sequence: sequential, trialTypes=1, nReps=1, seed=None
336.1904 	EXP 	New trial (rep=0, index=0): None
336.2490 	EXP 	test_start_txt: autoDraw = False
336.2490 	EXP 	image_3: autoDraw = False
336.2490 	EXP 	Timer: autoDraw = False
336.2490 	EXP 	image_3: image = u'Img/56.jpg'
336.2490 	EXP 	test_start_txt: autoDraw = True
338.1967 	EXP 	test_start_txt: autoDraw = False
338.2137 	EXP 	image_3: autoDraw = True
346.2952 	DATA 	Keypress: right
346.2962 	EXP 	Created sequence: sequential, trialTypes=1, nReps=0, seed=None
346.2965 	EXP 	New trial (rep=0, index=29): {u'xPos': None, u'probNum': 21, u'Img': u'Img/57.jpg', u'CorrKey': u'right', u'TestType': u'ConnectCube', u'yPos': None, u'CorrAns': u'right', u'Type': u'Test'}
346.2971 	EXP 	Created sequence: sequential, trialTypes=1, nReps=0, seed=None
346.2973 	EXP 	Created sequence: sequential, trialTypes=1, nReps=0, seed=None
346.2975 	EXP 	Created sequence: sequential, trialTypes=1, nReps=0, seed=None
346.2977 	EXP 	Created sequence: sequential, trialTypes=1, nReps=1, seed=None
346.2979 	EXP 	New trial (rep=0, index=0): None
346.3624 	EXP 	test_start_txt: autoDraw = False
346.3624 	EXP 	image_3: autoDraw = False
346.3624 	EXP 	Timer: autoDraw = False
346.3624 	EXP 	image_3: image = u'Img/57.jpg'
346.3624 	EXP 	test_start_txt: autoDraw = True
348.3074 	EXP 	test_start_txt: autoDraw = False
348.3241 	EXP 	image_3: autoDraw = True
356.3453 	DATA 	Keypress: right
356.3463 	EXP 	Created sequence: sequential, trialTypes=1, nReps=0, seed=None
356.3466 	EXP 	New trial (rep=0, index=30): {u'xPos': None, u'probNum': 22, u'Img': u'Img/58.jpg', u'CorrKey': u'right', u'TestType': u'ConnectCube', u'yPos': None, u'CorrAns': u'right', u'Type': u'Test'}
356.3471 	EXP 	Created sequence: sequential, trialTypes=1, nReps=0, seed=None
356.3473 	EXP 	Created sequence: sequential, trialTypes=1, nReps=0, seed=None
356.3475 	EXP 	Created sequence: sequential, trialTypes=1, nReps=0, seed=None
356.3477 	EXP 	Created sequence: sequential, trialTypes=1, nReps=1, seed=None
356.3480 	EXP 	New trial (rep=0, index=0): None
356.3952 	EXP 	test_start_txt: autoDraw = False
356.3952 	EXP 	image_3: autoDraw = False
356.3952 	EXP 	Timer: autoDraw = False
356.3952 	EXP 	image_3: image = u'Img/58.jpg'
356.3952 	EXP 	test_start_txt: autoDraw = True
358.3616 	EXP 	test_start_txt: autoDraw = False
358.3786 	EXP 	image_3: autoDraw = True
364.3637 	DATA 	Keypress: right
364.3651 	EXP 	Created sequence: sequential, trialTypes=1, nReps=0, seed=None
364.3655 	EXP 	New trial (rep=0, index=31): {u'xPos': None, u'probNum': 23, u'Img': u'Img/59.jpg', u'CorrKey': u'right', u'TestType': u'ConnectCube', u'yPos': None, u'CorrAns': u'right', u'Type': u'Test'}
364.3662 	EXP 	Created sequence: sequential, trialTypes=1, nReps=0, seed=None
364.3665 	EXP 	Created sequence: sequential, trialTypes=1, nReps=0, seed=None
364.3668 	EXP 	Created sequence: sequential, trialTypes=1, nReps=0, seed=None
364.3672 	EXP 	Created sequence: sequential, trialTypes=1, nReps=1, seed=None
364.3675 	EXP 	New trial (rep=0, index=0): None
364.4299 	EXP 	test_start_txt: autoDraw = False
364.4299 	EXP 	image_3: autoDraw = False
364.4299 	EXP 	Timer: autoDraw = False
364.4299 	EXP 	image_3: image = u'Img/59.jpg'
364.4299 	EXP 	test_start_txt: autoDraw = True
366.3874 	EXP 	test_start_txt: autoDraw = False
366.3874 	EXP 	image_3: autoDraw = True
376.3967 	EXP 	Timer: autoDraw = True
376.6210 	DATA 	Keypress: right
376.6394 	EXP 	Created sequence: sequential, trialTypes=1, nReps=0, seed=None
376.6397 	EXP 	New trial (rep=0, index=32): {u'xPos': None, u'probNum': 24, u'Img': u'Img/60.jpg', u'CorrKey': u'left', u'TestType': u'ConnectCube', u'yPos': None, u'CorrAns': u'left', u'Type': u'Test'}
376.6403 	EXP 	Created sequence: sequential, trialTypes=1, nReps=0, seed=None
376.6406 	EXP 	Created sequence: sequential, trialTypes=1, nReps=0, seed=None
376.6410 	EXP 	Created sequence: sequential, trialTypes=1, nReps=0, seed=None
376.6414 	EXP 	Created sequence: sequential, trialTypes=1, nReps=1, seed=None
376.6417 	EXP 	New trial (rep=0, index=0): None
376.6998 	EXP 	test_start_txt: autoDraw = False
376.6998 	EXP 	image_3: autoDraw = False
376.6998 	EXP 	Timer: autoDraw = False
376.6998 	EXP 	image_3: image = u'Img/60.jpg'
376.6998 	EXP 	test_start_txt: autoDraw = True
378.6584 	EXP 	test_start_txt: autoDraw = False
378.6755 	EXP 	image_3: autoDraw = True
385.8599 	DATA 	Keypress: left
385.8619 	EXP 	Created sequence: sequential, trialTypes=1, nReps=0, seed=None
385.8623 	EXP 	New trial (rep=0, index=33): {u'xPos': None, u'probNum': None, u'Img': u'Img/61.jpg', u'CorrKey': u'space', u'TestType': None, u'yPos': None, u'CorrAns': u'space', u'Type': u'Inst'}
385.8634 	EXP 	Created sequence: sequential, trialTypes=1, nReps=0, seed=None
385.8638 	EXP 	Created sequence: sequential, trialTypes=1, nReps=0, seed=None
385.8642 	EXP 	Created sequence: sequential, trialTypes=1, nReps=1, seed=None
385.8645 	EXP 	New trial (rep=0, index=0): None
385.9270 	EXP 	test_start_txt: autoDraw = False
385.9270 	EXP 	image_3: autoDraw = False
385.9270 	EXP 	Timer: autoDraw = False
385.9270 	EXP 	image_2: image = u'Img/61.jpg'
385.9270 	EXP 	image_2: autoDraw = True
388.7976 	DATA 	Keypress: space
388.7980 	EXP 	Created sequence: sequential, trialTypes=1, nReps=0, seed=None
388.7983 	EXP 	Created sequence: sequential, trialTypes=1, nReps=0, seed=None
388.7986 	EXP 	New trial (rep=0, index=34): {u'xPos': None, u'probNum': None, u'Img': u'Img/62.jpg', u'CorrKey': u'space', u'TestType': None, u'yPos': None, u'CorrAns': u'space', u'Type': u'Inst'}
388.7991 	EXP 	Created sequence: sequential, trialTypes=1, nReps=0, seed=None
388.7993 	EXP 	Created sequence: sequential, trialTypes=1, nReps=0, seed=None
388.7997 	EXP 	Created sequence: sequential, trialTypes=1, nReps=1, seed=None
388.8000 	EXP 	New trial (rep=0, index=0): None
388.8641 	EXP 	image_2: autoDraw = False
388.8641 	EXP 	image_2: image = u'Img/62.jpg'
388.8641 	EXP 	image_2: autoDraw = True
389.6201 	DATA 	Keypress: space
389.6206 	EXP 	Created sequence: sequential, trialTypes=1, nReps=0, seed=None
389.6209 	EXP 	Created sequence: sequential, trialTypes=1, nReps=0, seed=None
389.6212 	EXP 	New trial (rep=0, index=35): {u'xPos': -1200, u'probNum': None, u'Img': None, u'CorrKey': None, u'TestType': u'CloseSession', u'yPos': 60, u'CorrAns': None, u'Type': u'Mouse'}
389.6217 	EXP 	Created sequence: sequential, trialTypes=1, nReps=0, seed=None
389.6219 	EXP 	Created sequence: sequential, trialTypes=1, nReps=0, seed=None
389.6221 	EXP 	Created sequence: sequential, trialTypes=1, nReps=0, seed=None
389.6223 	EXP 	Created sequence: sequential, trialTypes=1, nReps=0, seed=None
389.6225 	EXP 	Created sequence: sequential, trialTypes=1, nReps=1, seed=None
389.6227 	EXP 	New trial (rep=0, index=0): None
389.7899 	EXP 	window1: mouseVisible = True
