14.6955 	EXP 	Created window1 = Window(allowGUI=False, allowStencil=False, autoLog=True, bitsMode=UNKNOWN, blendMode='avg', color=array([ 0.,  0.,  0.]), colorSpace='rgb', fullscr=UNKNOWN, gamma=None, lms=UNKNOWN, monitor=<psychopy.monitors.calibTools.Monitor instance at 0x053DB698>, name='window1', pos=[0, 0], screen=0, size=array([1366,  768]), stereo=False, units=u'norm', useFBO=True, viewOri=0.0, viewPos=None, viewScale=None, waitBlanking=True, winType='pyglet')
14.6956 	EXP 	window1: recordFrameIntervals = False
14.8839 	EXP 	window1: recordFrameIntervals = True
15.0252 	WARNING 	t of last frame was 23.02ms (=1/43)
15.0549 	WARNING 	t of last frame was 29.68ms (=1/33)
15.1851 	WARNING 	t of last frame was 29.83ms (=1/33)
15.2055 	WARNING 	t of last frame was 20.32ms (=1/49)
15.3730 	EXP 	window1: recordFrameIntervals = False
15.3852 	EXP 	Created image_4 = ImageStim(autoLog=True, color=array([ 1.,  1.,  1.]), colorSpace='rgb', contrast=1.0, depth=0.0, flipHoriz=False, flipVert=False, image='sin', interpolate=True, mask=None, maskParams=None, name='image_4', opacity=1.0, ori=0.0, pos=array([ 0.,  0.]), size=array([ 1.5,  1.5]), texRes=128, units=u'norm', win=Window(...))
15.5760 	EXP 	Created text_2 = TextStim(alignHoriz='center', alignVert='center', antialias=True, autoLog=True, bold=False, color='white', colorSpace='named', contrast=1.0, depth=-2.0, flipHoriz=False, flipVert=False, font='Arial', fontFiles=[], height=0.1, italic=False, name='text_2', opacity=1.0, ori=0, pos=array([ 0.  ,  0.85]), rgb=array([ 255.,  255.,  255.]), text=u'default text', units=u'norm', win=Window(...), wrapWidth=1)
15.6043 	EXP 	Created dummy_start = TextStim(alignHoriz='center', alignVert='center', antialias=True, autoLog=True, bold=False, color='white', colorSpace='named', contrast=1.0, depth=0.0, flipHoriz=False, flipVert=False, font='Arial', fontFiles=[], height=0.5, italic=False, name='dummy_start', opacity=1.0, ori=0, pos=array([ 0.,  0.]), rgb=array([ 255.,  255.,  255.]), text=u'+', units=u'norm', win=Window(...), wrapWidth=1)
15.6097 	EXP 	Created image = ImageStim(autoLog=True, color=array([ 1.,  1.,  1.]), colorSpace='rgb', contrast=1.0, depth=-1.0, flipHoriz=False, flipVert=False, image='sin', interpolate=True, mask=None, maskParams=None, name='image', opacity=1.0, ori=0.0, pos=array([ 0.,  0.]), size=array([ 1.6,  1.6]), texRes=128, units=u'norm', win=Window(...))
15.6226 	EXP 	Created message = TextStim(alignHoriz='center', alignVert='center', antialias=True, autoLog=True, bold=False, color='white', colorSpace='named', contrast=1.0, depth=-1.0, flipHoriz=False, flipVert=False, font='Arial', fontFiles=[], height=0.1, italic=False, name='message', opacity=1.0, ori=0, pos=array([ 0.,  0.]), rgb=array([ 255.,  255.,  255.]), text=u'default text', units=u'norm', win=Window(...), wrapWidth=1)
15.6309 	EXP 	Created image_2 = ImageStim(autoLog=True, color=array([ 1.,  1.,  1.]), colorSpace='rgb', contrast=1.0, depth=0.0, flipHoriz=False, flipVert=False, image='sin', interpolate=True, mask=None, maskParams=None, name='image_2', opacity=1.0, ori=0.0, pos=array([ 0.,  0.]), size=array([ 1.5,  1.5]), texRes=128, units=u'norm', win=Window(...))
15.6400 	EXP 	Created test_start_txt = TextStim(alignHoriz='center', alignVert='center', antialias=True, autoLog=True, bold=False, color='white', colorSpace='named', contrast=1.0, depth=0.0, flipHoriz=False, flipVert=False, font='Arial', fontFiles=[], height=0.5, italic=False, name='test_start_txt', opacity=1.0, ori=0, pos=array([ 0.,  0.]), rgb=array([ 255.,  255.,  255.]), text=u'+', units=u'norm', win=Window(...), wrapWidth=1)
15.6481 	EXP 	Created image_3 = ImageStim(autoLog=True, color=array([ 1.,  1.,  1.]), colorSpace='rgb', contrast=1.0, depth=-1.0, flipHoriz=False, flipVert=False, image='sin', interpolate=True, mask=None, maskParams=None, name='image_3', opacity=1.0, ori=0.0, pos=array([ 0.,  0.]), size=array([ 1.5,  1.5]), texRes=128, units=u'norm', win=Window(...))
15.6597 	EXP 	Created Timer = TextStim(alignHoriz='center', alignVert='center', antialias=True, autoLog=True, bold=False, color='white', colorSpace='named', contrast=1.0, depth=-3.0, flipHoriz=False, flipVert=False, font='Arial', fontFiles=[], height=0.1, italic=False, name='Timer', opacity=1.0, ori=0, pos=array([ 0.  ,  0.85]), rgb=array([ 255.,  255.,  255.]), text=u'default text', units=u'norm', win=Window(...), wrapWidth=1)
15.6614 	EXP 	Created text = TextStim(alignHoriz='center', alignVert='center', antialias=True, autoLog=True, bold=False, color='white', colorSpace='named', contrast=1.0, depth=-1.0, flipHoriz=False, flipVert=False, font='Arial', fontFiles=[], height=0.1, italic=False, name='text', opacity=1.0, ori=0, pos=array([ 0.,  0.]), rgb=array([ 255.,  255.,  255.]), text='', units=u'norm', win=Window(...), wrapWidth=1)
16.9871 	EXP 	Imported Settings_MRT.xlsx as conditions, 38 conditions, 9 params
16.9881 	EXP 	Created sequence: sequential, trialTypes=38, nReps=1, seed=None
16.9892 	EXP 	New trial (rep=0, index=0): {u'xPos': None, u'probNum': None, u'Img': u'Img/1.jpg', u'CorrKey': u'space', u'TestType': None, u'yPos': None, u'Etc': None, u'CorrAns': u'space', u'Type': u'Inst'}
16.9902 	EXP 	Created sequence: sequential, trialTypes=1, nReps=0, seed=None
16.9906 	EXP 	Created sequence: sequential, trialTypes=1, nReps=0, seed=None
16.9910 	EXP 	Created sequence: sequential, trialTypes=1, nReps=1, seed=None
16.9915 	EXP 	New trial (rep=0, index=0): None
17.1218 	EXP 	image_2: image = u'Img/1.jpg'
17.1218 	EXP 	image_2: autoDraw = True
18.5259 	DATA 	Keypress: space
18.5273 	EXP 	Created sequence: sequential, trialTypes=1, nReps=0, seed=None
18.5285 	EXP 	Created sequence: sequential, trialTypes=1, nReps=0, seed=None
18.5299 	EXP 	New trial (rep=0, index=1): {u'xPos': None, u'probNum': None, u'Img': u'Img/2.jpg', u'CorrKey': u'space', u'TestType': None, u'yPos': None, u'Etc': None, u'CorrAns': u'space', u'Type': u'Inst'}
18.5316 	EXP 	Created sequence: sequential, trialTypes=1, nReps=0, seed=None
18.5323 	EXP 	Created sequence: sequential, trialTypes=1, nReps=0, seed=None
18.5329 	EXP 	Created sequence: sequential, trialTypes=1, nReps=1, seed=None
18.5338 	EXP 	New trial (rep=0, index=0): None
18.6250 	EXP 	image_2: autoDraw = False
18.6250 	EXP 	image_2: image = u'Img/2.jpg'
18.6250 	EXP 	image_2: autoDraw = True
27.1677 	DATA 	Keypress: space
27.1685 	EXP 	Created sequence: sequential, trialTypes=1, nReps=0, seed=None
27.1690 	EXP 	Created sequence: sequential, trialTypes=1, nReps=0, seed=None
27.1700 	EXP 	New trial (rep=0, index=2): {u'xPos': None, u'probNum': None, u'Img': u'Img/3.jpg', u'CorrKey': u'space', u'TestType': None, u'yPos': None, u'Etc': None, u'CorrAns': u'space', u'Type': u'Inst'}
27.1745 	EXP 	Created sequence: sequential, trialTypes=1, nReps=0, seed=None
27.1757 	EXP 	Created sequence: sequential, trialTypes=1, nReps=0, seed=None
27.1766 	EXP 	Created sequence: sequential, trialTypes=1, nReps=1, seed=None
27.1774 	EXP 	New trial (rep=0, index=0): None
27.2837 	EXP 	image_2: autoDraw = False
27.2837 	EXP 	image_2: image = u'Img/3.jpg'
27.2837 	EXP 	image_2: autoDraw = True
50.0166 	DATA 	Keypress: space
50.0182 	EXP 	Created sequence: sequential, trialTypes=1, nReps=0, seed=None
50.0189 	EXP 	Created sequence: sequential, trialTypes=1, nReps=0, seed=None
50.0195 	EXP 	New trial (rep=0, index=3): {u'xPos': -620, u'probNum': None, u'Img': None, u'CorrKey': None, u'TestType': u'OpenSession', u'yPos': 580, u'Etc': None, u'CorrAns': None, u'Type': u'Mouse'}
50.0205 	EXP 	Created sequence: sequential, trialTypes=1, nReps=0, seed=None
50.0210 	EXP 	Created sequence: sequential, trialTypes=1, nReps=0, seed=None
50.0214 	EXP 	Created sequence: sequential, trialTypes=1, nReps=0, seed=None
50.0218 	EXP 	Created sequence: sequential, trialTypes=1, nReps=0, seed=None
50.0222 	EXP 	Created sequence: sequential, trialTypes=1, nReps=1, seed=None
50.0227 	EXP 	New trial (rep=0, index=0): None
50.0499 	EXP 	image_2: autoDraw = False
50.0499 	EXP 	text: autoDraw = True
50.1366 	EXP 	New trial (rep=0, index=4): {u'xPos': None, u'probNum': None, u'Img': u'Img/4.jpg', u'CorrKey': None, u'TestType': u'Background', u'yPos': None, u'Etc': None, u'CorrAns': None, u'Type': u'TimeOut'}
50.1382 	EXP 	Created sequence: sequential, trialTypes=1, nReps=1, seed=None
50.1387 	EXP 	New trial (rep=0, index=0): None
50.2452 	EXP 	text: autoDraw = False
50.2452 	EXP 	image_4: image = u'Img/4.jpg'
50.2452 	EXP 	image_4: autoDraw = True
100.1975 	EXP 	text_2: autoDraw = True
110.1449 	EXP 	Created sequence: sequential, trialTypes=1, nReps=0, seed=None
110.1456 	EXP 	Created sequence: sequential, trialTypes=1, nReps=0, seed=None
110.1462 	EXP 	Created sequence: sequential, trialTypes=1, nReps=0, seed=None
110.1470 	EXP 	Created sequence: sequential, trialTypes=1, nReps=0, seed=None
110.1479 	EXP 	New trial (rep=0, index=5): {u'xPos': 100, u'probNum': None, u'Img': None, u'CorrKey': None, u'TestType': u'Back_to_Test', u'yPos': 100, u'Etc': None, u'CorrAns': None, u'Type': u'Mouse'}
110.1494 	EXP 	Created sequence: sequential, trialTypes=1, nReps=0, seed=None
110.1501 	EXP 	Created sequence: sequential, trialTypes=1, nReps=0, seed=None
110.1508 	EXP 	Created sequence: sequential, trialTypes=1, nReps=0, seed=None
110.1515 	EXP 	Created sequence: sequential, trialTypes=1, nReps=0, seed=None
110.1522 	EXP 	Created sequence: sequential, trialTypes=1, nReps=1, seed=None
110.1539 	EXP 	New trial (rep=0, index=0): None
110.1608 	DATA 	Mouse: Left button down, pos=(100,668)
110.1701 	DATA 	Mouse:  Left button up, pos=(100,668)
110.1936 	EXP 	image_4: autoDraw = False
110.1936 	EXP 	text_2: autoDraw = False
110.1936 	EXP 	image_4: autoDraw = False
110.1936 	EXP 	text_2: autoDraw = False
110.1936 	EXP 	text: autoDraw = True
110.2580 	EXP 	New trial (rep=0, index=6): {u'xPos': None, u'probNum': None, u'Img': u'Img/5.jpg', u'CorrKey': u'space', u'TestType': None, u'yPos': None, u'Etc': None, u'CorrAns': u'space', u'Type': u'Inst'}
110.2604 	EXP 	Created sequence: sequential, trialTypes=1, nReps=0, seed=None
110.2613 	EXP 	Created sequence: sequential, trialTypes=1, nReps=0, seed=None
110.2620 	EXP 	Created sequence: sequential, trialTypes=1, nReps=1, seed=None
110.2629 	EXP 	New trial (rep=0, index=0): None
110.3577 	EXP 	text: autoDraw = False
110.3577 	EXP 	image_2: image = u'Img/5.jpg'
110.3577 	EXP 	image_2: autoDraw = True
117.4261 	DATA 	Keypress: space
117.4421 	EXP 	Created sequence: sequential, trialTypes=1, nReps=0, seed=None
117.4429 	EXP 	Created sequence: sequential, trialTypes=1, nReps=0, seed=None
117.4438 	EXP 	New trial (rep=0, index=7): {u'xPos': None, u'probNum': None, u'Img': u'Img/6.jpg', u'CorrKey': u'space', u'TestType': None, u'yPos': None, u'Etc': None, u'CorrAns': u'space', u'Type': u'Inst'}
117.4452 	EXP 	Created sequence: sequential, trialTypes=1, nReps=0, seed=None
117.4456 	EXP 	Created sequence: sequential, trialTypes=1, nReps=0, seed=None
117.4460 	EXP 	Created sequence: sequential, trialTypes=1, nReps=1, seed=None
117.4465 	EXP 	New trial (rep=0, index=0): None
117.5542 	EXP 	image_2: autoDraw = False
117.5542 	EXP 	image_2: image = u'Img/6.jpg'
117.5542 	EXP 	image_2: autoDraw = True
122.1475 	DATA 	Keypress: space
122.1485 	EXP 	Created sequence: sequential, trialTypes=1, nReps=0, seed=None
122.1493 	EXP 	Created sequence: sequential, trialTypes=1, nReps=0, seed=None
122.1503 	EXP 	New trial (rep=0, index=8): {u'xPos': None, u'probNum': None, u'Img': u'Img/7.jpg', u'CorrKey': None, u'TestType': u'Background', u'yPos': None, u'Etc': None, u'CorrAns': None, u'Type': u'TimeOut'}
122.1518 	EXP 	Created sequence: sequential, trialTypes=1, nReps=1, seed=None
122.1525 	EXP 	New trial (rep=0, index=0): None
122.2437 	EXP 	image_2: autoDraw = False
122.2437 	EXP 	image_4: image = u'Img/7.jpg'
122.2437 	EXP 	image_4: autoDraw = True
172.1828 	EXP 	text_2: autoDraw = True
182.1536 	EXP 	Created sequence: sequential, trialTypes=1, nReps=0, seed=None
182.1541 	EXP 	Created sequence: sequential, trialTypes=1, nReps=0, seed=None
182.1545 	EXP 	Created sequence: sequential, trialTypes=1, nReps=0, seed=None
182.1549 	EXP 	Created sequence: sequential, trialTypes=1, nReps=0, seed=None
182.1556 	EXP 	New trial (rep=0, index=9): {u'xPos': None, u'probNum': None, u'Img': u'Img/8.jpg', u'CorrKey': u'space', u'TestType': None, u'yPos': None, u'Etc': None, u'CorrAns': u'space', u'Type': u'Inst'}
182.1566 	EXP 	Created sequence: sequential, trialTypes=1, nReps=0, seed=None
182.1570 	EXP 	Created sequence: sequential, trialTypes=1, nReps=0, seed=None
182.1575 	EXP 	Created sequence: sequential, trialTypes=1, nReps=1, seed=None
182.1579 	EXP 	New trial (rep=0, index=0): None
182.2553 	EXP 	image_4: autoDraw = False
182.2553 	EXP 	text_2: autoDraw = False
182.2553 	EXP 	image_4: autoDraw = False
182.2553 	EXP 	text_2: autoDraw = False
182.2553 	EXP 	image_2: image = u'Img/8.jpg'
182.2553 	EXP 	image_2: autoDraw = True
193.3844 	DATA 	Keypress: space
193.3863 	EXP 	Created sequence: sequential, trialTypes=1, nReps=0, seed=None
193.3868 	EXP 	Created sequence: sequential, trialTypes=1, nReps=0, seed=None
193.3877 	EXP 	New trial (rep=0, index=10): {u'xPos': None, u'probNum': None, u'Img': u'Img/9.jpg', u'CorrKey': u'space', u'TestType': None, u'yPos': None, u'Etc': None, u'CorrAns': u'space', u'Type': u'Inst'}
193.3896 	EXP 	Created sequence: sequential, trialTypes=1, nReps=0, seed=None
193.3904 	EXP 	Created sequence: sequential, trialTypes=1, nReps=0, seed=None
193.3912 	EXP 	Created sequence: sequential, trialTypes=1, nReps=1, seed=None
193.3920 	EXP 	New trial (rep=0, index=0): None
193.4818 	EXP 	image_2: autoDraw = False
193.4818 	EXP 	image_2: image = u'Img/9.jpg'
193.4818 	EXP 	image_2: autoDraw = True
198.6670 	DATA 	Keypress: space
198.6678 	EXP 	Created sequence: sequential, trialTypes=1, nReps=0, seed=None
198.6682 	EXP 	Created sequence: sequential, trialTypes=1, nReps=0, seed=None
198.6688 	EXP 	New trial (rep=0, index=11): {u'xPos': None, u'probNum': None, u'Img': u'Img/10.jpg', u'CorrKey': u'space', u'TestType': None, u'yPos': None, u'Etc': None, u'CorrAns': u'space', u'Type': u'Inst'}
198.6698 	EXP 	Created sequence: sequential, trialTypes=1, nReps=0, seed=None
198.6703 	EXP 	Created sequence: sequential, trialTypes=1, nReps=0, seed=None
198.6707 	EXP 	Created sequence: sequential, trialTypes=1, nReps=1, seed=None
198.6712 	EXP 	New trial (rep=0, index=0): None
198.7483 	EXP 	image_2: autoDraw = False
198.7483 	EXP 	image_2: image = u'Img/10.jpg'
198.7483 	EXP 	image_2: autoDraw = True
202.2752 	DATA 	Keypress: space
202.2762 	EXP 	Created sequence: sequential, trialTypes=1, nReps=0, seed=None
202.2778 	EXP 	Created sequence: sequential, trialTypes=1, nReps=0, seed=None
202.2789 	EXP 	New trial (rep=0, index=12): {u'xPos': None, u'probNum': None, u'Img': u'Img/11.jpg', u'CorrKey': u'space', u'TestType': None, u'yPos': None, u'Etc': None, u'CorrAns': u'space', u'Type': u'Inst'}
202.2810 	EXP 	Created sequence: sequential, trialTypes=1, nReps=0, seed=None
202.2817 	EXP 	Created sequence: sequential, trialTypes=1, nReps=0, seed=None
202.2825 	EXP 	Created sequence: sequential, trialTypes=1, nReps=1, seed=None
202.2832 	EXP 	New trial (rep=0, index=0): None
202.3761 	EXP 	image_2: autoDraw = False
202.3761 	EXP 	image_2: image = u'Img/11.jpg'
202.3761 	EXP 	image_2: autoDraw = True
204.9953 	DATA 	Keypress: space
204.9963 	EXP 	Created sequence: sequential, trialTypes=1, nReps=0, seed=None
204.9969 	EXP 	Created sequence: sequential, trialTypes=1, nReps=0, seed=None
204.9978 	EXP 	New trial (rep=0, index=13): {u'xPos': None, u'probNum': None, u'Img': u'Img/12.jpg', u'CorrKey': u'left', u'TestType': None, u'yPos': None, u'Etc': None, u'CorrAns': u'same', u'Type': u'Dumm'}
204.9989 	EXP 	Created sequence: sequential, trialTypes=1, nReps=0, seed=None
204.9994 	EXP 	Created sequence: sequential, trialTypes=1, nReps=1, seed=None
204.9998 	EXP 	New trial (rep=0, index=0): None
205.0773 	EXP 	image_2: autoDraw = False
205.0773 	EXP 	image: image = u'Img/12.jpg'
205.0773 	EXP 	dummy_start: autoDraw = True
207.0098 	EXP 	dummy_start: autoDraw = False
207.0265 	EXP 	image: autoDraw = True
216.2247 	DATA 	Keypress: left
216.2739 	EXP 	dummy_start: autoDraw = False
216.2739 	EXP 	image: autoDraw = False
216.2739 	EXP 	message: text = 'Good! \n \n \n Response time = 9.198'
216.2739 	EXP 	message: autoDraw = True
219.2155 	EXP 	Created sequence: sequential, trialTypes=1, nReps=0, seed=None
219.2160 	EXP 	Created sequence: sequential, trialTypes=1, nReps=0, seed=None
219.2164 	EXP 	Created sequence: sequential, trialTypes=1, nReps=0, seed=None
219.2170 	EXP 	New trial (rep=0, index=14): {u'xPos': None, u'probNum': None, u'Img': u'Img/13.jpg', u'CorrKey': u'right', u'TestType': None, u'yPos': None, u'Etc': None, u'CorrAns': u'different', u'Type': u'Dumm'}
219.2180 	EXP 	Created sequence: sequential, trialTypes=1, nReps=0, seed=None
219.2185 	EXP 	Created sequence: sequential, trialTypes=1, nReps=1, seed=None
219.2189 	EXP 	New trial (rep=0, index=0): None
219.2972 	EXP 	message: autoDraw = False
219.2972 	EXP 	message: autoDraw = False
219.2972 	EXP 	image: image = u'Img/13.jpg'
219.2972 	EXP 	dummy_start: autoDraw = True
221.2339 	EXP 	dummy_start: autoDraw = False
221.2538 	EXP 	image: autoDraw = True
231.2624 	EXP 	image: autoDraw = False
231.2624 	EXP 	dummy_start: autoDraw = False
231.2624 	EXP 	image: autoDraw = False
231.2624 	EXP 	message: text = 'Wrong \n \n Response time = 10.000'
231.2624 	EXP 	message: autoDraw = True
234.2108 	EXP 	Created sequence: sequential, trialTypes=1, nReps=0, seed=None
234.2113 	EXP 	Created sequence: sequential, trialTypes=1, nReps=0, seed=None
234.2117 	EXP 	Created sequence: sequential, trialTypes=1, nReps=0, seed=None
234.2123 	EXP 	New trial (rep=0, index=15): {u'xPos': None, u'probNum': None, u'Img': u'Img/14.jpg', u'CorrKey': None, u'TestType': None, u'yPos': None, u'Etc': None, u'CorrAns': None, u'Type': u'Inst'}
234.2134 	EXP 	Created sequence: sequential, trialTypes=1, nReps=0, seed=None
234.2139 	EXP 	Created sequence: sequential, trialTypes=1, nReps=0, seed=None
234.2143 	EXP 	Created sequence: sequential, trialTypes=1, nReps=1, seed=None
234.2148 	EXP 	New trial (rep=0, index=0): None
234.3108 	EXP 	message: autoDraw = False
234.3108 	EXP 	message: autoDraw = False
234.3108 	EXP 	image_2: image = u'Img/14.jpg'
234.3108 	EXP 	image_2: autoDraw = True
251.8447 	DATA 	Keypress: space
251.8462 	EXP 	Created sequence: sequential, trialTypes=1, nReps=0, seed=None
251.8470 	EXP 	Created sequence: sequential, trialTypes=1, nReps=0, seed=None
251.8480 	EXP 	New trial (rep=0, index=16): {u'xPos': None, u'probNum': 1, u'Img': u'Img/MRT1.jpg', u'CorrKey': u'left', u'TestType': u'MRT', u'yPos': None, u'Etc': None, u'CorrAns': u'same', u'Type': u'Test'}
251.8491 	EXP 	Created sequence: sequential, trialTypes=1, nReps=0, seed=None
251.8496 	EXP 	Created sequence: sequential, trialTypes=1, nReps=0, seed=None
251.8501 	EXP 	Created sequence: sequential, trialTypes=1, nReps=0, seed=None
251.8505 	EXP 	Created sequence: sequential, trialTypes=1, nReps=1, seed=None
251.8510 	EXP 	New trial (rep=0, index=0): None
251.9438 	EXP 	image_2: autoDraw = False
251.9438 	EXP 	image_3: image = u'Img/MRT1.jpg'
251.9438 	EXP 	test_start_txt: autoDraw = True
253.8638 	EXP 	test_start_txt: autoDraw = False
253.8810 	EXP 	image_3: autoDraw = True
258.4481 	DATA 	Keypress: left
258.4499 	EXP 	Created sequence: sequential, trialTypes=1, nReps=0, seed=None
258.4505 	EXP 	New trial (rep=0, index=17): {u'xPos': None, u'probNum': 2, u'Img': u'Img/MRT2.jpg', u'CorrKey': u'right', u'TestType': u'MRT', u'yPos': None, u'Etc': None, u'CorrAns': u'different', u'Type': u'Test'}
258.4515 	EXP 	Created sequence: sequential, trialTypes=1, nReps=0, seed=None
258.4520 	EXP 	Created sequence: sequential, trialTypes=1, nReps=0, seed=None
258.4524 	EXP 	Created sequence: sequential, trialTypes=1, nReps=0, seed=None
258.4529 	EXP 	Created sequence: sequential, trialTypes=1, nReps=1, seed=None
258.4535 	EXP 	New trial (rep=0, index=0): None
258.5433 	EXP 	test_start_txt: autoDraw = False
258.5433 	EXP 	image_3: autoDraw = False
258.5433 	EXP 	Timer: autoDraw = False
258.5433 	EXP 	image_3: image = u'Img/MRT2.jpg'
258.5433 	EXP 	test_start_txt: autoDraw = True
260.4667 	EXP 	test_start_txt: autoDraw = False
260.4830 	EXP 	image_3: autoDraw = True
265.3749 	DATA 	Keypress: right
265.3766 	EXP 	Created sequence: sequential, trialTypes=1, nReps=0, seed=None
265.3772 	EXP 	New trial (rep=0, index=18): {u'xPos': None, u'probNum': 3, u'Img': u'Img/MRT3.jpg', u'CorrKey': u'left', u'TestType': u'MRT', u'yPos': None, u'Etc': None, u'CorrAns': u'same', u'Type': u'Test'}
265.3785 	EXP 	Created sequence: sequential, trialTypes=1, nReps=0, seed=None
265.3791 	EXP 	Created sequence: sequential, trialTypes=1, nReps=0, seed=None
265.3795 	EXP 	Created sequence: sequential, trialTypes=1, nReps=0, seed=None
265.3800 	EXP 	Created sequence: sequential, trialTypes=1, nReps=1, seed=None
265.3806 	EXP 	New trial (rep=0, index=0): None
265.4572 	EXP 	test_start_txt: autoDraw = False
265.4572 	EXP 	image_3: autoDraw = False
265.4572 	EXP 	Timer: autoDraw = False
265.4572 	EXP 	image_3: image = u'Img/MRT3.jpg'
265.4572 	EXP 	test_start_txt: autoDraw = True
267.3906 	EXP 	test_start_txt: autoDraw = False
267.4083 	EXP 	image_3: autoDraw = True
274.1942 	DATA 	Keypress: left
274.1983 	EXP 	Created sequence: sequential, trialTypes=1, nReps=0, seed=None
274.1989 	EXP 	New trial (rep=0, index=19): {u'xPos': None, u'probNum': 4, u'Img': u'Img/MRT4.jpg', u'CorrKey': u'left', u'TestType': u'MRT', u'yPos': None, u'Etc': None, u'CorrAns': u'same', u'Type': u'Test'}
274.2000 	EXP 	Created sequence: sequential, trialTypes=1, nReps=0, seed=None
274.2004 	EXP 	Created sequence: sequential, trialTypes=1, nReps=0, seed=None
274.2009 	EXP 	Created sequence: sequential, trialTypes=1, nReps=0, seed=None
274.2013 	EXP 	Created sequence: sequential, trialTypes=1, nReps=1, seed=None
274.2019 	EXP 	New trial (rep=0, index=0): None
274.2777 	EXP 	test_start_txt: autoDraw = False
274.2777 	EXP 	image_3: autoDraw = False
274.2777 	EXP 	Timer: autoDraw = False
274.2777 	EXP 	image_3: image = u'Img/MRT4.jpg'
274.2777 	EXP 	test_start_txt: autoDraw = True
276.2096 	EXP 	test_start_txt: autoDraw = False
276.2262 	EXP 	image_3: autoDraw = True
282.3633 	DATA 	Keypress: left
282.3655 	EXP 	Created sequence: sequential, trialTypes=1, nReps=0, seed=None
282.3665 	EXP 	New trial (rep=0, index=20): {u'xPos': None, u'probNum': 5, u'Img': u'Img/MRT5.jpg', u'CorrKey': u'right', u'TestType': u'MRT', u'yPos': None, u'Etc': None, u'CorrAns': u'different', u'Type': u'Test'}
282.3687 	EXP 	Created sequence: sequential, trialTypes=1, nReps=0, seed=None
282.3700 	EXP 	Created sequence: sequential, trialTypes=1, nReps=0, seed=None
282.3708 	EXP 	Created sequence: sequential, trialTypes=1, nReps=0, seed=None
282.3715 	EXP 	Created sequence: sequential, trialTypes=1, nReps=1, seed=None
282.3722 	EXP 	New trial (rep=0, index=0): None
282.4464 	EXP 	test_start_txt: autoDraw = False
282.4464 	EXP 	image_3: autoDraw = False
282.4464 	EXP 	Timer: autoDraw = False
282.4464 	EXP 	image_3: image = u'Img/MRT5.jpg'
282.4464 	EXP 	test_start_txt: autoDraw = True
284.3837 	EXP 	test_start_txt: autoDraw = False
284.4001 	EXP 	image_3: autoDraw = True
294.4026 	EXP 	Timer: autoDraw = True
295.7344 	DATA 	Keypress: right
295.7430 	EXP 	Created sequence: sequential, trialTypes=1, nReps=0, seed=None
295.7439 	EXP 	New trial (rep=0, index=21): {u'xPos': None, u'probNum': 6, u'Img': u'Img/MRT6.jpg', u'CorrKey': u'right', u'TestType': u'MRT', u'yPos': None, u'Etc': None, u'CorrAns': u'different', u'Type': u'Test'}
295.7456 	EXP 	Created sequence: sequential, trialTypes=1, nReps=0, seed=None
295.7465 	EXP 	Created sequence: sequential, trialTypes=1, nReps=0, seed=None
295.7473 	EXP 	Created sequence: sequential, trialTypes=1, nReps=0, seed=None
295.7481 	EXP 	Created sequence: sequential, trialTypes=1, nReps=1, seed=None
295.7492 	EXP 	New trial (rep=0, index=0): None
295.8338 	EXP 	test_start_txt: autoDraw = False
295.8338 	EXP 	image_3: autoDraw = False
295.8338 	EXP 	Timer: autoDraw = False
295.8338 	EXP 	image_3: image = u'Img/MRT6.jpg'
295.8338 	EXP 	test_start_txt: autoDraw = True
297.7689 	EXP 	test_start_txt: autoDraw = False
297.7689 	EXP 	image_3: autoDraw = True
306.4338 	DATA 	Keypress: right
306.4356 	EXP 	Created sequence: sequential, trialTypes=1, nReps=0, seed=None
306.4362 	EXP 	New trial (rep=0, index=22): {u'xPos': None, u'probNum': 7, u'Img': u'Img/MRT7.jpg', u'CorrKey': u'right', u'TestType': u'MRT', u'yPos': None, u'Etc': None, u'CorrAns': u'different', u'Type': u'Test'}
306.4372 	EXP 	Created sequence: sequential, trialTypes=1, nReps=0, seed=None
306.4377 	EXP 	Created sequence: sequential, trialTypes=1, nReps=0, seed=None
306.4381 	EXP 	Created sequence: sequential, trialTypes=1, nReps=0, seed=None
306.4385 	EXP 	Created sequence: sequential, trialTypes=1, nReps=1, seed=None
306.4390 	EXP 	New trial (rep=0, index=0): None
306.5175 	EXP 	test_start_txt: autoDraw = False
306.5175 	EXP 	image_3: autoDraw = False
306.5175 	EXP 	Timer: autoDraw = False
306.5175 	EXP 	image_3: image = u'Img/MRT7.jpg'
306.5175 	EXP 	test_start_txt: autoDraw = True
308.4509 	EXP 	test_start_txt: autoDraw = False
308.4684 	EXP 	image_3: autoDraw = True
318.4921 	EXP 	Timer: autoDraw = True
318.9475 	DATA 	Keypress: right
318.9579 	EXP 	Created sequence: sequential, trialTypes=1, nReps=0, seed=None
318.9585 	EXP 	New trial (rep=0, index=23): {u'xPos': None, u'probNum': 8, u'Img': u'Img/MRT8.jpg', u'CorrKey': u'left', u'TestType': u'MRT', u'yPos': None, u'Etc': None, u'CorrAns': u'same', u'Type': u'Test'}
318.9599 	EXP 	Created sequence: sequential, trialTypes=1, nReps=0, seed=None
318.9606 	EXP 	Created sequence: sequential, trialTypes=1, nReps=0, seed=None
318.9615 	EXP 	Created sequence: sequential, trialTypes=1, nReps=0, seed=None
318.9620 	EXP 	Created sequence: sequential, trialTypes=1, nReps=1, seed=None
318.9625 	EXP 	New trial (rep=0, index=0): None
319.0301 	EXP 	test_start_txt: autoDraw = False
319.0301 	EXP 	image_3: autoDraw = False
319.0301 	EXP 	Timer: autoDraw = False
319.0301 	EXP 	image_3: image = u'Img/MRT8.jpg'
319.0301 	EXP 	test_start_txt: autoDraw = True
320.9690 	EXP 	test_start_txt: autoDraw = False
320.9863 	EXP 	image_3: autoDraw = True
327.1896 	DATA 	Keypress: left
327.1922 	EXP 	Created sequence: sequential, trialTypes=1, nReps=0, seed=None
327.1928 	EXP 	New trial (rep=0, index=24): {u'xPos': None, u'probNum': 9, u'Img': u'Img/MRT9.jpg', u'CorrKey': u'left', u'TestType': u'MRT', u'yPos': None, u'Etc': None, u'CorrAns': u'same', u'Type': u'Test'}
327.1939 	EXP 	Created sequence: sequential, trialTypes=1, nReps=0, seed=None
327.1944 	EXP 	Created sequence: sequential, trialTypes=1, nReps=0, seed=None
327.1949 	EXP 	Created sequence: sequential, trialTypes=1, nReps=0, seed=None
327.1957 	EXP 	Created sequence: sequential, trialTypes=1, nReps=1, seed=None
327.1965 	EXP 	New trial (rep=0, index=0): None
327.2743 	EXP 	test_start_txt: autoDraw = False
327.2743 	EXP 	image_3: autoDraw = False
327.2743 	EXP 	Timer: autoDraw = False
327.2743 	EXP 	image_3: image = u'Img/MRT9.jpg'
327.2743 	EXP 	test_start_txt: autoDraw = True
329.2006 	EXP 	test_start_txt: autoDraw = False
329.2169 	EXP 	image_3: autoDraw = True
337.8647 	DATA 	Keypress: left
337.8681 	EXP 	Created sequence: sequential, trialTypes=1, nReps=0, seed=None
337.8690 	EXP 	New trial (rep=0, index=25): {u'xPos': None, u'probNum': 10, u'Img': u'Img/MRT10.jpg', u'CorrKey': u'left', u'TestType': u'MRT', u'yPos': None, u'Etc': None, u'CorrAns': u'same', u'Type': u'Test'}
337.8705 	EXP 	Created sequence: sequential, trialTypes=1, nReps=0, seed=None
337.8713 	EXP 	Created sequence: sequential, trialTypes=1, nReps=0, seed=None
337.8719 	EXP 	Created sequence: sequential, trialTypes=1, nReps=0, seed=None
337.8726 	EXP 	Created sequence: sequential, trialTypes=1, nReps=1, seed=None
337.8734 	EXP 	New trial (rep=0, index=0): None
337.9623 	EXP 	test_start_txt: autoDraw = False
337.9623 	EXP 	image_3: autoDraw = False
337.9623 	EXP 	Timer: autoDraw = False
337.9623 	EXP 	image_3: image = u'Img/MRT10.jpg'
337.9623 	EXP 	test_start_txt: autoDraw = True
339.8899 	EXP 	test_start_txt: autoDraw = False
339.9066 	EXP 	image_3: autoDraw = True
344.1988 	DATA 	Keypress: left
344.2017 	EXP 	Created sequence: sequential, trialTypes=1, nReps=0, seed=None
344.2026 	EXP 	New trial (rep=0, index=26): {u'xPos': None, u'probNum': 11, u'Img': u'Img/MRT11.jpg', u'CorrKey': u'right', u'TestType': u'MRT', u'yPos': None, u'Etc': None, u'CorrAns': u'different', u'Type': u'Test'}
344.2041 	EXP 	Created sequence: sequential, trialTypes=1, nReps=0, seed=None
344.2049 	EXP 	Created sequence: sequential, trialTypes=1, nReps=0, seed=None
344.2056 	EXP 	Created sequence: sequential, trialTypes=1, nReps=0, seed=None
344.2062 	EXP 	Created sequence: sequential, trialTypes=1, nReps=1, seed=None
344.2070 	EXP 	New trial (rep=0, index=0): None
344.2830 	EXP 	test_start_txt: autoDraw = False
344.2830 	EXP 	image_3: autoDraw = False
344.2830 	EXP 	Timer: autoDraw = False
344.2830 	EXP 	image_3: image = u'Img/MRT11.jpg'
344.2830 	EXP 	test_start_txt: autoDraw = True
346.2156 	EXP 	test_start_txt: autoDraw = False
346.2330 	EXP 	image_3: autoDraw = True
356.2288 	EXP 	Timer: autoDraw = True
357.4068 	DATA 	Keypress: right
357.4171 	EXP 	Created sequence: sequential, trialTypes=1, nReps=0, seed=None
357.4176 	EXP 	New trial (rep=0, index=27): {u'xPos': None, u'probNum': 12, u'Img': u'Img/MRT12.jpg', u'CorrKey': u'right', u'TestType': u'MRT', u'yPos': None, u'Etc': None, u'CorrAns': u'different', u'Type': u'Test'}
357.4186 	EXP 	Created sequence: sequential, trialTypes=1, nReps=0, seed=None
357.4191 	EXP 	Created sequence: sequential, trialTypes=1, nReps=0, seed=None
357.4195 	EXP 	Created sequence: sequential, trialTypes=1, nReps=0, seed=None
357.4200 	EXP 	Created sequence: sequential, trialTypes=1, nReps=1, seed=None
357.4204 	EXP 	New trial (rep=0, index=0): None
357.5063 	EXP 	test_start_txt: autoDraw = False
357.5063 	EXP 	image_3: autoDraw = False
357.5063 	EXP 	Timer: autoDraw = False
357.5063 	EXP 	image_3: image = u'Img/MRT12.jpg'
357.5063 	EXP 	test_start_txt: autoDraw = True
359.4366 	EXP 	test_start_txt: autoDraw = False
359.4366 	EXP 	image_3: autoDraw = True
369.4493 	EXP 	Timer: autoDraw = True
369.9701 	DATA 	Keypress: left
370.0127 	EXP 	Created sequence: sequential, trialTypes=1, nReps=0, seed=None
370.0133 	EXP 	New trial (rep=0, index=28): {u'xPos': None, u'probNum': 13, u'Img': u'Img/MRT13.jpg', u'CorrKey': u'left', u'TestType': u'MRT', u'yPos': None, u'Etc': None, u'CorrAns': u'same', u'Type': u'Test'}
370.0143 	EXP 	Created sequence: sequential, trialTypes=1, nReps=0, seed=None
370.0147 	EXP 	Created sequence: sequential, trialTypes=1, nReps=0, seed=None
370.0152 	EXP 	Created sequence: sequential, trialTypes=1, nReps=0, seed=None
370.0156 	EXP 	Created sequence: sequential, trialTypes=1, nReps=1, seed=None
370.0160 	EXP 	New trial (rep=0, index=0): None
370.0862 	EXP 	test_start_txt: autoDraw = False
370.0862 	EXP 	image_3: autoDraw = False
370.0862 	EXP 	Timer: autoDraw = False
370.0862 	EXP 	image_3: image = u'Img/MRT13.jpg'
370.0862 	EXP 	test_start_txt: autoDraw = True
372.0299 	EXP 	test_start_txt: autoDraw = False
372.0469 	EXP 	image_3: autoDraw = True
379.3245 	DATA 	Keypress: left
379.3265 	EXP 	Created sequence: sequential, trialTypes=1, nReps=0, seed=None
379.3270 	EXP 	New trial (rep=0, index=29): {u'xPos': None, u'probNum': 14, u'Img': u'Img/MRT14.jpg', u'CorrKey': u'right', u'TestType': u'MRT', u'yPos': None, u'Etc': None, u'CorrAns': u'different', u'Type': u'Test'}
379.3281 	EXP 	Created sequence: sequential, trialTypes=1, nReps=0, seed=None
379.3285 	EXP 	Created sequence: sequential, trialTypes=1, nReps=0, seed=None
379.3290 	EXP 	Created sequence: sequential, trialTypes=1, nReps=0, seed=None
379.3294 	EXP 	Created sequence: sequential, trialTypes=1, nReps=1, seed=None
379.3299 	EXP 	New trial (rep=0, index=0): None
379.4061 	EXP 	test_start_txt: autoDraw = False
379.4061 	EXP 	image_3: autoDraw = False
379.4061 	EXP 	Timer: autoDraw = False
379.4061 	EXP 	image_3: image = u'Img/MRT14.jpg'
379.4061 	EXP 	test_start_txt: autoDraw = True
381.3429 	EXP 	test_start_txt: autoDraw = False
381.3629 	EXP 	image_3: autoDraw = True
391.3565 	EXP 	Timer: autoDraw = True
391.7526 	DATA 	Keypress: left
391.7592 	EXP 	Created sequence: sequential, trialTypes=1, nReps=0, seed=None
391.7598 	EXP 	New trial (rep=0, index=30): {u'xPos': None, u'probNum': 15, u'Img': u'Img/MRT15.jpg', u'CorrKey': u'left', u'TestType': u'MRT', u'yPos': None, u'Etc': None, u'CorrAns': u'same', u'Type': u'Test'}
391.7609 	EXP 	Created sequence: sequential, trialTypes=1, nReps=0, seed=None
391.7616 	EXP 	Created sequence: sequential, trialTypes=1, nReps=0, seed=None
391.7625 	EXP 	Created sequence: sequential, trialTypes=1, nReps=0, seed=None
391.7631 	EXP 	Created sequence: sequential, trialTypes=1, nReps=1, seed=None
391.7636 	EXP 	New trial (rep=0, index=0): None
391.8350 	EXP 	test_start_txt: autoDraw = False
391.8350 	EXP 	image_3: autoDraw = False
391.8350 	EXP 	Timer: autoDraw = False
391.8350 	EXP 	image_3: image = u'Img/MRT15.jpg'
391.8350 	EXP 	test_start_txt: autoDraw = True
393.7720 	EXP 	test_start_txt: autoDraw = False
393.7895 	EXP 	image_3: autoDraw = True
400.8924 	DATA 	Keypress: left
400.8974 	EXP 	Created sequence: sequential, trialTypes=1, nReps=0, seed=None
400.8980 	EXP 	New trial (rep=0, index=31): {u'xPos': None, u'probNum': 16, u'Img': u'Img/MRT16.jpg', u'CorrKey': u'right', u'TestType': u'MRT', u'yPos': None, u'Etc': None, u'CorrAns': u'different', u'Type': u'Test'}
400.8990 	EXP 	Created sequence: sequential, trialTypes=1, nReps=0, seed=None
400.8995 	EXP 	Created sequence: sequential, trialTypes=1, nReps=0, seed=None
400.8999 	EXP 	Created sequence: sequential, trialTypes=1, nReps=0, seed=None
400.9003 	EXP 	Created sequence: sequential, trialTypes=1, nReps=1, seed=None
400.9008 	EXP 	New trial (rep=0, index=0): None
400.9756 	EXP 	test_start_txt: autoDraw = False
400.9756 	EXP 	image_3: autoDraw = False
400.9756 	EXP 	Timer: autoDraw = False
400.9756 	EXP 	image_3: image = u'Img/MRT16.jpg'
400.9756 	EXP 	test_start_txt: autoDraw = True
402.9090 	EXP 	test_start_txt: autoDraw = False
402.9257 	EXP 	image_3: autoDraw = True
409.3314 	DATA 	Keypress: right
409.3333 	EXP 	Created sequence: sequential, trialTypes=1, nReps=0, seed=None
409.3339 	EXP 	New trial (rep=0, index=32): {u'xPos': None, u'probNum': 17, u'Img': u'Img/MRT17.jpg', u'CorrKey': u'left', u'TestType': u'MRT', u'yPos': None, u'Etc': None, u'CorrAns': u'same', u'Type': u'Test'}
409.3349 	EXP 	Created sequence: sequential, trialTypes=1, nReps=0, seed=None
409.3353 	EXP 	Created sequence: sequential, trialTypes=1, nReps=0, seed=None
409.3357 	EXP 	Created sequence: sequential, trialTypes=1, nReps=0, seed=None
409.3361 	EXP 	Created sequence: sequential, trialTypes=1, nReps=1, seed=None
409.3366 	EXP 	New trial (rep=0, index=0): None
409.4119 	EXP 	test_start_txt: autoDraw = False
409.4119 	EXP 	image_3: autoDraw = False
409.4119 	EXP 	Timer: autoDraw = False
409.4119 	EXP 	image_3: image = u'Img/MRT17.jpg'
409.4119 	EXP 	test_start_txt: autoDraw = True
411.3553 	EXP 	test_start_txt: autoDraw = False
411.3553 	EXP 	image_3: autoDraw = True
418.4669 	DATA 	Keypress: left
418.4697 	EXP 	Created sequence: sequential, trialTypes=1, nReps=0, seed=None
418.4709 	EXP 	New trial (rep=0, index=33): {u'xPos': None, u'probNum': 18, u'Img': u'Img/MRT18.jpg', u'CorrKey': u'left', u'TestType': u'MRT', u'yPos': None, u'Etc': None, u'CorrAns': u'same', u'Type': u'Test'}
418.4721 	EXP 	Created sequence: sequential, trialTypes=1, nReps=0, seed=None
418.4726 	EXP 	Created sequence: sequential, trialTypes=1, nReps=0, seed=None
418.4730 	EXP 	Created sequence: sequential, trialTypes=1, nReps=0, seed=None
418.4735 	EXP 	Created sequence: sequential, trialTypes=1, nReps=1, seed=None
418.4740 	EXP 	New trial (rep=0, index=0): None
418.5490 	EXP 	test_start_txt: autoDraw = False
418.5490 	EXP 	image_3: autoDraw = False
418.5490 	EXP 	Timer: autoDraw = False
418.5490 	EXP 	image_3: image = u'Img/MRT18.jpg'
418.5490 	EXP 	test_start_txt: autoDraw = True
420.4924 	EXP 	test_start_txt: autoDraw = False
420.4924 	EXP 	image_3: autoDraw = True
429.0209 	DATA 	Keypress: left
429.0232 	EXP 	Created sequence: sequential, trialTypes=1, nReps=0, seed=None
429.0237 	EXP 	New trial (rep=0, index=34): {u'xPos': None, u'probNum': 19, u'Img': u'Img/MRT19.jpg', u'CorrKey': u'right', u'TestType': u'MRT', u'yPos': None, u'Etc': None, u'CorrAns': u'different', u'Type': u'Test'}
429.0248 	EXP 	Created sequence: sequential, trialTypes=1, nReps=0, seed=None
429.0253 	EXP 	Created sequence: sequential, trialTypes=1, nReps=0, seed=None
429.0258 	EXP 	Created sequence: sequential, trialTypes=1, nReps=0, seed=None
429.0262 	EXP 	Created sequence: sequential, trialTypes=1, nReps=1, seed=None
429.0267 	EXP 	New trial (rep=0, index=0): None
429.1125 	EXP 	test_start_txt: autoDraw = False
429.1125 	EXP 	image_3: autoDraw = False
429.1125 	EXP 	Timer: autoDraw = False
429.1125 	EXP 	image_3: image = u'Img/MRT19.jpg'
429.1125 	EXP 	test_start_txt: autoDraw = True
431.0456 	EXP 	test_start_txt: autoDraw = False
431.0456 	EXP 	image_3: autoDraw = True
441.0755 	EXP 	Timer: autoDraw = True
442.6803 	DATA 	Keypress: right
442.6899 	EXP 	Created sequence: sequential, trialTypes=1, nReps=0, seed=None
442.6905 	EXP 	New trial (rep=0, index=35): {u'xPos': None, u'probNum': 20, u'Img': u'Img/MRT20.jpg', u'CorrKey': u'right', u'TestType': u'MRT', u'yPos': None, u'Etc': None, u'CorrAns': u'different', u'Type': u'Test'}
442.6915 	EXP 	Created sequence: sequential, trialTypes=1, nReps=0, seed=None
442.6920 	EXP 	Created sequence: sequential, trialTypes=1, nReps=0, seed=None
442.6924 	EXP 	Created sequence: sequential, trialTypes=1, nReps=0, seed=None
442.6928 	EXP 	Created sequence: sequential, trialTypes=1, nReps=1, seed=None
442.6933 	EXP 	New trial (rep=0, index=0): None
442.7621 	EXP 	test_start_txt: autoDraw = False
442.7621 	EXP 	image_3: autoDraw = False
442.7621 	EXP 	Timer: autoDraw = False
442.7621 	EXP 	image_3: image = u'Img/MRT20.jpg'
442.7621 	EXP 	test_start_txt: autoDraw = True
444.7175 	EXP 	test_start_txt: autoDraw = False
444.7175 	EXP 	image_3: autoDraw = True
450.4856 	DATA 	Keypress: right
450.4874 	EXP 	Created sequence: sequential, trialTypes=1, nReps=0, seed=None
450.4879 	EXP 	New trial (rep=0, index=36): {u'xPos': None, u'probNum': None, u'Img': u'Img/62.jpg', u'CorrKey': u'space', u'TestType': None, u'yPos': None, u'Etc': None, u'CorrAns': u'space', u'Type': u'Inst'}
450.4889 	EXP 	Created sequence: sequential, trialTypes=1, nReps=0, seed=None
450.4894 	EXP 	Created sequence: sequential, trialTypes=1, nReps=0, seed=None
450.4898 	EXP 	Created sequence: sequential, trialTypes=1, nReps=1, seed=None
450.4902 	EXP 	New trial (rep=0, index=0): None
450.6036 	EXP 	test_start_txt: autoDraw = False
450.6036 	EXP 	image_3: autoDraw = False
450.6036 	EXP 	Timer: autoDraw = False
450.6036 	EXP 	image_2: image = u'Img/62.jpg'
450.6036 	EXP 	image_2: autoDraw = True
454.4696 	DATA 	Keypress: space
454.4709 	EXP 	Created sequence: sequential, trialTypes=1, nReps=0, seed=None
454.4714 	EXP 	Created sequence: sequential, trialTypes=1, nReps=0, seed=None
454.4721 	EXP 	New trial (rep=0, index=37): {u'xPos': -1200, u'probNum': None, u'Img': None, u'CorrKey': None, u'TestType': u'CloseSession', u'yPos': 60, u'Etc': None, u'CorrAns': None, u'Type': u'Mouse'}
454.4744 	EXP 	Created sequence: sequential, trialTypes=1, nReps=0, seed=None
454.4752 	EXP 	Created sequence: sequential, trialTypes=1, nReps=0, seed=None
454.4759 	EXP 	Created sequence: sequential, trialTypes=1, nReps=0, seed=None
454.4765 	EXP 	Created sequence: sequential, trialTypes=1, nReps=0, seed=None
454.4771 	EXP 	Created sequence: sequential, trialTypes=1, nReps=1, seed=None
454.4778 	EXP 	New trial (rep=0, index=0): None
454.7752 	EXP 	window1: mouseVisible = True
