13.8261 	EXP 	Created window1 = Window(allowGUI=False, allowStencil=False, autoLog=True, bitsMode=UNKNOWN, blendMode='avg', color=array([ 0.,  0.,  0.]), colorSpace='rgb', fullscr=UNKNOWN, gamma=None, lms=UNKNOWN, monitor=<psychopy.monitors.calibTools.Monitor instance at 0x053A5670>, name='window1', pos=[0, 0], screen=0, size=array([1366,  768]), stereo=False, units=u'norm', useFBO=True, viewOri=0.0, viewPos=None, viewScale=None, waitBlanking=True, winType='pyglet')
13.8261 	EXP 	window1: recordFrameIntervals = False
14.0068 	EXP 	window1: recordFrameIntervals = True
14.1067 	WARNING 	t of last frame was 29.78ms (=1/33)
14.2771 	EXP 	window1: recordFrameIntervals = False
14.2852 	EXP 	Created image_4 = ImageStim(autoLog=True, color=array([ 1.,  1.,  1.]), colorSpace='rgb', contrast=1.0, depth=0.0, flipHoriz=False, flipVert=False, image='sin', interpolate=True, mask=None, maskParams=None, name='image_4', opacity=1.0, ori=0.0, pos=array([ 0.,  0.]), size=array([ 1.5,  1.5]), texRes=128, units=u'norm', win=Window(...))
14.5056 	EXP 	Created text_2 = TextStim(alignHoriz='center', alignVert='center', antialias=True, autoLog=True, bold=False, color='white', colorSpace='named', contrast=1.0, depth=-2.0, flipHoriz=False, flipVert=False, font='Arial', fontFiles=[], height=0.1, italic=False, name='text_2', opacity=1.0, ori=0, pos=array([ 0.  ,  0.85]), rgb=array([ 255.,  255.,  255.]), text=u'default text', units=u'norm', win=Window(...), wrapWidth=1)
14.5340 	EXP 	Created dummy_start = TextStim(alignHoriz='center', alignVert='center', antialias=True, autoLog=True, bold=False, color='white', colorSpace='named', contrast=1.0, depth=0.0, flipHoriz=False, flipVert=False, font='Arial', fontFiles=[], height=0.5, italic=False, name='dummy_start', opacity=1.0, ori=0, pos=array([ 0.,  0.]), rgb=array([ 255.,  255.,  255.]), text=u'+', units=u'norm', win=Window(...), wrapWidth=1)
14.5394 	EXP 	Created image = ImageStim(autoLog=True, color=array([ 1.,  1.,  1.]), colorSpace='rgb', contrast=1.0, depth=-1.0, flipHoriz=False, flipVert=False, image='sin', interpolate=True, mask=None, maskParams=None, name='image', opacity=1.0, ori=0.0, pos=array([ 0.,  0.]), size=array([ 1.6,  1.6]), texRes=128, units=u'norm', win=Window(...))
14.5505 	EXP 	Created message = TextStim(alignHoriz='center', alignVert='center', antialias=True, autoLog=True, bold=False, color='white', colorSpace='named', contrast=1.0, depth=-1.0, flipHoriz=False, flipVert=False, font='Arial', fontFiles=[], height=0.1, italic=False, name='message', opacity=1.0, ori=0, pos=array([ 0.,  0.]), rgb=array([ 255.,  255.,  255.]), text=u'default text', units=u'norm', win=Window(...), wrapWidth=1)
14.5555 	EXP 	Created image_2 = ImageStim(autoLog=True, color=array([ 1.,  1.,  1.]), colorSpace='rgb', contrast=1.0, depth=0.0, flipHoriz=False, flipVert=False, image='sin', interpolate=True, mask=None, maskParams=None, name='image_2', opacity=1.0, ori=0.0, pos=array([ 0.,  0.]), size=array([ 1.5,  1.5]), texRes=128, units=u'norm', win=Window(...))
14.5614 	EXP 	Created test_start_txt = TextStim(alignHoriz='center', alignVert='center', antialias=True, autoLog=True, bold=False, color='white', colorSpace='named', contrast=1.0, depth=0.0, flipHoriz=False, flipVert=False, font='Arial', fontFiles=[], height=0.5, italic=False, name='test_start_txt', opacity=1.0, ori=0, pos=array([ 0.,  0.]), rgb=array([ 255.,  255.,  255.]), text=u'+', units=u'norm', win=Window(...), wrapWidth=1)
14.5664 	EXP 	Created image_3 = ImageStim(autoLog=True, color=array([ 1.,  1.,  1.]), colorSpace='rgb', contrast=1.0, depth=-1.0, flipHoriz=False, flipVert=False, image='sin', interpolate=True, mask=None, maskParams=None, name='image_3', opacity=1.0, ori=0.0, pos=array([ 0.,  0.]), size=array([ 1.5,  1.5]), texRes=128, units=u'norm', win=Window(...))
14.5780 	EXP 	Created Timer = TextStim(alignHoriz='center', alignVert='center', antialias=True, autoLog=True, bold=False, color='white', colorSpace='named', contrast=1.0, depth=-3.0, flipHoriz=False, flipVert=False, font='Arial', fontFiles=[], height=0.1, italic=False, name='Timer', opacity=1.0, ori=0, pos=array([ 0.  ,  0.85]), rgb=array([ 255.,  255.,  255.]), text=u'default text', units=u'norm', win=Window(...), wrapWidth=1)
14.5797 	EXP 	Created text = TextStim(alignHoriz='center', alignVert='center', antialias=True, autoLog=True, bold=False, color='white', colorSpace='named', contrast=1.0, depth=-1.0, flipHoriz=False, flipVert=False, font='Arial', fontFiles=[], height=0.1, italic=False, name='text', opacity=1.0, ori=0, pos=array([ 0.,  0.]), rgb=array([ 255.,  255.,  255.]), text='', units=u'norm', win=Window(...), wrapWidth=1)
16.3066 	EXP 	Imported Settings_ConCube.xlsx as conditions, 36 conditions, 8 params
16.3075 	EXP 	Created sequence: sequential, trialTypes=36, nReps=1, seed=None
16.3085 	EXP 	New trial (rep=0, index=0): {u'xPos': None, u'probNum': None, u'Img': u'Img/30.jpg', u'CorrKey': u'space', u'TestType': None, u'yPos': None, u'CorrAns': u'space', u'Type': u'Inst'}
16.3093 	EXP 	Created sequence: sequential, trialTypes=1, nReps=0, seed=None
16.3098 	EXP 	Created sequence: sequential, trialTypes=1, nReps=0, seed=None
16.3102 	EXP 	Created sequence: sequential, trialTypes=1, nReps=1, seed=None
16.3106 	EXP 	New trial (rep=0, index=0): None
16.4442 	EXP 	image_2: image = u'Img/30.jpg'
16.4442 	EXP 	image_2: autoDraw = True
30.2970 	DATA 	Keypress: space
30.2977 	EXP 	Created sequence: sequential, trialTypes=1, nReps=0, seed=None
30.2982 	EXP 	Created sequence: sequential, trialTypes=1, nReps=0, seed=None
30.2988 	EXP 	New trial (rep=0, index=1): {u'xPos': None, u'probNum': None, u'Img': u'Img/31.jpg', u'CorrKey': u'space', u'TestType': None, u'yPos': None, u'CorrAns': u'space', u'Type': u'Inst'}
30.2997 	EXP 	Created sequence: sequential, trialTypes=1, nReps=0, seed=None
30.3001 	EXP 	Created sequence: sequential, trialTypes=1, nReps=0, seed=None
30.3005 	EXP 	Created sequence: sequential, trialTypes=1, nReps=1, seed=None
30.3010 	EXP 	New trial (rep=0, index=0): None
30.3970 	EXP 	image_2: autoDraw = False
30.3970 	EXP 	image_2: image = u'Img/31.jpg'
30.3970 	EXP 	image_2: autoDraw = True
31.4672 	DATA 	Keypress: space
31.4684 	EXP 	Created sequence: sequential, trialTypes=1, nReps=0, seed=None
31.4691 	EXP 	Created sequence: sequential, trialTypes=1, nReps=0, seed=None
31.4700 	EXP 	New trial (rep=0, index=2): {u'xPos': None, u'probNum': None, u'Img': u'Img/32.jpg', u'CorrKey': u'space', u'TestType': None, u'yPos': None, u'CorrAns': u'space', u'Type': u'Inst'}
31.4715 	EXP 	Created sequence: sequential, trialTypes=1, nReps=0, seed=None
31.4721 	EXP 	Created sequence: sequential, trialTypes=1, nReps=0, seed=None
31.4728 	EXP 	Created sequence: sequential, trialTypes=1, nReps=1, seed=None
31.4736 	EXP 	New trial (rep=0, index=0): None
31.5682 	EXP 	image_2: autoDraw = False
31.5682 	EXP 	image_2: image = u'Img/32.jpg'
31.5682 	EXP 	image_2: autoDraw = True
36.4349 	DATA 	Keypress: space
36.4357 	EXP 	Created sequence: sequential, trialTypes=1, nReps=0, seed=None
36.4361 	EXP 	Created sequence: sequential, trialTypes=1, nReps=0, seed=None
36.4368 	EXP 	New trial (rep=0, index=3): {u'xPos': None, u'probNum': None, u'Img': u'Img/33.jpg', u'CorrKey': u'space', u'TestType': None, u'yPos': None, u'CorrAns': u'space', u'Type': u'Inst'}
36.4378 	EXP 	Created sequence: sequential, trialTypes=1, nReps=0, seed=None
36.4385 	EXP 	Created sequence: sequential, trialTypes=1, nReps=0, seed=None
36.4392 	EXP 	Created sequence: sequential, trialTypes=1, nReps=1, seed=None
36.4399 	EXP 	New trial (rep=0, index=0): None
36.5347 	EXP 	image_2: autoDraw = False
36.5347 	EXP 	image_2: image = u'Img/33.jpg'
36.5347 	EXP 	image_2: autoDraw = True
38.3438 	DATA 	Keypress: space
38.3446 	EXP 	Created sequence: sequential, trialTypes=1, nReps=0, seed=None
38.3450 	EXP 	Created sequence: sequential, trialTypes=1, nReps=0, seed=None
38.3456 	EXP 	New trial (rep=0, index=4): {u'xPos': None, u'probNum': None, u'Img': u'Img/34.jpg', u'CorrKey': u'left', u'TestType': None, u'yPos': None, u'CorrAns': u'left', u'Type': u'Dumm'}
38.3466 	EXP 	Created sequence: sequential, trialTypes=1, nReps=0, seed=None
38.3471 	EXP 	Created sequence: sequential, trialTypes=1, nReps=1, seed=None
38.3475 	EXP 	New trial (rep=0, index=0): None
38.4455 	EXP 	image_2: autoDraw = False
38.4455 	EXP 	image: image = u'Img/34.jpg'
38.4455 	EXP 	dummy_start: autoDraw = True
40.3614 	EXP 	dummy_start: autoDraw = False
40.3773 	EXP 	image: autoDraw = True
44.1988 	DATA 	Keypress: left
44.2864 	EXP 	dummy_start: autoDraw = False
44.2864 	EXP 	image: autoDraw = False
44.2864 	EXP 	message: text = 'Good! \n \n \n Response time = 3.822'
44.2864 	EXP 	message: autoDraw = True
47.1976 	EXP 	Created sequence: sequential, trialTypes=1, nReps=0, seed=None
47.1981 	EXP 	Created sequence: sequential, trialTypes=1, nReps=0, seed=None
47.1985 	EXP 	Created sequence: sequential, trialTypes=1, nReps=0, seed=None
47.1992 	EXP 	New trial (rep=0, index=5): {u'xPos': None, u'probNum': None, u'Img': u'Img/35.jpg', u'CorrKey': u'right', u'TestType': None, u'yPos': None, u'CorrAns': u'right', u'Type': u'Dumm'}
47.2002 	EXP 	Created sequence: sequential, trialTypes=1, nReps=0, seed=None
47.2008 	EXP 	Created sequence: sequential, trialTypes=1, nReps=1, seed=None
47.2016 	EXP 	New trial (rep=0, index=0): None
47.2968 	EXP 	message: autoDraw = False
47.2968 	EXP 	message: autoDraw = False
47.2968 	EXP 	image: image = u'Img/35.jpg'
47.2968 	EXP 	dummy_start: autoDraw = True
49.2213 	EXP 	dummy_start: autoDraw = False
49.2213 	EXP 	image: autoDraw = True
59.2559 	EXP 	image: autoDraw = False
59.2559 	EXP 	dummy_start: autoDraw = False
59.2559 	EXP 	image: autoDraw = False
59.2559 	EXP 	message: text = 'Wrong \n \n Response time = 10.000'
59.2559 	EXP 	message: autoDraw = True
62.1961 	EXP 	Created sequence: sequential, trialTypes=1, nReps=0, seed=None
62.1971 	EXP 	Created sequence: sequential, trialTypes=1, nReps=0, seed=None
62.1981 	EXP 	Created sequence: sequential, trialTypes=1, nReps=0, seed=None
62.1991 	EXP 	New trial (rep=0, index=6): {u'xPos': None, u'probNum': None, u'Img': u'Img/36.jpg', u'CorrKey': u'space', u'TestType': None, u'yPos': None, u'CorrAns': u'space', u'Type': u'Inst'}
62.2000 	EXP 	Created sequence: sequential, trialTypes=1, nReps=0, seed=None
62.2004 	EXP 	Created sequence: sequential, trialTypes=1, nReps=0, seed=None
62.2009 	EXP 	Created sequence: sequential, trialTypes=1, nReps=1, seed=None
62.2013 	EXP 	New trial (rep=0, index=0): None
62.2965 	EXP 	message: autoDraw = False
62.2965 	EXP 	message: autoDraw = False
62.2965 	EXP 	image_2: image = u'Img/36.jpg'
62.2965 	EXP 	image_2: autoDraw = True
92.5255 	DATA 	Keypress: space
92.5264 	EXP 	Created sequence: sequential, trialTypes=1, nReps=0, seed=None
92.5269 	EXP 	Created sequence: sequential, trialTypes=1, nReps=0, seed=None
92.5275 	EXP 	New trial (rep=0, index=7): {u'xPos': -620, u'probNum': None, u'Img': None, u'CorrKey': None, u'TestType': u'OpenSession', u'yPos': 580, u'CorrAns': None, u'Type': u'Mouse'}
92.5284 	EXP 	Created sequence: sequential, trialTypes=1, nReps=0, seed=None
92.5288 	EXP 	Created sequence: sequential, trialTypes=1, nReps=0, seed=None
92.5292 	EXP 	Created sequence: sequential, trialTypes=1, nReps=0, seed=None
92.5296 	EXP 	Created sequence: sequential, trialTypes=1, nReps=0, seed=None
92.5300 	EXP 	Created sequence: sequential, trialTypes=1, nReps=1, seed=None
92.5305 	EXP 	New trial (rep=0, index=0): None
92.5654 	EXP 	image_2: autoDraw = False
92.5654 	EXP 	text: autoDraw = True
92.6396 	EXP 	New trial (rep=0, index=8): {u'xPos': 100, u'probNum': None, u'Img': None, u'CorrKey': None, u'TestType': u'Back_to_Test', u'yPos': 100, u'CorrAns': None, u'Type': u'Mouse'}
92.6427 	EXP 	Created sequence: sequential, trialTypes=1, nReps=0, seed=None
92.6437 	EXP 	Created sequence: sequential, trialTypes=1, nReps=0, seed=None
92.6444 	EXP 	Created sequence: sequential, trialTypes=1, nReps=0, seed=None
92.6451 	EXP 	Created sequence: sequential, trialTypes=1, nReps=0, seed=None
92.6457 	EXP 	Created sequence: sequential, trialTypes=1, nReps=1, seed=None
92.6466 	EXP 	New trial (rep=0, index=0): None
92.6570 	DATA 	Mouse: Left button down, pos=(100,668)
92.6676 	DATA 	Mouse:  Left button up, pos=(100,668)
92.6824 	EXP 	text: autoDraw = False
92.6824 	EXP 	text: autoDraw = True
92.7473 	EXP 	New trial (rep=0, index=9): {u'xPos': None, u'probNum': 1, u'Img': u'Img/37.jpg', u'CorrKey': u'right', u'TestType': u'ConnectCube', u'yPos': None, u'CorrAns': u'right', u'Type': u'Test'}
92.7483 	EXP 	Created sequence: sequential, trialTypes=1, nReps=0, seed=None
92.7518 	EXP 	Created sequence: sequential, trialTypes=1, nReps=0, seed=None
92.7523 	EXP 	Created sequence: sequential, trialTypes=1, nReps=0, seed=None
92.7528 	EXP 	Created sequence: sequential, trialTypes=1, nReps=1, seed=None
92.7533 	EXP 	New trial (rep=0, index=0): None
92.8471 	EXP 	text: autoDraw = False
92.8471 	EXP 	image_3: image = u'Img/37.jpg'
92.8471 	EXP 	test_start_txt: autoDraw = True
94.7654 	EXP 	test_start_txt: autoDraw = False
94.7821 	EXP 	image_3: autoDraw = True
99.2009 	DATA 	Keypress: right
99.2037 	EXP 	Created sequence: sequential, trialTypes=1, nReps=0, seed=None
99.2045 	EXP 	New trial (rep=0, index=10): {u'xPos': None, u'probNum': 2, u'Img': u'Img/38.jpg', u'CorrKey': u'left', u'TestType': u'ConnectCube', u'yPos': None, u'CorrAns': u'left', u'Type': u'Test'}
99.2056 	EXP 	Created sequence: sequential, trialTypes=1, nReps=0, seed=None
99.2060 	EXP 	Created sequence: sequential, trialTypes=1, nReps=0, seed=None
99.2064 	EXP 	Created sequence: sequential, trialTypes=1, nReps=0, seed=None
99.2068 	EXP 	Created sequence: sequential, trialTypes=1, nReps=1, seed=None
99.2073 	EXP 	New trial (rep=0, index=0): None
99.3005 	EXP 	test_start_txt: autoDraw = False
99.3005 	EXP 	image_3: autoDraw = False
99.3005 	EXP 	Timer: autoDraw = False
99.3005 	EXP 	image_3: image = u'Img/38.jpg'
99.3005 	EXP 	test_start_txt: autoDraw = True
101.2264 	EXP 	test_start_txt: autoDraw = False
101.2264 	EXP 	image_3: autoDraw = True
104.4063 	DATA 	Keypress: left
104.4081 	EXP 	Created sequence: sequential, trialTypes=1, nReps=0, seed=None
104.4087 	EXP 	New trial (rep=0, index=11): {u'xPos': None, u'probNum': 3, u'Img': u'Img/39.jpg', u'CorrKey': u'left', u'TestType': u'ConnectCube', u'yPos': None, u'CorrAns': u'left', u'Type': u'Test'}
104.4096 	EXP 	Created sequence: sequential, trialTypes=1, nReps=0, seed=None
104.4100 	EXP 	Created sequence: sequential, trialTypes=1, nReps=0, seed=None
104.4104 	EXP 	Created sequence: sequential, trialTypes=1, nReps=0, seed=None
104.4109 	EXP 	Created sequence: sequential, trialTypes=1, nReps=1, seed=None
104.4113 	EXP 	New trial (rep=0, index=0): None
104.4893 	EXP 	test_start_txt: autoDraw = False
104.4893 	EXP 	image_3: autoDraw = False
104.4893 	EXP 	Timer: autoDraw = False
104.4893 	EXP 	image_3: image = u'Img/39.jpg'
104.4893 	EXP 	test_start_txt: autoDraw = True
106.4221 	EXP 	test_start_txt: autoDraw = False
106.4383 	EXP 	image_3: autoDraw = True
114.7407 	DATA 	Keypress: left
114.7582 	EXP 	Created sequence: sequential, trialTypes=1, nReps=0, seed=None
114.7588 	EXP 	New trial (rep=0, index=12): {u'xPos': None, u'probNum': 4, u'Img': u'Img/40.jpg', u'CorrKey': u'right', u'TestType': u'ConnectCube', u'yPos': None, u'CorrAns': u'right', u'Type': u'Test'}
114.7597 	EXP 	Created sequence: sequential, trialTypes=1, nReps=0, seed=None
114.7601 	EXP 	Created sequence: sequential, trialTypes=1, nReps=0, seed=None
114.7606 	EXP 	Created sequence: sequential, trialTypes=1, nReps=0, seed=None
114.7614 	EXP 	Created sequence: sequential, trialTypes=1, nReps=1, seed=None
114.7622 	EXP 	New trial (rep=0, index=0): None
114.8564 	EXP 	test_start_txt: autoDraw = False
114.8564 	EXP 	image_3: autoDraw = False
114.8564 	EXP 	Timer: autoDraw = False
114.8564 	EXP 	image_3: image = u'Img/40.jpg'
114.8564 	EXP 	test_start_txt: autoDraw = True
116.7816 	EXP 	test_start_txt: autoDraw = False
116.7816 	EXP 	image_3: autoDraw = True
122.3172 	DATA 	Keypress: right
122.3190 	EXP 	Created sequence: sequential, trialTypes=1, nReps=0, seed=None
122.3195 	EXP 	New trial (rep=0, index=13): {u'xPos': None, u'probNum': 5, u'Img': u'Img/41.jpg', u'CorrKey': u'right', u'TestType': u'ConnectCube', u'yPos': None, u'CorrAns': u'right', u'Type': u'Test'}
122.3205 	EXP 	Created sequence: sequential, trialTypes=1, nReps=0, seed=None
122.3209 	EXP 	Created sequence: sequential, trialTypes=1, nReps=0, seed=None
122.3214 	EXP 	Created sequence: sequential, trialTypes=1, nReps=0, seed=None
122.3218 	EXP 	Created sequence: sequential, trialTypes=1, nReps=1, seed=None
122.3222 	EXP 	New trial (rep=0, index=0): None
122.4177 	EXP 	test_start_txt: autoDraw = False
122.4177 	EXP 	image_3: autoDraw = False
122.4177 	EXP 	Timer: autoDraw = False
122.4177 	EXP 	image_3: image = u'Img/41.jpg'
122.4177 	EXP 	test_start_txt: autoDraw = True
124.3313 	EXP 	test_start_txt: autoDraw = False
124.3459 	EXP 	image_3: autoDraw = True
127.9871 	DATA 	Keypress: right
127.9889 	EXP 	Created sequence: sequential, trialTypes=1, nReps=0, seed=None
127.9897 	EXP 	New trial (rep=0, index=14): {u'xPos': None, u'probNum': 6, u'Img': u'Img/42.jpg', u'CorrKey': u'right', u'TestType': u'ConnectCube', u'yPos': None, u'CorrAns': u'right', u'Type': u'Test'}
127.9913 	EXP 	Created sequence: sequential, trialTypes=1, nReps=0, seed=None
127.9921 	EXP 	Created sequence: sequential, trialTypes=1, nReps=0, seed=None
127.9929 	EXP 	Created sequence: sequential, trialTypes=1, nReps=0, seed=None
127.9935 	EXP 	Created sequence: sequential, trialTypes=1, nReps=1, seed=None
127.9941 	EXP 	New trial (rep=0, index=0): None
128.0960 	EXP 	test_start_txt: autoDraw = False
128.0960 	EXP 	image_3: autoDraw = False
128.0960 	EXP 	Timer: autoDraw = False
128.0960 	EXP 	image_3: image = u'Img/42.jpg'
128.0960 	EXP 	test_start_txt: autoDraw = True
130.0260 	EXP 	test_start_txt: autoDraw = False
130.0260 	EXP 	image_3: autoDraw = True
139.5501 	DATA 	Keypress: left
139.5673 	EXP 	Created sequence: sequential, trialTypes=1, nReps=0, seed=None
139.5679 	EXP 	New trial (rep=0, index=15): {u'xPos': None, u'probNum': 7, u'Img': u'Img/43.jpg', u'CorrKey': u'left', u'TestType': u'ConnectCube', u'yPos': None, u'CorrAns': u'left', u'Type': u'Test'}
139.5691 	EXP 	Created sequence: sequential, trialTypes=1, nReps=0, seed=None
139.5702 	EXP 	Created sequence: sequential, trialTypes=1, nReps=0, seed=None
139.5708 	EXP 	Created sequence: sequential, trialTypes=1, nReps=0, seed=None
139.5715 	EXP 	Created sequence: sequential, trialTypes=1, nReps=1, seed=None
139.5723 	EXP 	New trial (rep=0, index=0): None
139.6657 	EXP 	test_start_txt: autoDraw = False
139.6657 	EXP 	image_3: autoDraw = False
139.6657 	EXP 	Timer: autoDraw = False
139.6657 	EXP 	image_3: image = u'Img/43.jpg'
139.6657 	EXP 	test_start_txt: autoDraw = True
141.5781 	EXP 	test_start_txt: autoDraw = False
141.5947 	EXP 	image_3: autoDraw = True
151.6201 	EXP 	Timer: autoDraw = True
151.8222 	DATA 	Keypress: left
151.8285 	EXP 	Created sequence: sequential, trialTypes=1, nReps=0, seed=None
151.8291 	EXP 	New trial (rep=0, index=16): {u'xPos': None, u'probNum': 8, u'Img': u'Img/44.jpg', u'CorrKey': u'left', u'TestType': u'ConnectCube', u'yPos': None, u'CorrAns': u'left', u'Type': u'Test'}
151.8300 	EXP 	Created sequence: sequential, trialTypes=1, nReps=0, seed=None
151.8304 	EXP 	Created sequence: sequential, trialTypes=1, nReps=0, seed=None
151.8308 	EXP 	Created sequence: sequential, trialTypes=1, nReps=0, seed=None
151.8312 	EXP 	Created sequence: sequential, trialTypes=1, nReps=1, seed=None
151.8317 	EXP 	New trial (rep=0, index=0): None
151.9202 	EXP 	test_start_txt: autoDraw = False
151.9202 	EXP 	image_3: autoDraw = False
151.9202 	EXP 	Timer: autoDraw = False
151.9202 	EXP 	image_3: image = u'Img/44.jpg'
151.9202 	EXP 	test_start_txt: autoDraw = True
153.8523 	EXP 	test_start_txt: autoDraw = False
153.8523 	EXP 	image_3: autoDraw = True
163.8854 	EXP 	Timer: autoDraw = True
167.2091 	DATA 	Keypress: left
167.2416 	EXP 	Created sequence: sequential, trialTypes=1, nReps=0, seed=None
167.2422 	EXP 	New trial (rep=0, index=17): {u'xPos': None, u'probNum': 9, u'Img': u'Img/45.jpg', u'CorrKey': u'right', u'TestType': u'ConnectCube', u'yPos': None, u'CorrAns': u'right', u'Type': u'Test'}
167.2431 	EXP 	Created sequence: sequential, trialTypes=1, nReps=0, seed=None
167.2442 	EXP 	Created sequence: sequential, trialTypes=1, nReps=0, seed=None
167.2448 	EXP 	Created sequence: sequential, trialTypes=1, nReps=0, seed=None
167.2453 	EXP 	Created sequence: sequential, trialTypes=1, nReps=1, seed=None
167.2458 	EXP 	New trial (rep=0, index=0): None
167.3667 	EXP 	test_start_txt: autoDraw = False
167.3667 	EXP 	image_3: autoDraw = False
167.3667 	EXP 	Timer: autoDraw = False
167.3667 	EXP 	image_3: image = u'Img/45.jpg'
167.3667 	EXP 	test_start_txt: autoDraw = True
169.2588 	EXP 	test_start_txt: autoDraw = False
169.2753 	EXP 	image_3: autoDraw = True
172.7826 	DATA 	Keypress: right
172.7844 	EXP 	Created sequence: sequential, trialTypes=1, nReps=0, seed=None
172.7849 	EXP 	New trial (rep=0, index=18): {u'xPos': None, u'probNum': 10, u'Img': u'Img/46.jpg', u'CorrKey': u'right', u'TestType': u'ConnectCube', u'yPos': None, u'CorrAns': u'right', u'Type': u'Test'}
172.7858 	EXP 	Created sequence: sequential, trialTypes=1, nReps=0, seed=None
172.7863 	EXP 	Created sequence: sequential, trialTypes=1, nReps=0, seed=None
172.7867 	EXP 	Created sequence: sequential, trialTypes=1, nReps=0, seed=None
172.7871 	EXP 	Created sequence: sequential, trialTypes=1, nReps=1, seed=None
172.7876 	EXP 	New trial (rep=0, index=0): None
172.8785 	EXP 	test_start_txt: autoDraw = False
172.8785 	EXP 	image_3: autoDraw = False
172.8785 	EXP 	Timer: autoDraw = False
172.8785 	EXP 	image_3: image = u'Img/46.jpg'
172.8785 	EXP 	test_start_txt: autoDraw = True
174.7920 	EXP 	test_start_txt: autoDraw = False
174.8085 	EXP 	image_3: autoDraw = True
180.8169 	DATA 	Keypress: right
180.8187 	EXP 	Created sequence: sequential, trialTypes=1, nReps=0, seed=None
180.8193 	EXP 	New trial (rep=0, index=19): {u'xPos': None, u'probNum': 11, u'Img': u'Img/47.jpg', u'CorrKey': u'left', u'TestType': u'ConnectCube', u'yPos': None, u'CorrAns': u'left', u'Type': u'Test'}
180.8202 	EXP 	Created sequence: sequential, trialTypes=1, nReps=0, seed=None
180.8207 	EXP 	Created sequence: sequential, trialTypes=1, nReps=0, seed=None
180.8213 	EXP 	Created sequence: sequential, trialTypes=1, nReps=0, seed=None
180.8224 	EXP 	Created sequence: sequential, trialTypes=1, nReps=1, seed=None
180.8234 	EXP 	New trial (rep=0, index=0): None
180.9165 	EXP 	test_start_txt: autoDraw = False
180.9165 	EXP 	image_3: autoDraw = False
180.9165 	EXP 	Timer: autoDraw = False
180.9165 	EXP 	image_3: image = u'Img/47.jpg'
180.9165 	EXP 	test_start_txt: autoDraw = True
182.8418 	EXP 	test_start_txt: autoDraw = False
182.8418 	EXP 	image_3: autoDraw = True
189.6660 	DATA 	Keypress: left
189.6678 	EXP 	Created sequence: sequential, trialTypes=1, nReps=0, seed=None
189.6689 	EXP 	New trial (rep=0, index=20): {u'xPos': None, u'probNum': 12, u'Img': u'Img/48.jpg', u'CorrKey': u'left', u'TestType': u'ConnectCube', u'yPos': None, u'CorrAns': u'left', u'Type': u'Test'}
189.6706 	EXP 	Created sequence: sequential, trialTypes=1, nReps=0, seed=None
189.6715 	EXP 	Created sequence: sequential, trialTypes=1, nReps=0, seed=None
189.6722 	EXP 	Created sequence: sequential, trialTypes=1, nReps=0, seed=None
189.6729 	EXP 	Created sequence: sequential, trialTypes=1, nReps=1, seed=None
189.6736 	EXP 	New trial (rep=0, index=0): None
189.7757 	EXP 	test_start_txt: autoDraw = False
189.7757 	EXP 	image_3: autoDraw = False
189.7757 	EXP 	Timer: autoDraw = False
189.7757 	EXP 	image_3: image = u'Img/48.jpg'
189.7757 	EXP 	test_start_txt: autoDraw = True
191.6786 	EXP 	test_start_txt: autoDraw = False
191.6954 	EXP 	image_3: autoDraw = True
201.7045 	EXP 	Timer: autoDraw = True
205.7059 	DATA 	Keypress: right
205.7122 	EXP 	Created sequence: sequential, trialTypes=1, nReps=0, seed=None
205.7128 	EXP 	New trial (rep=0, index=21): {u'xPos': None, u'probNum': 13, u'Img': u'Img/49.jpg', u'CorrKey': u'right', u'TestType': u'ConnectCube', u'yPos': None, u'CorrAns': u'right', u'Type': u'Test'}
205.7137 	EXP 	Created sequence: sequential, trialTypes=1, nReps=0, seed=None
205.7142 	EXP 	Created sequence: sequential, trialTypes=1, nReps=0, seed=None
205.7146 	EXP 	Created sequence: sequential, trialTypes=1, nReps=0, seed=None
205.7152 	EXP 	Created sequence: sequential, trialTypes=1, nReps=1, seed=None
205.7160 	EXP 	New trial (rep=0, index=0): None
205.8052 	EXP 	test_start_txt: autoDraw = False
205.8052 	EXP 	image_3: autoDraw = False
205.8052 	EXP 	Timer: autoDraw = False
205.8052 	EXP 	image_3: image = u'Img/49.jpg'
205.8052 	EXP 	test_start_txt: autoDraw = True
207.7251 	EXP 	test_start_txt: autoDraw = False
207.7421 	EXP 	image_3: autoDraw = True
214.8255 	DATA 	Keypress: left
214.8284 	EXP 	Created sequence: sequential, trialTypes=1, nReps=0, seed=None
214.8293 	EXP 	New trial (rep=0, index=22): {u'xPos': None, u'probNum': 14, u'Img': u'Img/50.jpg', u'CorrKey': u'left', u'TestType': u'ConnectCube', u'yPos': None, u'CorrAns': u'left', u'Type': u'Test'}
214.8308 	EXP 	Created sequence: sequential, trialTypes=1, nReps=0, seed=None
214.8314 	EXP 	Created sequence: sequential, trialTypes=1, nReps=0, seed=None
214.8318 	EXP 	Created sequence: sequential, trialTypes=1, nReps=0, seed=None
214.8323 	EXP 	Created sequence: sequential, trialTypes=1, nReps=1, seed=None
214.8327 	EXP 	New trial (rep=0, index=0): None
214.9255 	EXP 	test_start_txt: autoDraw = False
214.9255 	EXP 	image_3: autoDraw = False
214.9255 	EXP 	Timer: autoDraw = False
214.9255 	EXP 	image_3: image = u'Img/50.jpg'
214.9255 	EXP 	test_start_txt: autoDraw = True
216.8484 	EXP 	test_start_txt: autoDraw = False
216.8650 	EXP 	image_3: autoDraw = True
223.3766 	DATA 	Keypress: left
223.3794 	EXP 	Created sequence: sequential, trialTypes=1, nReps=0, seed=None
223.3802 	EXP 	New trial (rep=0, index=23): {u'xPos': None, u'probNum': 15, u'Img': u'Img/51.jpg', u'CorrKey': u'left', u'TestType': u'ConnectCube', u'yPos': None, u'CorrAns': u'left', u'Type': u'Test'}
223.3818 	EXP 	Created sequence: sequential, trialTypes=1, nReps=0, seed=None
223.3825 	EXP 	Created sequence: sequential, trialTypes=1, nReps=0, seed=None
223.3832 	EXP 	Created sequence: sequential, trialTypes=1, nReps=0, seed=None
223.3839 	EXP 	Created sequence: sequential, trialTypes=1, nReps=1, seed=None
223.3846 	EXP 	New trial (rep=0, index=0): None
223.4760 	EXP 	test_start_txt: autoDraw = False
223.4760 	EXP 	image_3: autoDraw = False
223.4760 	EXP 	Timer: autoDraw = False
223.4760 	EXP 	image_3: image = u'Img/51.jpg'
223.4760 	EXP 	test_start_txt: autoDraw = True
225.3988 	EXP 	test_start_txt: autoDraw = False
225.4156 	EXP 	image_3: autoDraw = True
228.3566 	DATA 	Keypress: left
228.3593 	EXP 	Created sequence: sequential, trialTypes=1, nReps=0, seed=None
228.3599 	EXP 	New trial (rep=0, index=24): {u'xPos': None, u'probNum': 16, u'Img': u'Img/52.jpg', u'CorrKey': u'right', u'TestType': u'ConnectCube', u'yPos': None, u'CorrAns': u'right', u'Type': u'Test'}
228.3609 	EXP 	Created sequence: sequential, trialTypes=1, nReps=0, seed=None
228.3614 	EXP 	Created sequence: sequential, trialTypes=1, nReps=0, seed=None
228.3618 	EXP 	Created sequence: sequential, trialTypes=1, nReps=0, seed=None
228.3622 	EXP 	Created sequence: sequential, trialTypes=1, nReps=1, seed=None
228.3627 	EXP 	New trial (rep=0, index=0): None
228.4588 	EXP 	test_start_txt: autoDraw = False
228.4588 	EXP 	image_3: autoDraw = False
228.4588 	EXP 	Timer: autoDraw = False
228.4588 	EXP 	image_3: image = u'Img/52.jpg'
228.4588 	EXP 	test_start_txt: autoDraw = True
230.3684 	EXP 	test_start_txt: autoDraw = False
230.3852 	EXP 	image_3: autoDraw = True
234.9955 	DATA 	Keypress: right
234.9973 	EXP 	Created sequence: sequential, trialTypes=1, nReps=0, seed=None
234.9978 	EXP 	New trial (rep=0, index=25): {u'xPos': None, u'probNum': 17, u'Img': u'Img/53.jpg', u'CorrKey': u'left', u'TestType': u'ConnectCube', u'yPos': None, u'CorrAns': u'left', u'Type': u'Test'}
234.9987 	EXP 	Created sequence: sequential, trialTypes=1, nReps=0, seed=None
234.9991 	EXP 	Created sequence: sequential, trialTypes=1, nReps=0, seed=None
234.9996 	EXP 	Created sequence: sequential, trialTypes=1, nReps=0, seed=None
235.0000 	EXP 	Created sequence: sequential, trialTypes=1, nReps=1, seed=None
235.0005 	EXP 	New trial (rep=0, index=0): None
235.0782 	EXP 	test_start_txt: autoDraw = False
235.0782 	EXP 	image_3: autoDraw = False
235.0782 	EXP 	Timer: autoDraw = False
235.0782 	EXP 	image_3: image = u'Img/53.jpg'
235.0782 	EXP 	test_start_txt: autoDraw = True
237.0323 	EXP 	test_start_txt: autoDraw = False
237.0323 	EXP 	image_3: autoDraw = True
246.6883 	DATA 	Keypress: left
246.6901 	EXP 	Created sequence: sequential, trialTypes=1, nReps=0, seed=None
246.6906 	EXP 	New trial (rep=0, index=26): {u'xPos': None, u'probNum': 18, u'Img': u'Img/54.jpg', u'CorrKey': u'right', u'TestType': u'ConnectCube', u'yPos': None, u'CorrAns': u'right', u'Type': u'Test'}
246.6915 	EXP 	Created sequence: sequential, trialTypes=1, nReps=0, seed=None
246.6920 	EXP 	Created sequence: sequential, trialTypes=1, nReps=0, seed=None
246.6924 	EXP 	Created sequence: sequential, trialTypes=1, nReps=0, seed=None
246.6928 	EXP 	Created sequence: sequential, trialTypes=1, nReps=1, seed=None
246.6932 	EXP 	New trial (rep=0, index=0): None
246.7880 	EXP 	test_start_txt: autoDraw = False
246.7880 	EXP 	image_3: autoDraw = False
246.7880 	EXP 	Timer: autoDraw = False
246.7880 	EXP 	image_3: image = u'Img/54.jpg'
246.7880 	EXP 	test_start_txt: autoDraw = True
248.7029 	EXP 	test_start_txt: autoDraw = False
248.7198 	EXP 	image_3: autoDraw = True
258.7379 	EXP 	Timer: autoDraw = True
260.0392 	DATA 	Keypress: right
260.0522 	EXP 	Created sequence: sequential, trialTypes=1, nReps=0, seed=None
260.0527 	EXP 	New trial (rep=0, index=27): {u'xPos': None, u'probNum': 19, u'Img': u'Img/55.jpg', u'CorrKey': u'left', u'TestType': u'ConnectCube', u'yPos': None, u'CorrAns': u'left', u'Type': u'Test'}
260.0537 	EXP 	Created sequence: sequential, trialTypes=1, nReps=0, seed=None
260.0541 	EXP 	Created sequence: sequential, trialTypes=1, nReps=0, seed=None
260.0545 	EXP 	Created sequence: sequential, trialTypes=1, nReps=0, seed=None
260.0549 	EXP 	Created sequence: sequential, trialTypes=1, nReps=1, seed=None
260.0554 	EXP 	New trial (rep=0, index=0): None
260.1363 	EXP 	test_start_txt: autoDraw = False
260.1363 	EXP 	image_3: autoDraw = False
260.1363 	EXP 	Timer: autoDraw = False
260.1363 	EXP 	image_3: image = u'Img/55.jpg'
260.1363 	EXP 	test_start_txt: autoDraw = True
262.0614 	EXP 	test_start_txt: autoDraw = False
262.0850 	EXP 	image_3: autoDraw = True
272.1071 	EXP 	Timer: autoDraw = True
275.9730 	DATA 	Keypress: left
276.0022 	EXP 	Created sequence: sequential, trialTypes=1, nReps=0, seed=None
276.0028 	EXP 	New trial (rep=0, index=28): {u'xPos': None, u'probNum': 20, u'Img': u'Img/56.jpg', u'CorrKey': u'right', u'TestType': u'ConnectCube', u'yPos': None, u'CorrAns': u'right', u'Type': u'Test'}
276.0037 	EXP 	Created sequence: sequential, trialTypes=1, nReps=0, seed=None
276.0041 	EXP 	Created sequence: sequential, trialTypes=1, nReps=0, seed=None
276.0047 	EXP 	Created sequence: sequential, trialTypes=1, nReps=0, seed=None
276.0054 	EXP 	Created sequence: sequential, trialTypes=1, nReps=1, seed=None
276.0061 	EXP 	New trial (rep=0, index=0): None
276.0951 	EXP 	test_start_txt: autoDraw = False
276.0951 	EXP 	image_3: autoDraw = False
276.0951 	EXP 	Timer: autoDraw = False
276.0951 	EXP 	image_3: image = u'Img/56.jpg'
276.0951 	EXP 	test_start_txt: autoDraw = True
278.0187 	EXP 	test_start_txt: autoDraw = False
278.0355 	EXP 	image_3: autoDraw = True
288.0336 	EXP 	Timer: autoDraw = True
288.7454 	DATA 	Keypress: right
288.7553 	EXP 	Created sequence: sequential, trialTypes=1, nReps=0, seed=None
288.7558 	EXP 	New trial (rep=0, index=29): {u'xPos': None, u'probNum': 21, u'Img': u'Img/57.jpg', u'CorrKey': u'right', u'TestType': u'ConnectCube', u'yPos': None, u'CorrAns': u'right', u'Type': u'Test'}
288.7570 	EXP 	Created sequence: sequential, trialTypes=1, nReps=0, seed=None
288.7575 	EXP 	Created sequence: sequential, trialTypes=1, nReps=0, seed=None
288.7579 	EXP 	Created sequence: sequential, trialTypes=1, nReps=0, seed=None
288.7584 	EXP 	Created sequence: sequential, trialTypes=1, nReps=1, seed=None
288.7589 	EXP 	New trial (rep=0, index=0): None
288.8455 	EXP 	test_start_txt: autoDraw = False
288.8455 	EXP 	image_3: autoDraw = False
288.8455 	EXP 	Timer: autoDraw = False
288.8455 	EXP 	image_3: image = u'Img/57.jpg'
288.8455 	EXP 	test_start_txt: autoDraw = True
290.7737 	EXP 	test_start_txt: autoDraw = False
290.7903 	EXP 	image_3: autoDraw = True
300.7981 	EXP 	Timer: autoDraw = True
304.3747 	DATA 	Keypress: right
304.3810 	EXP 	Created sequence: sequential, trialTypes=1, nReps=0, seed=None
304.3818 	EXP 	New trial (rep=0, index=30): {u'xPos': None, u'probNum': 22, u'Img': u'Img/58.jpg', u'CorrKey': u'right', u'TestType': u'ConnectCube', u'yPos': None, u'CorrAns': u'right', u'Type': u'Test'}
304.3838 	EXP 	Created sequence: sequential, trialTypes=1, nReps=0, seed=None
304.3842 	EXP 	Created sequence: sequential, trialTypes=1, nReps=0, seed=None
304.3847 	EXP 	Created sequence: sequential, trialTypes=1, nReps=0, seed=None
304.3851 	EXP 	Created sequence: sequential, trialTypes=1, nReps=1, seed=None
304.3855 	EXP 	New trial (rep=0, index=0): None
304.4883 	EXP 	test_start_txt: autoDraw = False
304.4883 	EXP 	image_3: autoDraw = False
304.4883 	EXP 	Timer: autoDraw = False
304.4883 	EXP 	image_3: image = u'Img/58.jpg'
304.4883 	EXP 	test_start_txt: autoDraw = True
306.4043 	EXP 	test_start_txt: autoDraw = False
306.4245 	EXP 	image_3: autoDraw = True
311.3769 	DATA 	Keypress: right
311.3793 	EXP 	Created sequence: sequential, trialTypes=1, nReps=0, seed=None
311.3802 	EXP 	New trial (rep=0, index=31): {u'xPos': None, u'probNum': 23, u'Img': u'Img/59.jpg', u'CorrKey': u'right', u'TestType': u'ConnectCube', u'yPos': None, u'CorrAns': u'right', u'Type': u'Test'}
311.3819 	EXP 	Created sequence: sequential, trialTypes=1, nReps=0, seed=None
311.3826 	EXP 	Created sequence: sequential, trialTypes=1, nReps=0, seed=None
311.3830 	EXP 	Created sequence: sequential, trialTypes=1, nReps=0, seed=None
311.3834 	EXP 	Created sequence: sequential, trialTypes=1, nReps=1, seed=None
311.3839 	EXP 	New trial (rep=0, index=0): None
311.4747 	EXP 	test_start_txt: autoDraw = False
311.4747 	EXP 	image_3: autoDraw = False
311.4747 	EXP 	Timer: autoDraw = False
311.4747 	EXP 	image_3: image = u'Img/59.jpg'
311.4747 	EXP 	test_start_txt: autoDraw = True
313.4140 	EXP 	test_start_txt: autoDraw = False
313.4140 	EXP 	image_3: autoDraw = True
318.7757 	DATA 	Keypress: right
318.7934 	EXP 	Created sequence: sequential, trialTypes=1, nReps=0, seed=None
318.7940 	EXP 	New trial (rep=0, index=32): {u'xPos': None, u'probNum': 24, u'Img': u'Img/60.jpg', u'CorrKey': u'left', u'TestType': u'ConnectCube', u'yPos': None, u'CorrAns': u'left', u'Type': u'Test'}
318.7951 	EXP 	Created sequence: sequential, trialTypes=1, nReps=0, seed=None
318.7955 	EXP 	Created sequence: sequential, trialTypes=1, nReps=0, seed=None
318.7959 	EXP 	Created sequence: sequential, trialTypes=1, nReps=0, seed=None
318.7963 	EXP 	Created sequence: sequential, trialTypes=1, nReps=1, seed=None
318.7968 	EXP 	New trial (rep=0, index=0): None
318.8915 	EXP 	test_start_txt: autoDraw = False
318.8915 	EXP 	image_3: autoDraw = False
318.8915 	EXP 	Timer: autoDraw = False
318.8915 	EXP 	image_3: image = u'Img/60.jpg'
318.8915 	EXP 	test_start_txt: autoDraw = True
320.8233 	EXP 	test_start_txt: autoDraw = False
320.8402 	EXP 	image_3: autoDraw = True
325.1777 	DATA 	Keypress: right
325.1795 	EXP 	Created sequence: sequential, trialTypes=1, nReps=0, seed=None
325.1800 	EXP 	New trial (rep=0, index=33): {u'xPos': None, u'probNum': None, u'Img': u'Img/61.jpg', u'CorrKey': u'space', u'TestType': None, u'yPos': None, u'CorrAns': u'space', u'Type': u'Inst'}
325.1810 	EXP 	Created sequence: sequential, trialTypes=1, nReps=0, seed=None
325.1814 	EXP 	Created sequence: sequential, trialTypes=1, nReps=0, seed=None
325.1818 	EXP 	Created sequence: sequential, trialTypes=1, nReps=1, seed=None
325.1823 	EXP 	New trial (rep=0, index=0): None
325.2782 	EXP 	test_start_txt: autoDraw = False
325.2782 	EXP 	image_3: autoDraw = False
325.2782 	EXP 	Timer: autoDraw = False
325.2782 	EXP 	image_2: image = u'Img/61.jpg'
325.2782 	EXP 	image_2: autoDraw = True
332.5459 	DATA 	Keypress: space
332.5468 	EXP 	Created sequence: sequential, trialTypes=1, nReps=0, seed=None
332.5473 	EXP 	Created sequence: sequential, trialTypes=1, nReps=0, seed=None
332.5478 	EXP 	New trial (rep=0, index=34): {u'xPos': None, u'probNum': None, u'Img': u'Img/62.jpg', u'CorrKey': u'space', u'TestType': None, u'yPos': None, u'CorrAns': u'space', u'Type': u'Inst'}
332.5489 	EXP 	Created sequence: sequential, trialTypes=1, nReps=0, seed=None
332.5493 	EXP 	Created sequence: sequential, trialTypes=1, nReps=0, seed=None
332.5497 	EXP 	Created sequence: sequential, trialTypes=1, nReps=1, seed=None
332.5502 	EXP 	New trial (rep=0, index=0): None
332.6441 	EXP 	image_2: autoDraw = False
332.6441 	EXP 	image_2: image = u'Img/62.jpg'
332.6441 	EXP 	image_2: autoDraw = True
333.0584 	DATA 	Keypress: space
333.0591 	EXP 	Created sequence: sequential, trialTypes=1, nReps=0, seed=None
333.0596 	EXP 	Created sequence: sequential, trialTypes=1, nReps=0, seed=None
333.0602 	EXP 	New trial (rep=0, index=35): {u'xPos': -1200, u'probNum': None, u'Img': None, u'CorrKey': None, u'TestType': u'CloseSession', u'yPos': 60, u'CorrAns': None, u'Type': u'Mouse'}
333.0611 	EXP 	Created sequence: sequential, trialTypes=1, nReps=0, seed=None
333.0616 	EXP 	Created sequence: sequential, trialTypes=1, nReps=0, seed=None
333.0620 	EXP 	Created sequence: sequential, trialTypes=1, nReps=0, seed=None
333.0624 	EXP 	Created sequence: sequential, trialTypes=1, nReps=0, seed=None
333.0628 	EXP 	Created sequence: sequential, trialTypes=1, nReps=1, seed=None
333.0632 	EXP 	New trial (rep=0, index=0): None
333.3499 	EXP 	window1: mouseVisible = True
