19.0338 	EXP 	Created window1 = Window(allowGUI=False, allowStencil=False, autoLog=True, bitsMode=UNKNOWN, blendMode='avg', color=array([ 0.,  0.,  0.]), colorSpace='rgb', fullscr=UNKNOWN, gamma=None, lms=UNKNOWN, monitor=<psychopy.monitors.calibTools.Monitor instance at 0x0B368670>, name='window1', pos=[0, 0], screen=0, size=array([1366,  768]), stereo=False, units=u'norm', useFBO=True, viewOri=0.0, viewPos=None, viewScale=None, waitBlanking=True, winType='pyglet')
19.0339 	EXP 	window1: recordFrameIntervals = False
19.2381 	EXP 	window1: recordFrameIntervals = True
19.3317 	WARNING 	t of last frame was 28.22ms (=1/35)
19.4431 	WARNING 	t of last frame was 27.59ms (=1/36)
19.4831 	WARNING 	t of last frame was 23.72ms (=1/42)
19.5227 	WARNING 	t of last frame was 20.93ms (=1/47)
19.6443 	WARNING 	Multiple dropped frames have occurred - I'll stop bothering you about them!
20.0400 	EXP 	window1: recordFrameIntervals = False
20.0511 	EXP 	Created image_4 = ImageStim(autoLog=True, color=array([ 1.,  1.,  1.]), colorSpace='rgb', contrast=1.0, depth=0.0, flipHoriz=False, flipVert=False, image='sin', interpolate=True, mask=None, maskParams=None, name='image_4', opacity=1.0, ori=0.0, pos=array([ 0.,  0.]), size=array([ 1.5,  1.5]), texRes=128, units=u'norm', win=Window(...))
20.2389 	EXP 	Created text_2 = TextStim(alignHoriz='center', alignVert='center', antialias=True, autoLog=True, bold=False, color='white', colorSpace='named', contrast=1.0, depth=-2.0, flipHoriz=False, flipVert=False, font='Arial', fontFiles=[], height=0.1, italic=False, name='text_2', opacity=1.0, ori=0, pos=array([ 0.  ,  0.85]), rgb=array([ 255.,  255.,  255.]), text=u'default text', units=u'norm', win=Window(...), wrapWidth=1)
20.2670 	EXP 	Created dummy_start = TextStim(alignHoriz='center', alignVert='center', antialias=True, autoLog=True, bold=False, color='white', colorSpace='named', contrast=1.0, depth=0.0, flipHoriz=False, flipVert=False, font='Arial', fontFiles=[], height=0.5, italic=False, name='dummy_start', opacity=1.0, ori=0, pos=array([ 0.,  0.]), rgb=array([ 255.,  255.,  255.]), text=u'+', units=u'norm', win=Window(...), wrapWidth=1)
20.2727 	EXP 	Created image = ImageStim(autoLog=True, color=array([ 1.,  1.,  1.]), colorSpace='rgb', contrast=1.0, depth=-1.0, flipHoriz=False, flipVert=False, image='sin', interpolate=True, mask=None, maskParams=None, name='image', opacity=1.0, ori=0.0, pos=array([ 0.,  0.]), size=array([ 1.6,  1.6]), texRes=128, units=u'norm', win=Window(...))
20.2847 	EXP 	Created message = TextStim(alignHoriz='center', alignVert='center', antialias=True, autoLog=True, bold=False, color='white', colorSpace='named', contrast=1.0, depth=-1.0, flipHoriz=False, flipVert=False, font='Arial', fontFiles=[], height=0.1, italic=False, name='message', opacity=1.0, ori=0, pos=array([ 0.,  0.]), rgb=array([ 255.,  255.,  255.]), text=u'default text', units=u'norm', win=Window(...), wrapWidth=1)
20.2916 	EXP 	Created image_2 = ImageStim(autoLog=True, color=array([ 1.,  1.,  1.]), colorSpace='rgb', contrast=1.0, depth=0.0, flipHoriz=False, flipVert=False, image='sin', interpolate=True, mask=None, maskParams=None, name='image_2', opacity=1.0, ori=0.0, pos=array([ 0.,  0.]), size=array([ 1.5,  1.5]), texRes=128, units=u'norm', win=Window(...))
20.2976 	EXP 	Created test_start_txt = TextStim(alignHoriz='center', alignVert='center', antialias=True, autoLog=True, bold=False, color='white', colorSpace='named', contrast=1.0, depth=0.0, flipHoriz=False, flipVert=False, font='Arial', fontFiles=[], height=0.5, italic=False, name='test_start_txt', opacity=1.0, ori=0, pos=array([ 0.,  0.]), rgb=array([ 255.,  255.,  255.]), text=u'+', units=u'norm', win=Window(...), wrapWidth=1)
20.3027 	EXP 	Created image_3 = ImageStim(autoLog=True, color=array([ 1.,  1.,  1.]), colorSpace='rgb', contrast=1.0, depth=-1.0, flipHoriz=False, flipVert=False, image='sin', interpolate=True, mask=None, maskParams=None, name='image_3', opacity=1.0, ori=0.0, pos=array([ 0.,  0.]), size=array([ 1.5,  1.5]), texRes=128, units=u'norm', win=Window(...))
20.3162 	EXP 	Created Timer = TextStim(alignHoriz='center', alignVert='center', antialias=True, autoLog=True, bold=False, color='white', colorSpace='named', contrast=1.0, depth=-3.0, flipHoriz=False, flipVert=False, font='Arial', fontFiles=[], height=0.1, italic=False, name='Timer', opacity=1.0, ori=0, pos=array([ 0.  ,  0.85]), rgb=array([ 255.,  255.,  255.]), text=u'default text', units=u'norm', win=Window(...), wrapWidth=1)
20.3180 	EXP 	Created text = TextStim(alignHoriz='center', alignVert='center', antialias=True, autoLog=True, bold=False, color='white', colorSpace='named', contrast=1.0, depth=-1.0, flipHoriz=False, flipVert=False, font='Arial', fontFiles=[], height=0.1, italic=False, name='text', opacity=1.0, ori=0, pos=array([ 0.,  0.]), rgb=array([ 255.,  255.,  255.]), text='', units=u'norm', win=Window(...), wrapWidth=1)
21.6572 	EXP 	Imported Settings_ConCube.xlsx as conditions, 36 conditions, 8 params
21.6580 	EXP 	Created sequence: sequential, trialTypes=36, nReps=1, seed=None
21.6592 	EXP 	New trial (rep=0, index=0): {u'xPos': None, u'probNum': None, u'Img': u'Img/30.jpg', u'CorrKey': u'space', u'TestType': None, u'yPos': None, u'CorrAns': u'space', u'Type': u'Inst'}
21.6601 	EXP 	Created sequence: sequential, trialTypes=1, nReps=0, seed=None
21.6605 	EXP 	Created sequence: sequential, trialTypes=1, nReps=0, seed=None
21.6610 	EXP 	Created sequence: sequential, trialTypes=1, nReps=1, seed=None
21.6614 	EXP 	New trial (rep=0, index=0): None
21.7895 	EXP 	image_2: image = u'Img/30.jpg'
21.7895 	EXP 	image_2: autoDraw = True
34.2631 	DATA 	Keypress: space
34.2640 	EXP 	Created sequence: sequential, trialTypes=1, nReps=0, seed=None
34.2645 	EXP 	Created sequence: sequential, trialTypes=1, nReps=0, seed=None
34.2651 	EXP 	New trial (rep=0, index=1): {u'xPos': None, u'probNum': None, u'Img': u'Img/31.jpg', u'CorrKey': u'space', u'TestType': None, u'yPos': None, u'CorrAns': u'space', u'Type': u'Inst'}
34.2660 	EXP 	Created sequence: sequential, trialTypes=1, nReps=0, seed=None
34.2665 	EXP 	Created sequence: sequential, trialTypes=1, nReps=0, seed=None
34.2669 	EXP 	Created sequence: sequential, trialTypes=1, nReps=1, seed=None
34.2674 	EXP 	New trial (rep=0, index=0): None
34.3645 	EXP 	image_2: autoDraw = False
34.3645 	EXP 	image_2: image = u'Img/31.jpg'
34.3645 	EXP 	image_2: autoDraw = True
35.5671 	DATA 	Keypress: space
35.5681 	EXP 	Created sequence: sequential, trialTypes=1, nReps=0, seed=None
35.5689 	EXP 	Created sequence: sequential, trialTypes=1, nReps=0, seed=None
35.5699 	EXP 	New trial (rep=0, index=2): {u'xPos': None, u'probNum': None, u'Img': u'Img/32.jpg', u'CorrKey': u'space', u'TestType': None, u'yPos': None, u'CorrAns': u'space', u'Type': u'Inst'}
35.5710 	EXP 	Created sequence: sequential, trialTypes=1, nReps=0, seed=None
35.5714 	EXP 	Created sequence: sequential, trialTypes=1, nReps=0, seed=None
35.5719 	EXP 	Created sequence: sequential, trialTypes=1, nReps=1, seed=None
35.5724 	EXP 	New trial (rep=0, index=0): None
35.6682 	EXP 	image_2: autoDraw = False
35.6682 	EXP 	image_2: image = u'Img/32.jpg'
35.6682 	EXP 	image_2: autoDraw = True
48.9046 	DATA 	Keypress: space
48.9058 	EXP 	Created sequence: sequential, trialTypes=1, nReps=0, seed=None
48.9066 	EXP 	Created sequence: sequential, trialTypes=1, nReps=0, seed=None
48.9076 	EXP 	New trial (rep=0, index=3): {u'xPos': None, u'probNum': None, u'Img': u'Img/33.jpg', u'CorrKey': u'space', u'TestType': None, u'yPos': None, u'CorrAns': u'space', u'Type': u'Inst'}
48.9090 	EXP 	Created sequence: sequential, trialTypes=1, nReps=0, seed=None
48.9097 	EXP 	Created sequence: sequential, trialTypes=1, nReps=0, seed=None
48.9102 	EXP 	Created sequence: sequential, trialTypes=1, nReps=1, seed=None
48.9107 	EXP 	New trial (rep=0, index=0): None
49.0028 	EXP 	image_2: autoDraw = False
49.0028 	EXP 	image_2: image = u'Img/33.jpg'
49.0028 	EXP 	image_2: autoDraw = True
50.4976 	DATA 	Keypress: space
50.4992 	EXP 	Created sequence: sequential, trialTypes=1, nReps=0, seed=None
50.5000 	EXP 	Created sequence: sequential, trialTypes=1, nReps=0, seed=None
50.5006 	EXP 	New trial (rep=0, index=4): {u'xPos': None, u'probNum': None, u'Img': u'Img/34.jpg', u'CorrKey': u'left', u'TestType': None, u'yPos': None, u'CorrAns': u'left', u'Type': u'Dumm'}
50.5016 	EXP 	Created sequence: sequential, trialTypes=1, nReps=0, seed=None
50.5021 	EXP 	Created sequence: sequential, trialTypes=1, nReps=1, seed=None
50.5026 	EXP 	New trial (rep=0, index=0): None
50.5970 	EXP 	image_2: autoDraw = False
50.5970 	EXP 	image: image = u'Img/34.jpg'
50.5970 	EXP 	dummy_start: autoDraw = True
52.5120 	EXP 	dummy_start: autoDraw = False
52.5287 	EXP 	image: autoDraw = True
61.0326 	DATA 	Keypress: left
61.1230 	EXP 	dummy_start: autoDraw = False
61.1230 	EXP 	image: autoDraw = False
61.1230 	EXP 	message: text = 'Good! \n \n \n Response time = 8.519'
61.1230 	EXP 	message: autoDraw = True
64.0531 	EXP 	Created sequence: sequential, trialTypes=1, nReps=0, seed=None
64.0535 	EXP 	Created sequence: sequential, trialTypes=1, nReps=0, seed=None
64.0540 	EXP 	Created sequence: sequential, trialTypes=1, nReps=0, seed=None
64.0546 	EXP 	New trial (rep=0, index=5): {u'xPos': None, u'probNum': None, u'Img': u'Img/35.jpg', u'CorrKey': u'right', u'TestType': None, u'yPos': None, u'CorrAns': u'right', u'Type': u'Dumm'}
64.0555 	EXP 	Created sequence: sequential, trialTypes=1, nReps=0, seed=None
64.0560 	EXP 	Created sequence: sequential, trialTypes=1, nReps=1, seed=None
64.0564 	EXP 	New trial (rep=0, index=0): None
64.1354 	EXP 	message: autoDraw = False
64.1354 	EXP 	message: autoDraw = False
64.1354 	EXP 	image: image = u'Img/35.jpg'
64.1354 	EXP 	dummy_start: autoDraw = True
66.0747 	EXP 	dummy_start: autoDraw = False
66.0747 	EXP 	image: autoDraw = True
73.2154 	DATA 	Keypress: left
73.2650 	EXP 	dummy_start: autoDraw = False
73.2650 	EXP 	image: autoDraw = False
73.2650 	EXP 	message: text = 'Wrong \n \n Response time = 7.141'
73.2650 	EXP 	message: autoDraw = True
76.2158 	EXP 	Created sequence: sequential, trialTypes=1, nReps=0, seed=None
76.2163 	EXP 	Created sequence: sequential, trialTypes=1, nReps=0, seed=None
76.2168 	EXP 	Created sequence: sequential, trialTypes=1, nReps=0, seed=None
76.2174 	EXP 	New trial (rep=0, index=6): {u'xPos': None, u'probNum': None, u'Img': u'Img/36.jpg', u'CorrKey': u'space', u'TestType': None, u'yPos': None, u'CorrAns': u'space', u'Type': u'Inst'}
76.2184 	EXP 	Created sequence: sequential, trialTypes=1, nReps=0, seed=None
76.2188 	EXP 	Created sequence: sequential, trialTypes=1, nReps=0, seed=None
76.2192 	EXP 	Created sequence: sequential, trialTypes=1, nReps=1, seed=None
76.2196 	EXP 	New trial (rep=0, index=0): None
76.3154 	EXP 	message: autoDraw = False
76.3154 	EXP 	message: autoDraw = False
76.3154 	EXP 	image_2: image = u'Img/36.jpg'
76.3154 	EXP 	image_2: autoDraw = True
85.2229 	DATA 	Keypress: space
85.2238 	EXP 	Created sequence: sequential, trialTypes=1, nReps=0, seed=None
85.2242 	EXP 	Created sequence: sequential, trialTypes=1, nReps=0, seed=None
85.2248 	EXP 	New trial (rep=0, index=7): {u'xPos': -620, u'probNum': None, u'Img': None, u'CorrKey': None, u'TestType': u'OpenSession', u'yPos': 580, u'CorrAns': None, u'Type': u'Mouse'}
85.2259 	EXP 	Created sequence: sequential, trialTypes=1, nReps=0, seed=None
85.2264 	EXP 	Created sequence: sequential, trialTypes=1, nReps=0, seed=None
85.2268 	EXP 	Created sequence: sequential, trialTypes=1, nReps=0, seed=None
85.2272 	EXP 	Created sequence: sequential, trialTypes=1, nReps=0, seed=None
85.2276 	EXP 	Created sequence: sequential, trialTypes=1, nReps=1, seed=None
85.2281 	EXP 	New trial (rep=0, index=0): None
85.2559 	EXP 	image_2: autoDraw = False
85.2559 	EXP 	text: autoDraw = True
85.3281 	EXP 	New trial (rep=0, index=8): {u'xPos': 100, u'probNum': None, u'Img': None, u'CorrKey': None, u'TestType': u'Back_to_Test', u'yPos': 100, u'CorrAns': None, u'Type': u'Mouse'}
85.3292 	EXP 	Created sequence: sequential, trialTypes=1, nReps=0, seed=None
85.3296 	EXP 	Created sequence: sequential, trialTypes=1, nReps=0, seed=None
85.3301 	EXP 	Created sequence: sequential, trialTypes=1, nReps=0, seed=None
85.3305 	EXP 	Created sequence: sequential, trialTypes=1, nReps=0, seed=None
85.3309 	EXP 	Created sequence: sequential, trialTypes=1, nReps=1, seed=None
85.3314 	EXP 	New trial (rep=0, index=0): None
85.3423 	DATA 	Mouse: Left button down, pos=(100,668)
85.3530 	DATA 	Mouse:  Left button up, pos=(100,668)
85.3824 	EXP 	text: autoDraw = False
85.3824 	EXP 	text: autoDraw = True
85.4332 	EXP 	New trial (rep=0, index=9): {u'xPos': None, u'probNum': 1, u'Img': u'Img/37.jpg', u'CorrKey': u'right', u'TestType': u'ConnectCube', u'yPos': None, u'CorrAns': u'right', u'Type': u'Test'}
85.4368 	EXP 	Created sequence: sequential, trialTypes=1, nReps=0, seed=None
85.4372 	EXP 	Created sequence: sequential, trialTypes=1, nReps=0, seed=None
85.4377 	EXP 	Created sequence: sequential, trialTypes=1, nReps=0, seed=None
85.4381 	EXP 	Created sequence: sequential, trialTypes=1, nReps=1, seed=None
85.4386 	EXP 	New trial (rep=0, index=0): None
85.5333 	EXP 	text: autoDraw = False
85.5333 	EXP 	image_3: image = u'Img/37.jpg'
85.5333 	EXP 	test_start_txt: autoDraw = True
87.4584 	EXP 	test_start_txt: autoDraw = False
87.4584 	EXP 	image_3: autoDraw = True
96.5232 	DATA 	Keypress: right
96.5251 	EXP 	Created sequence: sequential, trialTypes=1, nReps=0, seed=None
96.5257 	EXP 	New trial (rep=0, index=10): {u'xPos': None, u'probNum': 2, u'Img': u'Img/38.jpg', u'CorrKey': u'left', u'TestType': u'ConnectCube', u'yPos': None, u'CorrAns': u'left', u'Type': u'Test'}
96.5266 	EXP 	Created sequence: sequential, trialTypes=1, nReps=0, seed=None
96.5271 	EXP 	Created sequence: sequential, trialTypes=1, nReps=0, seed=None
96.5276 	EXP 	Created sequence: sequential, trialTypes=1, nReps=0, seed=None
96.5281 	EXP 	Created sequence: sequential, trialTypes=1, nReps=1, seed=None
96.5286 	EXP 	New trial (rep=0, index=0): None
96.6224 	EXP 	test_start_txt: autoDraw = False
96.6224 	EXP 	image_3: autoDraw = False
96.6224 	EXP 	Timer: autoDraw = False
96.6224 	EXP 	image_3: image = u'Img/38.jpg'
96.6224 	EXP 	test_start_txt: autoDraw = True
98.5381 	EXP 	test_start_txt: autoDraw = False
98.5546 	EXP 	image_3: autoDraw = True
105.9249 	DATA 	Keypress: left
105.9268 	EXP 	Created sequence: sequential, trialTypes=1, nReps=0, seed=None
105.9274 	EXP 	New trial (rep=0, index=11): {u'xPos': None, u'probNum': 3, u'Img': u'Img/39.jpg', u'CorrKey': u'left', u'TestType': u'ConnectCube', u'yPos': None, u'CorrAns': u'left', u'Type': u'Test'}
105.9284 	EXP 	Created sequence: sequential, trialTypes=1, nReps=0, seed=None
105.9292 	EXP 	Created sequence: sequential, trialTypes=1, nReps=0, seed=None
105.9298 	EXP 	Created sequence: sequential, trialTypes=1, nReps=0, seed=None
105.9303 	EXP 	Created sequence: sequential, trialTypes=1, nReps=1, seed=None
105.9308 	EXP 	New trial (rep=0, index=0): None
106.0219 	EXP 	test_start_txt: autoDraw = False
106.0219 	EXP 	image_3: autoDraw = False
106.0219 	EXP 	Timer: autoDraw = False
106.0219 	EXP 	image_3: image = u'Img/39.jpg'
106.0219 	EXP 	test_start_txt: autoDraw = True
107.9529 	EXP 	test_start_txt: autoDraw = False
107.9680 	EXP 	image_3: autoDraw = True
117.0489 	DATA 	Keypress: right
117.0517 	EXP 	Created sequence: sequential, trialTypes=1, nReps=0, seed=None
117.0526 	EXP 	New trial (rep=0, index=12): {u'xPos': None, u'probNum': 4, u'Img': u'Img/40.jpg', u'CorrKey': u'right', u'TestType': u'ConnectCube', u'yPos': None, u'CorrAns': u'right', u'Type': u'Test'}
117.0541 	EXP 	Created sequence: sequential, trialTypes=1, nReps=0, seed=None
117.0549 	EXP 	Created sequence: sequential, trialTypes=1, nReps=0, seed=None
117.0556 	EXP 	Created sequence: sequential, trialTypes=1, nReps=0, seed=None
117.0565 	EXP 	Created sequence: sequential, trialTypes=1, nReps=1, seed=None
117.0573 	EXP 	New trial (rep=0, index=0): None
117.1457 	EXP 	test_start_txt: autoDraw = False
117.1457 	EXP 	image_3: autoDraw = False
117.1457 	EXP 	Timer: autoDraw = False
117.1457 	EXP 	image_3: image = u'Img/40.jpg'
117.1457 	EXP 	test_start_txt: autoDraw = True
119.0714 	EXP 	test_start_txt: autoDraw = False
119.0892 	EXP 	image_3: autoDraw = True
126.7857 	DATA 	Keypress: left
126.7887 	EXP 	Created sequence: sequential, trialTypes=1, nReps=0, seed=None
126.7893 	EXP 	New trial (rep=0, index=13): {u'xPos': None, u'probNum': 5, u'Img': u'Img/41.jpg', u'CorrKey': u'right', u'TestType': u'ConnectCube', u'yPos': None, u'CorrAns': u'right', u'Type': u'Test'}
126.7903 	EXP 	Created sequence: sequential, trialTypes=1, nReps=0, seed=None
126.7907 	EXP 	Created sequence: sequential, trialTypes=1, nReps=0, seed=None
126.7911 	EXP 	Created sequence: sequential, trialTypes=1, nReps=0, seed=None
126.7916 	EXP 	Created sequence: sequential, trialTypes=1, nReps=1, seed=None
126.7921 	EXP 	New trial (rep=0, index=0): None
126.8677 	EXP 	test_start_txt: autoDraw = False
126.8677 	EXP 	image_3: autoDraw = False
126.8677 	EXP 	Timer: autoDraw = False
126.8677 	EXP 	image_3: image = u'Img/41.jpg'
126.8677 	EXP 	test_start_txt: autoDraw = True
128.8076 	EXP 	test_start_txt: autoDraw = False
128.8248 	EXP 	image_3: autoDraw = True
133.9143 	DATA 	Keypress: right
133.9162 	EXP 	Created sequence: sequential, trialTypes=1, nReps=0, seed=None
133.9167 	EXP 	New trial (rep=0, index=14): {u'xPos': None, u'probNum': 6, u'Img': u'Img/42.jpg', u'CorrKey': u'right', u'TestType': u'ConnectCube', u'yPos': None, u'CorrAns': u'right', u'Type': u'Test'}
133.9184 	EXP 	Created sequence: sequential, trialTypes=1, nReps=0, seed=None
133.9192 	EXP 	Created sequence: sequential, trialTypes=1, nReps=0, seed=None
133.9199 	EXP 	Created sequence: sequential, trialTypes=1, nReps=0, seed=None
133.9206 	EXP 	Created sequence: sequential, trialTypes=1, nReps=1, seed=None
133.9214 	EXP 	New trial (rep=0, index=0): None
134.0137 	EXP 	test_start_txt: autoDraw = False
134.0137 	EXP 	image_3: autoDraw = False
134.0137 	EXP 	Timer: autoDraw = False
134.0137 	EXP 	image_3: image = u'Img/42.jpg'
134.0137 	EXP 	test_start_txt: autoDraw = True
135.9472 	EXP 	test_start_txt: autoDraw = False
135.9472 	EXP 	image_3: autoDraw = True
145.6291 	DATA 	Keypress: right
145.6326 	EXP 	Created sequence: sequential, trialTypes=1, nReps=0, seed=None
145.6332 	EXP 	New trial (rep=0, index=15): {u'xPos': None, u'probNum': 7, u'Img': u'Img/43.jpg', u'CorrKey': u'left', u'TestType': u'ConnectCube', u'yPos': None, u'CorrAns': u'left', u'Type': u'Test'}
145.6341 	EXP 	Created sequence: sequential, trialTypes=1, nReps=0, seed=None
145.6346 	EXP 	Created sequence: sequential, trialTypes=1, nReps=0, seed=None
145.6350 	EXP 	Created sequence: sequential, trialTypes=1, nReps=0, seed=None
145.6354 	EXP 	Created sequence: sequential, trialTypes=1, nReps=1, seed=None
145.6359 	EXP 	New trial (rep=0, index=0): None
145.7413 	EXP 	test_start_txt: autoDraw = False
145.7413 	EXP 	image_3: autoDraw = False
145.7413 	EXP 	Timer: autoDraw = False
145.7413 	EXP 	image_3: image = u'Img/43.jpg'
145.7413 	EXP 	test_start_txt: autoDraw = True
147.6444 	EXP 	test_start_txt: autoDraw = False
147.6611 	EXP 	image_3: autoDraw = True
157.6510 	DATA 	Keypress: right
157.6581 	EXP 	Created sequence: sequential, trialTypes=1, nReps=0, seed=None
157.6586 	EXP 	New trial (rep=0, index=16): {u'xPos': None, u'probNum': 8, u'Img': u'Img/44.jpg', u'CorrKey': u'left', u'TestType': u'ConnectCube', u'yPos': None, u'CorrAns': u'left', u'Type': u'Test'}
157.6614 	EXP 	Created sequence: sequential, trialTypes=1, nReps=0, seed=None
157.6625 	EXP 	Created sequence: sequential, trialTypes=1, nReps=0, seed=None
157.6634 	EXP 	Created sequence: sequential, trialTypes=1, nReps=0, seed=None
157.6641 	EXP 	Created sequence: sequential, trialTypes=1, nReps=1, seed=None
157.6648 	EXP 	New trial (rep=0, index=0): None
157.7715 	EXP 	Timer: autoDraw = True
157.7715 	EXP 	test_start_txt: autoDraw = False
157.7715 	EXP 	image_3: autoDraw = False
157.7715 	EXP 	Timer: autoDraw = False
157.7715 	EXP 	image_3: image = u'Img/44.jpg'
157.7715 	EXP 	test_start_txt: autoDraw = True
159.6792 	EXP 	test_start_txt: autoDraw = False
159.6950 	EXP 	image_3: autoDraw = True
167.3213 	DATA 	Keypress: left
167.3244 	EXP 	Created sequence: sequential, trialTypes=1, nReps=0, seed=None
167.3250 	EXP 	New trial (rep=0, index=17): {u'xPos': None, u'probNum': 9, u'Img': u'Img/45.jpg', u'CorrKey': u'right', u'TestType': u'ConnectCube', u'yPos': None, u'CorrAns': u'right', u'Type': u'Test'}
167.3259 	EXP 	Created sequence: sequential, trialTypes=1, nReps=0, seed=None
167.3264 	EXP 	Created sequence: sequential, trialTypes=1, nReps=0, seed=None
167.3268 	EXP 	Created sequence: sequential, trialTypes=1, nReps=0, seed=None
167.3272 	EXP 	Created sequence: sequential, trialTypes=1, nReps=1, seed=None
167.3277 	EXP 	New trial (rep=0, index=0): None
167.4317 	EXP 	test_start_txt: autoDraw = False
167.4317 	EXP 	image_3: autoDraw = False
167.4317 	EXP 	Timer: autoDraw = False
167.4317 	EXP 	image_3: image = u'Img/45.jpg'
167.4317 	EXP 	test_start_txt: autoDraw = True
169.3509 	EXP 	test_start_txt: autoDraw = False
169.3672 	EXP 	image_3: autoDraw = True
179.3655 	EXP 	Timer: autoDraw = True
180.3596 	DATA 	Keypress: right
180.3726 	EXP 	Created sequence: sequential, trialTypes=1, nReps=0, seed=None
180.3732 	EXP 	New trial (rep=0, index=18): {u'xPos': None, u'probNum': 10, u'Img': u'Img/46.jpg', u'CorrKey': u'right', u'TestType': u'ConnectCube', u'yPos': None, u'CorrAns': u'right', u'Type': u'Test'}
180.3742 	EXP 	Created sequence: sequential, trialTypes=1, nReps=0, seed=None
180.3750 	EXP 	Created sequence: sequential, trialTypes=1, nReps=0, seed=None
180.3757 	EXP 	Created sequence: sequential, trialTypes=1, nReps=0, seed=None
180.3764 	EXP 	Created sequence: sequential, trialTypes=1, nReps=1, seed=None
180.3771 	EXP 	New trial (rep=0, index=0): None
180.4746 	EXP 	test_start_txt: autoDraw = False
180.4746 	EXP 	image_3: autoDraw = False
180.4746 	EXP 	Timer: autoDraw = False
180.4746 	EXP 	image_3: image = u'Img/46.jpg'
180.4746 	EXP 	test_start_txt: autoDraw = True
182.3810 	EXP 	test_start_txt: autoDraw = False
182.3977 	EXP 	image_3: autoDraw = True
192.4120 	EXP 	Timer: autoDraw = True
192.5527 	DATA 	Keypress: left
192.5618 	EXP 	Created sequence: sequential, trialTypes=1, nReps=0, seed=None
192.5624 	EXP 	New trial (rep=0, index=19): {u'xPos': None, u'probNum': 11, u'Img': u'Img/47.jpg', u'CorrKey': u'left', u'TestType': u'ConnectCube', u'yPos': None, u'CorrAns': u'left', u'Type': u'Test'}
192.5633 	EXP 	Created sequence: sequential, trialTypes=1, nReps=0, seed=None
192.5641 	EXP 	Created sequence: sequential, trialTypes=1, nReps=0, seed=None
192.5648 	EXP 	Created sequence: sequential, trialTypes=1, nReps=0, seed=None
192.5655 	EXP 	Created sequence: sequential, trialTypes=1, nReps=1, seed=None
192.5660 	EXP 	New trial (rep=0, index=0): None
192.6527 	EXP 	test_start_txt: autoDraw = False
192.6527 	EXP 	image_3: autoDraw = False
192.6527 	EXP 	Timer: autoDraw = False
192.6527 	EXP 	image_3: image = u'Img/47.jpg'
192.6527 	EXP 	test_start_txt: autoDraw = True
194.5918 	EXP 	test_start_txt: autoDraw = False
194.6076 	EXP 	image_3: autoDraw = True
203.3509 	DATA 	Keypress: left
203.3528 	EXP 	Created sequence: sequential, trialTypes=1, nReps=0, seed=None
203.3534 	EXP 	New trial (rep=0, index=20): {u'xPos': None, u'probNum': 12, u'Img': u'Img/48.jpg', u'CorrKey': u'left', u'TestType': u'ConnectCube', u'yPos': None, u'CorrAns': u'left', u'Type': u'Test'}
203.3544 	EXP 	Created sequence: sequential, trialTypes=1, nReps=0, seed=None
203.3549 	EXP 	Created sequence: sequential, trialTypes=1, nReps=0, seed=None
203.3553 	EXP 	Created sequence: sequential, trialTypes=1, nReps=0, seed=None
203.3557 	EXP 	Created sequence: sequential, trialTypes=1, nReps=1, seed=None
203.3562 	EXP 	New trial (rep=0, index=0): None
203.4353 	EXP 	test_start_txt: autoDraw = False
203.4353 	EXP 	image_3: autoDraw = False
203.4353 	EXP 	Timer: autoDraw = False
203.4353 	EXP 	image_3: image = u'Img/48.jpg'
203.4353 	EXP 	test_start_txt: autoDraw = True
205.3810 	EXP 	test_start_txt: autoDraw = False
205.3810 	EXP 	image_3: autoDraw = True
213.2158 	DATA 	Keypress: left
213.2178 	EXP 	Created sequence: sequential, trialTypes=1, nReps=0, seed=None
213.2184 	EXP 	New trial (rep=0, index=21): {u'xPos': None, u'probNum': 13, u'Img': u'Img/49.jpg', u'CorrKey': u'right', u'TestType': u'ConnectCube', u'yPos': None, u'CorrAns': u'right', u'Type': u'Test'}
213.2194 	EXP 	Created sequence: sequential, trialTypes=1, nReps=0, seed=None
213.2198 	EXP 	Created sequence: sequential, trialTypes=1, nReps=0, seed=None
213.2203 	EXP 	Created sequence: sequential, trialTypes=1, nReps=0, seed=None
213.2207 	EXP 	Created sequence: sequential, trialTypes=1, nReps=1, seed=None
213.2212 	EXP 	New trial (rep=0, index=0): None
213.3152 	EXP 	test_start_txt: autoDraw = False
213.3152 	EXP 	image_3: autoDraw = False
213.3152 	EXP 	Timer: autoDraw = False
213.3152 	EXP 	image_3: image = u'Img/49.jpg'
213.3152 	EXP 	test_start_txt: autoDraw = True
215.2620 	EXP 	test_start_txt: autoDraw = False
215.2620 	EXP 	image_3: autoDraw = True
224.6539 	DATA 	Keypress: right
224.6574 	EXP 	Created sequence: sequential, trialTypes=1, nReps=0, seed=None
224.6580 	EXP 	New trial (rep=0, index=22): {u'xPos': None, u'probNum': 14, u'Img': u'Img/50.jpg', u'CorrKey': u'left', u'TestType': u'ConnectCube', u'yPos': None, u'CorrAns': u'left', u'Type': u'Test'}
224.6590 	EXP 	Created sequence: sequential, trialTypes=1, nReps=0, seed=None
224.6595 	EXP 	Created sequence: sequential, trialTypes=1, nReps=0, seed=None
224.6599 	EXP 	Created sequence: sequential, trialTypes=1, nReps=0, seed=None
224.6603 	EXP 	Created sequence: sequential, trialTypes=1, nReps=1, seed=None
224.6609 	EXP 	New trial (rep=0, index=0): None
224.7520 	EXP 	test_start_txt: autoDraw = False
224.7520 	EXP 	image_3: autoDraw = False
224.7520 	EXP 	Timer: autoDraw = False
224.7520 	EXP 	image_3: image = u'Img/50.jpg'
224.7520 	EXP 	test_start_txt: autoDraw = True
226.6676 	EXP 	test_start_txt: autoDraw = False
226.6848 	EXP 	image_3: autoDraw = True
236.6923 	EXP 	Timer: autoDraw = True
236.7407 	DATA 	Keypress: left
236.7473 	EXP 	Created sequence: sequential, trialTypes=1, nReps=0, seed=None
236.7479 	EXP 	New trial (rep=0, index=23): {u'xPos': None, u'probNum': 15, u'Img': u'Img/51.jpg', u'CorrKey': u'left', u'TestType': u'ConnectCube', u'yPos': None, u'CorrAns': u'left', u'Type': u'Test'}
236.7494 	EXP 	Created sequence: sequential, trialTypes=1, nReps=0, seed=None
236.7500 	EXP 	Created sequence: sequential, trialTypes=1, nReps=0, seed=None
236.7506 	EXP 	Created sequence: sequential, trialTypes=1, nReps=0, seed=None
236.7512 	EXP 	Created sequence: sequential, trialTypes=1, nReps=1, seed=None
236.7516 	EXP 	New trial (rep=0, index=0): None
236.8568 	EXP 	test_start_txt: autoDraw = False
236.8568 	EXP 	image_3: autoDraw = False
236.8568 	EXP 	Timer: autoDraw = False
236.8568 	EXP 	image_3: image = u'Img/51.jpg'
236.8568 	EXP 	test_start_txt: autoDraw = True
238.7798 	EXP 	test_start_txt: autoDraw = False
238.7798 	EXP 	image_3: autoDraw = True
245.6057 	DATA 	Keypress: left
245.6348 	EXP 	Created sequence: sequential, trialTypes=1, nReps=0, seed=None
245.6357 	EXP 	New trial (rep=0, index=24): {u'xPos': None, u'probNum': 16, u'Img': u'Img/52.jpg', u'CorrKey': u'right', u'TestType': u'ConnectCube', u'yPos': None, u'CorrAns': u'right', u'Type': u'Test'}
245.6372 	EXP 	Created sequence: sequential, trialTypes=1, nReps=0, seed=None
245.6379 	EXP 	Created sequence: sequential, trialTypes=1, nReps=0, seed=None
245.6386 	EXP 	Created sequence: sequential, trialTypes=1, nReps=0, seed=None
245.6393 	EXP 	Created sequence: sequential, trialTypes=1, nReps=1, seed=None
245.6400 	EXP 	New trial (rep=0, index=0): None
245.7332 	EXP 	test_start_txt: autoDraw = False
245.7332 	EXP 	image_3: autoDraw = False
245.7332 	EXP 	Timer: autoDraw = False
245.7332 	EXP 	image_3: image = u'Img/52.jpg'
245.7332 	EXP 	test_start_txt: autoDraw = True
247.6441 	EXP 	test_start_txt: autoDraw = False
247.6602 	EXP 	image_3: autoDraw = True
257.6897 	EXP 	Timer: autoDraw = True
258.3197 	DATA 	Keypress: right
258.3380 	EXP 	Created sequence: sequential, trialTypes=1, nReps=0, seed=None
258.3386 	EXP 	New trial (rep=0, index=25): {u'xPos': None, u'probNum': 17, u'Img': u'Img/53.jpg', u'CorrKey': u'left', u'TestType': u'ConnectCube', u'yPos': None, u'CorrAns': u'left', u'Type': u'Test'}
258.3396 	EXP 	Created sequence: sequential, trialTypes=1, nReps=0, seed=None
258.3401 	EXP 	Created sequence: sequential, trialTypes=1, nReps=0, seed=None
258.3406 	EXP 	Created sequence: sequential, trialTypes=1, nReps=0, seed=None
258.3412 	EXP 	Created sequence: sequential, trialTypes=1, nReps=1, seed=None
258.3420 	EXP 	New trial (rep=0, index=0): None
258.4131 	DATA 	Keypress: right
258.4411 	EXP 	test_start_txt: autoDraw = False
258.4411 	EXP 	image_3: autoDraw = False
258.4411 	EXP 	Timer: autoDraw = False
258.4411 	EXP 	image_3: image = u'Img/53.jpg'
258.4411 	EXP 	test_start_txt: autoDraw = True
258.4423 	DATA 	Keypress: right
258.4821 	DATA 	Keypress: right
260.3535 	EXP 	test_start_txt: autoDraw = False
260.3701 	EXP 	image_3: autoDraw = True
270.3340 	DATA 	Keypress: right
270.3358 	EXP 	Created sequence: sequential, trialTypes=1, nReps=0, seed=None
270.3364 	EXP 	New trial (rep=0, index=26): {u'xPos': None, u'probNum': 18, u'Img': u'Img/54.jpg', u'CorrKey': u'right', u'TestType': u'ConnectCube', u'yPos': None, u'CorrAns': u'right', u'Type': u'Test'}
270.3379 	EXP 	Created sequence: sequential, trialTypes=1, nReps=0, seed=None
270.3386 	EXP 	Created sequence: sequential, trialTypes=1, nReps=0, seed=None
270.3392 	EXP 	Created sequence: sequential, trialTypes=1, nReps=0, seed=None
270.3396 	EXP 	Created sequence: sequential, trialTypes=1, nReps=1, seed=None
270.3401 	EXP 	New trial (rep=0, index=0): None
270.4348 	EXP 	test_start_txt: autoDraw = False
270.4348 	EXP 	image_3: autoDraw = False
270.4348 	EXP 	Timer: autoDraw = False
270.4348 	EXP 	image_3: image = u'Img/54.jpg'
270.4348 	EXP 	test_start_txt: autoDraw = True
272.3598 	EXP 	test_start_txt: autoDraw = False
272.3598 	EXP 	image_3: autoDraw = True
282.3769 	EXP 	Timer: autoDraw = True
286.2025 	DATA 	Keypress: right
286.2098 	EXP 	Created sequence: sequential, trialTypes=1, nReps=0, seed=None
286.2104 	EXP 	New trial (rep=0, index=27): {u'xPos': None, u'probNum': 19, u'Img': u'Img/55.jpg', u'CorrKey': u'left', u'TestType': u'ConnectCube', u'yPos': None, u'CorrAns': u'left', u'Type': u'Test'}
286.2114 	EXP 	Created sequence: sequential, trialTypes=1, nReps=0, seed=None
286.2118 	EXP 	Created sequence: sequential, trialTypes=1, nReps=0, seed=None
286.2122 	EXP 	Created sequence: sequential, trialTypes=1, nReps=0, seed=None
286.2126 	EXP 	Created sequence: sequential, trialTypes=1, nReps=1, seed=None
286.2131 	EXP 	New trial (rep=0, index=0): None
286.3024 	EXP 	test_start_txt: autoDraw = False
286.3024 	EXP 	image_3: autoDraw = False
286.3024 	EXP 	Timer: autoDraw = False
286.3024 	EXP 	image_3: image = u'Img/55.jpg'
286.3024 	EXP 	test_start_txt: autoDraw = True
288.2307 	EXP 	test_start_txt: autoDraw = False
288.2464 	EXP 	image_3: autoDraw = True
298.2513 	EXP 	Timer: autoDraw = True
298.4505 	DATA 	Keypress: right
298.4716 	EXP 	Created sequence: sequential, trialTypes=1, nReps=0, seed=None
298.4722 	EXP 	New trial (rep=0, index=28): {u'xPos': None, u'probNum': 20, u'Img': u'Img/56.jpg', u'CorrKey': u'right', u'TestType': u'ConnectCube', u'yPos': None, u'CorrAns': u'right', u'Type': u'Test'}
298.4731 	EXP 	Created sequence: sequential, trialTypes=1, nReps=0, seed=None
298.4736 	EXP 	Created sequence: sequential, trialTypes=1, nReps=0, seed=None
298.4740 	EXP 	Created sequence: sequential, trialTypes=1, nReps=0, seed=None
298.4744 	EXP 	Created sequence: sequential, trialTypes=1, nReps=1, seed=None
298.4749 	EXP 	New trial (rep=0, index=0): None
298.5621 	EXP 	test_start_txt: autoDraw = False
298.5621 	EXP 	image_3: autoDraw = False
298.5621 	EXP 	Timer: autoDraw = False
298.5621 	EXP 	image_3: image = u'Img/56.jpg'
298.5621 	EXP 	test_start_txt: autoDraw = True
300.5067 	EXP 	test_start_txt: autoDraw = False
300.5067 	EXP 	image_3: autoDraw = True
309.8004 	DATA 	Keypress: left
309.8023 	EXP 	Created sequence: sequential, trialTypes=1, nReps=0, seed=None
309.8029 	EXP 	New trial (rep=0, index=29): {u'xPos': None, u'probNum': 21, u'Img': u'Img/57.jpg', u'CorrKey': u'right', u'TestType': u'ConnectCube', u'yPos': None, u'CorrAns': u'right', u'Type': u'Test'}
309.8039 	EXP 	Created sequence: sequential, trialTypes=1, nReps=0, seed=None
309.8043 	EXP 	Created sequence: sequential, trialTypes=1, nReps=0, seed=None
309.8047 	EXP 	Created sequence: sequential, trialTypes=1, nReps=0, seed=None
309.8051 	EXP 	Created sequence: sequential, trialTypes=1, nReps=1, seed=None
309.8056 	EXP 	New trial (rep=0, index=0): None
309.8838 	EXP 	test_start_txt: autoDraw = False
309.8838 	EXP 	image_3: autoDraw = False
309.8838 	EXP 	Timer: autoDraw = False
309.8838 	EXP 	image_3: image = u'Img/57.jpg'
309.8838 	EXP 	test_start_txt: autoDraw = True
311.8211 	EXP 	test_start_txt: autoDraw = False
311.8376 	EXP 	image_3: autoDraw = True
320.8457 	DATA 	Keypress: right
320.8477 	EXP 	Created sequence: sequential, trialTypes=1, nReps=0, seed=None
320.8483 	EXP 	New trial (rep=0, index=30): {u'xPos': None, u'probNum': 22, u'Img': u'Img/58.jpg', u'CorrKey': u'right', u'TestType': u'ConnectCube', u'yPos': None, u'CorrAns': u'right', u'Type': u'Test'}
320.8494 	EXP 	Created sequence: sequential, trialTypes=1, nReps=0, seed=None
320.8499 	EXP 	Created sequence: sequential, trialTypes=1, nReps=0, seed=None
320.8504 	EXP 	Created sequence: sequential, trialTypes=1, nReps=0, seed=None
320.8508 	EXP 	Created sequence: sequential, trialTypes=1, nReps=1, seed=None
320.8513 	EXP 	New trial (rep=0, index=0): None
320.9450 	EXP 	test_start_txt: autoDraw = False
320.9450 	EXP 	image_3: autoDraw = False
320.9450 	EXP 	Timer: autoDraw = False
320.9450 	EXP 	image_3: image = u'Img/58.jpg'
320.9450 	EXP 	test_start_txt: autoDraw = True
322.8639 	EXP 	test_start_txt: autoDraw = False
322.8798 	EXP 	image_3: autoDraw = True
332.5900 	DATA 	Keypress: left
332.5919 	EXP 	Created sequence: sequential, trialTypes=1, nReps=0, seed=None
332.5925 	EXP 	New trial (rep=0, index=31): {u'xPos': None, u'probNum': 23, u'Img': u'Img/59.jpg', u'CorrKey': u'right', u'TestType': u'ConnectCube', u'yPos': None, u'CorrAns': u'right', u'Type': u'Test'}
332.5934 	EXP 	Created sequence: sequential, trialTypes=1, nReps=0, seed=None
332.5939 	EXP 	Created sequence: sequential, trialTypes=1, nReps=0, seed=None
332.5943 	EXP 	Created sequence: sequential, trialTypes=1, nReps=0, seed=None
332.5947 	EXP 	Created sequence: sequential, trialTypes=1, nReps=1, seed=None
332.5952 	EXP 	New trial (rep=0, index=0): None
332.6732 	EXP 	test_start_txt: autoDraw = False
332.6732 	EXP 	image_3: autoDraw = False
332.6732 	EXP 	Timer: autoDraw = False
332.6732 	EXP 	image_3: image = u'Img/59.jpg'
332.6732 	EXP 	test_start_txt: autoDraw = True
334.6024 	EXP 	test_start_txt: autoDraw = False
334.6191 	EXP 	image_3: autoDraw = True
344.6416 	EXP 	Timer: autoDraw = True
348.2008 	DATA 	Keypress: right
348.2105 	EXP 	Created sequence: sequential, trialTypes=1, nReps=0, seed=None
348.2111 	EXP 	New trial (rep=0, index=32): {u'xPos': None, u'probNum': 24, u'Img': u'Img/60.jpg', u'CorrKey': u'left', u'TestType': u'ConnectCube', u'yPos': None, u'CorrAns': u'left', u'Type': u'Test'}
348.2125 	EXP 	Created sequence: sequential, trialTypes=1, nReps=0, seed=None
348.2129 	EXP 	Created sequence: sequential, trialTypes=1, nReps=0, seed=None
348.2133 	EXP 	Created sequence: sequential, trialTypes=1, nReps=0, seed=None
348.2138 	EXP 	Created sequence: sequential, trialTypes=1, nReps=1, seed=None
348.2142 	EXP 	New trial (rep=0, index=0): None
348.3174 	EXP 	test_start_txt: autoDraw = False
348.3174 	EXP 	image_3: autoDraw = False
348.3174 	EXP 	Timer: autoDraw = False
348.3174 	EXP 	image_3: image = u'Img/60.jpg'
348.3174 	EXP 	test_start_txt: autoDraw = True
350.2349 	EXP 	test_start_txt: autoDraw = False
350.2349 	EXP 	image_3: autoDraw = True
358.6706 	DATA 	Keypress: left
358.6725 	EXP 	Created sequence: sequential, trialTypes=1, nReps=0, seed=None
358.6731 	EXP 	New trial (rep=0, index=33): {u'xPos': None, u'probNum': None, u'Img': u'Img/61.jpg', u'CorrKey': u'space', u'TestType': None, u'yPos': None, u'CorrAns': u'space', u'Type': u'Inst'}
358.6741 	EXP 	Created sequence: sequential, trialTypes=1, nReps=0, seed=None
358.6745 	EXP 	Created sequence: sequential, trialTypes=1, nReps=0, seed=None
358.6750 	EXP 	Created sequence: sequential, trialTypes=1, nReps=1, seed=None
358.6756 	EXP 	New trial (rep=0, index=0): None
358.7699 	EXP 	test_start_txt: autoDraw = False
358.7699 	EXP 	image_3: autoDraw = False
358.7699 	EXP 	Timer: autoDraw = False
358.7699 	EXP 	image_2: image = u'Img/61.jpg'
358.7699 	EXP 	image_2: autoDraw = True
362.6875 	DATA 	Keypress: space
362.6884 	EXP 	Created sequence: sequential, trialTypes=1, nReps=0, seed=None
362.6889 	EXP 	Created sequence: sequential, trialTypes=1, nReps=0, seed=None
362.6895 	EXP 	New trial (rep=0, index=34): {u'xPos': None, u'probNum': None, u'Img': u'Img/62.jpg', u'CorrKey': u'space', u'TestType': None, u'yPos': None, u'CorrAns': u'space', u'Type': u'Inst'}
362.6910 	EXP 	Created sequence: sequential, trialTypes=1, nReps=0, seed=None
362.6917 	EXP 	Created sequence: sequential, trialTypes=1, nReps=0, seed=None
362.6923 	EXP 	Created sequence: sequential, trialTypes=1, nReps=1, seed=None
362.6928 	EXP 	New trial (rep=0, index=0): None
362.7869 	EXP 	image_2: autoDraw = False
362.7869 	EXP 	image_2: image = u'Img/62.jpg'
362.7869 	EXP 	image_2: autoDraw = True
363.3798 	DATA 	Keypress: space
363.3806 	EXP 	Created sequence: sequential, trialTypes=1, nReps=0, seed=None
363.3811 	EXP 	Created sequence: sequential, trialTypes=1, nReps=0, seed=None
363.3817 	EXP 	New trial (rep=0, index=35): {u'xPos': -1200, u'probNum': None, u'Img': None, u'CorrKey': None, u'TestType': u'CloseSession', u'yPos': 60, u'CorrAns': None, u'Type': u'Mouse'}
363.3827 	EXP 	Created sequence: sequential, trialTypes=1, nReps=0, seed=None
363.3832 	EXP 	Created sequence: sequential, trialTypes=1, nReps=0, seed=None
363.3836 	EXP 	Created sequence: sequential, trialTypes=1, nReps=0, seed=None
363.3840 	EXP 	Created sequence: sequential, trialTypes=1, nReps=0, seed=None
363.3844 	EXP 	Created sequence: sequential, trialTypes=1, nReps=1, seed=None
363.3849 	EXP 	New trial (rep=0, index=0): None
363.6719 	EXP 	window1: mouseVisible = True
