12.9370 	EXP 	Created window1 = Window(allowGUI=False, allowStencil=False, autoLog=True, bitsMode=UNKNOWN, blendMode='avg', color=array([ 0.,  0.,  0.]), colorSpace='rgb', fullscr=UNKNOWN, gamma=None, lms=UNKNOWN, monitor=<psychopy.monitors.calibTools.Monitor instance at 0x0A72B710>, name='window1', pos=[0, 0], screen=0, size=array([1600,  900]), stereo=False, units=u'norm', useFBO=True, viewOri=0.0, viewPos=None, viewScale=None, waitBlanking=True, winType='pyglet')
12.9370 	EXP 	window1: recordFrameIntervals = False
13.1038 	EXP 	window1: recordFrameIntervals = True
13.2905 	EXP 	window1: recordFrameIntervals = False
13.2971 	EXP 	Created image_4 = ImageStim(autoLog=True, color=array([ 1.,  1.,  1.]), colorSpace='rgb', contrast=1.0, depth=0.0, flipHoriz=False, flipVert=False, image='sin', interpolate=True, mask=None, maskParams=None, name='image_4', opacity=1.0, ori=0.0, pos=array([ 0.,  0.]), size=array([ 1.5,  1.5]), texRes=128, units=u'norm', win=Window(...))
13.4247 	EXP 	Created text_2 = TextStim(alignHoriz='center', alignVert='center', antialias=True, autoLog=True, bold=False, color='white', colorSpace='named', contrast=1.0, depth=-2.0, flipHoriz=False, flipVert=False, font='Arial', fontFiles=[], height=0.1, italic=False, name='text_2', opacity=1.0, ori=0, pos=array([ 0.  ,  0.85]), rgb=array([ 255.,  255.,  255.]), text=u'default text', units=u'norm', win=Window(...), wrapWidth=1)
13.4616 	EXP 	Created dummy_start = TextStim(alignHoriz='center', alignVert='center', antialias=True, autoLog=True, bold=False, color='white', colorSpace='named', contrast=1.0, depth=0.0, flipHoriz=False, flipVert=False, font='Arial', fontFiles=[], height=0.5, italic=False, name='dummy_start', opacity=1.0, ori=0, pos=array([ 0.,  0.]), rgb=array([ 255.,  255.,  255.]), text=u'+', units=u'norm', win=Window(...), wrapWidth=1)
13.4666 	EXP 	Created image = ImageStim(autoLog=True, color=array([ 1.,  1.,  1.]), colorSpace='rgb', contrast=1.0, depth=-1.0, flipHoriz=False, flipVert=False, image='sin', interpolate=True, mask=None, maskParams=None, name='image', opacity=1.0, ori=0.0, pos=array([ 0.,  0.]), size=array([ 1.6,  1.6]), texRes=128, units=u'norm', win=Window(...))
13.4743 	EXP 	Created message = TextStim(alignHoriz='center', alignVert='center', antialias=True, autoLog=True, bold=False, color='white', colorSpace='named', contrast=1.0, depth=-1.0, flipHoriz=False, flipVert=False, font='Arial', fontFiles=[], height=0.1, italic=False, name='message', opacity=1.0, ori=0, pos=array([ 0.,  0.]), rgb=array([ 255.,  255.,  255.]), text=u'default text', units=u'norm', win=Window(...), wrapWidth=1)
13.4785 	EXP 	Created image_2 = ImageStim(autoLog=True, color=array([ 1.,  1.,  1.]), colorSpace='rgb', contrast=1.0, depth=0.0, flipHoriz=False, flipVert=False, image='sin', interpolate=True, mask=None, maskParams=None, name='image_2', opacity=1.0, ori=0.0, pos=array([ 0.,  0.]), size=array([ 1.5,  1.5]), texRes=128, units=u'norm', win=Window(...))
13.4840 	EXP 	Created test_start_txt = TextStim(alignHoriz='center', alignVert='center', antialias=True, autoLog=True, bold=False, color='white', colorSpace='named', contrast=1.0, depth=0.0, flipHoriz=False, flipVert=False, font='Arial', fontFiles=[], height=0.5, italic=False, name='test_start_txt', opacity=1.0, ori=0, pos=array([ 0.,  0.]), rgb=array([ 255.,  255.,  255.]), text=u'+', units=u'norm', win=Window(...), wrapWidth=1)
13.4899 	EXP 	Created image_3 = ImageStim(autoLog=True, color=array([ 1.,  1.,  1.]), colorSpace='rgb', contrast=1.0, depth=-1.0, flipHoriz=False, flipVert=False, image='sin', interpolate=True, mask=None, maskParams=None, name='image_3', opacity=1.0, ori=0.0, pos=array([ 0.,  0.]), size=array([ 1.5,  1.5]), texRes=128, units=u'norm', win=Window(...))
13.4988 	EXP 	Created Timer = TextStim(alignHoriz='center', alignVert='center', antialias=True, autoLog=True, bold=False, color='white', colorSpace='named', contrast=1.0, depth=-3.0, flipHoriz=False, flipVert=False, font='Arial', fontFiles=[], height=0.1, italic=False, name='Timer', opacity=1.0, ori=0, pos=array([ 0.  ,  0.85]), rgb=array([ 255.,  255.,  255.]), text=u'default text', units=u'norm', win=Window(...), wrapWidth=1)
13.5001 	EXP 	Created text = TextStim(alignHoriz='center', alignVert='center', antialias=True, autoLog=True, bold=False, color='white', colorSpace='named', contrast=1.0, depth=-1.0, flipHoriz=False, flipVert=False, font='Arial', fontFiles=[], height=0.1, italic=False, name='text', opacity=1.0, ori=0, pos=array([ 0.,  0.]), rgb=array([ 255.,  255.,  255.]), text='', units=u'norm', win=Window(...), wrapWidth=1)
13.8945 	EXP 	Imported Settings_MRT.xlsx as conditions, 38 conditions, 9 params
13.8953 	EXP 	Created sequence: sequential, trialTypes=38, nReps=1, seed=None
13.8962 	EXP 	New trial (rep=0, index=0): {u'xPos': None, u'probNum': None, u'Img': u'Img/1.jpg', u'CorrKey': u'space', u'TestType': None, u'yPos': None, u'Etc': None, u'CorrAns': u'space', u'Type': u'Inst'}
13.8969 	EXP 	Created sequence: sequential, trialTypes=1, nReps=0, seed=None
13.8973 	EXP 	Created sequence: sequential, trialTypes=1, nReps=0, seed=None
13.8976 	EXP 	Created sequence: sequential, trialTypes=1, nReps=1, seed=None
13.8979 	EXP 	New trial (rep=0, index=0): None
13.9905 	EXP 	image_2: image = u'Img/1.jpg'
13.9905 	EXP 	image_2: autoDraw = True
221.3048 	DATA 	Keypress: space
221.3058 	EXP 	Created sequence: sequential, trialTypes=1, nReps=0, seed=None
221.3063 	EXP 	Created sequence: sequential, trialTypes=1, nReps=0, seed=None
221.3070 	EXP 	New trial (rep=0, index=1): {u'xPos': None, u'probNum': None, u'Img': u'Img/2.jpg', u'CorrKey': u'space', u'TestType': None, u'yPos': None, u'Etc': None, u'CorrAns': u'space', u'Type': u'Inst'}
221.3080 	EXP 	Created sequence: sequential, trialTypes=1, nReps=0, seed=None
221.3084 	EXP 	Created sequence: sequential, trialTypes=1, nReps=0, seed=None
221.3088 	EXP 	Created sequence: sequential, trialTypes=1, nReps=1, seed=None
221.3094 	EXP 	New trial (rep=0, index=0): None
221.4033 	EXP 	image_2: autoDraw = False
221.4033 	EXP 	image_2: image = u'Img/2.jpg'
221.4033 	EXP 	image_2: autoDraw = True
231.6544 	DATA 	Keypress: space
231.6554 	EXP 	Created sequence: sequential, trialTypes=1, nReps=0, seed=None
231.6559 	EXP 	Created sequence: sequential, trialTypes=1, nReps=0, seed=None
231.6565 	EXP 	New trial (rep=0, index=2): {u'xPos': None, u'probNum': None, u'Img': u'Img/3.jpg', u'CorrKey': u'space', u'TestType': None, u'yPos': None, u'Etc': None, u'CorrAns': u'space', u'Type': u'Inst'}
231.6576 	EXP 	Created sequence: sequential, trialTypes=1, nReps=0, seed=None
231.6581 	EXP 	Created sequence: sequential, trialTypes=1, nReps=0, seed=None
231.6586 	EXP 	Created sequence: sequential, trialTypes=1, nReps=1, seed=None
231.6591 	EXP 	New trial (rep=0, index=0): None
231.7372 	EXP 	image_2: autoDraw = False
231.7372 	EXP 	image_2: image = u'Img/3.jpg'
231.7372 	EXP 	image_2: autoDraw = True
269.1812 	DATA 	Keypress: space
269.1820 	EXP 	Created sequence: sequential, trialTypes=1, nReps=0, seed=None
269.1823 	EXP 	Created sequence: sequential, trialTypes=1, nReps=0, seed=None
269.1828 	EXP 	New trial (rep=0, index=3): {u'xPos': -620, u'probNum': None, u'Img': None, u'CorrKey': None, u'TestType': u'OpenSession', u'yPos': 580, u'Etc': None, u'CorrAns': None, u'Type': u'Mouse'}
269.1835 	EXP 	Created sequence: sequential, trialTypes=1, nReps=0, seed=None
269.1838 	EXP 	Created sequence: sequential, trialTypes=1, nReps=0, seed=None
269.1841 	EXP 	Created sequence: sequential, trialTypes=1, nReps=0, seed=None
269.1844 	EXP 	Created sequence: sequential, trialTypes=1, nReps=0, seed=None
269.1847 	EXP 	Created sequence: sequential, trialTypes=1, nReps=1, seed=None
269.1851 	EXP 	New trial (rep=0, index=0): None
269.2147 	EXP 	image_2: autoDraw = False
269.2147 	EXP 	text: autoDraw = True
269.2828 	EXP 	New trial (rep=0, index=4): {u'xPos': None, u'probNum': None, u'Img': u'Img/4.jpg', u'CorrKey': None, u'TestType': u'Background', u'yPos': None, u'Etc': None, u'CorrAns': None, u'Type': u'TimeOut'}
269.2839 	EXP 	Created sequence: sequential, trialTypes=1, nReps=1, seed=None
269.2845 	EXP 	New trial (rep=0, index=0): None
269.3820 	EXP 	text: autoDraw = False
269.3820 	EXP 	text: autoDraw = False
269.3820 	EXP 	image_4: image = u'Img/4.jpg'
269.3820 	EXP 	image_4: autoDraw = True
319.3346 	EXP 	text_2: autoDraw = True
329.2891 	EXP 	Created sequence: sequential, trialTypes=1, nReps=0, seed=None
329.2896 	EXP 	Created sequence: sequential, trialTypes=1, nReps=0, seed=None
329.2903 	EXP 	Created sequence: sequential, trialTypes=1, nReps=0, seed=None
329.2908 	EXP 	Created sequence: sequential, trialTypes=1, nReps=0, seed=None
329.2915 	EXP 	New trial (rep=0, index=5): {u'xPos': 100, u'probNum': None, u'Img': None, u'CorrKey': None, u'TestType': u'Back_to_Test', u'yPos': 100, u'Etc': None, u'CorrAns': None, u'Type': u'Mouse'}
329.2924 	EXP 	Created sequence: sequential, trialTypes=1, nReps=0, seed=None
329.2928 	EXP 	Created sequence: sequential, trialTypes=1, nReps=0, seed=None
329.2933 	EXP 	Created sequence: sequential, trialTypes=1, nReps=0, seed=None
329.2936 	EXP 	Created sequence: sequential, trialTypes=1, nReps=0, seed=None
329.2939 	EXP 	Created sequence: sequential, trialTypes=1, nReps=1, seed=None
329.2942 	EXP 	New trial (rep=0, index=0): None
329.3004 	DATA 	Mouse: Left button down, pos=(100,800)
329.3057 	DATA 	Mouse:  Left button up, pos=(100,800)
329.3216 	EXP 	image_4: autoDraw = False
329.3216 	EXP 	text_2: autoDraw = False
329.3216 	EXP 	image_4: autoDraw = False
329.3216 	EXP 	text_2: autoDraw = False
329.3216 	EXP 	text: autoDraw = True
329.3905 	EXP 	New trial (rep=0, index=6): {u'xPos': None, u'probNum': None, u'Img': u'Img/5.jpg', u'CorrKey': u'space', u'TestType': None, u'yPos': None, u'Etc': None, u'CorrAns': u'space', u'Type': u'Inst'}
329.3919 	EXP 	Created sequence: sequential, trialTypes=1, nReps=0, seed=None
329.3925 	EXP 	Created sequence: sequential, trialTypes=1, nReps=0, seed=None
329.3930 	EXP 	Created sequence: sequential, trialTypes=1, nReps=1, seed=None
329.3934 	EXP 	New trial (rep=0, index=0): None
329.4729 	EXP 	text: autoDraw = False
329.4729 	EXP 	text: autoDraw = False
329.4729 	EXP 	image_2: image = u'Img/5.jpg'
329.4729 	EXP 	image_2: autoDraw = True
361.1156 	DATA 	Keypress: space
361.1165 	EXP 	Created sequence: sequential, trialTypes=1, nReps=0, seed=None
361.1170 	EXP 	Created sequence: sequential, trialTypes=1, nReps=0, seed=None
361.1177 	EXP 	New trial (rep=0, index=7): {u'xPos': None, u'probNum': None, u'Img': u'Img/6.jpg', u'CorrKey': u'space', u'TestType': None, u'yPos': None, u'Etc': None, u'CorrAns': u'space', u'Type': u'Inst'}
361.1184 	EXP 	Created sequence: sequential, trialTypes=1, nReps=0, seed=None
361.1189 	EXP 	Created sequence: sequential, trialTypes=1, nReps=0, seed=None
361.1194 	EXP 	Created sequence: sequential, trialTypes=1, nReps=1, seed=None
361.1200 	EXP 	New trial (rep=0, index=0): None
361.1984 	EXP 	image_2: autoDraw = False
361.1984 	EXP 	image_2: image = u'Img/6.jpg'
361.1984 	EXP 	image_2: autoDraw = True
363.2885 	DATA 	Keypress: space
363.2891 	EXP 	Created sequence: sequential, trialTypes=1, nReps=0, seed=None
363.2894 	EXP 	Created sequence: sequential, trialTypes=1, nReps=0, seed=None
363.2898 	EXP 	New trial (rep=0, index=8): {u'xPos': None, u'probNum': None, u'Img': u'Img/7.jpg', u'CorrKey': None, u'TestType': u'Background', u'yPos': None, u'Etc': None, u'CorrAns': None, u'Type': u'TimeOut'}
363.2906 	EXP 	Created sequence: sequential, trialTypes=1, nReps=1, seed=None
363.2909 	EXP 	New trial (rep=0, index=0): None
363.3699 	EXP 	image_2: autoDraw = False
363.3699 	EXP 	image_4: image = u'Img/7.jpg'
363.3699 	EXP 	image_4: autoDraw = True
413.3215 	EXP 	text_2: autoDraw = True
423.2798 	EXP 	Created sequence: sequential, trialTypes=1, nReps=0, seed=None
423.2803 	EXP 	Created sequence: sequential, trialTypes=1, nReps=0, seed=None
423.2806 	EXP 	Created sequence: sequential, trialTypes=1, nReps=0, seed=None
423.2809 	EXP 	Created sequence: sequential, trialTypes=1, nReps=0, seed=None
423.2814 	EXP 	New trial (rep=0, index=9): {u'xPos': None, u'probNum': None, u'Img': u'Img/8.jpg', u'CorrKey': u'space', u'TestType': None, u'yPos': None, u'Etc': None, u'CorrAns': u'space', u'Type': u'Inst'}
423.2824 	EXP 	Created sequence: sequential, trialTypes=1, nReps=0, seed=None
423.2829 	EXP 	Created sequence: sequential, trialTypes=1, nReps=0, seed=None
423.2832 	EXP 	Created sequence: sequential, trialTypes=1, nReps=1, seed=None
423.2836 	EXP 	New trial (rep=0, index=0): None
423.3794 	EXP 	image_4: autoDraw = False
423.3794 	EXP 	text_2: autoDraw = False
423.3794 	EXP 	image_4: autoDraw = False
423.3794 	EXP 	text_2: autoDraw = False
423.3794 	EXP 	image_2: image = u'Img/8.jpg'
423.3794 	EXP 	image_2: autoDraw = True
433.0566 	DATA 	Keypress: space
433.0572 	EXP 	Created sequence: sequential, trialTypes=1, nReps=0, seed=None
433.0575 	EXP 	Created sequence: sequential, trialTypes=1, nReps=0, seed=None
433.0580 	EXP 	New trial (rep=0, index=10): {u'xPos': None, u'probNum': None, u'Img': u'Img/9.jpg', u'CorrKey': u'space', u'TestType': None, u'yPos': None, u'Etc': None, u'CorrAns': u'space', u'Type': u'Inst'}
433.0589 	EXP 	Created sequence: sequential, trialTypes=1, nReps=0, seed=None
433.0594 	EXP 	Created sequence: sequential, trialTypes=1, nReps=0, seed=None
433.0601 	EXP 	Created sequence: sequential, trialTypes=1, nReps=1, seed=None
433.0607 	EXP 	New trial (rep=0, index=0): None
433.1395 	EXP 	image_2: autoDraw = False
433.1395 	EXP 	image_2: image = u'Img/9.jpg'
433.1395 	EXP 	image_2: autoDraw = True
436.6803 	DATA 	Keypress: space
436.6811 	EXP 	Created sequence: sequential, trialTypes=1, nReps=0, seed=None
436.6816 	EXP 	Created sequence: sequential, trialTypes=1, nReps=0, seed=None
436.6823 	EXP 	New trial (rep=0, index=11): {u'xPos': None, u'probNum': None, u'Img': u'Img/10.jpg', u'CorrKey': u'space', u'TestType': None, u'yPos': None, u'Etc': None, u'CorrAns': u'space', u'Type': u'Inst'}
436.6835 	EXP 	Created sequence: sequential, trialTypes=1, nReps=0, seed=None
436.6840 	EXP 	Created sequence: sequential, trialTypes=1, nReps=0, seed=None
436.6845 	EXP 	Created sequence: sequential, trialTypes=1, nReps=1, seed=None
436.6850 	EXP 	New trial (rep=0, index=0): None
436.7813 	EXP 	image_2: autoDraw = False
436.7813 	EXP 	image_2: image = u'Img/10.jpg'
436.7813 	EXP 	image_2: autoDraw = True
450.9666 	DATA 	Keypress: space
450.9678 	EXP 	Created sequence: sequential, trialTypes=1, nReps=0, seed=None
450.9684 	EXP 	Created sequence: sequential, trialTypes=1, nReps=0, seed=None
450.9692 	EXP 	New trial (rep=0, index=12): {u'xPos': None, u'probNum': None, u'Img': u'Img/11.jpg', u'CorrKey': u'space', u'TestType': None, u'yPos': None, u'Etc': None, u'CorrAns': u'space', u'Type': u'Inst'}
450.9705 	EXP 	Created sequence: sequential, trialTypes=1, nReps=0, seed=None
450.9710 	EXP 	Created sequence: sequential, trialTypes=1, nReps=0, seed=None
450.9715 	EXP 	Created sequence: sequential, trialTypes=1, nReps=1, seed=None
450.9720 	EXP 	New trial (rep=0, index=0): None
451.0655 	EXP 	image_2: autoDraw = False
451.0655 	EXP 	image_2: image = u'Img/11.jpg'
451.0655 	EXP 	image_2: autoDraw = True
452.9627 	DATA 	Keypress: space
452.9635 	EXP 	Created sequence: sequential, trialTypes=1, nReps=0, seed=None
452.9640 	EXP 	Created sequence: sequential, trialTypes=1, nReps=0, seed=None
452.9644 	EXP 	New trial (rep=0, index=13): {u'xPos': None, u'probNum': None, u'Img': u'Img/12.jpg', u'CorrKey': u'left', u'TestType': None, u'yPos': None, u'Etc': None, u'CorrAns': u'same', u'Type': u'Dumm'}
452.9652 	EXP 	Created sequence: sequential, trialTypes=1, nReps=0, seed=None
452.9655 	EXP 	Created sequence: sequential, trialTypes=1, nReps=1, seed=None
452.9659 	EXP 	New trial (rep=0, index=0): None
453.0446 	EXP 	image_2: autoDraw = False
453.0446 	EXP 	image: image = u'Img/12.jpg'
453.0446 	EXP 	dummy_start: autoDraw = True
454.9838 	EXP 	dummy_start: autoDraw = False
454.9838 	EXP 	image: autoDraw = True
459.4319 	DATA 	Keypress: left
459.4814 	EXP 	dummy_start: autoDraw = False
459.4814 	EXP 	image: autoDraw = False
459.4814 	EXP 	message: text = 'Good! \n \n \n Response time = 4.448'
459.4814 	EXP 	message: autoDraw = True
462.4315 	EXP 	Created sequence: sequential, trialTypes=1, nReps=0, seed=None
462.4318 	EXP 	Created sequence: sequential, trialTypes=1, nReps=0, seed=None
462.4322 	EXP 	Created sequence: sequential, trialTypes=1, nReps=0, seed=None
462.4327 	EXP 	New trial (rep=0, index=14): {u'xPos': None, u'probNum': None, u'Img': u'Img/13.jpg', u'CorrKey': u'right', u'TestType': None, u'yPos': None, u'Etc': None, u'CorrAns': u'different', u'Type': u'Dumm'}
462.4335 	EXP 	Created sequence: sequential, trialTypes=1, nReps=0, seed=None
462.4339 	EXP 	Created sequence: sequential, trialTypes=1, nReps=1, seed=None
462.4343 	EXP 	New trial (rep=0, index=0): None
462.4978 	EXP 	message: autoDraw = False
462.4978 	EXP 	message: autoDraw = False
462.4978 	EXP 	image: image = u'Img/13.jpg'
462.4978 	EXP 	dummy_start: autoDraw = True
464.4522 	EXP 	dummy_start: autoDraw = False
464.4522 	EXP 	image: autoDraw = True
468.3639 	DATA 	Keypress: right
468.3960 	EXP 	dummy_start: autoDraw = False
468.3960 	EXP 	image: autoDraw = False
468.3960 	EXP 	message: text = 'Good! \n \n \n Response time = 3.912'
468.3960 	EXP 	message: autoDraw = True
471.3693 	EXP 	Created sequence: sequential, trialTypes=1, nReps=0, seed=None
471.3699 	EXP 	Created sequence: sequential, trialTypes=1, nReps=0, seed=None
471.3703 	EXP 	Created sequence: sequential, trialTypes=1, nReps=0, seed=None
471.3710 	EXP 	New trial (rep=0, index=15): {u'xPos': None, u'probNum': None, u'Img': u'Img/14.jpg', u'CorrKey': None, u'TestType': None, u'yPos': None, u'Etc': None, u'CorrAns': None, u'Type': u'Inst'}
471.3721 	EXP 	Created sequence: sequential, trialTypes=1, nReps=0, seed=None
471.3726 	EXP 	Created sequence: sequential, trialTypes=1, nReps=0, seed=None
471.3734 	EXP 	Created sequence: sequential, trialTypes=1, nReps=1, seed=None
471.3741 	EXP 	New trial (rep=0, index=0): None
471.4685 	EXP 	message: autoDraw = False
471.4685 	EXP 	message: autoDraw = False
471.4685 	EXP 	image_2: image = u'Img/14.jpg'
471.4685 	EXP 	image_2: autoDraw = True
507.8258 	DATA 	Keypress: space
507.8265 	EXP 	Created sequence: sequential, trialTypes=1, nReps=0, seed=None
507.8271 	EXP 	Created sequence: sequential, trialTypes=1, nReps=0, seed=None
507.8276 	EXP 	New trial (rep=0, index=16): {u'xPos': None, u'probNum': 1, u'Img': u'Img/MRT1.jpg', u'CorrKey': u'left', u'TestType': u'MRT', u'yPos': None, u'Etc': None, u'CorrAns': u'same', u'Type': u'Test'}
507.8285 	EXP 	Created sequence: sequential, trialTypes=1, nReps=0, seed=None
507.8292 	EXP 	Created sequence: sequential, trialTypes=1, nReps=0, seed=None
507.8296 	EXP 	Created sequence: sequential, trialTypes=1, nReps=0, seed=None
507.8301 	EXP 	Created sequence: sequential, trialTypes=1, nReps=1, seed=None
507.8305 	EXP 	New trial (rep=0, index=0): None
507.9092 	EXP 	image_2: autoDraw = False
507.9092 	EXP 	image_3: image = u'Img/MRT1.jpg'
507.9092 	EXP 	test_start_txt: autoDraw = True
509.8444 	EXP 	test_start_txt: autoDraw = False
509.8614 	EXP 	image_3: autoDraw = True
513.1706 	DATA 	Keypress: left
513.1725 	EXP 	Created sequence: sequential, trialTypes=1, nReps=0, seed=None
513.1731 	EXP 	New trial (rep=0, index=17): {u'xPos': None, u'probNum': 2, u'Img': u'Img/MRT2.jpg', u'CorrKey': u'right', u'TestType': u'MRT', u'yPos': None, u'Etc': None, u'CorrAns': u'different', u'Type': u'Test'}
513.1741 	EXP 	Created sequence: sequential, trialTypes=1, nReps=0, seed=None
513.1745 	EXP 	Created sequence: sequential, trialTypes=1, nReps=0, seed=None
513.1750 	EXP 	Created sequence: sequential, trialTypes=1, nReps=0, seed=None
513.1754 	EXP 	Created sequence: sequential, trialTypes=1, nReps=1, seed=None
513.1760 	EXP 	New trial (rep=0, index=0): None
513.2367 	EXP 	test_start_txt: autoDraw = False
513.2367 	EXP 	image_3: autoDraw = False
513.2367 	EXP 	Timer: autoDraw = False
513.2367 	EXP 	image_3: image = u'Img/MRT2.jpg'
513.2367 	EXP 	test_start_txt: autoDraw = True
515.1877 	EXP 	test_start_txt: autoDraw = False
515.2043 	EXP 	image_3: autoDraw = True
521.8509 	DATA 	Keypress: right
521.8530 	EXP 	Created sequence: sequential, trialTypes=1, nReps=0, seed=None
521.8534 	EXP 	New trial (rep=0, index=18): {u'xPos': None, u'probNum': 3, u'Img': u'Img/MRT3.jpg', u'CorrKey': u'left', u'TestType': u'MRT', u'yPos': None, u'Etc': None, u'CorrAns': u'same', u'Type': u'Test'}
521.8541 	EXP 	Created sequence: sequential, trialTypes=1, nReps=0, seed=None
521.8544 	EXP 	Created sequence: sequential, trialTypes=1, nReps=0, seed=None
521.8547 	EXP 	Created sequence: sequential, trialTypes=1, nReps=0, seed=None
521.8550 	EXP 	Created sequence: sequential, trialTypes=1, nReps=1, seed=None
521.8554 	EXP 	New trial (rep=0, index=0): None
521.9173 	EXP 	test_start_txt: autoDraw = False
521.9173 	EXP 	image_3: autoDraw = False
521.9173 	EXP 	Timer: autoDraw = False
521.9173 	EXP 	image_3: image = u'Img/MRT3.jpg'
521.9173 	EXP 	test_start_txt: autoDraw = True
523.8640 	EXP 	test_start_txt: autoDraw = False
523.8814 	EXP 	image_3: autoDraw = True
529.4732 	DATA 	Keypress: left
529.4754 	EXP 	Created sequence: sequential, trialTypes=1, nReps=0, seed=None
529.4761 	EXP 	New trial (rep=0, index=19): {u'xPos': None, u'probNum': 4, u'Img': u'Img/MRT4.jpg', u'CorrKey': u'left', u'TestType': u'MRT', u'yPos': None, u'Etc': None, u'CorrAns': u'same', u'Type': u'Test'}
529.4773 	EXP 	Created sequence: sequential, trialTypes=1, nReps=0, seed=None
529.4778 	EXP 	Created sequence: sequential, trialTypes=1, nReps=0, seed=None
529.4784 	EXP 	Created sequence: sequential, trialTypes=1, nReps=0, seed=None
529.4789 	EXP 	Created sequence: sequential, trialTypes=1, nReps=1, seed=None
529.4794 	EXP 	New trial (rep=0, index=0): None
529.5398 	EXP 	test_start_txt: autoDraw = False
529.5398 	EXP 	image_3: autoDraw = False
529.5398 	EXP 	Timer: autoDraw = False
529.5398 	EXP 	image_3: image = u'Img/MRT4.jpg'
529.5398 	EXP 	test_start_txt: autoDraw = True
531.4864 	EXP 	test_start_txt: autoDraw = False
531.5031 	EXP 	image_3: autoDraw = True
534.3179 	DATA 	Keypress: left
534.3197 	EXP 	Created sequence: sequential, trialTypes=1, nReps=0, seed=None
534.3201 	EXP 	New trial (rep=0, index=20): {u'xPos': None, u'probNum': 5, u'Img': u'Img/MRT5.jpg', u'CorrKey': u'right', u'TestType': u'MRT', u'yPos': None, u'Etc': None, u'CorrAns': u'different', u'Type': u'Test'}
534.3212 	EXP 	Created sequence: sequential, trialTypes=1, nReps=0, seed=None
534.3217 	EXP 	Created sequence: sequential, trialTypes=1, nReps=0, seed=None
534.3222 	EXP 	Created sequence: sequential, trialTypes=1, nReps=0, seed=None
534.3228 	EXP 	Created sequence: sequential, trialTypes=1, nReps=1, seed=None
534.3232 	EXP 	New trial (rep=0, index=0): None
534.3840 	EXP 	test_start_txt: autoDraw = False
534.3840 	EXP 	image_3: autoDraw = False
534.3840 	EXP 	Timer: autoDraw = False
534.3840 	EXP 	image_3: image = u'Img/MRT5.jpg'
534.3840 	EXP 	test_start_txt: autoDraw = True
536.3360 	EXP 	test_start_txt: autoDraw = False
536.3529 	EXP 	image_3: autoDraw = True
542.3179 	DATA 	Keypress: right
542.3193 	EXP 	Created sequence: sequential, trialTypes=1, nReps=0, seed=None
542.3197 	EXP 	New trial (rep=0, index=21): {u'xPos': None, u'probNum': 6, u'Img': u'Img/MRT6.jpg', u'CorrKey': u'right', u'TestType': u'MRT', u'yPos': None, u'Etc': None, u'CorrAns': u'different', u'Type': u'Test'}
542.3204 	EXP 	Created sequence: sequential, trialTypes=1, nReps=0, seed=None
542.3207 	EXP 	Created sequence: sequential, trialTypes=1, nReps=0, seed=None
542.3210 	EXP 	Created sequence: sequential, trialTypes=1, nReps=0, seed=None
542.3213 	EXP 	Created sequence: sequential, trialTypes=1, nReps=1, seed=None
542.3216 	EXP 	New trial (rep=0, index=0): None
542.3839 	EXP 	test_start_txt: autoDraw = False
542.3839 	EXP 	image_3: autoDraw = False
542.3839 	EXP 	Timer: autoDraw = False
542.3839 	EXP 	image_3: image = u'Img/MRT6.jpg'
542.3839 	EXP 	test_start_txt: autoDraw = True
544.3415 	EXP 	test_start_txt: autoDraw = False
544.3415 	EXP 	image_3: autoDraw = True
551.7829 	DATA 	Keypress: left
551.7842 	EXP 	Created sequence: sequential, trialTypes=1, nReps=0, seed=None
551.7846 	EXP 	New trial (rep=0, index=22): {u'xPos': None, u'probNum': 7, u'Img': u'Img/MRT7.jpg', u'CorrKey': u'right', u'TestType': u'MRT', u'yPos': None, u'Etc': None, u'CorrAns': u'different', u'Type': u'Test'}
551.7853 	EXP 	Created sequence: sequential, trialTypes=1, nReps=0, seed=None
551.7856 	EXP 	Created sequence: sequential, trialTypes=1, nReps=0, seed=None
551.7861 	EXP 	Created sequence: sequential, trialTypes=1, nReps=0, seed=None
551.7865 	EXP 	Created sequence: sequential, trialTypes=1, nReps=1, seed=None
551.7868 	EXP 	New trial (rep=0, index=0): None
551.8658 	EXP 	test_start_txt: autoDraw = False
551.8658 	EXP 	image_3: autoDraw = False
551.8658 	EXP 	Timer: autoDraw = False
551.8658 	EXP 	image_3: image = u'Img/MRT7.jpg'
551.8658 	EXP 	test_start_txt: autoDraw = True
553.7983 	EXP 	test_start_txt: autoDraw = False
553.8150 	EXP 	image_3: autoDraw = True
562.6375 	DATA 	Keypress: right
562.6554 	EXP 	Created sequence: sequential, trialTypes=1, nReps=0, seed=None
562.6560 	EXP 	New trial (rep=0, index=23): {u'xPos': None, u'probNum': 8, u'Img': u'Img/MRT8.jpg', u'CorrKey': u'left', u'TestType': u'MRT', u'yPos': None, u'Etc': None, u'CorrAns': u'same', u'Type': u'Test'}
562.6573 	EXP 	Created sequence: sequential, trialTypes=1, nReps=0, seed=None
562.6579 	EXP 	Created sequence: sequential, trialTypes=1, nReps=0, seed=None
562.6583 	EXP 	Created sequence: sequential, trialTypes=1, nReps=0, seed=None
562.6588 	EXP 	Created sequence: sequential, trialTypes=1, nReps=1, seed=None
562.6593 	EXP 	New trial (rep=0, index=0): None
562.7369 	EXP 	test_start_txt: autoDraw = False
562.7369 	EXP 	image_3: autoDraw = False
562.7369 	EXP 	Timer: autoDraw = False
562.7369 	EXP 	image_3: image = u'Img/MRT8.jpg'
562.7369 	EXP 	test_start_txt: autoDraw = True
564.6688 	EXP 	test_start_txt: autoDraw = False
564.6854 	EXP 	image_3: autoDraw = True
568.9707 	DATA 	Keypress: left
568.9728 	EXP 	Created sequence: sequential, trialTypes=1, nReps=0, seed=None
568.9735 	EXP 	New trial (rep=0, index=24): {u'xPos': None, u'probNum': 9, u'Img': u'Img/MRT9.jpg', u'CorrKey': u'left', u'TestType': u'MRT', u'yPos': None, u'Etc': None, u'CorrAns': u'same', u'Type': u'Test'}
568.9748 	EXP 	Created sequence: sequential, trialTypes=1, nReps=0, seed=None
568.9755 	EXP 	Created sequence: sequential, trialTypes=1, nReps=0, seed=None
568.9763 	EXP 	Created sequence: sequential, trialTypes=1, nReps=0, seed=None
568.9768 	EXP 	Created sequence: sequential, trialTypes=1, nReps=1, seed=None
568.9774 	EXP 	New trial (rep=0, index=0): None
569.0535 	EXP 	test_start_txt: autoDraw = False
569.0535 	EXP 	image_3: autoDraw = False
569.0535 	EXP 	Timer: autoDraw = False
569.0535 	EXP 	image_3: image = u'Img/MRT9.jpg'
569.0535 	EXP 	test_start_txt: autoDraw = True
570.9886 	EXP 	test_start_txt: autoDraw = False
571.0052 	EXP 	image_3: autoDraw = True
576.0985 	DATA 	Keypress: left
576.1005 	EXP 	Created sequence: sequential, trialTypes=1, nReps=0, seed=None
576.1012 	EXP 	New trial (rep=0, index=25): {u'xPos': None, u'probNum': 10, u'Img': u'Img/MRT10.jpg', u'CorrKey': u'left', u'TestType': u'MRT', u'yPos': None, u'Etc': None, u'CorrAns': u'same', u'Type': u'Test'}
576.1022 	EXP 	Created sequence: sequential, trialTypes=1, nReps=0, seed=None
576.1025 	EXP 	Created sequence: sequential, trialTypes=1, nReps=0, seed=None
576.1028 	EXP 	Created sequence: sequential, trialTypes=1, nReps=0, seed=None
576.1031 	EXP 	Created sequence: sequential, trialTypes=1, nReps=1, seed=None
576.1035 	EXP 	New trial (rep=0, index=0): None
576.1818 	EXP 	test_start_txt: autoDraw = False
576.1818 	EXP 	image_3: autoDraw = False
576.1818 	EXP 	Timer: autoDraw = False
576.1818 	EXP 	image_3: image = u'Img/MRT10.jpg'
576.1818 	EXP 	test_start_txt: autoDraw = True
578.1151 	EXP 	test_start_txt: autoDraw = False
578.1317 	EXP 	image_3: autoDraw = True
582.7860 	DATA 	Keypress: left
582.7881 	EXP 	Created sequence: sequential, trialTypes=1, nReps=0, seed=None
582.7888 	EXP 	New trial (rep=0, index=26): {u'xPos': None, u'probNum': 11, u'Img': u'Img/MRT11.jpg', u'CorrKey': u'right', u'TestType': u'MRT', u'yPos': None, u'Etc': None, u'CorrAns': u'different', u'Type': u'Test'}
582.7899 	EXP 	Created sequence: sequential, trialTypes=1, nReps=0, seed=None
582.7905 	EXP 	Created sequence: sequential, trialTypes=1, nReps=0, seed=None
582.7910 	EXP 	Created sequence: sequential, trialTypes=1, nReps=0, seed=None
582.7914 	EXP 	Created sequence: sequential, trialTypes=1, nReps=1, seed=None
582.7919 	EXP 	New trial (rep=0, index=0): None
582.8519 	EXP 	test_start_txt: autoDraw = False
582.8519 	EXP 	image_3: autoDraw = False
582.8519 	EXP 	Timer: autoDraw = False
582.8519 	EXP 	image_3: image = u'Img/MRT11.jpg'
582.8519 	EXP 	test_start_txt: autoDraw = True
584.8081 	EXP 	test_start_txt: autoDraw = False
584.8251 	EXP 	image_3: autoDraw = True
592.3190 	DATA 	Keypress: left
592.3204 	EXP 	Created sequence: sequential, trialTypes=1, nReps=0, seed=None
592.3209 	EXP 	New trial (rep=0, index=27): {u'xPos': None, u'probNum': 12, u'Img': u'Img/MRT12.jpg', u'CorrKey': u'right', u'TestType': u'MRT', u'yPos': None, u'Etc': None, u'CorrAns': u'different', u'Type': u'Test'}
592.3216 	EXP 	Created sequence: sequential, trialTypes=1, nReps=0, seed=None
592.3219 	EXP 	Created sequence: sequential, trialTypes=1, nReps=0, seed=None
592.3221 	EXP 	Created sequence: sequential, trialTypes=1, nReps=0, seed=None
592.3224 	EXP 	Created sequence: sequential, trialTypes=1, nReps=1, seed=None
592.3228 	EXP 	New trial (rep=0, index=0): None
592.3833 	EXP 	test_start_txt: autoDraw = False
592.3833 	EXP 	image_3: autoDraw = False
592.3833 	EXP 	Timer: autoDraw = False
592.3833 	EXP 	image_3: image = u'Img/MRT12.jpg'
592.3833 	EXP 	test_start_txt: autoDraw = True
594.3416 	EXP 	test_start_txt: autoDraw = False
594.3416 	EXP 	image_3: autoDraw = True
599.6549 	DATA 	Keypress: right
599.6568 	EXP 	Created sequence: sequential, trialTypes=1, nReps=0, seed=None
599.6572 	EXP 	New trial (rep=0, index=28): {u'xPos': None, u'probNum': 13, u'Img': u'Img/MRT13.jpg', u'CorrKey': u'left', u'TestType': u'MRT', u'yPos': None, u'Etc': None, u'CorrAns': u'same', u'Type': u'Test'}
599.6579 	EXP 	Created sequence: sequential, trialTypes=1, nReps=0, seed=None
599.6582 	EXP 	Created sequence: sequential, trialTypes=1, nReps=0, seed=None
599.6586 	EXP 	Created sequence: sequential, trialTypes=1, nReps=0, seed=None
599.6591 	EXP 	Created sequence: sequential, trialTypes=1, nReps=1, seed=None
599.6595 	EXP 	New trial (rep=0, index=0): None
599.7215 	EXP 	test_start_txt: autoDraw = False
599.7215 	EXP 	image_3: autoDraw = False
599.7215 	EXP 	Timer: autoDraw = False
599.7215 	EXP 	image_3: image = u'Img/MRT13.jpg'
599.7215 	EXP 	test_start_txt: autoDraw = True
601.6751 	EXP 	test_start_txt: autoDraw = False
601.6932 	EXP 	image_3: autoDraw = True
605.8644 	DATA 	Keypress: left
605.8663 	EXP 	Created sequence: sequential, trialTypes=1, nReps=0, seed=None
605.8669 	EXP 	New trial (rep=0, index=29): {u'xPos': None, u'probNum': 14, u'Img': u'Img/MRT14.jpg', u'CorrKey': u'right', u'TestType': u'MRT', u'yPos': None, u'Etc': None, u'CorrAns': u'different', u'Type': u'Test'}
605.8680 	EXP 	Created sequence: sequential, trialTypes=1, nReps=0, seed=None
605.8686 	EXP 	Created sequence: sequential, trialTypes=1, nReps=0, seed=None
605.8694 	EXP 	Created sequence: sequential, trialTypes=1, nReps=0, seed=None
605.8699 	EXP 	Created sequence: sequential, trialTypes=1, nReps=1, seed=None
605.8704 	EXP 	New trial (rep=0, index=0): None
605.9476 	EXP 	test_start_txt: autoDraw = False
605.9476 	EXP 	image_3: autoDraw = False
605.9476 	EXP 	Timer: autoDraw = False
605.9476 	EXP 	image_3: image = u'Img/MRT14.jpg'
605.9476 	EXP 	test_start_txt: autoDraw = True
607.8782 	EXP 	test_start_txt: autoDraw = False
607.8952 	EXP 	image_3: autoDraw = True
617.8952 	EXP 	Timer: autoDraw = True
619.8955 	DATA 	Keypress: right
619.9129 	EXP 	Created sequence: sequential, trialTypes=1, nReps=0, seed=None
619.9135 	EXP 	New trial (rep=0, index=30): {u'xPos': None, u'probNum': 15, u'Img': u'Img/MRT15.jpg', u'CorrKey': u'left', u'TestType': u'MRT', u'yPos': None, u'Etc': None, u'CorrAns': u'same', u'Type': u'Test'}
619.9147 	EXP 	Created sequence: sequential, trialTypes=1, nReps=0, seed=None
619.9151 	EXP 	Created sequence: sequential, trialTypes=1, nReps=0, seed=None
619.9156 	EXP 	Created sequence: sequential, trialTypes=1, nReps=0, seed=None
619.9160 	EXP 	Created sequence: sequential, trialTypes=1, nReps=1, seed=None
619.9165 	EXP 	New trial (rep=0, index=0): None
619.9734 	EXP 	test_start_txt: autoDraw = False
619.9734 	EXP 	image_3: autoDraw = False
619.9734 	EXP 	Timer: autoDraw = False
619.9734 	EXP 	image_3: image = u'Img/MRT15.jpg'
619.9734 	EXP 	test_start_txt: autoDraw = True
621.9294 	EXP 	test_start_txt: autoDraw = False
621.9460 	EXP 	image_3: autoDraw = True
626.1280 	DATA 	Keypress: left
626.1293 	EXP 	Created sequence: sequential, trialTypes=1, nReps=0, seed=None
626.1297 	EXP 	New trial (rep=0, index=31): {u'xPos': None, u'probNum': 16, u'Img': u'Img/MRT16.jpg', u'CorrKey': u'right', u'TestType': u'MRT', u'yPos': None, u'Etc': None, u'CorrAns': u'different', u'Type': u'Test'}
626.1308 	EXP 	Created sequence: sequential, trialTypes=1, nReps=0, seed=None
626.1311 	EXP 	Created sequence: sequential, trialTypes=1, nReps=0, seed=None
626.1314 	EXP 	Created sequence: sequential, trialTypes=1, nReps=0, seed=None
626.1317 	EXP 	Created sequence: sequential, trialTypes=1, nReps=1, seed=None
626.1321 	EXP 	New trial (rep=0, index=0): None
626.1942 	EXP 	test_start_txt: autoDraw = False
626.1942 	EXP 	image_3: autoDraw = False
626.1942 	EXP 	Timer: autoDraw = False
626.1942 	EXP 	image_3: image = u'Img/MRT16.jpg'
626.1942 	EXP 	test_start_txt: autoDraw = True
628.1486 	EXP 	test_start_txt: autoDraw = False
628.1655 	EXP 	image_3: autoDraw = True
632.8511 	DATA 	Keypress: right
632.8527 	EXP 	Created sequence: sequential, trialTypes=1, nReps=0, seed=None
632.8534 	EXP 	New trial (rep=0, index=32): {u'xPos': None, u'probNum': 17, u'Img': u'Img/MRT17.jpg', u'CorrKey': u'left', u'TestType': u'MRT', u'yPos': None, u'Etc': None, u'CorrAns': u'same', u'Type': u'Test'}
632.8546 	EXP 	Created sequence: sequential, trialTypes=1, nReps=0, seed=None
632.8551 	EXP 	Created sequence: sequential, trialTypes=1, nReps=0, seed=None
632.8555 	EXP 	Created sequence: sequential, trialTypes=1, nReps=0, seed=None
632.8560 	EXP 	Created sequence: sequential, trialTypes=1, nReps=1, seed=None
632.8565 	EXP 	New trial (rep=0, index=0): None
632.9337 	EXP 	test_start_txt: autoDraw = False
632.9337 	EXP 	image_3: autoDraw = False
632.9337 	EXP 	Timer: autoDraw = False
632.9337 	EXP 	image_3: image = u'Img/MRT17.jpg'
632.9337 	EXP 	test_start_txt: autoDraw = True
634.8698 	EXP 	test_start_txt: autoDraw = False
634.8867 	EXP 	image_3: autoDraw = True
638.4951 	DATA 	Keypress: left
638.4971 	EXP 	Created sequence: sequential, trialTypes=1, nReps=0, seed=None
638.4979 	EXP 	New trial (rep=0, index=33): {u'xPos': None, u'probNum': 18, u'Img': u'Img/MRT18.jpg', u'CorrKey': u'left', u'TestType': u'MRT', u'yPos': None, u'Etc': None, u'CorrAns': u'same', u'Type': u'Test'}
638.4989 	EXP 	Created sequence: sequential, trialTypes=1, nReps=0, seed=None
638.4992 	EXP 	Created sequence: sequential, trialTypes=1, nReps=0, seed=None
638.4995 	EXP 	Created sequence: sequential, trialTypes=1, nReps=0, seed=None
638.4998 	EXP 	Created sequence: sequential, trialTypes=1, nReps=1, seed=None
638.5001 	EXP 	New trial (rep=0, index=0): None
638.5617 	EXP 	test_start_txt: autoDraw = False
638.5617 	EXP 	image_3: autoDraw = False
638.5617 	EXP 	Timer: autoDraw = False
638.5617 	EXP 	image_3: image = u'Img/MRT18.jpg'
638.5617 	EXP 	test_start_txt: autoDraw = True
640.5151 	EXP 	test_start_txt: autoDraw = False
640.5318 	EXP 	image_3: autoDraw = True
645.0671 	DATA 	Keypress: left
645.0684 	EXP 	Created sequence: sequential, trialTypes=1, nReps=0, seed=None
645.0689 	EXP 	New trial (rep=0, index=34): {u'xPos': None, u'probNum': 19, u'Img': u'Img/MRT19.jpg', u'CorrKey': u'right', u'TestType': u'MRT', u'yPos': None, u'Etc': None, u'CorrAns': u'different', u'Type': u'Test'}
645.0700 	EXP 	Created sequence: sequential, trialTypes=1, nReps=0, seed=None
645.0705 	EXP 	Created sequence: sequential, trialTypes=1, nReps=0, seed=None
645.0710 	EXP 	Created sequence: sequential, trialTypes=1, nReps=0, seed=None
645.0714 	EXP 	Created sequence: sequential, trialTypes=1, nReps=1, seed=None
645.0720 	EXP 	New trial (rep=0, index=0): None
645.1331 	EXP 	test_start_txt: autoDraw = False
645.1331 	EXP 	image_3: autoDraw = False
645.1331 	EXP 	Timer: autoDraw = False
645.1331 	EXP 	image_3: image = u'Img/MRT19.jpg'
645.1331 	EXP 	test_start_txt: autoDraw = True
647.0857 	EXP 	test_start_txt: autoDraw = False
647.1027 	EXP 	image_3: autoDraw = True
650.8486 	DATA 	Keypress: right
650.8658 	EXP 	Created sequence: sequential, trialTypes=1, nReps=0, seed=None
650.8662 	EXP 	New trial (rep=0, index=35): {u'xPos': None, u'probNum': 20, u'Img': u'Img/MRT20.jpg', u'CorrKey': u'right', u'TestType': u'MRT', u'yPos': None, u'Etc': None, u'CorrAns': u'different', u'Type': u'Test'}
650.8672 	EXP 	Created sequence: sequential, trialTypes=1, nReps=0, seed=None
650.8676 	EXP 	Created sequence: sequential, trialTypes=1, nReps=0, seed=None
650.8679 	EXP 	Created sequence: sequential, trialTypes=1, nReps=0, seed=None
650.8682 	EXP 	Created sequence: sequential, trialTypes=1, nReps=1, seed=None
650.8685 	EXP 	New trial (rep=0, index=0): None
650.9475 	EXP 	test_start_txt: autoDraw = False
650.9475 	EXP 	image_3: autoDraw = False
650.9475 	EXP 	Timer: autoDraw = False
650.9475 	EXP 	image_3: image = u'Img/MRT20.jpg'
650.9475 	EXP 	test_start_txt: autoDraw = True
652.8826 	EXP 	test_start_txt: autoDraw = False
652.8996 	EXP 	image_3: autoDraw = True
656.9804 	DATA 	Keypress: right
656.9828 	EXP 	Created sequence: sequential, trialTypes=1, nReps=0, seed=None
656.9835 	EXP 	New trial (rep=0, index=36): {u'xPos': None, u'probNum': None, u'Img': u'Img/62.jpg', u'CorrKey': u'space', u'TestType': None, u'yPos': None, u'Etc': None, u'CorrAns': u'space', u'Type': u'Inst'}
656.9846 	EXP 	Created sequence: sequential, trialTypes=1, nReps=0, seed=None
656.9851 	EXP 	Created sequence: sequential, trialTypes=1, nReps=0, seed=None
656.9856 	EXP 	Created sequence: sequential, trialTypes=1, nReps=1, seed=None
656.9861 	EXP 	New trial (rep=0, index=0): None
657.0798 	EXP 	test_start_txt: autoDraw = False
657.0798 	EXP 	image_3: autoDraw = False
657.0798 	EXP 	Timer: autoDraw = False
657.0798 	EXP 	image_2: image = u'Img/62.jpg'
657.0798 	EXP 	image_2: autoDraw = True
660.6072 	DATA 	Keypress: space
660.6080 	EXP 	Created sequence: sequential, trialTypes=1, nReps=0, seed=None
660.6084 	EXP 	Created sequence: sequential, trialTypes=1, nReps=0, seed=None
660.6089 	EXP 	New trial (rep=0, index=37): {u'xPos': -1200, u'probNum': None, u'Img': None, u'CorrKey': None, u'TestType': u'CloseSession', u'yPos': 60, u'Etc': None, u'CorrAns': None, u'Type': u'Mouse'}
660.6096 	EXP 	Created sequence: sequential, trialTypes=1, nReps=0, seed=None
660.6100 	EXP 	Created sequence: sequential, trialTypes=1, nReps=0, seed=None
660.6104 	EXP 	Created sequence: sequential, trialTypes=1, nReps=0, seed=None
660.6110 	EXP 	Created sequence: sequential, trialTypes=1, nReps=0, seed=None
660.6117 	EXP 	Created sequence: sequential, trialTypes=1, nReps=1, seed=None
660.6122 	EXP 	New trial (rep=0, index=0): None
660.8202 	EXP 	window1: mouseVisible = True
