11.2464 	EXP 	Created window1 = Window(allowGUI=False, allowStencil=False, autoLog=True, bitsMode=UNKNOWN, blendMode='avg', color=array([ 0.,  0.,  0.]), colorSpace='rgb', fullscr=UNKNOWN, gamma=None, lms=UNKNOWN, monitor=<psychopy.monitors.calibTools.Monitor instance at 0x0AA5B710>, name='window1', pos=[0, 0], screen=0, size=array([1600,  900]), stereo=False, units=u'norm', useFBO=True, viewOri=0.0, viewPos=None, viewScale=None, waitBlanking=True, winType='pyglet')
11.2464 	EXP 	window1: recordFrameIntervals = False
11.4135 	EXP 	window1: recordFrameIntervals = True
11.6494 	EXP 	window1: recordFrameIntervals = False
11.6537 	EXP 	Created image_4 = ImageStim(autoLog=True, color=array([ 1.,  1.,  1.]), colorSpace='rgb', contrast=1.0, depth=0.0, flipHoriz=False, flipVert=False, image='sin', interpolate=True, mask=None, maskParams=None, name='image_4', opacity=1.0, ori=0.0, pos=array([ 0.,  0.]), size=array([ 1.5,  1.5]), texRes=128, units=u'norm', win=Window(...))
11.7398 	EXP 	Created text_2 = TextStim(alignHoriz='center', alignVert='center', antialias=True, autoLog=True, bold=False, color='white', colorSpace='named', contrast=1.0, depth=-2.0, flipHoriz=False, flipVert=False, font='Arial', fontFiles=[], height=0.1, italic=False, name='text_2', opacity=1.0, ori=0, pos=array([ 0.  ,  0.85]), rgb=array([ 255.,  255.,  255.]), text=u'default text', units=u'norm', win=Window(...), wrapWidth=1)
11.7636 	EXP 	Created dummy_start = TextStim(alignHoriz='center', alignVert='center', antialias=True, autoLog=True, bold=False, color='white', colorSpace='named', contrast=1.0, depth=0.0, flipHoriz=False, flipVert=False, font='Arial', fontFiles=[], height=0.5, italic=False, name='dummy_start', opacity=1.0, ori=0, pos=array([ 0.,  0.]), rgb=array([ 255.,  255.,  255.]), text=u'+', units=u'norm', win=Window(...), wrapWidth=1)
11.7663 	EXP 	Created image = ImageStim(autoLog=True, color=array([ 1.,  1.,  1.]), colorSpace='rgb', contrast=1.0, depth=-1.0, flipHoriz=False, flipVert=False, image='sin', interpolate=True, mask=None, maskParams=None, name='image', opacity=1.0, ori=0.0, pos=array([ 0.,  0.]), size=array([ 1.6,  1.6]), texRes=128, units=u'norm', win=Window(...))
11.7710 	EXP 	Created message = TextStim(alignHoriz='center', alignVert='center', antialias=True, autoLog=True, bold=False, color='white', colorSpace='named', contrast=1.0, depth=-1.0, flipHoriz=False, flipVert=False, font='Arial', fontFiles=[], height=0.1, italic=False, name='message', opacity=1.0, ori=0, pos=array([ 0.,  0.]), rgb=array([ 255.,  255.,  255.]), text=u'default text', units=u'norm', win=Window(...), wrapWidth=1)
11.7735 	EXP 	Created image_2 = ImageStim(autoLog=True, color=array([ 1.,  1.,  1.]), colorSpace='rgb', contrast=1.0, depth=0.0, flipHoriz=False, flipVert=False, image='sin', interpolate=True, mask=None, maskParams=None, name='image_2', opacity=1.0, ori=0.0, pos=array([ 0.,  0.]), size=array([ 1.5,  1.5]), texRes=128, units=u'norm', win=Window(...))
11.7763 	EXP 	Created test_start_txt = TextStim(alignHoriz='center', alignVert='center', antialias=True, autoLog=True, bold=False, color='white', colorSpace='named', contrast=1.0, depth=0.0, flipHoriz=False, flipVert=False, font='Arial', fontFiles=[], height=0.5, italic=False, name='test_start_txt', opacity=1.0, ori=0, pos=array([ 0.,  0.]), rgb=array([ 255.,  255.,  255.]), text=u'+', units=u'norm', win=Window(...), wrapWidth=1)
11.7799 	EXP 	Created image_3 = ImageStim(autoLog=True, color=array([ 1.,  1.,  1.]), colorSpace='rgb', contrast=1.0, depth=-1.0, flipHoriz=False, flipVert=False, image='sin', interpolate=True, mask=None, maskParams=None, name='image_3', opacity=1.0, ori=0.0, pos=array([ 0.,  0.]), size=array([ 1.5,  1.5]), texRes=128, units=u'norm', win=Window(...))
11.7849 	EXP 	Created Timer = TextStim(alignHoriz='center', alignVert='center', antialias=True, autoLog=True, bold=False, color='white', colorSpace='named', contrast=1.0, depth=-3.0, flipHoriz=False, flipVert=False, font='Arial', fontFiles=[], height=0.1, italic=False, name='Timer', opacity=1.0, ori=0, pos=array([ 0.  ,  0.85]), rgb=array([ 255.,  255.,  255.]), text=u'default text', units=u'norm', win=Window(...), wrapWidth=1)
11.7858 	EXP 	Created text = TextStim(alignHoriz='center', alignVert='center', antialias=True, autoLog=True, bold=False, color='white', colorSpace='named', contrast=1.0, depth=-1.0, flipHoriz=False, flipVert=False, font='Arial', fontFiles=[], height=0.1, italic=False, name='text', opacity=1.0, ori=0, pos=array([ 0.,  0.]), rgb=array([ 255.,  255.,  255.]), text='', units=u'norm', win=Window(...), wrapWidth=1)
12.0215 	EXP 	Imported Settings_MRT.xlsx as conditions, 38 conditions, 9 params
12.0219 	EXP 	Created sequence: sequential, trialTypes=38, nReps=1, seed=None
12.0226 	EXP 	New trial (rep=0, index=0): {u'xPos': None, u'probNum': None, u'Img': u'Img/1.jpg', u'CorrKey': u'space', u'TestType': None, u'yPos': None, u'Etc': None, u'CorrAns': u'space', u'Type': u'Inst'}
12.0230 	EXP 	Created sequence: sequential, trialTypes=1, nReps=0, seed=None
12.0232 	EXP 	Created sequence: sequential, trialTypes=1, nReps=0, seed=None
12.0235 	EXP 	Created sequence: sequential, trialTypes=1, nReps=1, seed=None
12.0237 	EXP 	New trial (rep=0, index=0): None
12.1026 	EXP 	image_2: image = u'Img/1.jpg'
12.1026 	EXP 	image_2: autoDraw = True
17.6395 	DATA 	Keypress: space
17.6399 	EXP 	Created sequence: sequential, trialTypes=1, nReps=0, seed=None
17.6401 	EXP 	Created sequence: sequential, trialTypes=1, nReps=0, seed=None
17.6405 	EXP 	New trial (rep=0, index=1): {u'xPos': None, u'probNum': None, u'Img': u'Img/2.jpg', u'CorrKey': u'space', u'TestType': None, u'yPos': None, u'Etc': None, u'CorrAns': u'space', u'Type': u'Inst'}
17.6410 	EXP 	Created sequence: sequential, trialTypes=1, nReps=0, seed=None
17.6412 	EXP 	Created sequence: sequential, trialTypes=1, nReps=0, seed=None
17.6415 	EXP 	Created sequence: sequential, trialTypes=1, nReps=1, seed=None
17.6417 	EXP 	New trial (rep=0, index=0): None
17.7073 	EXP 	image_2: autoDraw = False
17.7073 	EXP 	image_2: image = u'Img/2.jpg'
17.7073 	EXP 	image_2: autoDraw = True
19.9782 	DATA 	Keypress: space
19.9786 	EXP 	Created sequence: sequential, trialTypes=1, nReps=0, seed=None
19.9789 	EXP 	Created sequence: sequential, trialTypes=1, nReps=0, seed=None
19.9792 	EXP 	New trial (rep=0, index=2): {u'xPos': None, u'probNum': None, u'Img': u'Img/3.jpg', u'CorrKey': u'space', u'TestType': None, u'yPos': None, u'Etc': None, u'CorrAns': u'space', u'Type': u'Inst'}
19.9797 	EXP 	Created sequence: sequential, trialTypes=1, nReps=0, seed=None
19.9799 	EXP 	Created sequence: sequential, trialTypes=1, nReps=0, seed=None
19.9801 	EXP 	Created sequence: sequential, trialTypes=1, nReps=1, seed=None
19.9803 	EXP 	New trial (rep=0, index=0): None
20.0430 	EXP 	image_2: autoDraw = False
20.0430 	EXP 	image_2: image = u'Img/3.jpg'
20.0430 	EXP 	image_2: autoDraw = True
49.9095 	DATA 	Keypress: space
49.9100 	EXP 	Created sequence: sequential, trialTypes=1, nReps=0, seed=None
49.9103 	EXP 	Created sequence: sequential, trialTypes=1, nReps=0, seed=None
49.9106 	EXP 	New trial (rep=0, index=3): {u'xPos': -620, u'probNum': None, u'Img': None, u'CorrKey': None, u'TestType': u'OpenSession', u'yPos': 580, u'Etc': None, u'CorrAns': None, u'Type': u'Mouse'}
49.9111 	EXP 	Created sequence: sequential, trialTypes=1, nReps=0, seed=None
49.9113 	EXP 	Created sequence: sequential, trialTypes=1, nReps=0, seed=None
49.9115 	EXP 	Created sequence: sequential, trialTypes=1, nReps=0, seed=None
49.9117 	EXP 	Created sequence: sequential, trialTypes=1, nReps=0, seed=None
49.9119 	EXP 	Created sequence: sequential, trialTypes=1, nReps=1, seed=None
49.9121 	EXP 	New trial (rep=0, index=0): None
49.9437 	EXP 	image_2: autoDraw = False
49.9437 	EXP 	text: autoDraw = True
50.0110 	EXP 	New trial (rep=0, index=4): {u'xPos': None, u'probNum': None, u'Img': u'Img/4.jpg', u'CorrKey': None, u'TestType': u'Background', u'yPos': None, u'Etc': None, u'CorrAns': None, u'Type': u'TimeOut'}
50.0118 	EXP 	Created sequence: sequential, trialTypes=1, nReps=1, seed=None
50.0122 	EXP 	New trial (rep=0, index=0): None
50.0782 	EXP 	text: autoDraw = False
50.0782 	EXP 	text: autoDraw = False
50.0782 	EXP 	image_4: image = u'Img/4.jpg'
50.0782 	EXP 	image_4: autoDraw = True
100.0389 	EXP 	text_2: autoDraw = True
110.0143 	EXP 	Created sequence: sequential, trialTypes=1, nReps=0, seed=None
110.0147 	EXP 	Created sequence: sequential, trialTypes=1, nReps=0, seed=None
110.0150 	EXP 	Created sequence: sequential, trialTypes=1, nReps=0, seed=None
110.0152 	EXP 	Created sequence: sequential, trialTypes=1, nReps=0, seed=None
110.0155 	EXP 	New trial (rep=0, index=5): {u'xPos': 100, u'probNum': None, u'Img': None, u'CorrKey': None, u'TestType': u'Back_to_Test', u'yPos': 100, u'Etc': None, u'CorrAns': None, u'Type': u'Mouse'}
110.0163 	EXP 	Created sequence: sequential, trialTypes=1, nReps=0, seed=None
110.0166 	EXP 	Created sequence: sequential, trialTypes=1, nReps=0, seed=None
110.0168 	EXP 	Created sequence: sequential, trialTypes=1, nReps=0, seed=None
110.0170 	EXP 	Created sequence: sequential, trialTypes=1, nReps=0, seed=None
110.0172 	EXP 	Created sequence: sequential, trialTypes=1, nReps=1, seed=None
110.0174 	EXP 	New trial (rep=0, index=0): None
110.0222 	DATA 	Mouse: Left button down, pos=(100,800)
110.0297 	DATA 	Mouse:  Left button up, pos=(100,800)
110.0492 	EXP 	image_4: autoDraw = False
110.0492 	EXP 	text_2: autoDraw = False
110.0492 	EXP 	image_4: autoDraw = False
110.0492 	EXP 	text_2: autoDraw = False
110.0492 	EXP 	text: autoDraw = True
110.1170 	EXP 	New trial (rep=0, index=6): {u'xPos': None, u'probNum': None, u'Img': u'Img/5.jpg', u'CorrKey': u'space', u'TestType': None, u'yPos': None, u'Etc': None, u'CorrAns': u'space', u'Type': u'Inst'}
110.1176 	EXP 	Created sequence: sequential, trialTypes=1, nReps=0, seed=None
110.1178 	EXP 	Created sequence: sequential, trialTypes=1, nReps=0, seed=None
110.1180 	EXP 	Created sequence: sequential, trialTypes=1, nReps=1, seed=None
110.1182 	EXP 	New trial (rep=0, index=0): None
110.1831 	EXP 	text: autoDraw = False
110.1831 	EXP 	image_2: image = u'Img/5.jpg'
110.1831 	EXP 	image_2: autoDraw = True
128.9633 	DATA 	Keypress: space
128.9638 	EXP 	Created sequence: sequential, trialTypes=1, nReps=0, seed=None
128.9641 	EXP 	Created sequence: sequential, trialTypes=1, nReps=0, seed=None
128.9644 	EXP 	New trial (rep=0, index=7): {u'xPos': None, u'probNum': None, u'Img': u'Img/6.jpg', u'CorrKey': u'space', u'TestType': None, u'yPos': None, u'Etc': None, u'CorrAns': u'space', u'Type': u'Inst'}
128.9649 	EXP 	Created sequence: sequential, trialTypes=1, nReps=0, seed=None
128.9651 	EXP 	Created sequence: sequential, trialTypes=1, nReps=0, seed=None
128.9653 	EXP 	Created sequence: sequential, trialTypes=1, nReps=1, seed=None
128.9656 	EXP 	New trial (rep=0, index=0): None
129.0295 	EXP 	image_2: autoDraw = False
129.0295 	EXP 	image_2: image = u'Img/6.jpg'
129.0295 	EXP 	image_2: autoDraw = True
143.3239 	DATA 	Keypress: space
143.3244 	EXP 	Created sequence: sequential, trialTypes=1, nReps=0, seed=None
143.3246 	EXP 	Created sequence: sequential, trialTypes=1, nReps=0, seed=None
143.3249 	EXP 	New trial (rep=0, index=8): {u'xPos': None, u'probNum': None, u'Img': u'Img/7.jpg', u'CorrKey': None, u'TestType': u'Background', u'yPos': None, u'Etc': None, u'CorrAns': None, u'Type': u'TimeOut'}
143.3254 	EXP 	Created sequence: sequential, trialTypes=1, nReps=1, seed=None
143.3257 	EXP 	New trial (rep=0, index=0): None
143.3738 	EXP 	image_2: autoDraw = False
143.3738 	EXP 	image_4: image = u'Img/7.jpg'
143.3738 	EXP 	image_4: autoDraw = True
193.3577 	EXP 	text_2: autoDraw = True
203.3141 	EXP 	Created sequence: sequential, trialTypes=1, nReps=0, seed=None
203.3144 	EXP 	Created sequence: sequential, trialTypes=1, nReps=0, seed=None
203.3146 	EXP 	Created sequence: sequential, trialTypes=1, nReps=0, seed=None
203.3148 	EXP 	Created sequence: sequential, trialTypes=1, nReps=0, seed=None
203.3151 	EXP 	New trial (rep=0, index=9): {u'xPos': None, u'probNum': None, u'Img': u'Img/8.jpg', u'CorrKey': u'space', u'TestType': None, u'yPos': None, u'Etc': None, u'CorrAns': u'space', u'Type': u'Inst'}
203.3156 	EXP 	Created sequence: sequential, trialTypes=1, nReps=0, seed=None
203.3158 	EXP 	Created sequence: sequential, trialTypes=1, nReps=0, seed=None
203.3160 	EXP 	Created sequence: sequential, trialTypes=1, nReps=1, seed=None
203.3163 	EXP 	New trial (rep=0, index=0): None
203.3793 	EXP 	image_4: autoDraw = False
203.3793 	EXP 	text_2: autoDraw = False
203.3793 	EXP 	image_4: autoDraw = False
203.3793 	EXP 	text_2: autoDraw = False
203.3793 	EXP 	image_2: image = u'Img/8.jpg'
203.3793 	EXP 	image_2: autoDraw = True
208.7071 	DATA 	Keypress: space
208.7078 	EXP 	Created sequence: sequential, trialTypes=1, nReps=0, seed=None
208.7082 	EXP 	Created sequence: sequential, trialTypes=1, nReps=0, seed=None
208.7087 	EXP 	New trial (rep=0, index=10): {u'xPos': None, u'probNum': None, u'Img': u'Img/9.jpg', u'CorrKey': u'space', u'TestType': None, u'yPos': None, u'Etc': None, u'CorrAns': u'space', u'Type': u'Inst'}
208.7095 	EXP 	Created sequence: sequential, trialTypes=1, nReps=0, seed=None
208.7099 	EXP 	Created sequence: sequential, trialTypes=1, nReps=0, seed=None
208.7103 	EXP 	Created sequence: sequential, trialTypes=1, nReps=1, seed=None
208.7107 	EXP 	New trial (rep=0, index=0): None
208.7736 	EXP 	image_2: autoDraw = False
208.7736 	EXP 	image_2: image = u'Img/9.jpg'
208.7736 	EXP 	image_2: autoDraw = True
214.3760 	DATA 	Keypress: space
214.3766 	EXP 	Created sequence: sequential, trialTypes=1, nReps=0, seed=None
214.3769 	EXP 	Created sequence: sequential, trialTypes=1, nReps=0, seed=None
214.3773 	EXP 	New trial (rep=0, index=11): {u'xPos': None, u'probNum': None, u'Img': u'Img/10.jpg', u'CorrKey': u'space', u'TestType': None, u'yPos': None, u'Etc': None, u'CorrAns': u'space', u'Type': u'Inst'}
214.3778 	EXP 	Created sequence: sequential, trialTypes=1, nReps=0, seed=None
214.3781 	EXP 	Created sequence: sequential, trialTypes=1, nReps=0, seed=None
214.3783 	EXP 	Created sequence: sequential, trialTypes=1, nReps=1, seed=None
214.3785 	EXP 	New trial (rep=0, index=0): None
214.4436 	EXP 	image_2: autoDraw = False
214.4436 	EXP 	image_2: image = u'Img/10.jpg'
214.4436 	EXP 	image_2: autoDraw = True
238.1084 	DATA 	Keypress: space
238.1089 	EXP 	Created sequence: sequential, trialTypes=1, nReps=0, seed=None
238.1092 	EXP 	Created sequence: sequential, trialTypes=1, nReps=0, seed=None
238.1096 	EXP 	New trial (rep=0, index=12): {u'xPos': None, u'probNum': None, u'Img': u'Img/11.jpg', u'CorrKey': u'space', u'TestType': None, u'yPos': None, u'Etc': None, u'CorrAns': u'space', u'Type': u'Inst'}
238.1104 	EXP 	Created sequence: sequential, trialTypes=1, nReps=0, seed=None
238.1108 	EXP 	Created sequence: sequential, trialTypes=1, nReps=0, seed=None
238.1111 	EXP 	Created sequence: sequential, trialTypes=1, nReps=1, seed=None
238.1115 	EXP 	New trial (rep=0, index=0): None
238.1917 	EXP 	image_2: autoDraw = False
238.1917 	EXP 	image_2: image = u'Img/11.jpg'
238.1917 	EXP 	image_2: autoDraw = True
241.1214 	DATA 	Keypress: space
241.1220 	EXP 	Created sequence: sequential, trialTypes=1, nReps=0, seed=None
241.1225 	EXP 	Created sequence: sequential, trialTypes=1, nReps=0, seed=None
241.1230 	EXP 	New trial (rep=0, index=13): {u'xPos': None, u'probNum': None, u'Img': u'Img/12.jpg', u'CorrKey': u'left', u'TestType': None, u'yPos': None, u'Etc': None, u'CorrAns': u'same', u'Type': u'Dumm'}
241.1236 	EXP 	Created sequence: sequential, trialTypes=1, nReps=0, seed=None
241.1238 	EXP 	Created sequence: sequential, trialTypes=1, nReps=1, seed=None
241.1241 	EXP 	New trial (rep=0, index=0): None
241.1876 	EXP 	image_2: autoDraw = False
241.1876 	EXP 	image: image = u'Img/12.jpg'
241.1876 	EXP 	dummy_start: autoDraw = True
243.1336 	EXP 	dummy_start: autoDraw = False
243.1499 	EXP 	image: autoDraw = True
251.9289 	DATA 	Keypress: left
251.9608 	EXP 	dummy_start: autoDraw = False
251.9608 	EXP 	image: autoDraw = False
251.9608 	EXP 	message: text = 'Good! \n \n \n Response time = 8.779'
251.9608 	EXP 	message: autoDraw = True
254.9186 	EXP 	Created sequence: sequential, trialTypes=1, nReps=0, seed=None
254.9190 	EXP 	Created sequence: sequential, trialTypes=1, nReps=0, seed=None
254.9194 	EXP 	Created sequence: sequential, trialTypes=1, nReps=0, seed=None
254.9199 	EXP 	New trial (rep=0, index=14): {u'xPos': None, u'probNum': None, u'Img': u'Img/13.jpg', u'CorrKey': u'right', u'TestType': None, u'yPos': None, u'Etc': None, u'CorrAns': u'different', u'Type': u'Dumm'}
254.9204 	EXP 	Created sequence: sequential, trialTypes=1, nReps=0, seed=None
254.9207 	EXP 	Created sequence: sequential, trialTypes=1, nReps=1, seed=None
254.9209 	EXP 	New trial (rep=0, index=0): None
254.9674 	EXP 	message: autoDraw = False
254.9674 	EXP 	message: autoDraw = False
254.9674 	EXP 	image: image = u'Img/13.jpg'
254.9674 	EXP 	dummy_start: autoDraw = True
256.9416 	EXP 	dummy_start: autoDraw = False
256.9416 	EXP 	image: autoDraw = True
259.8827 	DATA 	Keypress: right
259.9157 	EXP 	dummy_start: autoDraw = False
259.9157 	EXP 	image: autoDraw = False
259.9157 	EXP 	message: text = 'Good! \n \n \n Response time = 2.941'
259.9157 	EXP 	message: autoDraw = True
262.8718 	EXP 	Created sequence: sequential, trialTypes=1, nReps=0, seed=None
262.8721 	EXP 	Created sequence: sequential, trialTypes=1, nReps=0, seed=None
262.8723 	EXP 	Created sequence: sequential, trialTypes=1, nReps=0, seed=None
262.8726 	EXP 	New trial (rep=0, index=15): {u'xPos': None, u'probNum': None, u'Img': u'Img/14.jpg', u'CorrKey': None, u'TestType': None, u'yPos': None, u'Etc': None, u'CorrAns': None, u'Type': u'Inst'}
262.8731 	EXP 	Created sequence: sequential, trialTypes=1, nReps=0, seed=None
262.8733 	EXP 	Created sequence: sequential, trialTypes=1, nReps=0, seed=None
262.8735 	EXP 	Created sequence: sequential, trialTypes=1, nReps=1, seed=None
262.8737 	EXP 	New trial (rep=0, index=0): None
262.9385 	EXP 	message: autoDraw = False
262.9385 	EXP 	message: autoDraw = False
262.9385 	EXP 	image_2: image = u'Img/14.jpg'
262.9385 	EXP 	image_2: autoDraw = True
283.8368 	DATA 	Keypress: space
283.8373 	EXP 	Created sequence: sequential, trialTypes=1, nReps=0, seed=None
283.8375 	EXP 	Created sequence: sequential, trialTypes=1, nReps=0, seed=None
283.8379 	EXP 	New trial (rep=0, index=16): {u'xPos': None, u'probNum': 1, u'Img': u'Img/MRT1.jpg', u'CorrKey': u'left', u'TestType': u'MRT', u'yPos': None, u'Etc': None, u'CorrAns': u'same', u'Type': u'Test'}
283.8384 	EXP 	Created sequence: sequential, trialTypes=1, nReps=0, seed=None
283.8386 	EXP 	Created sequence: sequential, trialTypes=1, nReps=0, seed=None
283.8388 	EXP 	Created sequence: sequential, trialTypes=1, nReps=0, seed=None
283.8391 	EXP 	Created sequence: sequential, trialTypes=1, nReps=1, seed=None
283.8393 	EXP 	New trial (rep=0, index=0): None
283.9019 	EXP 	image_2: autoDraw = False
283.9019 	EXP 	image_3: image = u'Img/MRT1.jpg'
283.9019 	EXP 	test_start_txt: autoDraw = True
285.8494 	EXP 	test_start_txt: autoDraw = False
285.8667 	EXP 	image_3: autoDraw = True
290.1163 	DATA 	Keypress: left
290.1181 	EXP 	Created sequence: sequential, trialTypes=1, nReps=0, seed=None
290.1185 	EXP 	New trial (rep=0, index=17): {u'xPos': None, u'probNum': 2, u'Img': u'Img/MRT2.jpg', u'CorrKey': u'right', u'TestType': u'MRT', u'yPos': None, u'Etc': None, u'CorrAns': u'different', u'Type': u'Test'}
290.1193 	EXP 	Created sequence: sequential, trialTypes=1, nReps=0, seed=None
290.1196 	EXP 	Created sequence: sequential, trialTypes=1, nReps=0, seed=None
290.1199 	EXP 	Created sequence: sequential, trialTypes=1, nReps=0, seed=None
290.1201 	EXP 	Created sequence: sequential, trialTypes=1, nReps=1, seed=None
290.1203 	EXP 	New trial (rep=0, index=0): None
290.1657 	EXP 	test_start_txt: autoDraw = False
290.1657 	EXP 	image_3: autoDraw = False
290.1657 	EXP 	Timer: autoDraw = False
290.1657 	EXP 	image_3: image = u'Img/MRT2.jpg'
290.1657 	EXP 	test_start_txt: autoDraw = True
292.1320 	EXP 	test_start_txt: autoDraw = False
292.1462 	EXP 	image_3: autoDraw = True
294.5978 	DATA 	Keypress: right
294.5988 	EXP 	Created sequence: sequential, trialTypes=1, nReps=0, seed=None
294.5991 	EXP 	New trial (rep=0, index=18): {u'xPos': None, u'probNum': 3, u'Img': u'Img/MRT3.jpg', u'CorrKey': u'left', u'TestType': u'MRT', u'yPos': None, u'Etc': None, u'CorrAns': u'same', u'Type': u'Test'}
294.5996 	EXP 	Created sequence: sequential, trialTypes=1, nReps=0, seed=None
294.5998 	EXP 	Created sequence: sequential, trialTypes=1, nReps=0, seed=None
294.6000 	EXP 	Created sequence: sequential, trialTypes=1, nReps=0, seed=None
294.6002 	EXP 	Created sequence: sequential, trialTypes=1, nReps=1, seed=None
294.6004 	EXP 	New trial (rep=0, index=0): None
294.6461 	EXP 	test_start_txt: autoDraw = False
294.6461 	EXP 	image_3: autoDraw = False
294.6461 	EXP 	Timer: autoDraw = False
294.6461 	EXP 	image_3: image = u'Img/MRT3.jpg'
294.6461 	EXP 	test_start_txt: autoDraw = True
296.6095 	EXP 	test_start_txt: autoDraw = False
296.6281 	EXP 	image_3: autoDraw = True
303.4549 	DATA 	Keypress: left
303.4566 	EXP 	Created sequence: sequential, trialTypes=1, nReps=0, seed=None
303.4571 	EXP 	New trial (rep=0, index=19): {u'xPos': None, u'probNum': 4, u'Img': u'Img/MRT4.jpg', u'CorrKey': u'left', u'TestType': u'MRT', u'yPos': None, u'Etc': None, u'CorrAns': u'same', u'Type': u'Test'}
303.4576 	EXP 	Created sequence: sequential, trialTypes=1, nReps=0, seed=None
303.4578 	EXP 	Created sequence: sequential, trialTypes=1, nReps=0, seed=None
303.4581 	EXP 	Created sequence: sequential, trialTypes=1, nReps=0, seed=None
303.4583 	EXP 	Created sequence: sequential, trialTypes=1, nReps=1, seed=None
303.4585 	EXP 	New trial (rep=0, index=0): None
303.5033 	EXP 	test_start_txt: autoDraw = False
303.5033 	EXP 	image_3: autoDraw = False
303.5033 	EXP 	Timer: autoDraw = False
303.5033 	EXP 	image_3: image = u'Img/MRT4.jpg'
303.5033 	EXP 	test_start_txt: autoDraw = True
305.4685 	EXP 	test_start_txt: autoDraw = False
305.4883 	EXP 	image_3: autoDraw = True
310.8228 	DATA 	Keypress: left
310.8237 	EXP 	Created sequence: sequential, trialTypes=1, nReps=0, seed=None
310.8240 	EXP 	New trial (rep=0, index=20): {u'xPos': None, u'probNum': 5, u'Img': u'Img/MRT5.jpg', u'CorrKey': u'right', u'TestType': u'MRT', u'yPos': None, u'Etc': None, u'CorrAns': u'different', u'Type': u'Test'}
310.8245 	EXP 	Created sequence: sequential, trialTypes=1, nReps=0, seed=None
310.8247 	EXP 	Created sequence: sequential, trialTypes=1, nReps=0, seed=None
310.8249 	EXP 	Created sequence: sequential, trialTypes=1, nReps=0, seed=None
310.8251 	EXP 	Created sequence: sequential, trialTypes=1, nReps=1, seed=None
310.8253 	EXP 	New trial (rep=0, index=0): None
310.8753 	EXP 	test_start_txt: autoDraw = False
310.8753 	EXP 	image_3: autoDraw = False
310.8753 	EXP 	Timer: autoDraw = False
310.8753 	EXP 	image_3: image = u'Img/MRT5.jpg'
310.8753 	EXP 	test_start_txt: autoDraw = True
312.8310 	EXP 	test_start_txt: autoDraw = False
312.8474 	EXP 	image_3: autoDraw = True
322.8423 	EXP 	Timer: autoDraw = True
323.2487 	DATA 	Keypress: right
323.2540 	EXP 	Created sequence: sequential, trialTypes=1, nReps=0, seed=None
323.2543 	EXP 	New trial (rep=0, index=21): {u'xPos': None, u'probNum': 6, u'Img': u'Img/MRT6.jpg', u'CorrKey': u'right', u'TestType': u'MRT', u'yPos': None, u'Etc': None, u'CorrAns': u'different', u'Type': u'Test'}
323.2548 	EXP 	Created sequence: sequential, trialTypes=1, nReps=0, seed=None
323.2550 	EXP 	Created sequence: sequential, trialTypes=1, nReps=0, seed=None
323.2552 	EXP 	Created sequence: sequential, trialTypes=1, nReps=0, seed=None
323.2554 	EXP 	Created sequence: sequential, trialTypes=1, nReps=1, seed=None
323.2556 	EXP 	New trial (rep=0, index=0): None
323.2980 	EXP 	test_start_txt: autoDraw = False
323.2980 	EXP 	image_3: autoDraw = False
323.2980 	EXP 	Timer: autoDraw = False
323.2980 	EXP 	image_3: image = u'Img/MRT6.jpg'
323.2980 	EXP 	test_start_txt: autoDraw = True
325.2689 	EXP 	test_start_txt: autoDraw = False
325.2858 	EXP 	image_3: autoDraw = True
333.0156 	DATA 	Keypress: left
333.0166 	EXP 	Created sequence: sequential, trialTypes=1, nReps=0, seed=None
333.0169 	EXP 	New trial (rep=0, index=22): {u'xPos': None, u'probNum': 7, u'Img': u'Img/MRT7.jpg', u'CorrKey': u'right', u'TestType': u'MRT', u'yPos': None, u'Etc': None, u'CorrAns': u'different', u'Type': u'Test'}
333.0174 	EXP 	Created sequence: sequential, trialTypes=1, nReps=0, seed=None
333.0176 	EXP 	Created sequence: sequential, trialTypes=1, nReps=0, seed=None
333.0178 	EXP 	Created sequence: sequential, trialTypes=1, nReps=0, seed=None
333.0181 	EXP 	Created sequence: sequential, trialTypes=1, nReps=1, seed=None
333.0183 	EXP 	New trial (rep=0, index=0): None
333.0642 	EXP 	test_start_txt: autoDraw = False
333.0642 	EXP 	image_3: autoDraw = False
333.0642 	EXP 	Timer: autoDraw = False
333.0642 	EXP 	image_3: image = u'Img/MRT7.jpg'
333.0642 	EXP 	test_start_txt: autoDraw = True
335.0340 	EXP 	test_start_txt: autoDraw = False
335.0504 	EXP 	image_3: autoDraw = True
344.3476 	DATA 	Keypress: right
344.3486 	EXP 	Created sequence: sequential, trialTypes=1, nReps=0, seed=None
344.3488 	EXP 	New trial (rep=0, index=23): {u'xPos': None, u'probNum': 8, u'Img': u'Img/MRT8.jpg', u'CorrKey': u'left', u'TestType': u'MRT', u'yPos': None, u'Etc': None, u'CorrAns': u'same', u'Type': u'Test'}
344.3493 	EXP 	Created sequence: sequential, trialTypes=1, nReps=0, seed=None
344.3496 	EXP 	Created sequence: sequential, trialTypes=1, nReps=0, seed=None
344.3498 	EXP 	Created sequence: sequential, trialTypes=1, nReps=0, seed=None
344.3500 	EXP 	Created sequence: sequential, trialTypes=1, nReps=1, seed=None
344.3502 	EXP 	New trial (rep=0, index=0): None
344.3954 	EXP 	test_start_txt: autoDraw = False
344.3954 	EXP 	image_3: autoDraw = False
344.3954 	EXP 	Timer: autoDraw = False
344.3954 	EXP 	image_3: image = u'Img/MRT8.jpg'
344.3954 	EXP 	test_start_txt: autoDraw = True
346.3639 	EXP 	test_start_txt: autoDraw = False
346.3817 	EXP 	image_3: autoDraw = True
352.8376 	DATA 	Keypress: left
352.8390 	EXP 	Created sequence: sequential, trialTypes=1, nReps=0, seed=None
352.8393 	EXP 	New trial (rep=0, index=24): {u'xPos': None, u'probNum': 9, u'Img': u'Img/MRT9.jpg', u'CorrKey': u'left', u'TestType': u'MRT', u'yPos': None, u'Etc': None, u'CorrAns': u'same', u'Type': u'Test'}
352.8398 	EXP 	Created sequence: sequential, trialTypes=1, nReps=0, seed=None
352.8400 	EXP 	Created sequence: sequential, trialTypes=1, nReps=0, seed=None
352.8405 	EXP 	Created sequence: sequential, trialTypes=1, nReps=0, seed=None
352.8407 	EXP 	Created sequence: sequential, trialTypes=1, nReps=1, seed=None
352.8409 	EXP 	New trial (rep=0, index=0): None
352.8862 	EXP 	test_start_txt: autoDraw = False
352.8862 	EXP 	image_3: autoDraw = False
352.8862 	EXP 	Timer: autoDraw = False
352.8862 	EXP 	image_3: image = u'Img/MRT9.jpg'
352.8862 	EXP 	test_start_txt: autoDraw = True
354.8541 	EXP 	test_start_txt: autoDraw = False
354.8670 	EXP 	image_3: autoDraw = True
364.8626 	EXP 	Timer: autoDraw = True
367.2101 	DATA 	Keypress: left
367.2317 	EXP 	Created sequence: sequential, trialTypes=1, nReps=0, seed=None
367.2321 	EXP 	New trial (rep=0, index=25): {u'xPos': None, u'probNum': 10, u'Img': u'Img/MRT10.jpg', u'CorrKey': u'left', u'TestType': u'MRT', u'yPos': None, u'Etc': None, u'CorrAns': u'same', u'Type': u'Test'}
367.2326 	EXP 	Created sequence: sequential, trialTypes=1, nReps=0, seed=None
367.2328 	EXP 	Created sequence: sequential, trialTypes=1, nReps=0, seed=None
367.2330 	EXP 	Created sequence: sequential, trialTypes=1, nReps=0, seed=None
367.2332 	EXP 	Created sequence: sequential, trialTypes=1, nReps=1, seed=None
367.2335 	EXP 	New trial (rep=0, index=0): None
367.2773 	EXP 	test_start_txt: autoDraw = False
367.2773 	EXP 	image_3: autoDraw = False
367.2773 	EXP 	Timer: autoDraw = False
367.2773 	EXP 	image_3: image = u'Img/MRT10.jpg'
367.2773 	EXP 	test_start_txt: autoDraw = True
369.2447 	EXP 	test_start_txt: autoDraw = False
369.2617 	EXP 	image_3: autoDraw = True
374.5011 	DATA 	Keypress: left
374.5025 	EXP 	Created sequence: sequential, trialTypes=1, nReps=0, seed=None
374.5028 	EXP 	New trial (rep=0, index=26): {u'xPos': None, u'probNum': 11, u'Img': u'Img/MRT11.jpg', u'CorrKey': u'right', u'TestType': u'MRT', u'yPos': None, u'Etc': None, u'CorrAns': u'different', u'Type': u'Test'}
374.5033 	EXP 	Created sequence: sequential, trialTypes=1, nReps=0, seed=None
374.5035 	EXP 	Created sequence: sequential, trialTypes=1, nReps=0, seed=None
374.5037 	EXP 	Created sequence: sequential, trialTypes=1, nReps=0, seed=None
374.5039 	EXP 	Created sequence: sequential, trialTypes=1, nReps=1, seed=None
374.5041 	EXP 	New trial (rep=0, index=0): None
374.5497 	EXP 	test_start_txt: autoDraw = False
374.5497 	EXP 	image_3: autoDraw = False
374.5497 	EXP 	Timer: autoDraw = False
374.5497 	EXP 	image_3: image = u'Img/MRT11.jpg'
374.5497 	EXP 	test_start_txt: autoDraw = True
376.5153 	EXP 	test_start_txt: autoDraw = False
376.5319 	EXP 	image_3: autoDraw = True
386.5337 	EXP 	Timer: autoDraw = True
386.7178 	DATA 	Keypress: right
386.7209 	EXP 	Created sequence: sequential, trialTypes=1, nReps=0, seed=None
386.7212 	EXP 	New trial (rep=0, index=27): {u'xPos': None, u'probNum': 12, u'Img': u'Img/MRT12.jpg', u'CorrKey': u'right', u'TestType': u'MRT', u'yPos': None, u'Etc': None, u'CorrAns': u'different', u'Type': u'Test'}
386.7217 	EXP 	Created sequence: sequential, trialTypes=1, nReps=0, seed=None
386.7219 	EXP 	Created sequence: sequential, trialTypes=1, nReps=0, seed=None
386.7221 	EXP 	Created sequence: sequential, trialTypes=1, nReps=0, seed=None
386.7223 	EXP 	Created sequence: sequential, trialTypes=1, nReps=1, seed=None
386.7225 	EXP 	New trial (rep=0, index=0): None
386.7667 	EXP 	test_start_txt: autoDraw = False
386.7667 	EXP 	image_3: autoDraw = False
386.7667 	EXP 	Timer: autoDraw = False
386.7667 	EXP 	image_3: image = u'Img/MRT12.jpg'
386.7667 	EXP 	test_start_txt: autoDraw = True
388.7337 	EXP 	test_start_txt: autoDraw = False
388.7502 	EXP 	image_3: autoDraw = True
394.9846 	DATA 	Keypress: right
394.9856 	EXP 	Created sequence: sequential, trialTypes=1, nReps=0, seed=None
394.9858 	EXP 	New trial (rep=0, index=28): {u'xPos': None, u'probNum': 13, u'Img': u'Img/MRT13.jpg', u'CorrKey': u'left', u'TestType': u'MRT', u'yPos': None, u'Etc': None, u'CorrAns': u'same', u'Type': u'Test'}
394.9863 	EXP 	Created sequence: sequential, trialTypes=1, nReps=0, seed=None
394.9865 	EXP 	Created sequence: sequential, trialTypes=1, nReps=0, seed=None
394.9868 	EXP 	Created sequence: sequential, trialTypes=1, nReps=0, seed=None
394.9870 	EXP 	Created sequence: sequential, trialTypes=1, nReps=1, seed=None
394.9872 	EXP 	New trial (rep=0, index=0): None
395.0320 	EXP 	test_start_txt: autoDraw = False
395.0320 	EXP 	image_3: autoDraw = False
395.0320 	EXP 	Timer: autoDraw = False
395.0320 	EXP 	image_3: image = u'Img/MRT13.jpg'
395.0320 	EXP 	test_start_txt: autoDraw = True
397.0042 	EXP 	test_start_txt: autoDraw = False
397.0042 	EXP 	image_3: autoDraw = True
402.4144 	DATA 	Keypress: left
402.4153 	EXP 	Created sequence: sequential, trialTypes=1, nReps=0, seed=None
402.4156 	EXP 	New trial (rep=0, index=29): {u'xPos': None, u'probNum': 14, u'Img': u'Img/MRT14.jpg', u'CorrKey': u'right', u'TestType': u'MRT', u'yPos': None, u'Etc': None, u'CorrAns': u'different', u'Type': u'Test'}
402.4161 	EXP 	Created sequence: sequential, trialTypes=1, nReps=0, seed=None
402.4163 	EXP 	Created sequence: sequential, trialTypes=1, nReps=0, seed=None
402.4165 	EXP 	Created sequence: sequential, trialTypes=1, nReps=0, seed=None
402.4168 	EXP 	Created sequence: sequential, trialTypes=1, nReps=1, seed=None
402.4170 	EXP 	New trial (rep=0, index=0): None
402.4645 	EXP 	test_start_txt: autoDraw = False
402.4645 	EXP 	image_3: autoDraw = False
402.4645 	EXP 	Timer: autoDraw = False
402.4645 	EXP 	image_3: image = u'Img/MRT14.jpg'
402.4645 	EXP 	test_start_txt: autoDraw = True
404.4221 	EXP 	test_start_txt: autoDraw = False
404.4387 	EXP 	image_3: autoDraw = True
414.4433 	EXP 	Timer: autoDraw = True
417.1567 	DATA 	Keypress: left
417.1603 	EXP 	Created sequence: sequential, trialTypes=1, nReps=0, seed=None
417.1606 	EXP 	New trial (rep=0, index=30): {u'xPos': None, u'probNum': 15, u'Img': u'Img/MRT15.jpg', u'CorrKey': u'left', u'TestType': u'MRT', u'yPos': None, u'Etc': None, u'CorrAns': u'same', u'Type': u'Test'}
417.1611 	EXP 	Created sequence: sequential, trialTypes=1, nReps=0, seed=None
417.1613 	EXP 	Created sequence: sequential, trialTypes=1, nReps=0, seed=None
417.1615 	EXP 	Created sequence: sequential, trialTypes=1, nReps=0, seed=None
417.1617 	EXP 	Created sequence: sequential, trialTypes=1, nReps=1, seed=None
417.1620 	EXP 	New trial (rep=0, index=0): None
417.2074 	EXP 	test_start_txt: autoDraw = False
417.2074 	EXP 	image_3: autoDraw = False
417.2074 	EXP 	Timer: autoDraw = False
417.2074 	EXP 	image_3: image = u'Img/MRT15.jpg'
417.2074 	EXP 	test_start_txt: autoDraw = True
419.1708 	EXP 	test_start_txt: autoDraw = False
419.1874 	EXP 	image_3: autoDraw = True
422.2921 	DATA 	Keypress: left
422.3091 	EXP 	Created sequence: sequential, trialTypes=1, nReps=0, seed=None
422.3094 	EXP 	New trial (rep=0, index=31): {u'xPos': None, u'probNum': 16, u'Img': u'Img/MRT16.jpg', u'CorrKey': u'right', u'TestType': u'MRT', u'yPos': None, u'Etc': None, u'CorrAns': u'different', u'Type': u'Test'}
422.3099 	EXP 	Created sequence: sequential, trialTypes=1, nReps=0, seed=None
422.3101 	EXP 	Created sequence: sequential, trialTypes=1, nReps=0, seed=None
422.3103 	EXP 	Created sequence: sequential, trialTypes=1, nReps=0, seed=None
422.3105 	EXP 	Created sequence: sequential, trialTypes=1, nReps=1, seed=None
422.3107 	EXP 	New trial (rep=0, index=0): None
422.3598 	EXP 	test_start_txt: autoDraw = False
422.3598 	EXP 	image_3: autoDraw = False
422.3598 	EXP 	Timer: autoDraw = False
422.3598 	EXP 	image_3: image = u'Img/MRT16.jpg'
422.3598 	EXP 	test_start_txt: autoDraw = True
424.3219 	EXP 	test_start_txt: autoDraw = False
424.3386 	EXP 	image_3: autoDraw = True
428.6565 	DATA 	Keypress: right
428.6575 	EXP 	Created sequence: sequential, trialTypes=1, nReps=0, seed=None
428.6578 	EXP 	New trial (rep=0, index=32): {u'xPos': None, u'probNum': 17, u'Img': u'Img/MRT17.jpg', u'CorrKey': u'left', u'TestType': u'MRT', u'yPos': None, u'Etc': None, u'CorrAns': u'same', u'Type': u'Test'}
428.6582 	EXP 	Created sequence: sequential, trialTypes=1, nReps=0, seed=None
428.6585 	EXP 	Created sequence: sequential, trialTypes=1, nReps=0, seed=None
428.6587 	EXP 	Created sequence: sequential, trialTypes=1, nReps=0, seed=None
428.6589 	EXP 	Created sequence: sequential, trialTypes=1, nReps=1, seed=None
428.6591 	EXP 	New trial (rep=0, index=0): None
428.7062 	EXP 	test_start_txt: autoDraw = False
428.7062 	EXP 	image_3: autoDraw = False
428.7062 	EXP 	Timer: autoDraw = False
428.7062 	EXP 	image_3: image = u'Img/MRT17.jpg'
428.7062 	EXP 	test_start_txt: autoDraw = True
430.6753 	EXP 	test_start_txt: autoDraw = False
430.6919 	EXP 	image_3: autoDraw = True
440.0279 	DATA 	Keypress: right
440.0289 	EXP 	Created sequence: sequential, trialTypes=1, nReps=0, seed=None
440.0292 	EXP 	New trial (rep=0, index=33): {u'xPos': None, u'probNum': 18, u'Img': u'Img/MRT18.jpg', u'CorrKey': u'left', u'TestType': u'MRT', u'yPos': None, u'Etc': None, u'CorrAns': u'same', u'Type': u'Test'}
440.0297 	EXP 	Created sequence: sequential, trialTypes=1, nReps=0, seed=None
440.0299 	EXP 	Created sequence: sequential, trialTypes=1, nReps=0, seed=None
440.0302 	EXP 	Created sequence: sequential, trialTypes=1, nReps=0, seed=None
440.0304 	EXP 	Created sequence: sequential, trialTypes=1, nReps=1, seed=None
440.0306 	EXP 	New trial (rep=0, index=0): None
440.0777 	EXP 	test_start_txt: autoDraw = False
440.0777 	EXP 	image_3: autoDraw = False
440.0777 	EXP 	Timer: autoDraw = False
440.0777 	EXP 	image_3: image = u'Img/MRT18.jpg'
440.0777 	EXP 	test_start_txt: autoDraw = True
442.0438 	EXP 	test_start_txt: autoDraw = False
442.0574 	EXP 	image_3: autoDraw = True
451.3435 	DATA 	Keypress: right
451.3444 	EXP 	Created sequence: sequential, trialTypes=1, nReps=0, seed=None
451.3447 	EXP 	New trial (rep=0, index=34): {u'xPos': None, u'probNum': 19, u'Img': u'Img/MRT19.jpg', u'CorrKey': u'right', u'TestType': u'MRT', u'yPos': None, u'Etc': None, u'CorrAns': u'different', u'Type': u'Test'}
451.3452 	EXP 	Created sequence: sequential, trialTypes=1, nReps=0, seed=None
451.3454 	EXP 	Created sequence: sequential, trialTypes=1, nReps=0, seed=None
451.3456 	EXP 	Created sequence: sequential, trialTypes=1, nReps=0, seed=None
451.3457 	EXP 	Created sequence: sequential, trialTypes=1, nReps=1, seed=None
451.3459 	EXP 	New trial (rep=0, index=0): None
451.3874 	EXP 	test_start_txt: autoDraw = False
451.3874 	EXP 	image_3: autoDraw = False
451.3874 	EXP 	Timer: autoDraw = False
451.3874 	EXP 	image_3: image = u'Img/MRT19.jpg'
451.3874 	EXP 	test_start_txt: autoDraw = True
453.3595 	EXP 	test_start_txt: autoDraw = False
453.3769 	EXP 	image_3: autoDraw = True
463.3791 	EXP 	Timer: autoDraw = True
465.2715 	DATA 	Keypress: left
465.2748 	EXP 	Created sequence: sequential, trialTypes=1, nReps=0, seed=None
465.2751 	EXP 	New trial (rep=0, index=35): {u'xPos': None, u'probNum': 20, u'Img': u'Img/MRT20.jpg', u'CorrKey': u'right', u'TestType': u'MRT', u'yPos': None, u'Etc': None, u'CorrAns': u'different', u'Type': u'Test'}
465.2756 	EXP 	Created sequence: sequential, trialTypes=1, nReps=0, seed=None
465.2758 	EXP 	Created sequence: sequential, trialTypes=1, nReps=0, seed=None
465.2760 	EXP 	Created sequence: sequential, trialTypes=1, nReps=0, seed=None
465.2762 	EXP 	Created sequence: sequential, trialTypes=1, nReps=1, seed=None
465.2764 	EXP 	New trial (rep=0, index=0): None
465.3407 	EXP 	test_start_txt: autoDraw = False
465.3407 	EXP 	image_3: autoDraw = False
465.3407 	EXP 	Timer: autoDraw = False
465.3407 	EXP 	image_3: image = u'Img/MRT20.jpg'
465.3407 	EXP 	test_start_txt: autoDraw = True
467.2862 	EXP 	test_start_txt: autoDraw = False
467.3028 	EXP 	image_3: autoDraw = True
470.2557 	DATA 	Keypress: right
470.2567 	EXP 	Created sequence: sequential, trialTypes=1, nReps=0, seed=None
470.2570 	EXP 	New trial (rep=0, index=36): {u'xPos': None, u'probNum': None, u'Img': u'Img/62.jpg', u'CorrKey': u'space', u'TestType': None, u'yPos': None, u'Etc': None, u'CorrAns': u'space', u'Type': u'Inst'}
470.2575 	EXP 	Created sequence: sequential, trialTypes=1, nReps=0, seed=None
470.2577 	EXP 	Created sequence: sequential, trialTypes=1, nReps=0, seed=None
470.2579 	EXP 	Created sequence: sequential, trialTypes=1, nReps=1, seed=None
470.2582 	EXP 	New trial (rep=0, index=0): None
470.3214 	EXP 	test_start_txt: autoDraw = False
470.3214 	EXP 	image_3: autoDraw = False
470.3214 	EXP 	Timer: autoDraw = False
470.3214 	EXP 	image_2: image = u'Img/62.jpg'
470.3214 	EXP 	image_2: autoDraw = True
474.2366 	DATA 	Keypress: space
474.2371 	EXP 	Created sequence: sequential, trialTypes=1, nReps=0, seed=None
474.2373 	EXP 	Created sequence: sequential, trialTypes=1, nReps=0, seed=None
474.2376 	EXP 	New trial (rep=0, index=37): {u'xPos': -1200, u'probNum': None, u'Img': None, u'CorrKey': None, u'TestType': u'CloseSession', u'yPos': 60, u'Etc': None, u'CorrAns': None, u'Type': u'Mouse'}
474.2381 	EXP 	Created sequence: sequential, trialTypes=1, nReps=0, seed=None
474.2383 	EXP 	Created sequence: sequential, trialTypes=1, nReps=0, seed=None
474.2385 	EXP 	Created sequence: sequential, trialTypes=1, nReps=0, seed=None
474.2387 	EXP 	Created sequence: sequential, trialTypes=1, nReps=0, seed=None
474.2388 	EXP 	Created sequence: sequential, trialTypes=1, nReps=1, seed=None
474.2390 	EXP 	New trial (rep=0, index=0): None
474.4129 	EXP 	window1: mouseVisible = True
