12.5855 	EXP 	Created window1 = Window(allowGUI=False, allowStencil=False, autoLog=True, bitsMode=UNKNOWN, blendMode='avg', color=array([ 0.,  0.,  0.]), colorSpace='rgb', fullscr=UNKNOWN, gamma=None, lms=UNKNOWN, monitor=<psychopy.monitors.calibTools.Monitor instance at 0x0A75B710>, name='window1', pos=[0, 0], screen=0, size=array([1600,  900]), stereo=False, units=u'norm', useFBO=True, viewOri=0.0, viewPos=None, viewScale=None, waitBlanking=True, winType='pyglet')
12.5856 	EXP 	window1: recordFrameIntervals = False
12.7512 	EXP 	window1: recordFrameIntervals = True
12.9356 	EXP 	window1: recordFrameIntervals = False
12.9432 	EXP 	Created image_4 = ImageStim(autoLog=True, color=array([ 1.,  1.,  1.]), colorSpace='rgb', contrast=1.0, depth=0.0, flipHoriz=False, flipVert=False, image='sin', interpolate=True, mask=None, maskParams=None, name='image_4', opacity=1.0, ori=0.0, pos=array([ 0.,  0.]), size=array([ 1.5,  1.5]), texRes=128, units=u'norm', win=Window(...))
13.0827 	EXP 	Created text_2 = TextStim(alignHoriz='center', alignVert='center', antialias=True, autoLog=True, bold=False, color='white', colorSpace='named', contrast=1.0, depth=-2.0, flipHoriz=False, flipVert=False, font='Arial', fontFiles=[], height=0.1, italic=False, name='text_2', opacity=1.0, ori=0, pos=array([ 0.  ,  0.85]), rgb=array([ 255.,  255.,  255.]), text=u'default text', units=u'norm', win=Window(...), wrapWidth=1)
13.1186 	EXP 	Created dummy_start = TextStim(alignHoriz='center', alignVert='center', antialias=True, autoLog=True, bold=False, color='white', colorSpace='named', contrast=1.0, depth=0.0, flipHoriz=False, flipVert=False, font='Arial', fontFiles=[], height=0.5, italic=False, name='dummy_start', opacity=1.0, ori=0, pos=array([ 0.,  0.]), rgb=array([ 255.,  255.,  255.]), text=u'+', units=u'norm', win=Window(...), wrapWidth=1)
13.1232 	EXP 	Created image = ImageStim(autoLog=True, color=array([ 1.,  1.,  1.]), colorSpace='rgb', contrast=1.0, depth=-1.0, flipHoriz=False, flipVert=False, image='sin', interpolate=True, mask=None, maskParams=None, name='image', opacity=1.0, ori=0.0, pos=array([ 0.,  0.]), size=array([ 1.6,  1.6]), texRes=128, units=u'norm', win=Window(...))
13.1318 	EXP 	Created message = TextStim(alignHoriz='center', alignVert='center', antialias=True, autoLog=True, bold=False, color='white', colorSpace='named', contrast=1.0, depth=-1.0, flipHoriz=False, flipVert=False, font='Arial', fontFiles=[], height=0.1, italic=False, name='message', opacity=1.0, ori=0, pos=array([ 0.,  0.]), rgb=array([ 255.,  255.,  255.]), text=u'default text', units=u'norm', win=Window(...), wrapWidth=1)
13.1366 	EXP 	Created image_2 = ImageStim(autoLog=True, color=array([ 1.,  1.,  1.]), colorSpace='rgb', contrast=1.0, depth=0.0, flipHoriz=False, flipVert=False, image='sin', interpolate=True, mask=None, maskParams=None, name='image_2', opacity=1.0, ori=0.0, pos=array([ 0.,  0.]), size=array([ 1.5,  1.5]), texRes=128, units=u'norm', win=Window(...))
13.1420 	EXP 	Created test_start_txt = TextStim(alignHoriz='center', alignVert='center', antialias=True, autoLog=True, bold=False, color='white', colorSpace='named', contrast=1.0, depth=0.0, flipHoriz=False, flipVert=False, font='Arial', fontFiles=[], height=0.5, italic=False, name='test_start_txt', opacity=1.0, ori=0, pos=array([ 0.,  0.]), rgb=array([ 255.,  255.,  255.]), text=u'+', units=u'norm', win=Window(...), wrapWidth=1)
13.1467 	EXP 	Created image_3 = ImageStim(autoLog=True, color=array([ 1.,  1.,  1.]), colorSpace='rgb', contrast=1.0, depth=-1.0, flipHoriz=False, flipVert=False, image='sin', interpolate=True, mask=None, maskParams=None, name='image_3', opacity=1.0, ori=0.0, pos=array([ 0.,  0.]), size=array([ 1.5,  1.5]), texRes=128, units=u'norm', win=Window(...))
13.1545 	EXP 	Created Timer = TextStim(alignHoriz='center', alignVert='center', antialias=True, autoLog=True, bold=False, color='white', colorSpace='named', contrast=1.0, depth=-3.0, flipHoriz=False, flipVert=False, font='Arial', fontFiles=[], height=0.1, italic=False, name='Timer', opacity=1.0, ori=0, pos=array([ 0.  ,  0.85]), rgb=array([ 255.,  255.,  255.]), text=u'default text', units=u'norm', win=Window(...), wrapWidth=1)
13.1558 	EXP 	Created text = TextStim(alignHoriz='center', alignVert='center', antialias=True, autoLog=True, bold=False, color='white', colorSpace='named', contrast=1.0, depth=-1.0, flipHoriz=False, flipVert=False, font='Arial', fontFiles=[], height=0.1, italic=False, name='text', opacity=1.0, ori=0, pos=array([ 0.,  0.]), rgb=array([ 255.,  255.,  255.]), text='', units=u'norm', win=Window(...), wrapWidth=1)
13.5567 	EXP 	Imported Settings_MRT.xlsx as conditions, 38 conditions, 9 params
13.5573 	EXP 	Created sequence: sequential, trialTypes=38, nReps=1, seed=None
13.5586 	EXP 	New trial (rep=0, index=0): {u'xPos': None, u'probNum': None, u'Img': u'Img/1.jpg', u'CorrKey': u'space', u'TestType': None, u'yPos': None, u'Etc': None, u'CorrAns': u'space', u'Type': u'Inst'}
13.5597 	EXP 	Created sequence: sequential, trialTypes=1, nReps=0, seed=None
13.5602 	EXP 	Created sequence: sequential, trialTypes=1, nReps=0, seed=None
13.5607 	EXP 	Created sequence: sequential, trialTypes=1, nReps=1, seed=None
13.5613 	EXP 	New trial (rep=0, index=0): None
13.6527 	EXP 	image_2: image = u'Img/1.jpg'
13.6527 	EXP 	image_2: autoDraw = True
16.3031 	DATA 	Keypress: space
16.3038 	EXP 	Created sequence: sequential, trialTypes=1, nReps=0, seed=None
16.3042 	EXP 	Created sequence: sequential, trialTypes=1, nReps=0, seed=None
16.3048 	EXP 	New trial (rep=0, index=1): {u'xPos': None, u'probNum': None, u'Img': u'Img/2.jpg', u'CorrKey': u'space', u'TestType': None, u'yPos': None, u'Etc': None, u'CorrAns': u'space', u'Type': u'Inst'}
16.3056 	EXP 	Created sequence: sequential, trialTypes=1, nReps=0, seed=None
16.3059 	EXP 	Created sequence: sequential, trialTypes=1, nReps=0, seed=None
16.3062 	EXP 	Created sequence: sequential, trialTypes=1, nReps=1, seed=None
16.3065 	EXP 	New trial (rep=0, index=0): None
16.4031 	EXP 	image_2: autoDraw = False
16.4031 	EXP 	image_2: image = u'Img/2.jpg'
16.4031 	EXP 	image_2: autoDraw = True
30.8731 	DATA 	Keypress: space
30.8738 	EXP 	Created sequence: sequential, trialTypes=1, nReps=0, seed=None
30.8741 	EXP 	Created sequence: sequential, trialTypes=1, nReps=0, seed=None
30.8746 	EXP 	New trial (rep=0, index=2): {u'xPos': None, u'probNum': None, u'Img': u'Img/3.jpg', u'CorrKey': u'space', u'TestType': None, u'yPos': None, u'Etc': None, u'CorrAns': u'space', u'Type': u'Inst'}
30.8754 	EXP 	Created sequence: sequential, trialTypes=1, nReps=0, seed=None
30.8757 	EXP 	Created sequence: sequential, trialTypes=1, nReps=0, seed=None
30.8760 	EXP 	Created sequence: sequential, trialTypes=1, nReps=1, seed=None
30.8764 	EXP 	New trial (rep=0, index=0): None
30.9563 	EXP 	image_2: autoDraw = False
30.9563 	EXP 	image_2: image = u'Img/3.jpg'
30.9563 	EXP 	image_2: autoDraw = True
60.2428 	DATA 	Keypress: space
60.2436 	EXP 	Created sequence: sequential, trialTypes=1, nReps=0, seed=None
60.2439 	EXP 	Created sequence: sequential, trialTypes=1, nReps=0, seed=None
60.2443 	EXP 	New trial (rep=0, index=3): {u'xPos': -620, u'probNum': None, u'Img': None, u'CorrKey': None, u'TestType': u'OpenSession', u'yPos': 580, u'Etc': None, u'CorrAns': None, u'Type': u'Mouse'}
60.2452 	EXP 	Created sequence: sequential, trialTypes=1, nReps=0, seed=None
60.2457 	EXP 	Created sequence: sequential, trialTypes=1, nReps=0, seed=None
60.2462 	EXP 	Created sequence: sequential, trialTypes=1, nReps=0, seed=None
60.2465 	EXP 	Created sequence: sequential, trialTypes=1, nReps=0, seed=None
60.2468 	EXP 	Created sequence: sequential, trialTypes=1, nReps=1, seed=None
60.2471 	EXP 	New trial (rep=0, index=0): None
60.2762 	EXP 	image_2: autoDraw = False
60.2762 	EXP 	text: autoDraw = True
60.3442 	EXP 	New trial (rep=0, index=4): {u'xPos': None, u'probNum': None, u'Img': u'Img/4.jpg', u'CorrKey': None, u'TestType': u'Background', u'yPos': None, u'Etc': None, u'CorrAns': None, u'Type': u'TimeOut'}
60.3453 	EXP 	Created sequence: sequential, trialTypes=1, nReps=1, seed=None
60.3458 	EXP 	New trial (rep=0, index=0): None
60.4434 	EXP 	text: autoDraw = False
60.4434 	EXP 	text: autoDraw = False
60.4434 	EXP 	image_4: image = u'Img/4.jpg'
60.4434 	EXP 	image_4: autoDraw = True
110.3929 	EXP 	text_2: autoDraw = True
120.3406 	EXP 	Created sequence: sequential, trialTypes=1, nReps=0, seed=None
120.3411 	EXP 	Created sequence: sequential, trialTypes=1, nReps=0, seed=None
120.3418 	EXP 	Created sequence: sequential, trialTypes=1, nReps=0, seed=None
120.3424 	EXP 	Created sequence: sequential, trialTypes=1, nReps=0, seed=None
120.3429 	EXP 	New trial (rep=0, index=5): {u'xPos': 100, u'probNum': None, u'Img': None, u'CorrKey': None, u'TestType': u'Back_to_Test', u'yPos': 100, u'Etc': None, u'CorrAns': None, u'Type': u'Mouse'}
120.3436 	EXP 	Created sequence: sequential, trialTypes=1, nReps=0, seed=None
120.3439 	EXP 	Created sequence: sequential, trialTypes=1, nReps=0, seed=None
120.3443 	EXP 	Created sequence: sequential, trialTypes=1, nReps=0, seed=None
120.3446 	EXP 	Created sequence: sequential, trialTypes=1, nReps=0, seed=None
120.3448 	EXP 	Created sequence: sequential, trialTypes=1, nReps=1, seed=None
120.3452 	EXP 	New trial (rep=0, index=0): None
120.3519 	DATA 	Mouse: Left button down, pos=(100,800)
120.3626 	DATA 	Mouse:  Left button up, pos=(100,800)
120.3893 	EXP 	image_4: autoDraw = False
120.3893 	EXP 	text_2: autoDraw = False
120.3893 	EXP 	image_4: autoDraw = False
120.3893 	EXP 	text_2: autoDraw = False
120.3893 	EXP 	text: autoDraw = True
120.4411 	EXP 	New trial (rep=0, index=6): {u'xPos': None, u'probNum': None, u'Img': u'Img/5.jpg', u'CorrKey': u'space', u'TestType': None, u'yPos': None, u'Etc': None, u'CorrAns': u'space', u'Type': u'Inst'}
120.4422 	EXP 	Created sequence: sequential, trialTypes=1, nReps=0, seed=None
120.4427 	EXP 	Created sequence: sequential, trialTypes=1, nReps=0, seed=None
120.4431 	EXP 	Created sequence: sequential, trialTypes=1, nReps=1, seed=None
120.4437 	EXP 	New trial (rep=0, index=0): None
120.5402 	EXP 	text: autoDraw = False
120.5402 	EXP 	text: autoDraw = False
120.5402 	EXP 	image_2: image = u'Img/5.jpg'
120.5402 	EXP 	image_2: autoDraw = True
140.1728 	DATA 	Mouse: Left button down, pos=(100,800)
140.3745 	DATA 	Mouse:  Left button up, pos=(100,800)
142.6221 	DATA 	Keypress: space
142.6228 	EXP 	Created sequence: sequential, trialTypes=1, nReps=0, seed=None
142.6231 	EXP 	Created sequence: sequential, trialTypes=1, nReps=0, seed=None
142.6236 	EXP 	New trial (rep=0, index=7): {u'xPos': None, u'probNum': None, u'Img': u'Img/6.jpg', u'CorrKey': u'space', u'TestType': None, u'yPos': None, u'Etc': None, u'CorrAns': u'space', u'Type': u'Inst'}
142.6246 	EXP 	Created sequence: sequential, trialTypes=1, nReps=0, seed=None
142.6251 	EXP 	Created sequence: sequential, trialTypes=1, nReps=0, seed=None
142.6256 	EXP 	Created sequence: sequential, trialTypes=1, nReps=1, seed=None
142.6260 	EXP 	New trial (rep=0, index=0): None
142.7051 	EXP 	image_2: autoDraw = False
142.7051 	EXP 	image_2: image = u'Img/6.jpg'
142.7051 	EXP 	image_2: autoDraw = True
146.7045 	DATA 	Keypress: space
146.7053 	EXP 	Created sequence: sequential, trialTypes=1, nReps=0, seed=None
146.7058 	EXP 	Created sequence: sequential, trialTypes=1, nReps=0, seed=None
146.7065 	EXP 	New trial (rep=0, index=8): {u'xPos': None, u'probNum': None, u'Img': u'Img/7.jpg', u'CorrKey': None, u'TestType': u'Background', u'yPos': None, u'Etc': None, u'CorrAns': None, u'Type': u'TimeOut'}
146.7077 	EXP 	Created sequence: sequential, trialTypes=1, nReps=1, seed=None
146.7082 	EXP 	New trial (rep=0, index=0): None
146.7872 	EXP 	image_2: autoDraw = False
146.7872 	EXP 	image_4: image = u'Img/7.jpg'
146.7872 	EXP 	image_4: autoDraw = True
196.7374 	EXP 	text_2: autoDraw = True
206.6982 	EXP 	Created sequence: sequential, trialTypes=1, nReps=0, seed=None
206.6987 	EXP 	Created sequence: sequential, trialTypes=1, nReps=0, seed=None
206.6991 	EXP 	Created sequence: sequential, trialTypes=1, nReps=0, seed=None
206.6996 	EXP 	Created sequence: sequential, trialTypes=1, nReps=0, seed=None
206.7003 	EXP 	New trial (rep=0, index=9): {u'xPos': None, u'probNum': None, u'Img': u'Img/8.jpg', u'CorrKey': u'space', u'TestType': None, u'yPos': None, u'Etc': None, u'CorrAns': u'space', u'Type': u'Inst'}
206.7014 	EXP 	Created sequence: sequential, trialTypes=1, nReps=0, seed=None
206.7019 	EXP 	Created sequence: sequential, trialTypes=1, nReps=0, seed=None
206.7023 	EXP 	Created sequence: sequential, trialTypes=1, nReps=1, seed=None
206.7026 	EXP 	New trial (rep=0, index=0): None
206.7804 	EXP 	image_4: autoDraw = False
206.7804 	EXP 	text_2: autoDraw = False
206.7804 	EXP 	image_4: autoDraw = False
206.7804 	EXP 	text_2: autoDraw = False
206.7804 	EXP 	image_2: image = u'Img/8.jpg'
206.7804 	EXP 	image_2: autoDraw = True
247.7818 	DATA 	Keypress: space
247.7824 	EXP 	Created sequence: sequential, trialTypes=1, nReps=0, seed=None
247.7827 	EXP 	Created sequence: sequential, trialTypes=1, nReps=0, seed=None
247.7831 	EXP 	New trial (rep=0, index=10): {u'xPos': None, u'probNum': None, u'Img': u'Img/9.jpg', u'CorrKey': u'space', u'TestType': None, u'yPos': None, u'Etc': None, u'CorrAns': u'space', u'Type': u'Inst'}
247.7839 	EXP 	Created sequence: sequential, trialTypes=1, nReps=0, seed=None
247.7843 	EXP 	Created sequence: sequential, trialTypes=1, nReps=0, seed=None
247.7848 	EXP 	Created sequence: sequential, trialTypes=1, nReps=1, seed=None
247.7852 	EXP 	New trial (rep=0, index=0): None
247.8647 	EXP 	image_2: autoDraw = False
247.8647 	EXP 	image_2: image = u'Img/9.jpg'
247.8647 	EXP 	image_2: autoDraw = True
252.0832 	DATA 	Keypress: space
252.0839 	EXP 	Created sequence: sequential, trialTypes=1, nReps=0, seed=None
252.0845 	EXP 	Created sequence: sequential, trialTypes=1, nReps=0, seed=None
252.0852 	EXP 	New trial (rep=0, index=11): {u'xPos': None, u'probNum': None, u'Img': u'Img/10.jpg', u'CorrKey': u'space', u'TestType': None, u'yPos': None, u'Etc': None, u'CorrAns': u'space', u'Type': u'Inst'}
252.0861 	EXP 	Created sequence: sequential, trialTypes=1, nReps=0, seed=None
252.0865 	EXP 	Created sequence: sequential, trialTypes=1, nReps=0, seed=None
252.0870 	EXP 	Created sequence: sequential, trialTypes=1, nReps=1, seed=None
252.0876 	EXP 	New trial (rep=0, index=0): None
252.1831 	EXP 	image_2: autoDraw = False
252.1831 	EXP 	image_2: image = u'Img/10.jpg'
252.1831 	EXP 	image_2: autoDraw = True
261.0435 	DATA 	Keypress: space
261.0443 	EXP 	Created sequence: sequential, trialTypes=1, nReps=0, seed=None
261.0446 	EXP 	Created sequence: sequential, trialTypes=1, nReps=0, seed=None
261.0450 	EXP 	New trial (rep=0, index=12): {u'xPos': None, u'probNum': None, u'Img': u'Img/11.jpg', u'CorrKey': u'space', u'TestType': None, u'yPos': None, u'Etc': None, u'CorrAns': u'space', u'Type': u'Inst'}
261.0457 	EXP 	Created sequence: sequential, trialTypes=1, nReps=0, seed=None
261.0460 	EXP 	Created sequence: sequential, trialTypes=1, nReps=0, seed=None
261.0463 	EXP 	Created sequence: sequential, trialTypes=1, nReps=1, seed=None
261.0468 	EXP 	New trial (rep=0, index=0): None
261.1430 	EXP 	image_2: autoDraw = False
261.1430 	EXP 	image_2: image = u'Img/11.jpg'
261.1430 	EXP 	image_2: autoDraw = True
264.3352 	DATA 	Keypress: space
264.3361 	EXP 	Created sequence: sequential, trialTypes=1, nReps=0, seed=None
264.3366 	EXP 	Created sequence: sequential, trialTypes=1, nReps=0, seed=None
264.3373 	EXP 	New trial (rep=0, index=13): {u'xPos': None, u'probNum': None, u'Img': u'Img/12.jpg', u'CorrKey': u'left', u'TestType': None, u'yPos': None, u'Etc': None, u'CorrAns': u'same', u'Type': u'Dumm'}
264.3385 	EXP 	Created sequence: sequential, trialTypes=1, nReps=0, seed=None
264.3389 	EXP 	Created sequence: sequential, trialTypes=1, nReps=1, seed=None
264.3394 	EXP 	New trial (rep=0, index=0): None
264.4352 	EXP 	image_2: autoDraw = False
264.4352 	EXP 	image: image = u'Img/12.jpg'
264.4352 	EXP 	dummy_start: autoDraw = True
266.3517 	EXP 	dummy_start: autoDraw = False
266.3686 	EXP 	image: autoDraw = True
271.0074 	DATA 	Keypress: left
271.0565 	EXP 	dummy_start: autoDraw = False
271.0565 	EXP 	image: autoDraw = False
271.0565 	EXP 	message: text = 'Good! \n \n \n Response time = 4.639'
271.0565 	EXP 	message: autoDraw = True
274.0081 	EXP 	Created sequence: sequential, trialTypes=1, nReps=0, seed=None
274.0086 	EXP 	Created sequence: sequential, trialTypes=1, nReps=0, seed=None
274.0089 	EXP 	Created sequence: sequential, trialTypes=1, nReps=0, seed=None
274.0093 	EXP 	New trial (rep=0, index=14): {u'xPos': None, u'probNum': None, u'Img': u'Img/13.jpg', u'CorrKey': u'right', u'TestType': None, u'yPos': None, u'Etc': None, u'CorrAns': u'different', u'Type': u'Dumm'}
274.0103 	EXP 	Created sequence: sequential, trialTypes=1, nReps=0, seed=None
274.0107 	EXP 	Created sequence: sequential, trialTypes=1, nReps=1, seed=None
274.0110 	EXP 	New trial (rep=0, index=0): None
274.0742 	EXP 	message: autoDraw = False
274.0742 	EXP 	message: autoDraw = False
274.0742 	EXP 	image: image = u'Img/13.jpg'
274.0742 	EXP 	dummy_start: autoDraw = True
274.3780 	DATA 	Keypress: left
276.0220 	EXP 	dummy_start: autoDraw = False
276.0391 	EXP 	image: autoDraw = True
278.1916 	DATA 	Keypress: right
278.2245 	EXP 	dummy_start: autoDraw = False
278.2245 	EXP 	image: autoDraw = False
278.2245 	EXP 	message: text = 'Good! \n \n \n Response time = 2.153'
278.2245 	EXP 	message: autoDraw = True
281.1869 	EXP 	Created sequence: sequential, trialTypes=1, nReps=0, seed=None
281.1872 	EXP 	Created sequence: sequential, trialTypes=1, nReps=0, seed=None
281.1875 	EXP 	Created sequence: sequential, trialTypes=1, nReps=0, seed=None
281.1879 	EXP 	New trial (rep=0, index=15): {u'xPos': None, u'probNum': None, u'Img': u'Img/14.jpg', u'CorrKey': None, u'TestType': None, u'yPos': None, u'Etc': None, u'CorrAns': None, u'Type': u'Inst'}
281.1886 	EXP 	Created sequence: sequential, trialTypes=1, nReps=0, seed=None
281.1889 	EXP 	Created sequence: sequential, trialTypes=1, nReps=0, seed=None
281.1892 	EXP 	Created sequence: sequential, trialTypes=1, nReps=1, seed=None
281.1895 	EXP 	New trial (rep=0, index=0): None
281.2862 	EXP 	message: autoDraw = False
281.2862 	EXP 	message: autoDraw = False
281.2862 	EXP 	image_2: image = u'Img/14.jpg'
281.2862 	EXP 	image_2: autoDraw = True
297.8634 	DATA 	Keypress: space
297.8640 	EXP 	Created sequence: sequential, trialTypes=1, nReps=0, seed=None
297.8643 	EXP 	Created sequence: sequential, trialTypes=1, nReps=0, seed=None
297.8647 	EXP 	New trial (rep=0, index=16): {u'xPos': None, u'probNum': 1, u'Img': u'Img/MRT1.jpg', u'CorrKey': u'left', u'TestType': u'MRT', u'yPos': None, u'Etc': None, u'CorrAns': u'same', u'Type': u'Test'}
297.8658 	EXP 	Created sequence: sequential, trialTypes=1, nReps=0, seed=None
297.8664 	EXP 	Created sequence: sequential, trialTypes=1, nReps=0, seed=None
297.8670 	EXP 	Created sequence: sequential, trialTypes=1, nReps=0, seed=None
297.8674 	EXP 	Created sequence: sequential, trialTypes=1, nReps=1, seed=None
297.8678 	EXP 	New trial (rep=0, index=0): None
297.9461 	EXP 	image_2: autoDraw = False
297.9461 	EXP 	image_3: image = u'Img/MRT1.jpg'
297.9461 	EXP 	test_start_txt: autoDraw = True
299.8822 	EXP 	test_start_txt: autoDraw = False
299.8988 	EXP 	image_3: autoDraw = True
302.4389 	DATA 	Keypress: left
302.4404 	EXP 	Created sequence: sequential, trialTypes=1, nReps=0, seed=None
302.4408 	EXP 	New trial (rep=0, index=17): {u'xPos': None, u'probNum': 2, u'Img': u'Img/MRT2.jpg', u'CorrKey': u'right', u'TestType': u'MRT', u'yPos': None, u'Etc': None, u'CorrAns': u'different', u'Type': u'Test'}
302.4415 	EXP 	Created sequence: sequential, trialTypes=1, nReps=0, seed=None
302.4418 	EXP 	Created sequence: sequential, trialTypes=1, nReps=0, seed=None
302.4421 	EXP 	Created sequence: sequential, trialTypes=1, nReps=0, seed=None
302.4425 	EXP 	Created sequence: sequential, trialTypes=1, nReps=1, seed=None
302.4428 	EXP 	New trial (rep=0, index=0): None
302.5051 	EXP 	test_start_txt: autoDraw = False
302.5051 	EXP 	image_3: autoDraw = False
302.5051 	EXP 	Timer: autoDraw = False
302.5051 	EXP 	image_3: image = u'Img/MRT2.jpg'
302.5051 	EXP 	test_start_txt: autoDraw = True
304.4621 	EXP 	test_start_txt: autoDraw = False
304.4621 	EXP 	image_3: autoDraw = True
306.0297 	DATA 	Keypress: right
306.0312 	EXP 	Created sequence: sequential, trialTypes=1, nReps=0, seed=None
306.0318 	EXP 	New trial (rep=0, index=18): {u'xPos': None, u'probNum': 3, u'Img': u'Img/MRT3.jpg', u'CorrKey': u'left', u'TestType': u'MRT', u'yPos': None, u'Etc': None, u'CorrAns': u'same', u'Type': u'Test'}
306.0328 	EXP 	Created sequence: sequential, trialTypes=1, nReps=0, seed=None
306.0333 	EXP 	Created sequence: sequential, trialTypes=1, nReps=0, seed=None
306.0337 	EXP 	Created sequence: sequential, trialTypes=1, nReps=0, seed=None
306.0342 	EXP 	Created sequence: sequential, trialTypes=1, nReps=1, seed=None
306.0347 	EXP 	New trial (rep=0, index=0): None
306.0959 	EXP 	test_start_txt: autoDraw = False
306.0959 	EXP 	image_3: autoDraw = False
306.0959 	EXP 	Timer: autoDraw = False
306.0959 	EXP 	image_3: image = u'Img/MRT3.jpg'
306.0959 	EXP 	test_start_txt: autoDraw = True
308.0468 	EXP 	test_start_txt: autoDraw = False
308.0643 	EXP 	image_3: autoDraw = True
313.6142 	DATA 	Keypress: right
313.6162 	EXP 	Created sequence: sequential, trialTypes=1, nReps=0, seed=None
313.6169 	EXP 	New trial (rep=0, index=19): {u'xPos': None, u'probNum': 4, u'Img': u'Img/MRT4.jpg', u'CorrKey': u'left', u'TestType': u'MRT', u'yPos': None, u'Etc': None, u'CorrAns': u'same', u'Type': u'Test'}
313.6177 	EXP 	Created sequence: sequential, trialTypes=1, nReps=0, seed=None
313.6180 	EXP 	Created sequence: sequential, trialTypes=1, nReps=0, seed=None
313.6183 	EXP 	Created sequence: sequential, trialTypes=1, nReps=0, seed=None
313.6186 	EXP 	Created sequence: sequential, trialTypes=1, nReps=1, seed=None
313.6189 	EXP 	New trial (rep=0, index=0): None
313.6970 	EXP 	test_start_txt: autoDraw = False
313.6970 	EXP 	image_3: autoDraw = False
313.6970 	EXP 	Timer: autoDraw = False
313.6970 	EXP 	image_3: image = u'Img/MRT4.jpg'
313.6970 	EXP 	test_start_txt: autoDraw = True
315.6315 	EXP 	test_start_txt: autoDraw = False
315.6481 	EXP 	image_3: autoDraw = True
317.8261 	DATA 	Keypress: left
317.8280 	EXP 	Created sequence: sequential, trialTypes=1, nReps=0, seed=None
317.8286 	EXP 	New trial (rep=0, index=20): {u'xPos': None, u'probNum': 5, u'Img': u'Img/MRT5.jpg', u'CorrKey': u'right', u'TestType': u'MRT', u'yPos': None, u'Etc': None, u'CorrAns': u'different', u'Type': u'Test'}
317.8297 	EXP 	Created sequence: sequential, trialTypes=1, nReps=0, seed=None
317.8302 	EXP 	Created sequence: sequential, trialTypes=1, nReps=0, seed=None
317.8307 	EXP 	Created sequence: sequential, trialTypes=1, nReps=0, seed=None
317.8312 	EXP 	Created sequence: sequential, trialTypes=1, nReps=1, seed=None
317.8317 	EXP 	New trial (rep=0, index=0): None
317.9088 	EXP 	test_start_txt: autoDraw = False
317.9088 	EXP 	image_3: autoDraw = False
317.9088 	EXP 	Timer: autoDraw = False
317.9088 	EXP 	image_3: image = u'Img/MRT5.jpg'
317.9088 	EXP 	test_start_txt: autoDraw = True
319.8464 	EXP 	test_start_txt: autoDraw = False
319.8634 	EXP 	image_3: autoDraw = True
322.5657 	DATA 	Keypress: right
322.5677 	EXP 	Created sequence: sequential, trialTypes=1, nReps=0, seed=None
322.5683 	EXP 	New trial (rep=0, index=21): {u'xPos': None, u'probNum': 6, u'Img': u'Img/MRT6.jpg', u'CorrKey': u'right', u'TestType': u'MRT', u'yPos': None, u'Etc': None, u'CorrAns': u'different', u'Type': u'Test'}
322.5694 	EXP 	Created sequence: sequential, trialTypes=1, nReps=0, seed=None
322.5699 	EXP 	Created sequence: sequential, trialTypes=1, nReps=0, seed=None
322.5703 	EXP 	Created sequence: sequential, trialTypes=1, nReps=0, seed=None
322.5708 	EXP 	Created sequence: sequential, trialTypes=1, nReps=1, seed=None
322.5713 	EXP 	New trial (rep=0, index=0): None
322.6486 	EXP 	test_start_txt: autoDraw = False
322.6486 	EXP 	image_3: autoDraw = False
322.6486 	EXP 	Timer: autoDraw = False
322.6486 	EXP 	image_3: image = u'Img/MRT6.jpg'
322.6486 	EXP 	test_start_txt: autoDraw = True
324.5850 	EXP 	test_start_txt: autoDraw = False
324.6020 	EXP 	image_3: autoDraw = True
329.6271 	DATA 	Keypress: right
329.6287 	EXP 	Created sequence: sequential, trialTypes=1, nReps=0, seed=None
329.6290 	EXP 	New trial (rep=0, index=22): {u'xPos': None, u'probNum': 7, u'Img': u'Img/MRT7.jpg', u'CorrKey': u'right', u'TestType': u'MRT', u'yPos': None, u'Etc': None, u'CorrAns': u'different', u'Type': u'Test'}
329.6298 	EXP 	Created sequence: sequential, trialTypes=1, nReps=0, seed=None
329.6303 	EXP 	Created sequence: sequential, trialTypes=1, nReps=0, seed=None
329.6309 	EXP 	Created sequence: sequential, trialTypes=1, nReps=0, seed=None
329.6315 	EXP 	Created sequence: sequential, trialTypes=1, nReps=1, seed=None
329.6321 	EXP 	New trial (rep=0, index=0): None
329.6927 	EXP 	test_start_txt: autoDraw = False
329.6927 	EXP 	image_3: autoDraw = False
329.6927 	EXP 	Timer: autoDraw = False
329.6927 	EXP 	image_3: image = u'Img/MRT7.jpg'
329.6927 	EXP 	test_start_txt: autoDraw = True
331.6480 	EXP 	test_start_txt: autoDraw = False
331.6650 	EXP 	image_3: autoDraw = True
335.3669 	DATA 	Keypress: right
335.3689 	EXP 	Created sequence: sequential, trialTypes=1, nReps=0, seed=None
335.3695 	EXP 	New trial (rep=0, index=23): {u'xPos': None, u'probNum': 8, u'Img': u'Img/MRT8.jpg', u'CorrKey': u'left', u'TestType': u'MRT', u'yPos': None, u'Etc': None, u'CorrAns': u'same', u'Type': u'Test'}
335.3706 	EXP 	Created sequence: sequential, trialTypes=1, nReps=0, seed=None
335.3711 	EXP 	Created sequence: sequential, trialTypes=1, nReps=0, seed=None
335.3716 	EXP 	Created sequence: sequential, trialTypes=1, nReps=0, seed=None
335.3720 	EXP 	Created sequence: sequential, trialTypes=1, nReps=1, seed=None
335.3727 	EXP 	New trial (rep=0, index=0): None
335.4330 	EXP 	test_start_txt: autoDraw = False
335.4330 	EXP 	image_3: autoDraw = False
335.4330 	EXP 	Timer: autoDraw = False
335.4330 	EXP 	image_3: image = u'Img/MRT8.jpg'
335.4330 	EXP 	test_start_txt: autoDraw = True
337.3834 	EXP 	test_start_txt: autoDraw = False
337.4001 	EXP 	image_3: autoDraw = True
340.0935 	DATA 	Keypress: left
340.0950 	EXP 	Created sequence: sequential, trialTypes=1, nReps=0, seed=None
340.0953 	EXP 	New trial (rep=0, index=24): {u'xPos': None, u'probNum': 9, u'Img': u'Img/MRT9.jpg', u'CorrKey': u'left', u'TestType': u'MRT', u'yPos': None, u'Etc': None, u'CorrAns': u'same', u'Type': u'Test'}
340.0961 	EXP 	Created sequence: sequential, trialTypes=1, nReps=0, seed=None
340.0966 	EXP 	Created sequence: sequential, trialTypes=1, nReps=0, seed=None
340.0971 	EXP 	Created sequence: sequential, trialTypes=1, nReps=0, seed=None
340.0975 	EXP 	Created sequence: sequential, trialTypes=1, nReps=1, seed=None
340.0980 	EXP 	New trial (rep=0, index=0): None
340.1763 	EXP 	test_start_txt: autoDraw = False
340.1763 	EXP 	image_3: autoDraw = False
340.1763 	EXP 	Timer: autoDraw = False
340.1763 	EXP 	image_3: image = u'Img/MRT9.jpg'
340.1763 	EXP 	test_start_txt: autoDraw = True
342.1098 	EXP 	test_start_txt: autoDraw = False
342.1265 	EXP 	image_3: autoDraw = True
346.0191 	DATA 	Keypress: left
346.0209 	EXP 	Created sequence: sequential, trialTypes=1, nReps=0, seed=None
346.0215 	EXP 	New trial (rep=0, index=25): {u'xPos': None, u'probNum': 10, u'Img': u'Img/MRT10.jpg', u'CorrKey': u'left', u'TestType': u'MRT', u'yPos': None, u'Etc': None, u'CorrAns': u'same', u'Type': u'Test'}
346.0222 	EXP 	Created sequence: sequential, trialTypes=1, nReps=0, seed=None
346.0226 	EXP 	Created sequence: sequential, trialTypes=1, nReps=0, seed=None
346.0229 	EXP 	Created sequence: sequential, trialTypes=1, nReps=0, seed=None
346.0233 	EXP 	Created sequence: sequential, trialTypes=1, nReps=1, seed=None
346.0237 	EXP 	New trial (rep=0, index=0): None
346.0851 	EXP 	test_start_txt: autoDraw = False
346.0851 	EXP 	image_3: autoDraw = False
346.0851 	EXP 	Timer: autoDraw = False
346.0851 	EXP 	image_3: image = u'Img/MRT10.jpg'
346.0851 	EXP 	test_start_txt: autoDraw = True
348.0371 	EXP 	test_start_txt: autoDraw = False
348.0533 	EXP 	image_3: autoDraw = True
350.9007 	DATA 	Keypress: left
350.9027 	EXP 	Created sequence: sequential, trialTypes=1, nReps=0, seed=None
350.9033 	EXP 	New trial (rep=0, index=26): {u'xPos': None, u'probNum': 11, u'Img': u'Img/MRT11.jpg', u'CorrKey': u'right', u'TestType': u'MRT', u'yPos': None, u'Etc': None, u'CorrAns': u'different', u'Type': u'Test'}
350.9044 	EXP 	Created sequence: sequential, trialTypes=1, nReps=0, seed=None
350.9049 	EXP 	Created sequence: sequential, trialTypes=1, nReps=0, seed=None
350.9053 	EXP 	Created sequence: sequential, trialTypes=1, nReps=0, seed=None
350.9058 	EXP 	Created sequence: sequential, trialTypes=1, nReps=1, seed=None
350.9065 	EXP 	New trial (rep=0, index=0): None
350.9841 	EXP 	test_start_txt: autoDraw = False
350.9841 	EXP 	image_3: autoDraw = False
350.9841 	EXP 	Timer: autoDraw = False
350.9841 	EXP 	image_3: image = u'Img/MRT11.jpg'
350.9841 	EXP 	test_start_txt: autoDraw = True
352.9192 	EXP 	test_start_txt: autoDraw = False
352.9359 	EXP 	image_3: autoDraw = True
360.1777 	DATA 	Keypress: left
360.1958 	EXP 	Created sequence: sequential, trialTypes=1, nReps=0, seed=None
360.1964 	EXP 	New trial (rep=0, index=27): {u'xPos': None, u'probNum': 12, u'Img': u'Img/MRT12.jpg', u'CorrKey': u'right', u'TestType': u'MRT', u'yPos': None, u'Etc': None, u'CorrAns': u'different', u'Type': u'Test'}
360.1976 	EXP 	Created sequence: sequential, trialTypes=1, nReps=0, seed=None
360.1981 	EXP 	Created sequence: sequential, trialTypes=1, nReps=0, seed=None
360.1987 	EXP 	Created sequence: sequential, trialTypes=1, nReps=0, seed=None
360.1992 	EXP 	Created sequence: sequential, trialTypes=1, nReps=1, seed=None
360.1997 	EXP 	New trial (rep=0, index=0): None
360.2609 	EXP 	test_start_txt: autoDraw = False
360.2609 	EXP 	image_3: autoDraw = False
360.2609 	EXP 	Timer: autoDraw = False
360.2609 	EXP 	image_3: image = u'Img/MRT12.jpg'
360.2609 	EXP 	test_start_txt: autoDraw = True
362.2089 	EXP 	test_start_txt: autoDraw = False
362.2256 	EXP 	image_3: autoDraw = True
364.8022 	DATA 	Keypress: right
364.8042 	EXP 	Created sequence: sequential, trialTypes=1, nReps=0, seed=None
364.8048 	EXP 	New trial (rep=0, index=28): {u'xPos': None, u'probNum': 13, u'Img': u'Img/MRT13.jpg', u'CorrKey': u'left', u'TestType': u'MRT', u'yPos': None, u'Etc': None, u'CorrAns': u'same', u'Type': u'Test'}
364.8059 	EXP 	Created sequence: sequential, trialTypes=1, nReps=0, seed=None
364.8064 	EXP 	Created sequence: sequential, trialTypes=1, nReps=0, seed=None
364.8069 	EXP 	Created sequence: sequential, trialTypes=1, nReps=0, seed=None
364.8074 	EXP 	Created sequence: sequential, trialTypes=1, nReps=1, seed=None
364.8079 	EXP 	New trial (rep=0, index=0): None
364.8682 	EXP 	test_start_txt: autoDraw = False
364.8682 	EXP 	image_3: autoDraw = False
364.8682 	EXP 	Timer: autoDraw = False
364.8682 	EXP 	image_3: image = u'Img/MRT13.jpg'
364.8682 	EXP 	test_start_txt: autoDraw = True
366.8218 	EXP 	test_start_txt: autoDraw = False
366.8385 	EXP 	image_3: autoDraw = True
369.0969 	DATA 	Keypress: left
369.0982 	EXP 	Created sequence: sequential, trialTypes=1, nReps=0, seed=None
369.0986 	EXP 	New trial (rep=0, index=29): {u'xPos': None, u'probNum': 14, u'Img': u'Img/MRT14.jpg', u'CorrKey': u'right', u'TestType': u'MRT', u'yPos': None, u'Etc': None, u'CorrAns': u'different', u'Type': u'Test'}
369.0993 	EXP 	Created sequence: sequential, trialTypes=1, nReps=0, seed=None
369.0996 	EXP 	Created sequence: sequential, trialTypes=1, nReps=0, seed=None
369.0999 	EXP 	Created sequence: sequential, trialTypes=1, nReps=0, seed=None
369.1003 	EXP 	Created sequence: sequential, trialTypes=1, nReps=1, seed=None
369.1008 	EXP 	New trial (rep=0, index=0): None
369.1624 	EXP 	test_start_txt: autoDraw = False
369.1624 	EXP 	image_3: autoDraw = False
369.1624 	EXP 	Timer: autoDraw = False
369.1624 	EXP 	image_3: image = u'Img/MRT14.jpg'
369.1624 	EXP 	test_start_txt: autoDraw = True
371.1203 	EXP 	test_start_txt: autoDraw = False
371.1203 	EXP 	image_3: autoDraw = True
376.1723 	DATA 	Keypress: right
376.1746 	EXP 	Created sequence: sequential, trialTypes=1, nReps=0, seed=None
376.1751 	EXP 	New trial (rep=0, index=30): {u'xPos': None, u'probNum': 15, u'Img': u'Img/MRT15.jpg', u'CorrKey': u'left', u'TestType': u'MRT', u'yPos': None, u'Etc': None, u'CorrAns': u'same', u'Type': u'Test'}
376.1762 	EXP 	Created sequence: sequential, trialTypes=1, nReps=0, seed=None
376.1767 	EXP 	Created sequence: sequential, trialTypes=1, nReps=0, seed=None
376.1772 	EXP 	Created sequence: sequential, trialTypes=1, nReps=0, seed=None
376.1777 	EXP 	Created sequence: sequential, trialTypes=1, nReps=1, seed=None
376.1782 	EXP 	New trial (rep=0, index=0): None
376.2551 	EXP 	test_start_txt: autoDraw = False
376.2551 	EXP 	image_3: autoDraw = False
376.2551 	EXP 	Timer: autoDraw = False
376.2551 	EXP 	image_3: image = u'Img/MRT15.jpg'
376.2551 	EXP 	test_start_txt: autoDraw = True
378.1906 	EXP 	test_start_txt: autoDraw = False
378.2066 	EXP 	image_3: autoDraw = True
380.8701 	DATA 	Keypress: left
380.8721 	EXP 	Created sequence: sequential, trialTypes=1, nReps=0, seed=None
380.8727 	EXP 	New trial (rep=0, index=31): {u'xPos': None, u'probNum': 16, u'Img': u'Img/MRT16.jpg', u'CorrKey': u'right', u'TestType': u'MRT', u'yPos': None, u'Etc': None, u'CorrAns': u'different', u'Type': u'Test'}
380.8739 	EXP 	Created sequence: sequential, trialTypes=1, nReps=0, seed=None
380.8744 	EXP 	Created sequence: sequential, trialTypes=1, nReps=0, seed=None
380.8749 	EXP 	Created sequence: sequential, trialTypes=1, nReps=0, seed=None
380.8754 	EXP 	Created sequence: sequential, trialTypes=1, nReps=1, seed=None
380.8760 	EXP 	New trial (rep=0, index=0): None
380.9365 	EXP 	test_start_txt: autoDraw = False
380.9365 	EXP 	image_3: autoDraw = False
380.9365 	EXP 	Timer: autoDraw = False
380.9365 	EXP 	image_3: image = u'Img/MRT16.jpg'
380.9365 	EXP 	test_start_txt: autoDraw = True
382.8941 	EXP 	test_start_txt: autoDraw = False
382.8941 	EXP 	image_3: autoDraw = True
386.3579 	DATA 	Keypress: right
386.3600 	EXP 	Created sequence: sequential, trialTypes=1, nReps=0, seed=None
386.3607 	EXP 	New trial (rep=0, index=32): {u'xPos': None, u'probNum': 17, u'Img': u'Img/MRT17.jpg', u'CorrKey': u'left', u'TestType': u'MRT', u'yPos': None, u'Etc': None, u'CorrAns': u'same', u'Type': u'Test'}
386.3619 	EXP 	Created sequence: sequential, trialTypes=1, nReps=0, seed=None
386.3624 	EXP 	Created sequence: sequential, trialTypes=1, nReps=0, seed=None
386.3629 	EXP 	Created sequence: sequential, trialTypes=1, nReps=0, seed=None
386.3634 	EXP 	Created sequence: sequential, trialTypes=1, nReps=1, seed=None
386.3639 	EXP 	New trial (rep=0, index=0): None
386.4409 	EXP 	test_start_txt: autoDraw = False
386.4409 	EXP 	image_3: autoDraw = False
386.4409 	EXP 	Timer: autoDraw = False
386.4409 	EXP 	image_3: image = u'Img/MRT17.jpg'
386.4409 	EXP 	test_start_txt: autoDraw = True
388.3739 	EXP 	test_start_txt: autoDraw = False
388.3942 	EXP 	image_3: autoDraw = True
391.0210 	DATA 	Keypress: left
391.0224 	EXP 	Created sequence: sequential, trialTypes=1, nReps=0, seed=None
391.0228 	EXP 	New trial (rep=0, index=33): {u'xPos': None, u'probNum': 18, u'Img': u'Img/MRT18.jpg', u'CorrKey': u'left', u'TestType': u'MRT', u'yPos': None, u'Etc': None, u'CorrAns': u'same', u'Type': u'Test'}
391.0235 	EXP 	Created sequence: sequential, trialTypes=1, nReps=0, seed=None
391.0238 	EXP 	Created sequence: sequential, trialTypes=1, nReps=0, seed=None
391.0241 	EXP 	Created sequence: sequential, trialTypes=1, nReps=0, seed=None
391.0244 	EXP 	Created sequence: sequential, trialTypes=1, nReps=1, seed=None
391.0248 	EXP 	New trial (rep=0, index=0): None
391.0865 	EXP 	test_start_txt: autoDraw = False
391.0865 	EXP 	image_3: autoDraw = False
391.0865 	EXP 	Timer: autoDraw = False
391.0865 	EXP 	image_3: image = u'Img/MRT18.jpg'
391.0865 	EXP 	test_start_txt: autoDraw = True
393.0323 	EXP 	test_start_txt: autoDraw = False
393.0489 	EXP 	image_3: autoDraw = True
396.7720 	DATA 	Keypress: left
396.7733 	EXP 	Created sequence: sequential, trialTypes=1, nReps=0, seed=None
396.7737 	EXP 	New trial (rep=0, index=34): {u'xPos': None, u'probNum': 19, u'Img': u'Img/MRT19.jpg', u'CorrKey': u'right', u'TestType': u'MRT', u'yPos': None, u'Etc': None, u'CorrAns': u'different', u'Type': u'Test'}
396.7744 	EXP 	Created sequence: sequential, trialTypes=1, nReps=0, seed=None
396.7747 	EXP 	Created sequence: sequential, trialTypes=1, nReps=0, seed=None
396.7750 	EXP 	Created sequence: sequential, trialTypes=1, nReps=0, seed=None
396.7753 	EXP 	Created sequence: sequential, trialTypes=1, nReps=1, seed=None
396.7756 	EXP 	New trial (rep=0, index=0): None
396.8363 	EXP 	test_start_txt: autoDraw = False
396.8363 	EXP 	image_3: autoDraw = False
396.8363 	EXP 	Timer: autoDraw = False
396.8363 	EXP 	image_3: image = u'Img/MRT19.jpg'
396.8363 	EXP 	test_start_txt: autoDraw = True
398.7865 	EXP 	test_start_txt: autoDraw = False
398.8036 	EXP 	image_3: autoDraw = True
401.6574 	DATA 	Keypress: right
401.6591 	EXP 	Created sequence: sequential, trialTypes=1, nReps=0, seed=None
401.6594 	EXP 	New trial (rep=0, index=35): {u'xPos': None, u'probNum': 20, u'Img': u'Img/MRT20.jpg', u'CorrKey': u'right', u'TestType': u'MRT', u'yPos': None, u'Etc': None, u'CorrAns': u'different', u'Type': u'Test'}
401.6601 	EXP 	Created sequence: sequential, trialTypes=1, nReps=0, seed=None
401.6604 	EXP 	Created sequence: sequential, trialTypes=1, nReps=0, seed=None
401.6607 	EXP 	Created sequence: sequential, trialTypes=1, nReps=0, seed=None
401.6612 	EXP 	Created sequence: sequential, trialTypes=1, nReps=1, seed=None
401.6617 	EXP 	New trial (rep=0, index=0): None
401.7240 	EXP 	test_start_txt: autoDraw = False
401.7240 	EXP 	image_3: autoDraw = False
401.7240 	EXP 	Timer: autoDraw = False
401.7240 	EXP 	image_3: image = u'Img/MRT20.jpg'
401.7240 	EXP 	test_start_txt: autoDraw = True
403.6801 	EXP 	test_start_txt: autoDraw = False
403.6801 	EXP 	image_3: autoDraw = True
406.4632 	DATA 	Keypress: right
406.4647 	EXP 	Created sequence: sequential, trialTypes=1, nReps=0, seed=None
406.4654 	EXP 	New trial (rep=0, index=36): {u'xPos': None, u'probNum': None, u'Img': u'Img/62.jpg', u'CorrKey': u'space', u'TestType': None, u'yPos': None, u'Etc': None, u'CorrAns': u'space', u'Type': u'Inst'}
406.4667 	EXP 	Created sequence: sequential, trialTypes=1, nReps=0, seed=None
406.4670 	EXP 	Created sequence: sequential, trialTypes=1, nReps=0, seed=None
406.4674 	EXP 	Created sequence: sequential, trialTypes=1, nReps=1, seed=None
406.4679 	EXP 	New trial (rep=0, index=0): None
406.5612 	EXP 	test_start_txt: autoDraw = False
406.5612 	EXP 	image_3: autoDraw = False
406.5612 	EXP 	Timer: autoDraw = False
406.5612 	EXP 	image_2: image = u'Img/62.jpg'
406.5612 	EXP 	image_2: autoDraw = True
413.1584 	DATA 	Keypress: space
413.1592 	EXP 	Created sequence: sequential, trialTypes=1, nReps=0, seed=None
413.1597 	EXP 	Created sequence: sequential, trialTypes=1, nReps=0, seed=None
413.1604 	EXP 	New trial (rep=0, index=37): {u'xPos': -1200, u'probNum': None, u'Img': None, u'CorrKey': None, u'TestType': u'CloseSession', u'yPos': 60, u'Etc': None, u'CorrAns': None, u'Type': u'Mouse'}
413.1617 	EXP 	Created sequence: sequential, trialTypes=1, nReps=0, seed=None
413.1622 	EXP 	Created sequence: sequential, trialTypes=1, nReps=0, seed=None
413.1627 	EXP 	Created sequence: sequential, trialTypes=1, nReps=0, seed=None
413.1632 	EXP 	Created sequence: sequential, trialTypes=1, nReps=0, seed=None
413.1636 	EXP 	Created sequence: sequential, trialTypes=1, nReps=1, seed=None
413.1642 	EXP 	New trial (rep=0, index=0): None
413.4271 	EXP 	window1: mouseVisible = True
