14.8271 	EXP 	Created window1 = Window(allowGUI=False, allowStencil=False, autoLog=True, bitsMode=UNKNOWN, blendMode='avg', color=array([ 0.,  0.,  0.]), colorSpace='rgb', fullscr=UNKNOWN, gamma=None, lms=UNKNOWN, monitor=<psychopy.monitors.calibTools.Monitor instance at 0x055C0670>, name='window1', pos=[0, 0], screen=0, size=array([1366,  768]), stereo=False, units=u'norm', useFBO=True, viewOri=0.0, viewPos=None, viewScale=None, waitBlanking=True, winType='pyglet')
14.8272 	EXP 	window1: recordFrameIntervals = False
15.0169 	EXP 	window1: recordFrameIntervals = True
15.1981 	WARNING 	t of last frame was 27.52ms (=1/36)
15.3269 	WARNING 	t of last frame was 26.89ms (=1/37)
15.3873 	WARNING 	t of last frame was 26.44ms (=1/37)
15.4079 	WARNING 	t of last frame was 20.59ms (=1/48)
15.5776 	EXP 	window1: recordFrameIntervals = False
15.5880 	EXP 	Created image_4 = ImageStim(autoLog=True, color=array([ 1.,  1.,  1.]), colorSpace='rgb', contrast=1.0, depth=0.0, flipHoriz=False, flipVert=False, image='sin', interpolate=True, mask=None, maskParams=None, name='image_4', opacity=1.0, ori=0.0, pos=array([ 0.,  0.]), size=array([ 1.5,  1.5]), texRes=128, units=u'norm', win=Window(...))
15.7726 	EXP 	Created text_2 = TextStim(alignHoriz='center', alignVert='center', antialias=True, autoLog=True, bold=False, color='white', colorSpace='named', contrast=1.0, depth=-2.0, flipHoriz=False, flipVert=False, font='Arial', fontFiles=[], height=0.1, italic=False, name='text_2', opacity=1.0, ori=0, pos=array([ 0.  ,  0.85]), rgb=array([ 255.,  255.,  255.]), text=u'default text', units=u'norm', win=Window(...), wrapWidth=1)
15.8011 	EXP 	Created dummy_start = TextStim(alignHoriz='center', alignVert='center', antialias=True, autoLog=True, bold=False, color='white', colorSpace='named', contrast=1.0, depth=0.0, flipHoriz=False, flipVert=False, font='Arial', fontFiles=[], height=0.5, italic=False, name='dummy_start', opacity=1.0, ori=0, pos=array([ 0.,  0.]), rgb=array([ 255.,  255.,  255.]), text=u'+', units=u'norm', win=Window(...), wrapWidth=1)
15.8063 	EXP 	Created image = ImageStim(autoLog=True, color=array([ 1.,  1.,  1.]), colorSpace='rgb', contrast=1.0, depth=-1.0, flipHoriz=False, flipVert=False, image='sin', interpolate=True, mask=None, maskParams=None, name='image', opacity=1.0, ori=0.0, pos=array([ 0.,  0.]), size=array([ 1.6,  1.6]), texRes=128, units=u'norm', win=Window(...))
15.8236 	EXP 	Created message = TextStim(alignHoriz='center', alignVert='center', antialias=True, autoLog=True, bold=False, color='white', colorSpace='named', contrast=1.0, depth=-1.0, flipHoriz=False, flipVert=False, font='Arial', fontFiles=[], height=0.1, italic=False, name='message', opacity=1.0, ori=0, pos=array([ 0.,  0.]), rgb=array([ 255.,  255.,  255.]), text=u'default text', units=u'norm', win=Window(...), wrapWidth=1)
15.8321 	EXP 	Created image_2 = ImageStim(autoLog=True, color=array([ 1.,  1.,  1.]), colorSpace='rgb', contrast=1.0, depth=0.0, flipHoriz=False, flipVert=False, image='sin', interpolate=True, mask=None, maskParams=None, name='image_2', opacity=1.0, ori=0.0, pos=array([ 0.,  0.]), size=array([ 1.5,  1.5]), texRes=128, units=u'norm', win=Window(...))
15.8409 	EXP 	Created test_start_txt = TextStim(alignHoriz='center', alignVert='center', antialias=True, autoLog=True, bold=False, color='white', colorSpace='named', contrast=1.0, depth=0.0, flipHoriz=False, flipVert=False, font='Arial', fontFiles=[], height=0.5, italic=False, name='test_start_txt', opacity=1.0, ori=0, pos=array([ 0.,  0.]), rgb=array([ 255.,  255.,  255.]), text=u'+', units=u'norm', win=Window(...), wrapWidth=1)
15.8462 	EXP 	Created image_3 = ImageStim(autoLog=True, color=array([ 1.,  1.,  1.]), colorSpace='rgb', contrast=1.0, depth=-1.0, flipHoriz=False, flipVert=False, image='sin', interpolate=True, mask=None, maskParams=None, name='image_3', opacity=1.0, ori=0.0, pos=array([ 0.,  0.]), size=array([ 1.5,  1.5]), texRes=128, units=u'norm', win=Window(...))
15.8580 	EXP 	Created Timer = TextStim(alignHoriz='center', alignVert='center', antialias=True, autoLog=True, bold=False, color='white', colorSpace='named', contrast=1.0, depth=-3.0, flipHoriz=False, flipVert=False, font='Arial', fontFiles=[], height=0.1, italic=False, name='Timer', opacity=1.0, ori=0, pos=array([ 0.  ,  0.85]), rgb=array([ 255.,  255.,  255.]), text=u'default text', units=u'norm', win=Window(...), wrapWidth=1)
15.8598 	EXP 	Created text = TextStim(alignHoriz='center', alignVert='center', antialias=True, autoLog=True, bold=False, color='white', colorSpace='named', contrast=1.0, depth=-1.0, flipHoriz=False, flipVert=False, font='Arial', fontFiles=[], height=0.1, italic=False, name='text', opacity=1.0, ori=0, pos=array([ 0.,  0.]), rgb=array([ 255.,  255.,  255.]), text='', units=u'norm', win=Window(...), wrapWidth=1)
17.1569 	EXP 	Imported Settings_ConCube.xlsx as conditions, 36 conditions, 8 params
17.1578 	EXP 	Created sequence: sequential, trialTypes=36, nReps=1, seed=None
17.1589 	EXP 	New trial (rep=0, index=0): {u'xPos': None, u'probNum': None, u'Img': u'Img/30.jpg', u'CorrKey': u'space', u'TestType': None, u'yPos': None, u'CorrAns': u'space', u'Type': u'Inst'}
17.1613 	EXP 	Created sequence: sequential, trialTypes=1, nReps=0, seed=None
17.1619 	EXP 	Created sequence: sequential, trialTypes=1, nReps=0, seed=None
17.1625 	EXP 	Created sequence: sequential, trialTypes=1, nReps=1, seed=None
17.1630 	EXP 	New trial (rep=0, index=0): None
17.2948 	EXP 	image_2: image = u'Img/30.jpg'
17.2948 	EXP 	image_2: autoDraw = True
18.9921 	DATA 	Keypress: space
18.9933 	EXP 	Created sequence: sequential, trialTypes=1, nReps=0, seed=None
18.9941 	EXP 	Created sequence: sequential, trialTypes=1, nReps=0, seed=None
18.9955 	EXP 	New trial (rep=0, index=1): {u'xPos': None, u'probNum': None, u'Img': u'Img/31.jpg', u'CorrKey': u'space', u'TestType': None, u'yPos': None, u'CorrAns': u'space', u'Type': u'Inst'}
18.9975 	EXP 	Created sequence: sequential, trialTypes=1, nReps=0, seed=None
18.9983 	EXP 	Created sequence: sequential, trialTypes=1, nReps=0, seed=None
18.9990 	EXP 	Created sequence: sequential, trialTypes=1, nReps=1, seed=None
18.9998 	EXP 	New trial (rep=0, index=0): None
19.0923 	EXP 	image_2: autoDraw = False
19.0923 	EXP 	image_2: image = u'Img/31.jpg'
19.0923 	EXP 	image_2: autoDraw = True
21.6288 	DATA 	Keypress: space
21.6297 	EXP 	Created sequence: sequential, trialTypes=1, nReps=0, seed=None
21.6302 	EXP 	Created sequence: sequential, trialTypes=1, nReps=0, seed=None
21.6308 	EXP 	New trial (rep=0, index=2): {u'xPos': None, u'probNum': None, u'Img': u'Img/32.jpg', u'CorrKey': u'space', u'TestType': None, u'yPos': None, u'CorrAns': u'space', u'Type': u'Inst'}
21.6317 	EXP 	Created sequence: sequential, trialTypes=1, nReps=0, seed=None
21.6322 	EXP 	Created sequence: sequential, trialTypes=1, nReps=0, seed=None
21.6326 	EXP 	Created sequence: sequential, trialTypes=1, nReps=1, seed=None
21.6330 	EXP 	New trial (rep=0, index=0): None
21.7314 	EXP 	image_2: autoDraw = False
21.7314 	EXP 	image_2: image = u'Img/32.jpg'
21.7314 	EXP 	image_2: autoDraw = True
26.1355 	DATA 	Keypress: space
26.1363 	EXP 	Created sequence: sequential, trialTypes=1, nReps=0, seed=None
26.1368 	EXP 	Created sequence: sequential, trialTypes=1, nReps=0, seed=None
26.1374 	EXP 	New trial (rep=0, index=3): {u'xPos': None, u'probNum': None, u'Img': u'Img/33.jpg', u'CorrKey': u'space', u'TestType': None, u'yPos': None, u'CorrAns': u'space', u'Type': u'Inst'}
26.1384 	EXP 	Created sequence: sequential, trialTypes=1, nReps=0, seed=None
26.1388 	EXP 	Created sequence: sequential, trialTypes=1, nReps=0, seed=None
26.1392 	EXP 	Created sequence: sequential, trialTypes=1, nReps=1, seed=None
26.1397 	EXP 	New trial (rep=0, index=0): None
26.2359 	EXP 	image_2: autoDraw = False
26.2359 	EXP 	image_2: image = u'Img/33.jpg'
26.2359 	EXP 	image_2: autoDraw = True
27.0793 	DATA 	Keypress: space
27.0801 	EXP 	Created sequence: sequential, trialTypes=1, nReps=0, seed=None
27.0806 	EXP 	Created sequence: sequential, trialTypes=1, nReps=0, seed=None
27.0812 	EXP 	New trial (rep=0, index=4): {u'xPos': None, u'probNum': None, u'Img': u'Img/34.jpg', u'CorrKey': u'left', u'TestType': None, u'yPos': None, u'CorrAns': u'left', u'Type': u'Dumm'}
27.0821 	EXP 	Created sequence: sequential, trialTypes=1, nReps=0, seed=None
27.0826 	EXP 	Created sequence: sequential, trialTypes=1, nReps=1, seed=None
27.0830 	EXP 	New trial (rep=0, index=0): None
27.1978 	EXP 	image_2: autoDraw = False
27.1978 	EXP 	image: image = u'Img/34.jpg'
27.1978 	EXP 	dummy_start: autoDraw = True
29.0970 	EXP 	dummy_start: autoDraw = False
29.1103 	EXP 	image: autoDraw = True
33.0480 	DATA 	Keypress: right
33.1077 	EXP 	dummy_start: autoDraw = False
33.1077 	EXP 	image: autoDraw = False
33.1077 	EXP 	message: text = 'Wrong \n \n Response time = 3.938'
33.1077 	EXP 	message: autoDraw = True
36.0401 	EXP 	Created sequence: sequential, trialTypes=1, nReps=0, seed=None
36.0410 	EXP 	Created sequence: sequential, trialTypes=1, nReps=0, seed=None
36.0420 	EXP 	Created sequence: sequential, trialTypes=1, nReps=0, seed=None
36.0437 	EXP 	New trial (rep=0, index=5): {u'xPos': None, u'probNum': None, u'Img': u'Img/35.jpg', u'CorrKey': u'right', u'TestType': None, u'yPos': None, u'CorrAns': u'right', u'Type': u'Dumm'}
36.0453 	EXP 	Created sequence: sequential, trialTypes=1, nReps=0, seed=None
36.0458 	EXP 	Created sequence: sequential, trialTypes=1, nReps=1, seed=None
36.0463 	EXP 	New trial (rep=0, index=0): None
36.1375 	EXP 	message: autoDraw = False
36.1375 	EXP 	message: autoDraw = False
36.1375 	EXP 	image: image = u'Img/35.jpg'
36.1375 	EXP 	dummy_start: autoDraw = True
38.0642 	EXP 	dummy_start: autoDraw = False
38.0642 	EXP 	image: autoDraw = True
41.8515 	DATA 	Keypress: left
41.8994 	EXP 	dummy_start: autoDraw = False
41.8994 	EXP 	image: autoDraw = False
41.8994 	EXP 	message: text = 'Wrong \n \n Response time = 3.787'
41.8994 	EXP 	message: autoDraw = True
44.8583 	EXP 	Created sequence: sequential, trialTypes=1, nReps=0, seed=None
44.8588 	EXP 	Created sequence: sequential, trialTypes=1, nReps=0, seed=None
44.8593 	EXP 	Created sequence: sequential, trialTypes=1, nReps=0, seed=None
44.8599 	EXP 	New trial (rep=0, index=6): {u'xPos': None, u'probNum': None, u'Img': u'Img/36.jpg', u'CorrKey': u'space', u'TestType': None, u'yPos': None, u'CorrAns': u'space', u'Type': u'Inst'}
44.8608 	EXP 	Created sequence: sequential, trialTypes=1, nReps=0, seed=None
44.8612 	EXP 	Created sequence: sequential, trialTypes=1, nReps=0, seed=None
44.8616 	EXP 	Created sequence: sequential, trialTypes=1, nReps=1, seed=None
44.8621 	EXP 	New trial (rep=0, index=0): None
44.9594 	EXP 	message: autoDraw = False
44.9594 	EXP 	message: autoDraw = False
44.9594 	EXP 	image_2: image = u'Img/36.jpg'
44.9594 	EXP 	image_2: autoDraw = True
53.7005 	DATA 	Keypress: space
53.7022 	EXP 	Created sequence: sequential, trialTypes=1, nReps=0, seed=None
53.7033 	EXP 	Created sequence: sequential, trialTypes=1, nReps=0, seed=None
53.7044 	EXP 	New trial (rep=0, index=7): {u'xPos': -620, u'probNum': None, u'Img': None, u'CorrKey': None, u'TestType': u'OpenSession', u'yPos': 580, u'CorrAns': None, u'Type': u'Mouse'}
53.7059 	EXP 	Created sequence: sequential, trialTypes=1, nReps=0, seed=None
53.7066 	EXP 	Created sequence: sequential, trialTypes=1, nReps=0, seed=None
53.7073 	EXP 	Created sequence: sequential, trialTypes=1, nReps=0, seed=None
53.7080 	EXP 	Created sequence: sequential, trialTypes=1, nReps=0, seed=None
53.7087 	EXP 	Created sequence: sequential, trialTypes=1, nReps=1, seed=None
53.7094 	EXP 	New trial (rep=0, index=0): None
53.7300 	EXP 	image_2: autoDraw = False
53.7300 	EXP 	text: autoDraw = True
53.8144 	EXP 	New trial (rep=0, index=8): {u'xPos': 100, u'probNum': None, u'Img': None, u'CorrKey': None, u'TestType': u'Back_to_Test', u'yPos': 100, u'CorrAns': None, u'Type': u'Mouse'}
53.8175 	EXP 	Created sequence: sequential, trialTypes=1, nReps=0, seed=None
53.8181 	EXP 	Created sequence: sequential, trialTypes=1, nReps=0, seed=None
53.8187 	EXP 	Created sequence: sequential, trialTypes=1, nReps=0, seed=None
53.8192 	EXP 	Created sequence: sequential, trialTypes=1, nReps=0, seed=None
53.8198 	EXP 	Created sequence: sequential, trialTypes=1, nReps=1, seed=None
53.8203 	EXP 	New trial (rep=0, index=0): None
53.8308 	DATA 	Mouse: Left button down, pos=(100,668)
53.8423 	DATA 	Mouse:  Left button up, pos=(100,668)
53.8778 	EXP 	text: autoDraw = False
53.8778 	EXP 	text: autoDraw = True
53.9119 	EXP 	New trial (rep=0, index=9): {u'xPos': None, u'probNum': 1, u'Img': u'Img/37.jpg', u'CorrKey': u'right', u'TestType': u'ConnectCube', u'yPos': None, u'CorrAns': u'right', u'Type': u'Test'}
53.9142 	EXP 	Created sequence: sequential, trialTypes=1, nReps=0, seed=None
53.9147 	EXP 	Created sequence: sequential, trialTypes=1, nReps=0, seed=None
53.9211 	EXP 	Created sequence: sequential, trialTypes=1, nReps=0, seed=None
53.9222 	EXP 	Created sequence: sequential, trialTypes=1, nReps=1, seed=None
53.9228 	EXP 	New trial (rep=0, index=0): None
54.0274 	EXP 	text: autoDraw = False
54.0274 	EXP 	text: autoDraw = False
54.0274 	EXP 	image_3: image = u'Img/37.jpg'
54.0274 	EXP 	test_start_txt: autoDraw = True
55.9269 	EXP 	test_start_txt: autoDraw = False
55.9585 	EXP 	image_3: autoDraw = True
63.8556 	DATA 	Keypress: right
63.8587 	EXP 	Created sequence: sequential, trialTypes=1, nReps=0, seed=None
63.8593 	EXP 	New trial (rep=0, index=10): {u'xPos': None, u'probNum': 2, u'Img': u'Img/38.jpg', u'CorrKey': u'left', u'TestType': u'ConnectCube', u'yPos': None, u'CorrAns': u'left', u'Type': u'Test'}
63.8603 	EXP 	Created sequence: sequential, trialTypes=1, nReps=0, seed=None
63.8607 	EXP 	Created sequence: sequential, trialTypes=1, nReps=0, seed=None
63.8611 	EXP 	Created sequence: sequential, trialTypes=1, nReps=0, seed=None
63.8616 	EXP 	Created sequence: sequential, trialTypes=1, nReps=1, seed=None
63.8624 	EXP 	New trial (rep=0, index=0): None
63.9379 	EXP 	test_start_txt: autoDraw = False
63.9379 	EXP 	image_3: autoDraw = False
63.9379 	EXP 	Timer: autoDraw = False
63.9379 	EXP 	image_3: image = u'Img/38.jpg'
63.9379 	EXP 	test_start_txt: autoDraw = True
65.8667 	EXP 	test_start_txt: autoDraw = False
65.8969 	EXP 	image_3: autoDraw = True
69.8516 	DATA 	Keypress: left
69.8539 	EXP 	Created sequence: sequential, trialTypes=1, nReps=0, seed=None
69.8545 	EXP 	New trial (rep=0, index=11): {u'xPos': None, u'probNum': 3, u'Img': u'Img/39.jpg', u'CorrKey': u'left', u'TestType': u'ConnectCube', u'yPos': None, u'CorrAns': u'left', u'Type': u'Test'}
69.8555 	EXP 	Created sequence: sequential, trialTypes=1, nReps=0, seed=None
69.8559 	EXP 	Created sequence: sequential, trialTypes=1, nReps=0, seed=None
69.8563 	EXP 	Created sequence: sequential, trialTypes=1, nReps=0, seed=None
69.8567 	EXP 	Created sequence: sequential, trialTypes=1, nReps=1, seed=None
69.8572 	EXP 	New trial (rep=0, index=0): None
69.9474 	EXP 	test_start_txt: autoDraw = False
69.9474 	EXP 	image_3: autoDraw = False
69.9474 	EXP 	Timer: autoDraw = False
69.9474 	EXP 	image_3: image = u'Img/39.jpg'
69.9474 	EXP 	test_start_txt: autoDraw = True
71.8663 	EXP 	test_start_txt: autoDraw = False
71.8810 	EXP 	image_3: autoDraw = True
78.8766 	DATA 	Keypress: right
78.8786 	EXP 	Created sequence: sequential, trialTypes=1, nReps=0, seed=None
78.8792 	EXP 	New trial (rep=0, index=12): {u'xPos': None, u'probNum': 4, u'Img': u'Img/40.jpg', u'CorrKey': u'right', u'TestType': u'ConnectCube', u'yPos': None, u'CorrAns': u'right', u'Type': u'Test'}
78.8802 	EXP 	Created sequence: sequential, trialTypes=1, nReps=0, seed=None
78.8806 	EXP 	Created sequence: sequential, trialTypes=1, nReps=0, seed=None
78.8810 	EXP 	Created sequence: sequential, trialTypes=1, nReps=0, seed=None
78.8814 	EXP 	Created sequence: sequential, trialTypes=1, nReps=1, seed=None
78.8819 	EXP 	New trial (rep=0, index=0): None
78.9758 	EXP 	test_start_txt: autoDraw = False
78.9758 	EXP 	image_3: autoDraw = False
78.9758 	EXP 	Timer: autoDraw = False
78.9758 	EXP 	image_3: image = u'Img/40.jpg'
78.9758 	EXP 	test_start_txt: autoDraw = True
80.9029 	EXP 	test_start_txt: autoDraw = False
80.9029 	EXP 	image_3: autoDraw = True
85.9237 	DATA 	Keypress: right
85.9259 	EXP 	Created sequence: sequential, trialTypes=1, nReps=0, seed=None
85.9265 	EXP 	New trial (rep=0, index=13): {u'xPos': None, u'probNum': 5, u'Img': u'Img/41.jpg', u'CorrKey': u'right', u'TestType': u'ConnectCube', u'yPos': None, u'CorrAns': u'right', u'Type': u'Test'}
85.9275 	EXP 	Created sequence: sequential, trialTypes=1, nReps=0, seed=None
85.9280 	EXP 	Created sequence: sequential, trialTypes=1, nReps=0, seed=None
85.9284 	EXP 	Created sequence: sequential, trialTypes=1, nReps=0, seed=None
85.9288 	EXP 	Created sequence: sequential, trialTypes=1, nReps=1, seed=None
85.9293 	EXP 	New trial (rep=0, index=0): None
86.0092 	EXP 	test_start_txt: autoDraw = False
86.0092 	EXP 	image_3: autoDraw = False
86.0092 	EXP 	Timer: autoDraw = False
86.0092 	EXP 	image_3: image = u'Img/41.jpg'
86.0092 	EXP 	test_start_txt: autoDraw = True
87.9469 	EXP 	test_start_txt: autoDraw = False
87.9469 	EXP 	image_3: autoDraw = True
92.2844 	DATA 	Keypress: right
92.2864 	EXP 	Created sequence: sequential, trialTypes=1, nReps=0, seed=None
92.2871 	EXP 	New trial (rep=0, index=14): {u'xPos': None, u'probNum': 6, u'Img': u'Img/42.jpg', u'CorrKey': u'right', u'TestType': u'ConnectCube', u'yPos': None, u'CorrAns': u'right', u'Type': u'Test'}
92.2882 	EXP 	Created sequence: sequential, trialTypes=1, nReps=0, seed=None
92.2888 	EXP 	Created sequence: sequential, trialTypes=1, nReps=0, seed=None
92.2894 	EXP 	Created sequence: sequential, trialTypes=1, nReps=0, seed=None
92.2899 	EXP 	Created sequence: sequential, trialTypes=1, nReps=1, seed=None
92.2903 	EXP 	New trial (rep=0, index=0): None
92.3685 	EXP 	test_start_txt: autoDraw = False
92.3685 	EXP 	image_3: autoDraw = False
92.3685 	EXP 	Timer: autoDraw = False
92.3685 	EXP 	image_3: image = u'Img/42.jpg'
92.3685 	EXP 	test_start_txt: autoDraw = True
94.3091 	EXP 	test_start_txt: autoDraw = False
94.3091 	EXP 	image_3: autoDraw = True
101.9518 	DATA 	Keypress: left
101.9557 	EXP 	Created sequence: sequential, trialTypes=1, nReps=0, seed=None
101.9566 	EXP 	New trial (rep=0, index=15): {u'xPos': None, u'probNum': 7, u'Img': u'Img/43.jpg', u'CorrKey': u'left', u'TestType': u'ConnectCube', u'yPos': None, u'CorrAns': u'left', u'Type': u'Test'}
101.9580 	EXP 	Created sequence: sequential, trialTypes=1, nReps=0, seed=None
101.9587 	EXP 	Created sequence: sequential, trialTypes=1, nReps=0, seed=None
101.9594 	EXP 	Created sequence: sequential, trialTypes=1, nReps=0, seed=None
101.9601 	EXP 	Created sequence: sequential, trialTypes=1, nReps=1, seed=None
101.9609 	EXP 	New trial (rep=0, index=0): None
102.0520 	EXP 	test_start_txt: autoDraw = False
102.0520 	EXP 	image_3: autoDraw = False
102.0520 	EXP 	Timer: autoDraw = False
102.0520 	EXP 	image_3: image = u'Img/43.jpg'
102.0520 	EXP 	test_start_txt: autoDraw = True
103.9878 	EXP 	test_start_txt: autoDraw = False
103.9878 	EXP 	image_3: autoDraw = True
109.5875 	DATA 	Keypress: left
109.5894 	EXP 	Created sequence: sequential, trialTypes=1, nReps=0, seed=None
109.5900 	EXP 	New trial (rep=0, index=16): {u'xPos': None, u'probNum': 8, u'Img': u'Img/44.jpg', u'CorrKey': u'left', u'TestType': u'ConnectCube', u'yPos': None, u'CorrAns': u'left', u'Type': u'Test'}
109.5909 	EXP 	Created sequence: sequential, trialTypes=1, nReps=0, seed=None
109.5914 	EXP 	Created sequence: sequential, trialTypes=1, nReps=0, seed=None
109.5918 	EXP 	Created sequence: sequential, trialTypes=1, nReps=0, seed=None
109.5922 	EXP 	Created sequence: sequential, trialTypes=1, nReps=1, seed=None
109.5927 	EXP 	New trial (rep=0, index=0): None
109.6874 	EXP 	test_start_txt: autoDraw = False
109.6874 	EXP 	image_3: autoDraw = False
109.6874 	EXP 	Timer: autoDraw = False
109.6874 	EXP 	image_3: image = u'Img/44.jpg'
109.6874 	EXP 	test_start_txt: autoDraw = True
111.6095 	EXP 	test_start_txt: autoDraw = False
111.6095 	EXP 	image_3: autoDraw = True
117.5214 	DATA 	Keypress: left
117.5233 	EXP 	Created sequence: sequential, trialTypes=1, nReps=0, seed=None
117.5239 	EXP 	New trial (rep=0, index=17): {u'xPos': None, u'probNum': 9, u'Img': u'Img/45.jpg', u'CorrKey': u'right', u'TestType': u'ConnectCube', u'yPos': None, u'CorrAns': u'right', u'Type': u'Test'}
117.5249 	EXP 	Created sequence: sequential, trialTypes=1, nReps=0, seed=None
117.5256 	EXP 	Created sequence: sequential, trialTypes=1, nReps=0, seed=None
117.5260 	EXP 	Created sequence: sequential, trialTypes=1, nReps=0, seed=None
117.5269 	EXP 	Created sequence: sequential, trialTypes=1, nReps=1, seed=None
117.5281 	EXP 	New trial (rep=0, index=0): None
117.6036 	EXP 	test_start_txt: autoDraw = False
117.6036 	EXP 	image_3: autoDraw = False
117.6036 	EXP 	Timer: autoDraw = False
117.6036 	EXP 	image_3: image = u'Img/45.jpg'
117.6036 	EXP 	test_start_txt: autoDraw = True
119.5333 	EXP 	test_start_txt: autoDraw = False
119.5517 	EXP 	image_3: autoDraw = True
124.6728 	DATA 	Keypress: right
124.6755 	EXP 	Created sequence: sequential, trialTypes=1, nReps=0, seed=None
124.6764 	EXP 	New trial (rep=0, index=18): {u'xPos': None, u'probNum': 10, u'Img': u'Img/46.jpg', u'CorrKey': u'right', u'TestType': u'ConnectCube', u'yPos': None, u'CorrAns': u'right', u'Type': u'Test'}
124.6775 	EXP 	Created sequence: sequential, trialTypes=1, nReps=0, seed=None
124.6779 	EXP 	Created sequence: sequential, trialTypes=1, nReps=0, seed=None
124.6783 	EXP 	Created sequence: sequential, trialTypes=1, nReps=0, seed=None
124.6788 	EXP 	Created sequence: sequential, trialTypes=1, nReps=1, seed=None
124.6792 	EXP 	New trial (rep=0, index=0): None
124.7737 	EXP 	test_start_txt: autoDraw = False
124.7737 	EXP 	image_3: autoDraw = False
124.7737 	EXP 	Timer: autoDraw = False
124.7737 	EXP 	image_3: image = u'Img/46.jpg'
124.7737 	EXP 	test_start_txt: autoDraw = True
126.6910 	EXP 	test_start_txt: autoDraw = False
126.7078 	EXP 	image_3: autoDraw = True
132.8335 	DATA 	Keypress: left
132.8354 	EXP 	Created sequence: sequential, trialTypes=1, nReps=0, seed=None
132.8360 	EXP 	New trial (rep=0, index=19): {u'xPos': None, u'probNum': 11, u'Img': u'Img/47.jpg', u'CorrKey': u'left', u'TestType': u'ConnectCube', u'yPos': None, u'CorrAns': u'left', u'Type': u'Test'}
132.8370 	EXP 	Created sequence: sequential, trialTypes=1, nReps=0, seed=None
132.8378 	EXP 	Created sequence: sequential, trialTypes=1, nReps=0, seed=None
132.8387 	EXP 	Created sequence: sequential, trialTypes=1, nReps=0, seed=None
132.8392 	EXP 	Created sequence: sequential, trialTypes=1, nReps=1, seed=None
132.8397 	EXP 	New trial (rep=0, index=0): None
132.9337 	EXP 	test_start_txt: autoDraw = False
132.9337 	EXP 	image_3: autoDraw = False
132.9337 	EXP 	Timer: autoDraw = False
132.9337 	EXP 	image_3: image = u'Img/47.jpg'
132.9337 	EXP 	test_start_txt: autoDraw = True
134.8606 	EXP 	test_start_txt: autoDraw = False
134.8606 	EXP 	image_3: autoDraw = True
141.2713 	DATA 	Keypress: left
141.2743 	EXP 	Created sequence: sequential, trialTypes=1, nReps=0, seed=None
141.2753 	EXP 	New trial (rep=0, index=20): {u'xPos': None, u'probNum': 12, u'Img': u'Img/48.jpg', u'CorrKey': u'left', u'TestType': u'ConnectCube', u'yPos': None, u'CorrAns': u'left', u'Type': u'Test'}
141.2766 	EXP 	Created sequence: sequential, trialTypes=1, nReps=0, seed=None
141.2773 	EXP 	Created sequence: sequential, trialTypes=1, nReps=0, seed=None
141.2778 	EXP 	Created sequence: sequential, trialTypes=1, nReps=0, seed=None
141.2783 	EXP 	Created sequence: sequential, trialTypes=1, nReps=1, seed=None
141.2788 	EXP 	New trial (rep=0, index=0): None
141.3719 	EXP 	test_start_txt: autoDraw = False
141.3719 	EXP 	image_3: autoDraw = False
141.3719 	EXP 	Timer: autoDraw = False
141.3719 	EXP 	image_3: image = u'Img/48.jpg'
141.3719 	EXP 	test_start_txt: autoDraw = True
143.2989 	EXP 	test_start_txt: autoDraw = False
143.2989 	EXP 	image_3: autoDraw = True
150.0172 	DATA 	Keypress: left
150.0200 	EXP 	Created sequence: sequential, trialTypes=1, nReps=0, seed=None
150.0211 	EXP 	New trial (rep=0, index=21): {u'xPos': None, u'probNum': 13, u'Img': u'Img/49.jpg', u'CorrKey': u'right', u'TestType': u'ConnectCube', u'yPos': None, u'CorrAns': u'right', u'Type': u'Test'}
150.0224 	EXP 	Created sequence: sequential, trialTypes=1, nReps=0, seed=None
150.0228 	EXP 	Created sequence: sequential, trialTypes=1, nReps=0, seed=None
150.0232 	EXP 	Created sequence: sequential, trialTypes=1, nReps=0, seed=None
150.0237 	EXP 	Created sequence: sequential, trialTypes=1, nReps=1, seed=None
150.0241 	EXP 	New trial (rep=0, index=0): None
150.1000 	EXP 	test_start_txt: autoDraw = False
150.1000 	EXP 	image_3: autoDraw = False
150.1000 	EXP 	Timer: autoDraw = False
150.1000 	EXP 	image_3: image = u'Img/49.jpg'
150.1000 	EXP 	test_start_txt: autoDraw = True
152.0427 	EXP 	test_start_txt: autoDraw = False
152.0427 	EXP 	image_3: autoDraw = True
158.8071 	DATA 	Keypress: right
158.8089 	EXP 	Created sequence: sequential, trialTypes=1, nReps=0, seed=None
158.8095 	EXP 	New trial (rep=0, index=22): {u'xPos': None, u'probNum': 14, u'Img': u'Img/50.jpg', u'CorrKey': u'left', u'TestType': u'ConnectCube', u'yPos': None, u'CorrAns': u'left', u'Type': u'Test'}
158.8104 	EXP 	Created sequence: sequential, trialTypes=1, nReps=0, seed=None
158.8109 	EXP 	Created sequence: sequential, trialTypes=1, nReps=0, seed=None
158.8113 	EXP 	Created sequence: sequential, trialTypes=1, nReps=0, seed=None
158.8117 	EXP 	Created sequence: sequential, trialTypes=1, nReps=1, seed=None
158.8122 	EXP 	New trial (rep=0, index=0): None
158.8918 	EXP 	test_start_txt: autoDraw = False
158.8918 	EXP 	image_3: autoDraw = False
158.8918 	EXP 	Timer: autoDraw = False
158.8918 	EXP 	image_3: image = u'Img/50.jpg'
158.8918 	EXP 	test_start_txt: autoDraw = True
160.8294 	EXP 	test_start_txt: autoDraw = False
160.8294 	EXP 	image_3: autoDraw = True
164.6762 	DATA 	Keypress: right
164.6781 	EXP 	Created sequence: sequential, trialTypes=1, nReps=0, seed=None
164.6793 	EXP 	New trial (rep=0, index=23): {u'xPos': None, u'probNum': 15, u'Img': u'Img/51.jpg', u'CorrKey': u'left', u'TestType': u'ConnectCube', u'yPos': None, u'CorrAns': u'left', u'Type': u'Test'}
164.6803 	EXP 	Created sequence: sequential, trialTypes=1, nReps=0, seed=None
164.6807 	EXP 	Created sequence: sequential, trialTypes=1, nReps=0, seed=None
164.6812 	EXP 	Created sequence: sequential, trialTypes=1, nReps=0, seed=None
164.6818 	EXP 	Created sequence: sequential, trialTypes=1, nReps=1, seed=None
164.6823 	EXP 	New trial (rep=0, index=0): None
164.7867 	EXP 	test_start_txt: autoDraw = False
164.7867 	EXP 	image_3: autoDraw = False
164.7867 	EXP 	Timer: autoDraw = False
164.7867 	EXP 	image_3: image = u'Img/51.jpg'
164.7867 	EXP 	test_start_txt: autoDraw = True
166.7157 	EXP 	test_start_txt: autoDraw = False
166.7157 	EXP 	image_3: autoDraw = True
176.7198 	EXP 	Timer: autoDraw = True
177.3672 	DATA 	Keypress: left
177.3738 	EXP 	Created sequence: sequential, trialTypes=1, nReps=0, seed=None
177.3745 	EXP 	New trial (rep=0, index=24): {u'xPos': None, u'probNum': 16, u'Img': u'Img/52.jpg', u'CorrKey': u'right', u'TestType': u'ConnectCube', u'yPos': None, u'CorrAns': u'right', u'Type': u'Test'}
177.3760 	EXP 	Created sequence: sequential, trialTypes=1, nReps=0, seed=None
177.3766 	EXP 	Created sequence: sequential, trialTypes=1, nReps=0, seed=None
177.3770 	EXP 	Created sequence: sequential, trialTypes=1, nReps=0, seed=None
177.3774 	EXP 	Created sequence: sequential, trialTypes=1, nReps=1, seed=None
177.3779 	EXP 	New trial (rep=0, index=0): None
177.4666 	EXP 	test_start_txt: autoDraw = False
177.4666 	EXP 	image_3: autoDraw = False
177.4666 	EXP 	Timer: autoDraw = False
177.4666 	EXP 	image_3: image = u'Img/52.jpg'
177.4666 	EXP 	test_start_txt: autoDraw = True
179.3970 	EXP 	test_start_txt: autoDraw = False
179.3970 	EXP 	image_3: autoDraw = True
185.2883 	DATA 	Keypress: right
185.2906 	EXP 	Created sequence: sequential, trialTypes=1, nReps=0, seed=None
185.2917 	EXP 	New trial (rep=0, index=25): {u'xPos': None, u'probNum': 17, u'Img': u'Img/53.jpg', u'CorrKey': u'left', u'TestType': u'ConnectCube', u'yPos': None, u'CorrAns': u'left', u'Type': u'Test'}
185.2933 	EXP 	Created sequence: sequential, trialTypes=1, nReps=0, seed=None
185.2937 	EXP 	Created sequence: sequential, trialTypes=1, nReps=0, seed=None
185.2942 	EXP 	Created sequence: sequential, trialTypes=1, nReps=0, seed=None
185.2946 	EXP 	Created sequence: sequential, trialTypes=1, nReps=1, seed=None
185.2950 	EXP 	New trial (rep=0, index=0): None
185.3723 	EXP 	test_start_txt: autoDraw = False
185.3723 	EXP 	image_3: autoDraw = False
185.3723 	EXP 	Timer: autoDraw = False
185.3723 	EXP 	image_3: image = u'Img/53.jpg'
185.3723 	EXP 	test_start_txt: autoDraw = True
187.3167 	EXP 	test_start_txt: autoDraw = False
187.3368 	EXP 	image_3: autoDraw = True
196.3897 	DATA 	Keypress: left
196.3917 	EXP 	Created sequence: sequential, trialTypes=1, nReps=0, seed=None
196.3923 	EXP 	New trial (rep=0, index=26): {u'xPos': None, u'probNum': 18, u'Img': u'Img/54.jpg', u'CorrKey': u'right', u'TestType': u'ConnectCube', u'yPos': None, u'CorrAns': u'right', u'Type': u'Test'}
196.3933 	EXP 	Created sequence: sequential, trialTypes=1, nReps=0, seed=None
196.3937 	EXP 	Created sequence: sequential, trialTypes=1, nReps=0, seed=None
196.3947 	EXP 	Created sequence: sequential, trialTypes=1, nReps=0, seed=None
196.3955 	EXP 	Created sequence: sequential, trialTypes=1, nReps=1, seed=None
196.3963 	EXP 	New trial (rep=0, index=0): None
196.4909 	EXP 	test_start_txt: autoDraw = False
196.4909 	EXP 	image_3: autoDraw = False
196.4909 	EXP 	Timer: autoDraw = False
196.4909 	EXP 	image_3: image = u'Img/54.jpg'
196.4909 	EXP 	test_start_txt: autoDraw = True
198.4090 	EXP 	test_start_txt: autoDraw = False
198.4256 	EXP 	image_3: autoDraw = True
205.7171 	DATA 	Keypress: left
205.7192 	EXP 	Created sequence: sequential, trialTypes=1, nReps=0, seed=None
205.7197 	EXP 	New trial (rep=0, index=27): {u'xPos': None, u'probNum': 19, u'Img': u'Img/55.jpg', u'CorrKey': u'left', u'TestType': u'ConnectCube', u'yPos': None, u'CorrAns': u'left', u'Type': u'Test'}
205.7210 	EXP 	Created sequence: sequential, trialTypes=1, nReps=0, seed=None
205.7219 	EXP 	Created sequence: sequential, trialTypes=1, nReps=0, seed=None
205.7227 	EXP 	Created sequence: sequential, trialTypes=1, nReps=0, seed=None
205.7234 	EXP 	Created sequence: sequential, trialTypes=1, nReps=1, seed=None
205.7242 	EXP 	New trial (rep=0, index=0): None
205.8163 	EXP 	test_start_txt: autoDraw = False
205.8163 	EXP 	image_3: autoDraw = False
205.8163 	EXP 	Timer: autoDraw = False
205.8163 	EXP 	image_3: image = u'Img/55.jpg'
205.8163 	EXP 	test_start_txt: autoDraw = True
207.7292 	EXP 	test_start_txt: autoDraw = False
207.7458 	EXP 	image_3: autoDraw = True
216.1707 	DATA 	Keypress: right
216.1725 	EXP 	Created sequence: sequential, trialTypes=1, nReps=0, seed=None
216.1730 	EXP 	New trial (rep=0, index=28): {u'xPos': None, u'probNum': 20, u'Img': u'Img/56.jpg', u'CorrKey': u'right', u'TestType': u'ConnectCube', u'yPos': None, u'CorrAns': u'right', u'Type': u'Test'}
216.1740 	EXP 	Created sequence: sequential, trialTypes=1, nReps=0, seed=None
216.1744 	EXP 	Created sequence: sequential, trialTypes=1, nReps=0, seed=None
216.1749 	EXP 	Created sequence: sequential, trialTypes=1, nReps=0, seed=None
216.1757 	EXP 	Created sequence: sequential, trialTypes=1, nReps=1, seed=None
216.1765 	EXP 	New trial (rep=0, index=0): None
216.2700 	EXP 	test_start_txt: autoDraw = False
216.2700 	EXP 	image_3: autoDraw = False
216.2700 	EXP 	Timer: autoDraw = False
216.2700 	EXP 	image_3: image = u'Img/56.jpg'
216.2700 	EXP 	test_start_txt: autoDraw = True
218.1840 	EXP 	test_start_txt: autoDraw = False
218.2032 	EXP 	image_3: autoDraw = True
225.3728 	DATA 	Keypress: left
225.3757 	EXP 	Created sequence: sequential, trialTypes=1, nReps=0, seed=None
225.3764 	EXP 	New trial (rep=0, index=29): {u'xPos': None, u'probNum': 21, u'Img': u'Img/57.jpg', u'CorrKey': u'right', u'TestType': u'ConnectCube', u'yPos': None, u'CorrAns': u'right', u'Type': u'Test'}
225.3775 	EXP 	Created sequence: sequential, trialTypes=1, nReps=0, seed=None
225.3780 	EXP 	Created sequence: sequential, trialTypes=1, nReps=0, seed=None
225.3784 	EXP 	Created sequence: sequential, trialTypes=1, nReps=0, seed=None
225.3788 	EXP 	Created sequence: sequential, trialTypes=1, nReps=1, seed=None
225.3792 	EXP 	New trial (rep=0, index=0): None
225.4570 	EXP 	test_start_txt: autoDraw = False
225.4570 	EXP 	image_3: autoDraw = False
225.4570 	EXP 	Timer: autoDraw = False
225.4570 	EXP 	image_3: image = u'Img/57.jpg'
225.4570 	EXP 	test_start_txt: autoDraw = True
227.3960 	EXP 	test_start_txt: autoDraw = False
227.3960 	EXP 	image_3: autoDraw = True
236.7274 	DATA 	Keypress: right
236.7293 	EXP 	Created sequence: sequential, trialTypes=1, nReps=0, seed=None
236.7299 	EXP 	New trial (rep=0, index=30): {u'xPos': None, u'probNum': 22, u'Img': u'Img/58.jpg', u'CorrKey': u'right', u'TestType': u'ConnectCube', u'yPos': None, u'CorrAns': u'right', u'Type': u'Test'}
236.7311 	EXP 	Created sequence: sequential, trialTypes=1, nReps=0, seed=None
236.7316 	EXP 	Created sequence: sequential, trialTypes=1, nReps=0, seed=None
236.7320 	EXP 	Created sequence: sequential, trialTypes=1, nReps=0, seed=None
236.7324 	EXP 	Created sequence: sequential, trialTypes=1, nReps=1, seed=None
236.7329 	EXP 	New trial (rep=0, index=0): None
236.8115 	EXP 	test_start_txt: autoDraw = False
236.8115 	EXP 	image_3: autoDraw = False
236.8115 	EXP 	Timer: autoDraw = False
236.8115 	EXP 	image_3: image = u'Img/58.jpg'
236.8115 	EXP 	test_start_txt: autoDraw = True
238.7462 	EXP 	test_start_txt: autoDraw = False
238.7633 	EXP 	image_3: autoDraw = True
248.7629 	EXP 	Timer: autoDraw = True
249.2809 	DATA 	Keypress: left
249.2905 	EXP 	Created sequence: sequential, trialTypes=1, nReps=0, seed=None
249.2910 	EXP 	New trial (rep=0, index=31): {u'xPos': None, u'probNum': 23, u'Img': u'Img/59.jpg', u'CorrKey': u'right', u'TestType': u'ConnectCube', u'yPos': None, u'CorrAns': u'right', u'Type': u'Test'}
249.2920 	EXP 	Created sequence: sequential, trialTypes=1, nReps=0, seed=None
249.2925 	EXP 	Created sequence: sequential, trialTypes=1, nReps=0, seed=None
249.2929 	EXP 	Created sequence: sequential, trialTypes=1, nReps=0, seed=None
249.2933 	EXP 	Created sequence: sequential, trialTypes=1, nReps=1, seed=None
249.2938 	EXP 	New trial (rep=0, index=0): None
249.3799 	EXP 	test_start_txt: autoDraw = False
249.3799 	EXP 	image_3: autoDraw = False
249.3799 	EXP 	Timer: autoDraw = False
249.3799 	EXP 	image_3: image = u'Img/59.jpg'
249.3799 	EXP 	test_start_txt: autoDraw = True
251.3035 	EXP 	test_start_txt: autoDraw = False
251.3207 	EXP 	image_3: autoDraw = True
258.2387 	DATA 	Keypress: right
258.2417 	EXP 	Created sequence: sequential, trialTypes=1, nReps=0, seed=None
258.2426 	EXP 	New trial (rep=0, index=32): {u'xPos': None, u'probNum': 24, u'Img': u'Img/60.jpg', u'CorrKey': u'left', u'TestType': u'ConnectCube', u'yPos': None, u'CorrAns': u'left', u'Type': u'Test'}
258.2442 	EXP 	Created sequence: sequential, trialTypes=1, nReps=0, seed=None
258.2450 	EXP 	Created sequence: sequential, trialTypes=1, nReps=0, seed=None
258.2466 	EXP 	Created sequence: sequential, trialTypes=1, nReps=0, seed=None
258.2470 	EXP 	Created sequence: sequential, trialTypes=1, nReps=1, seed=None
258.2475 	EXP 	New trial (rep=0, index=0): None
258.3540 	EXP 	test_start_txt: autoDraw = False
258.3540 	EXP 	image_3: autoDraw = False
258.3540 	EXP 	Timer: autoDraw = False
258.3540 	EXP 	image_3: image = u'Img/60.jpg'
258.3540 	EXP 	test_start_txt: autoDraw = True
260.2699 	EXP 	test_start_txt: autoDraw = False
260.2829 	EXP 	image_3: autoDraw = True
267.4606 	DATA 	Keypress: right
267.4631 	EXP 	Created sequence: sequential, trialTypes=1, nReps=0, seed=None
267.4637 	EXP 	New trial (rep=0, index=33): {u'xPos': None, u'probNum': None, u'Img': u'Img/61.jpg', u'CorrKey': u'space', u'TestType': None, u'yPos': None, u'CorrAns': u'space', u'Type': u'Inst'}
267.4647 	EXP 	Created sequence: sequential, trialTypes=1, nReps=0, seed=None
267.4651 	EXP 	Created sequence: sequential, trialTypes=1, nReps=0, seed=None
267.4657 	EXP 	Created sequence: sequential, trialTypes=1, nReps=1, seed=None
267.4663 	EXP 	New trial (rep=0, index=0): None
267.5793 	EXP 	test_start_txt: autoDraw = False
267.5793 	EXP 	image_3: autoDraw = False
267.5793 	EXP 	Timer: autoDraw = False
267.5793 	EXP 	image_2: image = u'Img/61.jpg'
267.5793 	EXP 	image_2: autoDraw = True
273.9543 	DATA 	Keypress: space
273.9555 	EXP 	Created sequence: sequential, trialTypes=1, nReps=0, seed=None
273.9564 	EXP 	Created sequence: sequential, trialTypes=1, nReps=0, seed=None
273.9574 	EXP 	New trial (rep=0, index=34): {u'xPos': None, u'probNum': None, u'Img': u'Img/62.jpg', u'CorrKey': u'space', u'TestType': None, u'yPos': None, u'CorrAns': u'space', u'Type': u'Inst'}
273.9591 	EXP 	Created sequence: sequential, trialTypes=1, nReps=0, seed=None
273.9596 	EXP 	Created sequence: sequential, trialTypes=1, nReps=0, seed=None
273.9601 	EXP 	Created sequence: sequential, trialTypes=1, nReps=1, seed=None
273.9607 	EXP 	New trial (rep=0, index=0): None
274.0535 	EXP 	image_2: autoDraw = False
274.0535 	EXP 	image_2: image = u'Img/62.jpg'
274.0535 	EXP 	image_2: autoDraw = True
274.5724 	DATA 	Keypress: space
274.5735 	EXP 	Created sequence: sequential, trialTypes=1, nReps=0, seed=None
274.5744 	EXP 	Created sequence: sequential, trialTypes=1, nReps=0, seed=None
274.5752 	EXP 	New trial (rep=0, index=35): {u'xPos': -1200, u'probNum': None, u'Img': None, u'CorrKey': None, u'TestType': u'CloseSession', u'yPos': 60, u'CorrAns': None, u'Type': u'Mouse'}
274.5763 	EXP 	Created sequence: sequential, trialTypes=1, nReps=0, seed=None
274.5768 	EXP 	Created sequence: sequential, trialTypes=1, nReps=0, seed=None
274.5774 	EXP 	Created sequence: sequential, trialTypes=1, nReps=0, seed=None
274.5780 	EXP 	Created sequence: sequential, trialTypes=1, nReps=0, seed=None
274.5785 	EXP 	Created sequence: sequential, trialTypes=1, nReps=1, seed=None
274.5791 	EXP 	New trial (rep=0, index=0): None
274.8690 	EXP 	window1: mouseVisible = True
