18.3755 	EXP 	Created window1 = Window(allowGUI=False, allowStencil=False, autoLog=True, bitsMode=UNKNOWN, blendMode='avg', color=array([ 0.,  0.,  0.]), colorSpace='rgb', fullscr=UNKNOWN, gamma=None, lms=UNKNOWN, monitor=<psychopy.monitors.calibTools.Monitor instance at 0x0A7326E8>, name='window1', pos=[0, 0], screen=0, size=array([1600,  900]), stereo=False, units=u'norm', useFBO=True, viewOri=0.0, viewPos=None, viewScale=None, waitBlanking=True, winType='pyglet')
18.3755 	EXP 	window1: recordFrameIntervals = False
18.5414 	EXP 	window1: recordFrameIntervals = True
18.8105 	EXP 	window1: recordFrameIntervals = False
18.8161 	EXP 	Created image_4 = ImageStim(autoLog=True, color=array([ 1.,  1.,  1.]), colorSpace='rgb', contrast=1.0, depth=0.0, flipHoriz=False, flipVert=False, image='sin', interpolate=True, mask=None, maskParams=None, name='image_4', opacity=1.0, ori=0.0, pos=array([ 0.,  0.]), size=array([ 1.5,  1.5]), texRes=128, units=u'norm', win=Window(...))
18.9009 	EXP 	Created text_2 = TextStim(alignHoriz='center', alignVert='center', antialias=True, autoLog=True, bold=False, color='white', colorSpace='named', contrast=1.0, depth=-2.0, flipHoriz=False, flipVert=False, font='Arial', fontFiles=[], height=0.1, italic=False, name='text_2', opacity=1.0, ori=0, pos=array([ 0.  ,  0.85]), rgb=array([ 255.,  255.,  255.]), text=u'default text', units=u'norm', win=Window(...), wrapWidth=1)
18.9240 	EXP 	Created dummy_start = TextStim(alignHoriz='center', alignVert='center', antialias=True, autoLog=True, bold=False, color='white', colorSpace='named', contrast=1.0, depth=0.0, flipHoriz=False, flipVert=False, font='Arial', fontFiles=[], height=0.5, italic=False, name='dummy_start', opacity=1.0, ori=0, pos=array([ 0.,  0.]), rgb=array([ 255.,  255.,  255.]), text=u'+', units=u'norm', win=Window(...), wrapWidth=1)
18.9266 	EXP 	Created image = ImageStim(autoLog=True, color=array([ 1.,  1.,  1.]), colorSpace='rgb', contrast=1.0, depth=-1.0, flipHoriz=False, flipVert=False, image='sin', interpolate=True, mask=None, maskParams=None, name='image', opacity=1.0, ori=0.0, pos=array([ 0.,  0.]), size=array([ 1.6,  1.6]), texRes=128, units=u'norm', win=Window(...))
18.9313 	EXP 	Created message = TextStim(alignHoriz='center', alignVert='center', antialias=True, autoLog=True, bold=False, color='white', colorSpace='named', contrast=1.0, depth=-1.0, flipHoriz=False, flipVert=False, font='Arial', fontFiles=[], height=0.1, italic=False, name='message', opacity=1.0, ori=0, pos=array([ 0.,  0.]), rgb=array([ 255.,  255.,  255.]), text=u'default text', units=u'norm', win=Window(...), wrapWidth=1)
18.9338 	EXP 	Created image_2 = ImageStim(autoLog=True, color=array([ 1.,  1.,  1.]), colorSpace='rgb', contrast=1.0, depth=0.0, flipHoriz=False, flipVert=False, image='sin', interpolate=True, mask=None, maskParams=None, name='image_2', opacity=1.0, ori=0.0, pos=array([ 0.,  0.]), size=array([ 1.5,  1.5]), texRes=128, units=u'norm', win=Window(...))
18.9366 	EXP 	Created test_start_txt = TextStim(alignHoriz='center', alignVert='center', antialias=True, autoLog=True, bold=False, color='white', colorSpace='named', contrast=1.0, depth=0.0, flipHoriz=False, flipVert=False, font='Arial', fontFiles=[], height=0.5, italic=False, name='test_start_txt', opacity=1.0, ori=0, pos=array([ 0.,  0.]), rgb=array([ 255.,  255.,  255.]), text=u'+', units=u'norm', win=Window(...), wrapWidth=1)
18.9390 	EXP 	Created image_3 = ImageStim(autoLog=True, color=array([ 1.,  1.,  1.]), colorSpace='rgb', contrast=1.0, depth=-1.0, flipHoriz=False, flipVert=False, image='sin', interpolate=True, mask=None, maskParams=None, name='image_3', opacity=1.0, ori=0.0, pos=array([ 0.,  0.]), size=array([ 1.5,  1.5]), texRes=128, units=u'norm', win=Window(...))
18.9437 	EXP 	Created Timer = TextStim(alignHoriz='center', alignVert='center', antialias=True, autoLog=True, bold=False, color='white', colorSpace='named', contrast=1.0, depth=-3.0, flipHoriz=False, flipVert=False, font='Arial', fontFiles=[], height=0.1, italic=False, name='Timer', opacity=1.0, ori=0, pos=array([ 0.  ,  0.85]), rgb=array([ 255.,  255.,  255.]), text=u'default text', units=u'norm', win=Window(...), wrapWidth=1)
18.9446 	EXP 	Created text = TextStim(alignHoriz='center', alignVert='center', antialias=True, autoLog=True, bold=False, color='white', colorSpace='named', contrast=1.0, depth=-1.0, flipHoriz=False, flipVert=False, font='Arial', fontFiles=[], height=0.1, italic=False, name='text', opacity=1.0, ori=0, pos=array([ 0.,  0.]), rgb=array([ 255.,  255.,  255.]), text='', units=u'norm', win=Window(...), wrapWidth=1)
19.1583 	EXP 	Imported Settings_ConCube.xlsx as conditions, 36 conditions, 8 params
19.1588 	EXP 	Created sequence: sequential, trialTypes=36, nReps=1, seed=None
19.1593 	EXP 	New trial (rep=0, index=0): {u'xPos': None, u'probNum': None, u'Img': u'Img/30.jpg', u'CorrKey': u'space', u'TestType': None, u'yPos': None, u'CorrAns': u'space', u'Type': u'Inst'}
19.1597 	EXP 	Created sequence: sequential, trialTypes=1, nReps=0, seed=None
19.1599 	EXP 	Created sequence: sequential, trialTypes=1, nReps=0, seed=None
19.1601 	EXP 	Created sequence: sequential, trialTypes=1, nReps=1, seed=None
19.1604 	EXP 	New trial (rep=0, index=0): None
19.2464 	EXP 	image_2: image = u'Img/30.jpg'
19.2464 	EXP 	image_2: autoDraw = True
26.9228 	DATA 	Keypress: space
26.9232 	EXP 	Created sequence: sequential, trialTypes=1, nReps=0, seed=None
26.9235 	EXP 	Created sequence: sequential, trialTypes=1, nReps=0, seed=None
26.9238 	EXP 	New trial (rep=0, index=1): {u'xPos': None, u'probNum': None, u'Img': u'Img/31.jpg', u'CorrKey': u'space', u'TestType': None, u'yPos': None, u'CorrAns': u'space', u'Type': u'Inst'}
26.9242 	EXP 	Created sequence: sequential, trialTypes=1, nReps=0, seed=None
26.9245 	EXP 	Created sequence: sequential, trialTypes=1, nReps=0, seed=None
26.9247 	EXP 	Created sequence: sequential, trialTypes=1, nReps=1, seed=None
26.9249 	EXP 	New trial (rep=0, index=0): None
26.9890 	EXP 	image_2: autoDraw = False
26.9890 	EXP 	image_2: image = u'Img/31.jpg'
26.9890 	EXP 	image_2: autoDraw = True
28.3391 	DATA 	Keypress: space
28.3396 	EXP 	Created sequence: sequential, trialTypes=1, nReps=0, seed=None
28.3398 	EXP 	Created sequence: sequential, trialTypes=1, nReps=0, seed=None
28.3401 	EXP 	New trial (rep=0, index=2): {u'xPos': None, u'probNum': None, u'Img': u'Img/32.jpg', u'CorrKey': u'space', u'TestType': None, u'yPos': None, u'CorrAns': u'space', u'Type': u'Inst'}
28.3406 	EXP 	Created sequence: sequential, trialTypes=1, nReps=0, seed=None
28.3408 	EXP 	Created sequence: sequential, trialTypes=1, nReps=0, seed=None
28.3410 	EXP 	Created sequence: sequential, trialTypes=1, nReps=1, seed=None
28.3412 	EXP 	New trial (rep=0, index=0): None
28.4039 	EXP 	image_2: autoDraw = False
28.4039 	EXP 	image_2: image = u'Img/32.jpg'
28.4039 	EXP 	image_2: autoDraw = True
88.1744 	DATA 	Keypress: space
88.1752 	EXP 	Created sequence: sequential, trialTypes=1, nReps=0, seed=None
88.1755 	EXP 	Created sequence: sequential, trialTypes=1, nReps=0, seed=None
88.1760 	EXP 	New trial (rep=0, index=3): {u'xPos': None, u'probNum': None, u'Img': u'Img/33.jpg', u'CorrKey': u'space', u'TestType': None, u'yPos': None, u'CorrAns': u'space', u'Type': u'Inst'}
88.1768 	EXP 	Created sequence: sequential, trialTypes=1, nReps=0, seed=None
88.1771 	EXP 	Created sequence: sequential, trialTypes=1, nReps=0, seed=None
88.1775 	EXP 	Created sequence: sequential, trialTypes=1, nReps=1, seed=None
88.1779 	EXP 	New trial (rep=0, index=0): None
88.2405 	EXP 	image_2: autoDraw = False
88.2405 	EXP 	image_2: image = u'Img/33.jpg'
88.2405 	EXP 	image_2: autoDraw = True
89.8547 	DATA 	Keypress: space
89.8551 	EXP 	Created sequence: sequential, trialTypes=1, nReps=0, seed=None
89.8554 	EXP 	Created sequence: sequential, trialTypes=1, nReps=0, seed=None
89.8557 	EXP 	New trial (rep=0, index=4): {u'xPos': None, u'probNum': None, u'Img': u'Img/34.jpg', u'CorrKey': u'left', u'TestType': None, u'yPos': None, u'CorrAns': u'left', u'Type': u'Dumm'}
89.8562 	EXP 	Created sequence: sequential, trialTypes=1, nReps=0, seed=None
89.8564 	EXP 	Created sequence: sequential, trialTypes=1, nReps=1, seed=None
89.8566 	EXP 	New trial (rep=0, index=0): None
89.9219 	EXP 	image_2: autoDraw = False
89.9219 	EXP 	image: image = u'Img/34.jpg'
89.9219 	EXP 	dummy_start: autoDraw = True
91.8638 	EXP 	dummy_start: autoDraw = False
91.8805 	EXP 	image: autoDraw = True
101.8819 	EXP 	image: autoDraw = False
101.8819 	EXP 	dummy_start: autoDraw = False
101.8819 	EXP 	image: autoDraw = False
101.8819 	EXP 	message: text = 'Wrong \n \n Response time = 10.000'
101.8819 	EXP 	message: autoDraw = True
104.8509 	EXP 	Created sequence: sequential, trialTypes=1, nReps=0, seed=None
104.8511 	EXP 	Created sequence: sequential, trialTypes=1, nReps=0, seed=None
104.8513 	EXP 	Created sequence: sequential, trialTypes=1, nReps=0, seed=None
104.8516 	EXP 	New trial (rep=0, index=5): {u'xPos': None, u'probNum': None, u'Img': u'Img/35.jpg', u'CorrKey': u'right', u'TestType': None, u'yPos': None, u'CorrAns': u'right', u'Type': u'Dumm'}
104.8521 	EXP 	Created sequence: sequential, trialTypes=1, nReps=0, seed=None
104.8524 	EXP 	Created sequence: sequential, trialTypes=1, nReps=1, seed=None
104.8526 	EXP 	New trial (rep=0, index=0): None
104.9006 	EXP 	message: autoDraw = False
104.9006 	EXP 	message: autoDraw = False
104.9006 	EXP 	image: image = u'Img/35.jpg'
104.9006 	EXP 	dummy_start: autoDraw = True
106.8653 	EXP 	dummy_start: autoDraw = False
106.8798 	EXP 	image: autoDraw = True
114.7056 	DATA 	Keypress: right
114.7382 	EXP 	dummy_start: autoDraw = False
114.7382 	EXP 	image: autoDraw = False
114.7382 	EXP 	message: text = 'Good! \n \n \n Response time = 7.826'
114.7382 	EXP 	message: autoDraw = True
117.7060 	EXP 	Created sequence: sequential, trialTypes=1, nReps=0, seed=None
117.7063 	EXP 	Created sequence: sequential, trialTypes=1, nReps=0, seed=None
117.7066 	EXP 	Created sequence: sequential, trialTypes=1, nReps=0, seed=None
117.7070 	EXP 	New trial (rep=0, index=6): {u'xPos': None, u'probNum': None, u'Img': u'Img/36.jpg', u'CorrKey': u'space', u'TestType': None, u'yPos': None, u'CorrAns': u'space', u'Type': u'Inst'}
117.7075 	EXP 	Created sequence: sequential, trialTypes=1, nReps=0, seed=None
117.7077 	EXP 	Created sequence: sequential, trialTypes=1, nReps=0, seed=None
117.7079 	EXP 	Created sequence: sequential, trialTypes=1, nReps=1, seed=None
117.7082 	EXP 	New trial (rep=0, index=0): None
117.7749 	EXP 	message: autoDraw = False
117.7749 	EXP 	message: autoDraw = False
117.7749 	EXP 	image_2: image = u'Img/36.jpg'
117.7749 	EXP 	image_2: autoDraw = True
146.6915 	DATA 	Keypress: space
146.6922 	EXP 	Created sequence: sequential, trialTypes=1, nReps=0, seed=None
146.6926 	EXP 	Created sequence: sequential, trialTypes=1, nReps=0, seed=None
146.6931 	EXP 	New trial (rep=0, index=7): {u'xPos': -620, u'probNum': None, u'Img': None, u'CorrKey': None, u'TestType': u'OpenSession', u'yPos': 580, u'CorrAns': None, u'Type': u'Mouse'}
146.6937 	EXP 	Created sequence: sequential, trialTypes=1, nReps=0, seed=None
146.6942 	EXP 	Created sequence: sequential, trialTypes=1, nReps=0, seed=None
146.6944 	EXP 	Created sequence: sequential, trialTypes=1, nReps=0, seed=None
146.6946 	EXP 	Created sequence: sequential, trialTypes=1, nReps=0, seed=None
146.6948 	EXP 	Created sequence: sequential, trialTypes=1, nReps=1, seed=None
146.6950 	EXP 	New trial (rep=0, index=0): None
146.7252 	EXP 	image_2: autoDraw = False
146.7252 	EXP 	text: autoDraw = True
146.7934 	EXP 	New trial (rep=0, index=8): {u'xPos': 100, u'probNum': None, u'Img': None, u'CorrKey': None, u'TestType': u'Back_to_Test', u'yPos': 100, u'CorrAns': None, u'Type': u'Mouse'}
146.7941 	EXP 	Created sequence: sequential, trialTypes=1, nReps=0, seed=None
146.7945 	EXP 	Created sequence: sequential, trialTypes=1, nReps=0, seed=None
146.7948 	EXP 	Created sequence: sequential, trialTypes=1, nReps=0, seed=None
146.7952 	EXP 	Created sequence: sequential, trialTypes=1, nReps=0, seed=None
146.7955 	EXP 	Created sequence: sequential, trialTypes=1, nReps=1, seed=None
146.7958 	EXP 	New trial (rep=0, index=0): None
146.8005 	DATA 	Mouse: Left button down, pos=(100,800)
146.8103 	DATA 	Mouse:  Left button up, pos=(100,800)
146.8268 	EXP 	text: autoDraw = False
146.8268 	EXP 	text: autoDraw = False
146.8268 	EXP 	text: autoDraw = True
146.8952 	EXP 	New trial (rep=0, index=9): {u'xPos': None, u'probNum': 1, u'Img': u'Img/37.jpg', u'CorrKey': u'right', u'TestType': u'ConnectCube', u'yPos': None, u'CorrAns': u'right', u'Type': u'Test'}
146.8960 	EXP 	Created sequence: sequential, trialTypes=1, nReps=0, seed=None
146.8964 	EXP 	Created sequence: sequential, trialTypes=1, nReps=0, seed=None
146.8967 	EXP 	Created sequence: sequential, trialTypes=1, nReps=0, seed=None
146.8971 	EXP 	Created sequence: sequential, trialTypes=1, nReps=1, seed=None
146.8974 	EXP 	New trial (rep=0, index=0): None
146.9607 	EXP 	text: autoDraw = False
146.9607 	EXP 	image_3: image = u'Img/37.jpg'
146.9607 	EXP 	test_start_txt: autoDraw = True
148.9075 	EXP 	test_start_txt: autoDraw = False
148.9245 	EXP 	image_3: autoDraw = True
158.9163 	EXP 	Timer: autoDraw = True
161.2430 	DATA 	Keypress: left
161.2464 	EXP 	Created sequence: sequential, trialTypes=1, nReps=0, seed=None
161.2467 	EXP 	New trial (rep=0, index=10): {u'xPos': None, u'probNum': 2, u'Img': u'Img/38.jpg', u'CorrKey': u'left', u'TestType': u'ConnectCube', u'yPos': None, u'CorrAns': u'left', u'Type': u'Test'}
161.2472 	EXP 	Created sequence: sequential, trialTypes=1, nReps=0, seed=None
161.2474 	EXP 	Created sequence: sequential, trialTypes=1, nReps=0, seed=None
161.2476 	EXP 	Created sequence: sequential, trialTypes=1, nReps=0, seed=None
161.2478 	EXP 	Created sequence: sequential, trialTypes=1, nReps=1, seed=None
161.2480 	EXP 	New trial (rep=0, index=0): None
161.3091 	EXP 	test_start_txt: autoDraw = False
161.3091 	EXP 	image_3: autoDraw = False
161.3091 	EXP 	Timer: autoDraw = False
161.3091 	EXP 	image_3: image = u'Img/38.jpg'
161.3091 	EXP 	test_start_txt: autoDraw = True
163.2535 	EXP 	test_start_txt: autoDraw = False
163.2678 	EXP 	image_3: autoDraw = True
173.2782 	EXP 	Timer: autoDraw = True
175.0976 	DATA 	Keypress: left
175.1011 	EXP 	Created sequence: sequential, trialTypes=1, nReps=0, seed=None
175.1014 	EXP 	New trial (rep=0, index=11): {u'xPos': None, u'probNum': 3, u'Img': u'Img/39.jpg', u'CorrKey': u'left', u'TestType': u'ConnectCube', u'yPos': None, u'CorrAns': u'left', u'Type': u'Test'}
175.1019 	EXP 	Created sequence: sequential, trialTypes=1, nReps=0, seed=None
175.1022 	EXP 	Created sequence: sequential, trialTypes=1, nReps=0, seed=None
175.1024 	EXP 	Created sequence: sequential, trialTypes=1, nReps=0, seed=None
175.1026 	EXP 	Created sequence: sequential, trialTypes=1, nReps=1, seed=None
175.1028 	EXP 	New trial (rep=0, index=0): None
175.1643 	EXP 	test_start_txt: autoDraw = False
175.1643 	EXP 	image_3: autoDraw = False
175.1643 	EXP 	Timer: autoDraw = False
175.1643 	EXP 	image_3: image = u'Img/39.jpg'
175.1643 	EXP 	test_start_txt: autoDraw = True
177.1122 	EXP 	test_start_txt: autoDraw = False
177.1281 	EXP 	image_3: autoDraw = True
187.1207 	EXP 	Timer: autoDraw = True
189.8188 	DATA 	Keypress: left
189.8224 	EXP 	Created sequence: sequential, trialTypes=1, nReps=0, seed=None
189.8227 	EXP 	New trial (rep=0, index=12): {u'xPos': None, u'probNum': 4, u'Img': u'Img/40.jpg', u'CorrKey': u'right', u'TestType': u'ConnectCube', u'yPos': None, u'CorrAns': u'right', u'Type': u'Test'}
189.8232 	EXP 	Created sequence: sequential, trialTypes=1, nReps=0, seed=None
189.8234 	EXP 	Created sequence: sequential, trialTypes=1, nReps=0, seed=None
189.8236 	EXP 	Created sequence: sequential, trialTypes=1, nReps=0, seed=None
189.8238 	EXP 	Created sequence: sequential, trialTypes=1, nReps=1, seed=None
189.8240 	EXP 	New trial (rep=0, index=0): None
189.8836 	EXP 	test_start_txt: autoDraw = False
189.8836 	EXP 	image_3: autoDraw = False
189.8836 	EXP 	Timer: autoDraw = False
189.8836 	EXP 	image_3: image = u'Img/40.jpg'
189.8836 	EXP 	test_start_txt: autoDraw = True
191.8425 	EXP 	test_start_txt: autoDraw = False
191.8425 	EXP 	image_3: autoDraw = True
200.3301 	DATA 	Keypress: right
200.3317 	EXP 	Created sequence: sequential, trialTypes=1, nReps=0, seed=None
200.3320 	EXP 	New trial (rep=0, index=13): {u'xPos': None, u'probNum': 5, u'Img': u'Img/41.jpg', u'CorrKey': u'right', u'TestType': u'ConnectCube', u'yPos': None, u'CorrAns': u'right', u'Type': u'Test'}
200.3325 	EXP 	Created sequence: sequential, trialTypes=1, nReps=0, seed=None
200.3327 	EXP 	Created sequence: sequential, trialTypes=1, nReps=0, seed=None
200.3329 	EXP 	Created sequence: sequential, trialTypes=1, nReps=0, seed=None
200.3332 	EXP 	Created sequence: sequential, trialTypes=1, nReps=1, seed=None
200.3334 	EXP 	New trial (rep=0, index=0): None
200.3950 	EXP 	test_start_txt: autoDraw = False
200.3950 	EXP 	image_3: autoDraw = False
200.3950 	EXP 	Timer: autoDraw = False
200.3950 	EXP 	image_3: image = u'Img/41.jpg'
200.3950 	EXP 	test_start_txt: autoDraw = True
202.3431 	EXP 	test_start_txt: autoDraw = False
202.3603 	EXP 	image_3: autoDraw = True
212.3649 	EXP 	Timer: autoDraw = True
212.3989 	DATA 	Keypress: right
212.4023 	EXP 	Created sequence: sequential, trialTypes=1, nReps=0, seed=None
212.4026 	EXP 	New trial (rep=0, index=14): {u'xPos': None, u'probNum': 6, u'Img': u'Img/42.jpg', u'CorrKey': u'right', u'TestType': u'ConnectCube', u'yPos': None, u'CorrAns': u'right', u'Type': u'Test'}
212.4030 	EXP 	Created sequence: sequential, trialTypes=1, nReps=0, seed=None
212.4032 	EXP 	Created sequence: sequential, trialTypes=1, nReps=0, seed=None
212.4034 	EXP 	Created sequence: sequential, trialTypes=1, nReps=0, seed=None
212.4036 	EXP 	Created sequence: sequential, trialTypes=1, nReps=1, seed=None
212.4039 	EXP 	New trial (rep=0, index=0): None
212.4649 	EXP 	test_start_txt: autoDraw = False
212.4649 	EXP 	image_3: autoDraw = False
212.4649 	EXP 	Timer: autoDraw = False
212.4649 	EXP 	image_3: image = u'Img/42.jpg'
212.4649 	EXP 	test_start_txt: autoDraw = True
214.4091 	EXP 	test_start_txt: autoDraw = False
214.4257 	EXP 	image_3: autoDraw = True
224.4282 	EXP 	Timer: autoDraw = True
224.6300 	DATA 	Keypress: right
224.6342 	EXP 	Created sequence: sequential, trialTypes=1, nReps=0, seed=None
224.6345 	EXP 	New trial (rep=0, index=15): {u'xPos': None, u'probNum': 7, u'Img': u'Img/43.jpg', u'CorrKey': u'left', u'TestType': u'ConnectCube', u'yPos': None, u'CorrAns': u'left', u'Type': u'Test'}
224.6349 	EXP 	Created sequence: sequential, trialTypes=1, nReps=0, seed=None
224.6351 	EXP 	Created sequence: sequential, trialTypes=1, nReps=0, seed=None
224.6354 	EXP 	Created sequence: sequential, trialTypes=1, nReps=0, seed=None
224.6355 	EXP 	Created sequence: sequential, trialTypes=1, nReps=1, seed=None
224.6358 	EXP 	New trial (rep=0, index=0): None
224.6976 	EXP 	test_start_txt: autoDraw = False
224.6976 	EXP 	image_3: autoDraw = False
224.6976 	EXP 	Timer: autoDraw = False
224.6976 	EXP 	image_3: image = u'Img/43.jpg'
224.6976 	EXP 	test_start_txt: autoDraw = True
226.6447 	EXP 	test_start_txt: autoDraw = False
226.6614 	EXP 	image_3: autoDraw = True
236.6632 	EXP 	Timer: autoDraw = True
236.7651 	DATA 	Keypress: left
236.7706 	EXP 	Created sequence: sequential, trialTypes=1, nReps=0, seed=None
236.7711 	EXP 	New trial (rep=0, index=16): {u'xPos': None, u'probNum': 8, u'Img': u'Img/44.jpg', u'CorrKey': u'left', u'TestType': u'ConnectCube', u'yPos': None, u'CorrAns': u'left', u'Type': u'Test'}
236.7718 	EXP 	Created sequence: sequential, trialTypes=1, nReps=0, seed=None
236.7722 	EXP 	Created sequence: sequential, trialTypes=1, nReps=0, seed=None
236.7726 	EXP 	Created sequence: sequential, trialTypes=1, nReps=0, seed=None
236.7729 	EXP 	Created sequence: sequential, trialTypes=1, nReps=1, seed=None
236.7732 	EXP 	New trial (rep=0, index=0): None
236.8315 	EXP 	test_start_txt: autoDraw = False
236.8315 	EXP 	image_3: autoDraw = False
236.8315 	EXP 	Timer: autoDraw = False
236.8315 	EXP 	image_3: image = u'Img/44.jpg'
236.8315 	EXP 	test_start_txt: autoDraw = True
238.7929 	EXP 	test_start_txt: autoDraw = False
238.7929 	EXP 	image_3: autoDraw = True
248.8039 	EXP 	Timer: autoDraw = True
249.7699 	DATA 	Keypress: left
249.7732 	EXP 	Created sequence: sequential, trialTypes=1, nReps=0, seed=None
249.7735 	EXP 	New trial (rep=0, index=17): {u'xPos': None, u'probNum': 9, u'Img': u'Img/45.jpg', u'CorrKey': u'right', u'TestType': u'ConnectCube', u'yPos': None, u'CorrAns': u'right', u'Type': u'Test'}
249.7740 	EXP 	Created sequence: sequential, trialTypes=1, nReps=0, seed=None
249.7742 	EXP 	Created sequence: sequential, trialTypes=1, nReps=0, seed=None
249.7744 	EXP 	Created sequence: sequential, trialTypes=1, nReps=0, seed=None
249.7745 	EXP 	Created sequence: sequential, trialTypes=1, nReps=1, seed=None
249.7748 	EXP 	New trial (rep=0, index=0): None
249.8318 	EXP 	test_start_txt: autoDraw = False
249.8318 	EXP 	image_3: autoDraw = False
249.8318 	EXP 	Timer: autoDraw = False
249.8318 	EXP 	image_3: image = u'Img/45.jpg'
249.8318 	EXP 	test_start_txt: autoDraw = True
251.7839 	EXP 	test_start_txt: autoDraw = False
251.7992 	EXP 	image_3: autoDraw = True
261.7964 	EXP 	Timer: autoDraw = True
263.1442 	DATA 	Keypress: left
263.1481 	EXP 	Created sequence: sequential, trialTypes=1, nReps=0, seed=None
263.1484 	EXP 	New trial (rep=0, index=18): {u'xPos': None, u'probNum': 10, u'Img': u'Img/46.jpg', u'CorrKey': u'right', u'TestType': u'ConnectCube', u'yPos': None, u'CorrAns': u'right', u'Type': u'Test'}
263.1489 	EXP 	Created sequence: sequential, trialTypes=1, nReps=0, seed=None
263.1492 	EXP 	Created sequence: sequential, trialTypes=1, nReps=0, seed=None
263.1494 	EXP 	Created sequence: sequential, trialTypes=1, nReps=0, seed=None
263.1496 	EXP 	Created sequence: sequential, trialTypes=1, nReps=1, seed=None
263.1498 	EXP 	New trial (rep=0, index=0): None
263.2093 	EXP 	test_start_txt: autoDraw = False
263.2093 	EXP 	image_3: autoDraw = False
263.2093 	EXP 	Timer: autoDraw = False
263.2093 	EXP 	image_3: image = u'Img/46.jpg'
263.2093 	EXP 	test_start_txt: autoDraw = True
265.1607 	EXP 	test_start_txt: autoDraw = False
265.1781 	EXP 	image_3: autoDraw = True
275.1821 	EXP 	Timer: autoDraw = True
277.1433 	DATA 	Keypress: right
277.1483 	EXP 	Created sequence: sequential, trialTypes=1, nReps=0, seed=None
277.1485 	EXP 	New trial (rep=0, index=19): {u'xPos': None, u'probNum': 11, u'Img': u'Img/47.jpg', u'CorrKey': u'left', u'TestType': u'ConnectCube', u'yPos': None, u'CorrAns': u'left', u'Type': u'Test'}
277.1491 	EXP 	Created sequence: sequential, trialTypes=1, nReps=0, seed=None
277.1493 	EXP 	Created sequence: sequential, trialTypes=1, nReps=0, seed=None
277.1495 	EXP 	Created sequence: sequential, trialTypes=1, nReps=0, seed=None
277.1497 	EXP 	Created sequence: sequential, trialTypes=1, nReps=1, seed=None
277.1499 	EXP 	New trial (rep=0, index=0): None
277.2085 	EXP 	test_start_txt: autoDraw = False
277.2085 	EXP 	image_3: autoDraw = False
277.2085 	EXP 	Timer: autoDraw = False
277.2085 	EXP 	image_3: image = u'Img/47.jpg'
277.2085 	EXP 	test_start_txt: autoDraw = True
279.1554 	EXP 	test_start_txt: autoDraw = False
279.1729 	EXP 	image_3: autoDraw = True
288.4049 	DATA 	Keypress: left
288.4059 	EXP 	Created sequence: sequential, trialTypes=1, nReps=0, seed=None
288.4062 	EXP 	New trial (rep=0, index=20): {u'xPos': None, u'probNum': 12, u'Img': u'Img/48.jpg', u'CorrKey': u'left', u'TestType': u'ConnectCube', u'yPos': None, u'CorrAns': u'left', u'Type': u'Test'}
288.4067 	EXP 	Created sequence: sequential, trialTypes=1, nReps=0, seed=None
288.4069 	EXP 	Created sequence: sequential, trialTypes=1, nReps=0, seed=None
288.4071 	EXP 	Created sequence: sequential, trialTypes=1, nReps=0, seed=None
288.4074 	EXP 	Created sequence: sequential, trialTypes=1, nReps=1, seed=None
288.4077 	EXP 	New trial (rep=0, index=0): None
288.4721 	EXP 	test_start_txt: autoDraw = False
288.4721 	EXP 	image_3: autoDraw = False
288.4721 	EXP 	Timer: autoDraw = False
288.4721 	EXP 	image_3: image = u'Img/48.jpg'
288.4721 	EXP 	test_start_txt: autoDraw = True
290.4255 	EXP 	test_start_txt: autoDraw = False
290.4255 	EXP 	image_3: autoDraw = True
300.4381 	EXP 	Timer: autoDraw = True
302.2911 	DATA 	Keypress: right
302.2944 	EXP 	Created sequence: sequential, trialTypes=1, nReps=0, seed=None
302.2947 	EXP 	New trial (rep=0, index=21): {u'xPos': None, u'probNum': 13, u'Img': u'Img/49.jpg', u'CorrKey': u'right', u'TestType': u'ConnectCube', u'yPos': None, u'CorrAns': u'right', u'Type': u'Test'}
302.2952 	EXP 	Created sequence: sequential, trialTypes=1, nReps=0, seed=None
302.2954 	EXP 	Created sequence: sequential, trialTypes=1, nReps=0, seed=None
302.2956 	EXP 	Created sequence: sequential, trialTypes=1, nReps=0, seed=None
302.2958 	EXP 	Created sequence: sequential, trialTypes=1, nReps=1, seed=None
302.2960 	EXP 	New trial (rep=0, index=0): None
302.3600 	EXP 	test_start_txt: autoDraw = False
302.3600 	EXP 	image_3: autoDraw = False
302.3600 	EXP 	Timer: autoDraw = False
302.3600 	EXP 	image_3: image = u'Img/49.jpg'
302.3600 	EXP 	test_start_txt: autoDraw = True
304.3065 	EXP 	test_start_txt: autoDraw = False
304.3236 	EXP 	image_3: autoDraw = True
314.3282 	EXP 	Timer: autoDraw = True
317.2461 	DATA 	Keypress: left
317.2510 	EXP 	Created sequence: sequential, trialTypes=1, nReps=0, seed=None
317.2515 	EXP 	New trial (rep=0, index=22): {u'xPos': None, u'probNum': 14, u'Img': u'Img/50.jpg', u'CorrKey': u'left', u'TestType': u'ConnectCube', u'yPos': None, u'CorrAns': u'left', u'Type': u'Test'}
317.2522 	EXP 	Created sequence: sequential, trialTypes=1, nReps=0, seed=None
317.2526 	EXP 	Created sequence: sequential, trialTypes=1, nReps=0, seed=None
317.2529 	EXP 	Created sequence: sequential, trialTypes=1, nReps=0, seed=None
317.2532 	EXP 	Created sequence: sequential, trialTypes=1, nReps=1, seed=None
317.2536 	EXP 	New trial (rep=0, index=0): None
317.3122 	EXP 	test_start_txt: autoDraw = False
317.3122 	EXP 	image_3: autoDraw = False
317.3122 	EXP 	Timer: autoDraw = False
317.3122 	EXP 	image_3: image = u'Img/50.jpg'
317.3122 	EXP 	test_start_txt: autoDraw = True
319.2663 	EXP 	test_start_txt: autoDraw = False
319.2822 	EXP 	image_3: autoDraw = True
329.2786 	EXP 	Timer: autoDraw = True
329.7681 	DATA 	Keypress: left
329.7718 	EXP 	Created sequence: sequential, trialTypes=1, nReps=0, seed=None
329.7720 	EXP 	New trial (rep=0, index=23): {u'xPos': None, u'probNum': 15, u'Img': u'Img/51.jpg', u'CorrKey': u'left', u'TestType': u'ConnectCube', u'yPos': None, u'CorrAns': u'left', u'Type': u'Test'}
329.7725 	EXP 	Created sequence: sequential, trialTypes=1, nReps=0, seed=None
329.7728 	EXP 	Created sequence: sequential, trialTypes=1, nReps=0, seed=None
329.7730 	EXP 	Created sequence: sequential, trialTypes=1, nReps=0, seed=None
329.7731 	EXP 	Created sequence: sequential, trialTypes=1, nReps=1, seed=None
329.7733 	EXP 	New trial (rep=0, index=0): None
329.8375 	EXP 	test_start_txt: autoDraw = False
329.8375 	EXP 	image_3: autoDraw = False
329.8375 	EXP 	Timer: autoDraw = False
329.8375 	EXP 	image_3: image = u'Img/51.jpg'
329.8375 	EXP 	test_start_txt: autoDraw = True
331.7838 	EXP 	test_start_txt: autoDraw = False
331.8009 	EXP 	image_3: autoDraw = True
341.3369 	DATA 	Keypress: left
341.3379 	EXP 	Created sequence: sequential, trialTypes=1, nReps=0, seed=None
341.3382 	EXP 	New trial (rep=0, index=24): {u'xPos': None, u'probNum': 16, u'Img': u'Img/52.jpg', u'CorrKey': u'right', u'TestType': u'ConnectCube', u'yPos': None, u'CorrAns': u'right', u'Type': u'Test'}
341.3388 	EXP 	Created sequence: sequential, trialTypes=1, nReps=0, seed=None
341.3390 	EXP 	Created sequence: sequential, trialTypes=1, nReps=0, seed=None
341.3393 	EXP 	Created sequence: sequential, trialTypes=1, nReps=0, seed=None
341.3395 	EXP 	Created sequence: sequential, trialTypes=1, nReps=1, seed=None
341.3397 	EXP 	New trial (rep=0, index=0): None
341.4042 	EXP 	test_start_txt: autoDraw = False
341.4042 	EXP 	image_3: autoDraw = False
341.4042 	EXP 	Timer: autoDraw = False
341.4042 	EXP 	image_3: image = u'Img/52.jpg'
341.4042 	EXP 	test_start_txt: autoDraw = True
343.3517 	EXP 	test_start_txt: autoDraw = False
343.3687 	EXP 	image_3: autoDraw = True
351.5520 	DATA 	Keypress: right
351.5531 	EXP 	Created sequence: sequential, trialTypes=1, nReps=0, seed=None
351.5535 	EXP 	New trial (rep=0, index=25): {u'xPos': None, u'probNum': 17, u'Img': u'Img/53.jpg', u'CorrKey': u'left', u'TestType': u'ConnectCube', u'yPos': None, u'CorrAns': u'left', u'Type': u'Test'}
351.5541 	EXP 	Created sequence: sequential, trialTypes=1, nReps=0, seed=None
351.5544 	EXP 	Created sequence: sequential, trialTypes=1, nReps=0, seed=None
351.5546 	EXP 	Created sequence: sequential, trialTypes=1, nReps=0, seed=None
351.5563 	EXP 	Created sequence: sequential, trialTypes=1, nReps=1, seed=None
351.5565 	EXP 	New trial (rep=0, index=0): None
351.6164 	EXP 	test_start_txt: autoDraw = False
351.6164 	EXP 	image_3: autoDraw = False
351.6164 	EXP 	Timer: autoDraw = False
351.6164 	EXP 	image_3: image = u'Img/53.jpg'
351.6164 	EXP 	test_start_txt: autoDraw = True
353.5704 	EXP 	test_start_txt: autoDraw = False
353.5873 	EXP 	image_3: autoDraw = True
363.5879 	EXP 	Timer: autoDraw = True
366.7635 	DATA 	Keypress: left
366.7679 	EXP 	Created sequence: sequential, trialTypes=1, nReps=0, seed=None
366.7682 	EXP 	New trial (rep=0, index=26): {u'xPos': None, u'probNum': 18, u'Img': u'Img/54.jpg', u'CorrKey': u'right', u'TestType': u'ConnectCube', u'yPos': None, u'CorrAns': u'right', u'Type': u'Test'}
366.7687 	EXP 	Created sequence: sequential, trialTypes=1, nReps=0, seed=None
366.7689 	EXP 	Created sequence: sequential, trialTypes=1, nReps=0, seed=None
366.7691 	EXP 	Created sequence: sequential, trialTypes=1, nReps=0, seed=None
366.7693 	EXP 	Created sequence: sequential, trialTypes=1, nReps=1, seed=None
366.7695 	EXP 	New trial (rep=0, index=0): None
366.8294 	EXP 	test_start_txt: autoDraw = False
366.8294 	EXP 	image_3: autoDraw = False
366.8294 	EXP 	Timer: autoDraw = False
366.8294 	EXP 	image_3: image = u'Img/54.jpg'
366.8294 	EXP 	test_start_txt: autoDraw = True
368.7764 	EXP 	test_start_txt: autoDraw = False
368.7970 	EXP 	image_3: autoDraw = True
378.7911 	EXP 	Timer: autoDraw = True
379.2465 	DATA 	Keypress: left
379.2499 	EXP 	Created sequence: sequential, trialTypes=1, nReps=0, seed=None
379.2502 	EXP 	New trial (rep=0, index=27): {u'xPos': None, u'probNum': 19, u'Img': u'Img/55.jpg', u'CorrKey': u'left', u'TestType': u'ConnectCube', u'yPos': None, u'CorrAns': u'left', u'Type': u'Test'}
379.2506 	EXP 	Created sequence: sequential, trialTypes=1, nReps=0, seed=None
379.2509 	EXP 	Created sequence: sequential, trialTypes=1, nReps=0, seed=None
379.2511 	EXP 	Created sequence: sequential, trialTypes=1, nReps=0, seed=None
379.2513 	EXP 	Created sequence: sequential, trialTypes=1, nReps=1, seed=None
379.2515 	EXP 	New trial (rep=0, index=0): None
379.3125 	EXP 	test_start_txt: autoDraw = False
379.3125 	EXP 	image_3: autoDraw = False
379.3125 	EXP 	Timer: autoDraw = False
379.3125 	EXP 	image_3: image = u'Img/55.jpg'
379.3125 	EXP 	test_start_txt: autoDraw = True
381.2603 	EXP 	test_start_txt: autoDraw = False
381.2762 	EXP 	image_3: autoDraw = True
391.2733 	EXP 	Timer: autoDraw = True
394.1256 	DATA 	Keypress: right
394.1289 	EXP 	Created sequence: sequential, trialTypes=1, nReps=0, seed=None
394.1291 	EXP 	New trial (rep=0, index=28): {u'xPos': None, u'probNum': 20, u'Img': u'Img/56.jpg', u'CorrKey': u'right', u'TestType': u'ConnectCube', u'yPos': None, u'CorrAns': u'right', u'Type': u'Test'}
394.1297 	EXP 	Created sequence: sequential, trialTypes=1, nReps=0, seed=None
394.1299 	EXP 	Created sequence: sequential, trialTypes=1, nReps=0, seed=None
394.1301 	EXP 	Created sequence: sequential, trialTypes=1, nReps=0, seed=None
394.1303 	EXP 	Created sequence: sequential, trialTypes=1, nReps=1, seed=None
394.1306 	EXP 	New trial (rep=0, index=0): None
394.1945 	EXP 	test_start_txt: autoDraw = False
394.1945 	EXP 	image_3: autoDraw = False
394.1945 	EXP 	Timer: autoDraw = False
394.1945 	EXP 	image_3: image = u'Img/56.jpg'
394.1945 	EXP 	test_start_txt: autoDraw = True
396.1437 	EXP 	test_start_txt: autoDraw = False
396.1605 	EXP 	image_3: autoDraw = True
406.1496 	EXP 	Timer: autoDraw = True
408.6056 	DATA 	Keypress: left
408.6103 	EXP 	Created sequence: sequential, trialTypes=1, nReps=0, seed=None
408.6106 	EXP 	New trial (rep=0, index=29): {u'xPos': None, u'probNum': 21, u'Img': u'Img/57.jpg', u'CorrKey': u'right', u'TestType': u'ConnectCube', u'yPos': None, u'CorrAns': u'right', u'Type': u'Test'}
408.6111 	EXP 	Created sequence: sequential, trialTypes=1, nReps=0, seed=None
408.6113 	EXP 	Created sequence: sequential, trialTypes=1, nReps=0, seed=None
408.6115 	EXP 	Created sequence: sequential, trialTypes=1, nReps=0, seed=None
408.6117 	EXP 	Created sequence: sequential, trialTypes=1, nReps=1, seed=None
408.6119 	EXP 	New trial (rep=0, index=0): None
408.6748 	EXP 	test_start_txt: autoDraw = False
408.6748 	EXP 	image_3: autoDraw = False
408.6748 	EXP 	Timer: autoDraw = False
408.6748 	EXP 	image_3: image = u'Img/57.jpg'
408.6748 	EXP 	test_start_txt: autoDraw = True
410.6174 	EXP 	test_start_txt: autoDraw = False
410.6336 	EXP 	image_3: autoDraw = True
420.6354 	EXP 	Timer: autoDraw = True
423.4160 	DATA 	Keypress: right
423.4315 	EXP 	Created sequence: sequential, trialTypes=1, nReps=0, seed=None
423.4318 	EXP 	New trial (rep=0, index=30): {u'xPos': None, u'probNum': 22, u'Img': u'Img/58.jpg', u'CorrKey': u'right', u'TestType': u'ConnectCube', u'yPos': None, u'CorrAns': u'right', u'Type': u'Test'}
423.4323 	EXP 	Created sequence: sequential, trialTypes=1, nReps=0, seed=None
423.4325 	EXP 	Created sequence: sequential, trialTypes=1, nReps=0, seed=None
423.4327 	EXP 	Created sequence: sequential, trialTypes=1, nReps=0, seed=None
423.4329 	EXP 	Created sequence: sequential, trialTypes=1, nReps=1, seed=None
423.4331 	EXP 	New trial (rep=0, index=0): None
423.4941 	EXP 	test_start_txt: autoDraw = False
423.4941 	EXP 	image_3: autoDraw = False
423.4941 	EXP 	Timer: autoDraw = False
423.4941 	EXP 	image_3: image = u'Img/58.jpg'
423.4941 	EXP 	test_start_txt: autoDraw = True
425.4452 	EXP 	test_start_txt: autoDraw = False
425.4617 	EXP 	image_3: autoDraw = True
435.4660 	EXP 	Timer: autoDraw = True
439.6655 	DATA 	Keypress: right
439.6686 	EXP 	Created sequence: sequential, trialTypes=1, nReps=0, seed=None
439.6688 	EXP 	New trial (rep=0, index=31): {u'xPos': None, u'probNum': 23, u'Img': u'Img/59.jpg', u'CorrKey': u'right', u'TestType': u'ConnectCube', u'yPos': None, u'CorrAns': u'right', u'Type': u'Test'}
439.6694 	EXP 	Created sequence: sequential, trialTypes=1, nReps=0, seed=None
439.6697 	EXP 	Created sequence: sequential, trialTypes=1, nReps=0, seed=None
439.6700 	EXP 	Created sequence: sequential, trialTypes=1, nReps=0, seed=None
439.6703 	EXP 	Created sequence: sequential, trialTypes=1, nReps=1, seed=None
439.6706 	EXP 	New trial (rep=0, index=0): None
439.7291 	EXP 	test_start_txt: autoDraw = False
439.7291 	EXP 	image_3: autoDraw = False
439.7291 	EXP 	Timer: autoDraw = False
439.7291 	EXP 	image_3: image = u'Img/59.jpg'
439.7291 	EXP 	test_start_txt: autoDraw = True
441.6825 	EXP 	test_start_txt: autoDraw = False
441.6997 	EXP 	image_3: autoDraw = True
451.6980 	EXP 	Timer: autoDraw = True
455.3528 	DATA 	Keypress: right
455.3565 	EXP 	Created sequence: sequential, trialTypes=1, nReps=0, seed=None
455.3571 	EXP 	New trial (rep=0, index=32): {u'xPos': None, u'probNum': 24, u'Img': u'Img/60.jpg', u'CorrKey': u'left', u'TestType': u'ConnectCube', u'yPos': None, u'CorrAns': u'left', u'Type': u'Test'}
455.3580 	EXP 	Created sequence: sequential, trialTypes=1, nReps=0, seed=None
455.3583 	EXP 	Created sequence: sequential, trialTypes=1, nReps=0, seed=None
455.3585 	EXP 	Created sequence: sequential, trialTypes=1, nReps=0, seed=None
455.3587 	EXP 	Created sequence: sequential, trialTypes=1, nReps=1, seed=None
455.3590 	EXP 	New trial (rep=0, index=0): None
455.4164 	EXP 	test_start_txt: autoDraw = False
455.4164 	EXP 	image_3: autoDraw = False
455.4164 	EXP 	Timer: autoDraw = False
455.4164 	EXP 	image_3: image = u'Img/60.jpg'
455.4164 	EXP 	test_start_txt: autoDraw = True
457.3801 	EXP 	test_start_txt: autoDraw = False
457.3801 	EXP 	image_3: autoDraw = True
467.3792 	EXP 	Timer: autoDraw = True
469.3705 	DATA 	Keypress: left
469.3747 	EXP 	Created sequence: sequential, trialTypes=1, nReps=0, seed=None
469.3749 	EXP 	New trial (rep=0, index=33): {u'xPos': None, u'probNum': None, u'Img': u'Img/61.jpg', u'CorrKey': u'space', u'TestType': None, u'yPos': None, u'CorrAns': u'space', u'Type': u'Inst'}
469.3754 	EXP 	Created sequence: sequential, trialTypes=1, nReps=0, seed=None
469.3756 	EXP 	Created sequence: sequential, trialTypes=1, nReps=0, seed=None
469.3758 	EXP 	Created sequence: sequential, trialTypes=1, nReps=1, seed=None
469.3760 	EXP 	New trial (rep=0, index=0): None
469.4360 	EXP 	test_start_txt: autoDraw = False
469.4360 	EXP 	image_3: autoDraw = False
469.4360 	EXP 	Timer: autoDraw = False
469.4360 	EXP 	image_2: image = u'Img/61.jpg'
469.4360 	EXP 	image_2: autoDraw = True
472.8436 	DATA 	Keypress: space
472.8442 	EXP 	Created sequence: sequential, trialTypes=1, nReps=0, seed=None
472.8446 	EXP 	Created sequence: sequential, trialTypes=1, nReps=0, seed=None
472.8451 	EXP 	New trial (rep=0, index=34): {u'xPos': None, u'probNum': None, u'Img': u'Img/62.jpg', u'CorrKey': u'space', u'TestType': None, u'yPos': None, u'CorrAns': u'space', u'Type': u'Inst'}
472.8458 	EXP 	Created sequence: sequential, trialTypes=1, nReps=0, seed=None
472.8462 	EXP 	Created sequence: sequential, trialTypes=1, nReps=0, seed=None
472.8465 	EXP 	Created sequence: sequential, trialTypes=1, nReps=1, seed=None
472.8469 	EXP 	New trial (rep=0, index=0): None
472.9107 	EXP 	image_2: autoDraw = False
472.9107 	EXP 	image_2: image = u'Img/62.jpg'
472.9107 	EXP 	image_2: autoDraw = True
473.5011 	DATA 	Keypress: space
473.5015 	EXP 	Created sequence: sequential, trialTypes=1, nReps=0, seed=None
473.5017 	EXP 	Created sequence: sequential, trialTypes=1, nReps=0, seed=None
473.5020 	EXP 	New trial (rep=0, index=35): {u'xPos': -1200, u'probNum': None, u'Img': None, u'CorrKey': None, u'TestType': u'CloseSession', u'yPos': 60, u'CorrAns': None, u'Type': u'Mouse'}
473.5025 	EXP 	Created sequence: sequential, trialTypes=1, nReps=0, seed=None
473.5027 	EXP 	Created sequence: sequential, trialTypes=1, nReps=0, seed=None
473.5029 	EXP 	Created sequence: sequential, trialTypes=1, nReps=0, seed=None
473.5031 	EXP 	Created sequence: sequential, trialTypes=1, nReps=0, seed=None
473.5033 	EXP 	Created sequence: sequential, trialTypes=1, nReps=1, seed=None
473.5036 	EXP 	New trial (rep=0, index=0): None
473.6682 	EXP 	window1: mouseVisible = True
